Event SYSMONEVENT_CREATE_PROCESS
	RuleName: -
	UtcTime: 2023-10-20 15:00:03.176
	ProcessGuid: {76062d67-95f3-6532-297e-225599550000}
	ProcessId: 4930
	Image: /usr/bin/head
	FileVersion: -
	Description: -
	Product: -
	Company: -
	OriginalFileName: -
	CommandLine: head -n 1
	CurrentDirectory: /home/kali
	User: kali
	LogonGuid: {76062d67-0000-0000-e803-000000000000}
	LogonId: 1000
	TerminalSessionId: 2
	IntegrityLevel: no level
	Hashes: -
	ParentProcessGuid: {00000000-0000-0000-0000-000000000000}
	ParentProcessId: 4927
	ParentImage: -
	ParentCommandLine: -
	ParentUser: -
Event SYSMONEVENT_NETWORK_CONNECT
	RuleName: -
	UtcTime: 2023-10-20 15:00:03.177
	ProcessGuid: {76062d67-95f3-6532-1d86-c4b19b550000}
	ProcessId: 4928
	Image: /usr/bin/ip
	User: kali
	Protocol: udp
	Initiated: true
	SourceIsIpv6: true
	SourceIp: 0:0:0:0:0:0:0:0
	SourceHostname: -
	SourcePort: 0
	SourcePortName: -
	DestinationIsIpv6: true
	DestinationIp: 0:0:0:0:0:0:0:0
	DestinationHostname: -
	DestinationPort: 0
	DestinationPortName: -
Event SYSMONEVENT_PROCESS_TERMINATE
	RuleName: -
	UtcTime: 2023-10-20 15:00:03.177
	ProcessGuid: {76062d67-95f3-6532-1d86-c4b19b550000}
	ProcessId: 4928
	Image: /usr/bin/ip
	User: kali
Event SYSMONEVENT_PROCESS_TERMINATE
	RuleName: -
	UtcTime: 2023-10-20 15:00:03.178
	ProcessGuid: {76062d67-95f3-6532-d9e8-9880d0550000}
	ProcessId: 4929
	Image: /usr/bin/cut
	User: kali
Event SYSMONEVENT_PROCESS_TERMINATE
	RuleName: -
	UtcTime: 2023-10-20 15:00:03.178
	ProcessGuid: {76062d67-95f3-6532-297e-225599550000}
	ProcessId: 4930
	Image: /usr/bin/head
	User: kali
Event SYSMONEVENT_PROCESS_TERMINATE
	RuleName: -
	UtcTime: 2023-10-20 15:00:03.178
	ProcessGuid: {76062d67-95f2-6532-0000-000000000000}
	ProcessId: 4927
	Image: -
	User: kali
Event SYSMONEVENT_CREATE_PROCESS
	RuleName: -
	UtcTime: 2023-10-20 15:00:03.178
	ProcessGuid: {76062d67-95f3-6532-1df6-e28e2d560000}
	ProcessId: 4932
	Image: /usr/bin/ip
	FileVersion: -
	Description: -
	Product: -
	Company: -
	OriginalFileName: -
	CommandLine: ip a s 
	CurrentDirectory: /home/kali
	User: kali
	LogonGuid: {76062d67-0000-0000-e803-000000000000}
	LogonId: 1000
	TerminalSessionId: 2
	IntegrityLevel: no level
	Hashes: -
	ParentProcessGuid: {00000000-0000-0000-0000-000000000000}
	ParentProcessId: 4931
	ParentImage: -
	ParentCommandLine: -
	ParentUser: -
Event SYSMONEVENT_CREATE_PROCESS
	RuleName: -
	UtcTime: 2023-10-20 15:00:03.178
	ProcessGuid: {76062d67-95f3-6532-5973-3a51cf550000}
	ProcessId: 4933
	Image: /usr/bin/grep
	FileVersion: -
	Description: -
	Product: -
	Company: -
	OriginalFileName: -
	CommandLine: grep -o -P (?<=inet )[0-9]{1,3}(\.[0-9]{1,3}){3}
	CurrentDirectory: /home/kali
	User: kali
	LogonGuid: {76062d67-0000-0000-e803-000000000000}
	LogonId: 1000
	TerminalSessionId: 2
	IntegrityLevel: no level
	Hashes: -
	ParentProcessGuid: {00000000-0000-0000-0000-000000000000}
	ParentProcessId: 4931
	ParentImage: -
	ParentCommandLine: -
	ParentUser: -
Event SYSMONEVENT_PROCESS_TERMINATE
	RuleName: -
	UtcTime: 2023-10-20 15:00:03.180
	ProcessGuid: {76062d67-95f3-6532-1df6-e28e2d560000}
	ProcessId: 4932
	Image: /usr/bin/ip
	User: kali
Event SYSMONEVENT_PROCESS_TERMINATE
	RuleName: -
	UtcTime: 2023-10-20 15:00:03.180
	ProcessGuid: {76062d67-95f3-6532-5973-3a51cf550000}
	ProcessId: 4933
	Image: /usr/bin/grep
	User: kali
Event SYSMONEVENT_PROCESS_TERMINATE
	RuleName: -
	UtcTime: 2023-10-20 15:00:03.180
	ProcessGuid: {76062d67-95f3-6532-0000-000000000000}
	ProcessId: 4931
	Image: -
	User: kali
Event SYSMONEVENT_PROCESS_TERMINATE
	RuleName: -
	UtcTime: 2023-10-20 15:00:03.180
	ProcessGuid: {76062d67-95f3-6532-b91b-8c93d7550000}
	ProcessId: 4926
	Image: /usr/bin/dash
	User: kali
Event SYSMONEVENT_CREATE_PROCESS
	RuleName: -
	UtcTime: 2023-10-20 15:00:04.176
	ProcessGuid: {76062d67-95f4-6532-b95b-844a81550000}
	ProcessId: 4934
	Image: /usr/bin/dash
	FileVersion: -
	Description: -
	Product: -
	Company: -
	OriginalFileName: -
	CommandLine: /bin/sh /usr/share/kali-themes/xfce4-panel-genmon-vpnip.sh
	CurrentDirectory: /home/kali
	User: kali
	LogonGuid: {76062d67-0000-0000-e803-000000000000}
	LogonId: 1000
	TerminalSessionId: 2
	IntegrityLevel: no level
	Hashes: -
	ParentProcessGuid: {00000000-0000-0000-0000-000000000000}
	ParentProcessId: 1364
	ParentImage: -
	ParentCommandLine: -
	ParentUser: -
Event SYSMONEVENT_CREATE_PROCESS
	RuleName: -
	UtcTime: 2023-10-20 15:00:04.178
	ProcessGuid: {76062d67-95f4-6532-d928-f23a60550000}
	ProcessId: 4937
	Image: /usr/bin/cut
	FileVersion: -
	Description: -
	Product: -
	Company: -
	OriginalFileName: -
	CommandLine: cut -d : -f1
	CurrentDirectory: /home/kali
	User: kali
	LogonGuid: {76062d67-0000-0000-e803-000000000000}
	LogonId: 1000
	TerminalSessionId: 2
	IntegrityLevel: no level
	Hashes: -
	ParentProcessGuid: {00000000-0000-0000-0000-000000000000}
	ParentProcessId: 4935
	ParentImage: -
	ParentCommandLine: -
	ParentUser: -
Event SYSMONEVENT_CREATE_PROCESS
	RuleName: -
	UtcTime: 2023-10-20 15:00:04.178
	ProcessGuid: {76062d67-95f4-6532-1d56-c46302560000}
	ProcessId: 4936
	Image: /usr/bin/ip
	FileVersion: -
	Description: -
	Product: -
	Company: -
	OriginalFileName: -
	CommandLine: ip tuntap show
	CurrentDirectory: /home/kali
	User: kali
	LogonGuid: {76062d67-0000-0000-e803-000000000000}
	LogonId: 1000
	TerminalSessionId: 2
	IntegrityLevel: no level
	Hashes: -
	ParentProcessGuid: {00000000-0000-0000-0000-000000000000}
	ParentProcessId: 4935
	ParentImage: -
	ParentCommandLine: -
	ParentUser: -
Event SYSMONEVENT_CREATE_PROCESS
	RuleName: -
	UtcTime: 2023-10-20 15:00:04.178
	ProcessGuid: {76062d67-95f4-6532-29fe-10e23e560000}
	ProcessId: 4938
	Image: /usr/bin/head
	FileVersion: -
	Description: -
	Product: -
	Company: -
	OriginalFileName: -
	CommandLine: head -n 1
	CurrentDirectory: /home/kali
	User: kali
	LogonGuid: {76062d67-0000-0000-e803-000000000000}
	LogonId: 1000
	TerminalSessionId: 2
	IntegrityLevel: no level
	Hashes: -
	ParentProcessGuid: {00000000-0000-0000-0000-000000000000}
	ParentProcessId: 4935
	ParentImage: -
	ParentCommandLine: -
	ParentUser: -
Event SYSMONEVENT_NETWORK_CONNECT
	RuleName: -
	UtcTime: 2023-10-20 15:00:04.179
	ProcessGuid: {76062d67-95f4-6532-1d56-c46302560000}
	ProcessId: 4936
	Image: /usr/bin/ip
	User: kali
	Protocol: udp
	Initiated: true
	SourceIsIpv6: true
	SourceIp: 0:0:0:0:0:0:0:0
	SourceHostname: -
	SourcePort: 0
	SourcePortName: -
	DestinationIsIpv6: true
	DestinationIp: 0:0:0:0:0:0:0:0
	DestinationHostname: -
	DestinationPort: 0
	DestinationPortName: -
Event SYSMONEVENT_PROCESS_TERMINATE
	RuleName: -
	UtcTime: 2023-10-20 15:00:04.179
	ProcessGuid: {76062d67-95f4-6532-1d56-c46302560000}
	ProcessId: 4936
	Image: /usr/bin/ip
	User: kali
Event SYSMONEVENT_PROCESS_TERMINATE
	RuleName: -
	UtcTime: 2023-10-20 15:00:04.180
	ProcessGuid: {76062d67-95f4-6532-d928-f23a60550000}
	ProcessId: 4937
	Image: /usr/bin/cut
	User: kali
Event SYSMONEVENT_PROCESS_TERMINATE
	RuleName: -
	UtcTime: 2023-10-20 15:00:04.180
	ProcessGuid: {76062d67-95f4-6532-29fe-10e23e560000}
	ProcessId: 4938
	Image: /usr/bin/head
	User: kali
Event SYSMONEVENT_PROCESS_TERMINATE
	RuleName: -
	UtcTime: 2023-10-20 15:00:04.180
	ProcessGuid: {76062d67-95f4-6532-0000-000000000000}
	ProcessId: 4935
	Image: -
	User: kali
Event SYSMONEVENT_CREATE_PROCESS
	RuleName: -
	UtcTime: 2023-10-20 15:00:04.180
	ProcessGuid: {76062d67-95f4-6532-59f3-61ec85550000}
	ProcessId: 4941
	Image: /usr/bin/grep
	FileVersion: -
	Description: -
	Product: -
	Company: -
	OriginalFileName: -
	CommandLine: grep -o -P (?<=inet )[0-9]{1,3}(\.[0-9]{1,3}){3}
	CurrentDirectory: /home/kali
	User: kali
	LogonGuid: {76062d67-0000-0000-e803-000000000000}
	LogonId: 1000
	TerminalSessionId: 2
	IntegrityLevel: no level
	Hashes: -
	ParentProcessGuid: {00000000-0000-0000-0000-000000000000}
	ParentProcessId: 4939
	ParentImage: -
	ParentCommandLine: -
	ParentUser: -
Event SYSMONEVENT_CREATE_PROCESS
	RuleName: -
	UtcTime: 2023-10-20 15:00:04.180
	ProcessGuid: {76062d67-95f4-6532-1d56-cad8c5550000}
	ProcessId: 4940
	Image: /usr/bin/ip
	FileVersion: -
	Description: -
	Product: -
	Company: -
	OriginalFileName: -
	CommandLine: ip a s 
	CurrentDirectory: /home/kali
	User: kali
	LogonGuid: {76062d67-0000-0000-e803-000000000000}
	LogonId: 1000
	TerminalSessionId: 2
	IntegrityLevel: no level
	Hashes: -
	ParentProcessGuid: {00000000-0000-0000-0000-000000000000}
	ParentProcessId: 4939
	ParentImage: -
	ParentCommandLine: -
	ParentUser: -
Event SYSMONEVENT_PROCESS_TERMINATE
	RuleName: -
	UtcTime: 2023-10-20 15:00:04.182
	ProcessGuid: {76062d67-95f4-6532-1d56-cad8c5550000}
	ProcessId: 4940
	Image: /usr/bin/ip
	User: kali
Event SYSMONEVENT_PROCESS_TERMINATE
	RuleName: -
	UtcTime: 2023-10-20 15:00:04.182
	ProcessGuid: {76062d67-95f4-6532-59f3-61ec85550000}
	ProcessId: 4941
	Image: /usr/bin/grep
	User: kali
Event SYSMONEVENT_PROCESS_TERMINATE
	RuleName: -
	UtcTime: 2023-10-20 15:00:04.182
	ProcessGuid: {00000000-0000-0000-0000-000000000000}
	ProcessId: 4939
	Image: <unknown process>
	User: kali
Event SYSMONEVENT_PROCESS_TERMINATE
	RuleName: -
	UtcTime: 2023-10-20 15:00:04.182
	ProcessGuid: {76062d67-95f4-6532-b95b-844a81550000}
	ProcessId: 4934
	Image: /usr/bin/dash
	User: kali
Event SYSMONEVENT_CREATE_PROCESS
	RuleName: -
	UtcTime: 2023-10-20 15:00:04.326
	ProcessGuid: {76062d67-95f4-6532-b96b-e1b045560000}
	ProcessId: 4942
	Image: /usr/bin/dash
	FileVersion: -
	Description: -
	Product: -
	Company: -
	OriginalFileName: -
	CommandLine: /bin/sh /etc/vmware-tools/suspend-vm-default
	CurrentDirectory: /
	User: root
	LogonGuid: {76062d67-0000-0000-0000-000000000000}
	LogonId: 0
	TerminalSessionId: 4294967295
	IntegrityLevel: no level
	Hashes: -
	ParentProcessGuid: {00000000-0000-0000-0000-000000000000}
	ParentProcessId: 598
	ParentImage: -
	ParentCommandLine: -
	ParentUser: -
Event SYSMONEVENT_CREATE_PROCESS
	RuleName: -
	UtcTime: 2023-10-20 15:00:04.328
	ProcessGuid: {76062d67-95f4-6532-49f1-010cb1550000}
	ProcessId: 4943
	Image: /usr/bin/date
	FileVersion: -
	Description: -
	Product: -
	Company: -
	OriginalFileName: -
	CommandLine: date
	CurrentDirectory: /
	User: root
	LogonGuid: {76062d67-0000-0000-0000-000000000000}
	LogonId: 0
	TerminalSessionId: 4294967295
	IntegrityLevel: no level
	Hashes: -
	ParentProcessGuid: {76062d67-95f4-6532-b96b-e1b045560000}
	ParentProcessId: 4942
	ParentImage: /usr/bin/dash
	ParentCommandLine: /bin/sh
	ParentUser: root
Event SYSMONEVENT_PROCESS_TERMINATE
	RuleName: -
	UtcTime: 2023-10-20 15:00:04.329
	ProcessGuid: {76062d67-95f4-6532-49f1-010cb1550000}
	ProcessId: 4943
	Image: /usr/bin/date
	User: root
Event SYSMONEVENT_CREATE_PROCESS
	RuleName: -
	UtcTime: 2023-10-20 15:00:04.329
	ProcessGuid: {76062d67-95f4-6532-5960-5ead88550000}
	ProcessId: 4944
	Image: /usr/bin/dirname
	FileVersion: -
	Description: -
	Product: -
	Company: -
	OriginalFileName: -
	CommandLine: dirname /etc/vmware-tools/suspend-vm-default
	CurrentDirectory: /
	User: root
	LogonGuid: {76062d67-0000-0000-0000-000000000000}
	LogonId: 0
	TerminalSessionId: 4294967295
	IntegrityLevel: no level
	Hashes: -
	ParentProcessGuid: {76062d67-95f4-6532-b96b-e1b045560000}
	ParentProcessId: 4942
	ParentImage: /usr/bin/dash
	ParentCommandLine: /bin/sh
	ParentUser: root
Event SYSMONEVENT_PROCESS_TERMINATE
	RuleName: -
	UtcTime: 2023-10-20 15:00:04.330
	ProcessGuid: {76062d67-95f4-6532-5960-5ead88550000}
	ProcessId: 4944
	Image: /usr/bin/dirname
	User: root
Event SYSMONEVENT_CREATE_PROCESS
	RuleName: -
	UtcTime: 2023-10-20 15:00:04.331
	ProcessGuid: {76062d67-95f4-6532-3971-eac52e560000}
	ProcessId: 4946
	Image: /usr/bin/basename
	FileVersion: -
	Description: -
	Product: -
	Company: -
	OriginalFileName: -
	CommandLine: basename /etc/vmware-tools/suspend-vm-default
	CurrentDirectory: /
	User: root
	LogonGuid: {76062d67-0000-0000-0000-000000000000}
	LogonId: 0
	TerminalSessionId: 4294967295
	IntegrityLevel: no level
	Hashes: -
	ParentProcessGuid: {00000000-0000-0000-0000-000000000000}
	ParentProcessId: 4945
	ParentImage: -
	ParentCommandLine: -
	ParentUser: -
Event SYSMONEVENT_CREATE_PROCESS
	RuleName: -
	UtcTime: 2023-10-20 15:00:04.331
	ProcessGuid: {76062d67-95f4-6532-19a9-313db6550000}
	ProcessId: 4947
	Image: /usr/bin/sed
	FileVersion: -
	Description: -
	Product: -
	Company: -
	OriginalFileName: -
	CommandLine: sed s,-default,,
	CurrentDirectory: /
	User: root
	LogonGuid: {76062d67-0000-0000-0000-000000000000}
	LogonId: 0
	TerminalSessionId: 4294967295
	IntegrityLevel: no level
	Hashes: -
	ParentProcessGuid: {00000000-0000-0000-0000-000000000000}
	ParentProcessId: 4945
	ParentImage: -
	ParentCommandLine: -
	ParentUser: -
Event SYSMONEVENT_PROCESS_TERMINATE
	RuleName: -
	UtcTime: 2023-10-20 15:00:04.332
	ProcessGuid: {76062d67-95f4-6532-3971-eac52e560000}
	ProcessId: 4946
	Image: /usr/bin/basename
	User: root
Event SYSMONEVENT_PROCESS_TERMINATE
	RuleName: -
	UtcTime: 2023-10-20 15:00:04.332
	ProcessGuid: {76062d67-95f4-6532-19a9-313db6550000}
	ProcessId: 4947
	Image: /usr/bin/sed
	User: -
Event SYSMONEVENT_PROCESS_TERMINATE
	RuleName: -
	UtcTime: 2023-10-20 15:00:04.333
	ProcessGuid: {00000000-0000-0000-0000-000000000000}
	ProcessId: 4945
	Image: <unknown process>
	User: -
Event SYSMONEVENT_CREATE_PROCESS
	RuleName: -
	UtcTime: 2023-10-20 15:00:04.333
	ProcessGuid: {76062d67-95f4-6532-b91b-27a9c4550000}
	ProcessId: 4948
	Image: /usr/bin/dash
	FileVersion: -
	Description: -
	Product: -
	Company: -
	OriginalFileName: -
	CommandLine: /bin/sh -x /etc/vmware-tools/scripts/vmware/network suspend-vm
	CurrentDirectory: /
	User: root
	LogonGuid: {76062d67-0000-0000-0000-000000000000}
	LogonId: 0
	TerminalSessionId: 4294967295
	IntegrityLevel: no level
	Hashes: -
	ParentProcessGuid: {76062d67-95f4-6532-b96b-e1b045560000}
	ParentProcessId: 4942
	ParentImage: /usr/bin/dash
	ParentCommandLine: /bin/sh
	ParentUser: root
Event SYSMONEVENT_CREATE_PROCESS
	RuleName: -
	UtcTime: 2023-10-20 15:00:04.334
	ProcessGuid: {76062d67-95f4-6532-2907-f36cf0550000}
	ProcessId: 4950
	Image: /usr/bin/vmware-toolbox-cmd
	FileVersion: -
	Description: -
	Product: -
	Company: -
	OriginalFileName: -
	CommandLine: vmware-toolbox-cmd config get logging network.handler
	CurrentDirectory: /
	User: root
	LogonGuid: {76062d67-0000-0000-0000-000000000000}
	LogonId: 0
	TerminalSessionId: 4294967295
	IntegrityLevel: no level
	Hashes: -
	ParentProcessGuid: {00000000-0000-0000-0000-000000000000}
	ParentProcessId: 4949
	ParentImage: -
	ParentCommandLine: -
	ParentUser: -
Event SYSMONEVENT_CREATE_PROCESS
	RuleName: -
	UtcTime: 2023-10-20 15:00:04.334
	ProcessGuid: {76062d67-95f4-6532-1919-2cd895550000}
	ProcessId: 4951
	Image: /usr/bin/sed
	FileVersion: -
	Description: -
	Product: -
	Company: -
	OriginalFileName: -
	CommandLine: sed -e s/.*= *// -e s/ *$//
	CurrentDirectory: /
	User: root
	LogonGuid: {76062d67-0000-0000-0000-000000000000}
	LogonId: 0
	TerminalSessionId: 4294967295
	IntegrityLevel: no level
	Hashes: -
	ParentProcessGuid: {00000000-0000-0000-0000-000000000000}
	ParentProcessId: 4949
	ParentImage: -
	ParentCommandLine: -
	ParentUser: -
Event SYSMONEVENT_CREATE_PROCESS
	RuleName: -
	UtcTime: 2023-10-20 15:00:04.337
	ProcessGuid: {76062d67-95f4-6532-b9cb-c7abb5550000}
	ProcessId: 4952
	Image: /usr/bin/dash
	FileVersion: -
	Description: -
	Product: -
	Company: -
	OriginalFileName: -
	CommandLine: sh -c /usr/bin/lsb_release -sd 2>/dev/null
	CurrentDirectory: /
	User: root
	LogonGuid: {76062d67-0000-0000-0000-000000000000}
	LogonId: 0
	TerminalSessionId: 4294967295
	IntegrityLevel: no level
	Hashes: -
	ParentProcessGuid: {76062d67-95f4-6532-2907-f36cf0550000}
	ParentProcessId: 4950
	ParentImage: /usr/bin/vmware-toolbox-cmd
	ParentCommandLine: vmware-toolbox-cmd
	ParentUser: root
Event SYSMONEVENT_CREATE_PROCESS
	RuleName: -
	UtcTime: 2023-10-20 15:00:04.338
	ProcessGuid: {76062d67-95f4-6532-b9db-ffb475550000}
	ProcessId: 4953
	Image: /usr/bin/dash
	FileVersion: -
	Description: -
	Product: -
	Company: -
	OriginalFileName: -
	CommandLine: /bin/sh /usr/bin/lsb_release -sd
	CurrentDirectory: /
	User: root
	LogonGuid: {76062d67-0000-0000-0000-000000000000}
	LogonId: 0
	TerminalSessionId: 4294967295
	IntegrityLevel: no level
	Hashes: -
	ParentProcessGuid: {76062d67-95f4-6532-b9cb-c7abb5550000}
	ParentProcessId: 4952
	ParentImage: /usr/bin/dash
	ParentCommandLine: sh
	ParentUser: root
Event SYSMONEVENT_CREATE_PROCESS
	RuleName: -
	UtcTime: 2023-10-20 15:00:04.339
	ProcessGuid: {76062d67-95f4-6532-3905-8ff14f560000}
	ProcessId: 4954
	Image: /usr/bin/getopt
	FileVersion: -
	Description: -
	Product: -
	Company: -
	OriginalFileName: -
	CommandLine: getopt --name lsb_release -o hvidrcas -l help,version,id,description,release,codename,all,short -- -sd
	CurrentDirectory: /
	User: root
	LogonGuid: {76062d67-0000-0000-0000-000000000000}
	LogonId: 0
	TerminalSessionId: 4294967295
	IntegrityLevel: no level
	Hashes: -
	ParentProcessGuid: {76062d67-95f4-6532-b9db-ffb475550000}
	ParentProcessId: 4953
	ParentImage: /usr/bin/dash
	ParentCommandLine: /bin/sh
	ParentUser: root
Event SYSMONEVENT_PROCESS_TERMINATE
	RuleName: -
	UtcTime: 2023-10-20 15:00:04.340
	ProcessGuid: {76062d67-95f4-6532-3905-8ff14f560000}
	ProcessId: 4954
	Image: /usr/bin/getopt
	User: root
Event SYSMONEVENT_PROCESS_TERMINATE
	RuleName: -
	UtcTime: 2023-10-20 15:00:04.340
	ProcessGuid: {76062d67-95f4-6532-0000-000000000000}
	ProcessId: 4956
	Image: -
	User: root
Event SYSMONEVENT_CREATE_PROCESS
	RuleName: -
	UtcTime: 2023-10-20 15:00:04.340
	ProcessGuid: {76062d67-95f4-6532-d938-4f3a99550000}
	ProcessId: 4957
	Image: /usr/bin/cut
	FileVersion: -
	Description: -
	Product: -
	Company: -
	OriginalFileName: -
	CommandLine: cut -c1
	CurrentDirectory: /
	User: root
	LogonGuid: {76062d67-0000-0000-0000-000000000000}
	LogonId: 0
	TerminalSessionId: 4294967295
	IntegrityLevel: no level
	Hashes: -
	ParentProcessGuid: {00000000-0000-0000-0000-000000000000}
	ParentProcessId: 4955
	ParentImage: -
	ParentCommandLine: -
	ParentUser: -
Event SYSMONEVENT_CREATE_PROCESS
	RuleName: -
	UtcTime: 2023-10-20 15:00:04.341
	ProcessGuid: {76062d67-95f4-6532-19f9-26eafc550000}
	ProcessId: 4958
	Image: /usr/bin/tr
	FileVersion: -
	Description: -
	Product: -
	Company: -
	OriginalFileName: -
	CommandLine: tr [:lower:] [:upper:]
	CurrentDirectory: /
	User: root
	LogonGuid: {76062d67-0000-0000-0000-000000000000}
	LogonId: 0
	TerminalSessionId: 4294967295
	IntegrityLevel: no level
	Hashes: -
	ParentProcessGuid: {00000000-0000-0000-0000-000000000000}
	ParentProcessId: 4955
	ParentImage: -
	ParentCommandLine: -
	ParentUser: -
Event SYSMONEVENT_PROCESS_TERMINATE
	RuleName: -
	UtcTime: 2023-10-20 15:00:04.342
	ProcessGuid: {76062d67-95f4-6532-d938-4f3a99550000}
	ProcessId: 4957
	Image: /usr/bin/cut
	User: root
Event SYSMONEVENT_PROCESS_TERMINATE
	RuleName: -
	UtcTime: 2023-10-20 15:00:04.342
	ProcessGuid: {76062d67-95f4-6532-19f9-26eafc550000}
	ProcessId: 4958
	Image: /usr/bin/tr
	User: root
Event SYSMONEVENT_PROCESS_TERMINATE
	RuleName: -
	UtcTime: 2023-10-20 15:00:04.342
	ProcessGuid: {76062d67-95f4-6532-0000-000000000000}
	ProcessId: 4955
	Image: -
	User: root
Event SYSMONEVENT_PROCESS_TERMINATE
	RuleName: -
	UtcTime: 2023-10-20 15:00:04.342
	ProcessGuid: {00000000-0000-0000-0000-000000000000}
	ProcessId: 4960
	Image: <unknown process>
	User: root
Event SYSMONEVENT_CREATE_PROCESS
	RuleName: -
	UtcTime: 2023-10-20 15:00:04.342
	ProcessGuid: {76062d67-95f4-6532-d9a8-598b3d560000}
	ProcessId: 4961
	Image: /usr/bin/cut
	FileVersion: -
	Description: -
	Product: -
	Company: -
	OriginalFileName: -
	CommandLine: cut -c2-
	CurrentDirectory: /
	User: root
	LogonGuid: {76062d67-0000-0000-0000-000000000000}
	LogonId: 0
	TerminalSessionId: 4294967295
	IntegrityLevel: no level
	Hashes: -
	ParentProcessGuid: {00000000-0000-0000-0000-000000000000}
	ParentProcessId: 4959
	ParentImage: -
	ParentCommandLine: -
	ParentUser: -
Event SYSMONEVENT_PROCESS_TERMINATE
	RuleName: -
	UtcTime: 2023-10-20 15:00:04.343
	ProcessGuid: {76062d67-95f4-6532-d9a8-598b3d560000}
	ProcessId: 4961
	Image: /usr/bin/cut
	User: root
Event SYSMONEVENT_PROCESS_TERMINATE
	RuleName: -
	UtcTime: 2023-10-20 15:00:04.343
	ProcessGuid: {76062d67-95f4-6532-0000-000000000000}
	ProcessId: 4959
	Image: -
	User: root
Event SYSMONEVENT_PROCESS_TERMINATE
	RuleName: -
	UtcTime: 2023-10-20 15:00:04.344
	ProcessGuid: {76062d67-95f4-6532-0000-000000000000}
	ProcessId: 4963
	Image: -
	User: root
Event SYSMONEVENT_CREATE_PROCESS
	RuleName: -
	UtcTime: 2023-10-20 15:00:04.344
	ProcessGuid: {76062d67-95f4-6532-19e9-a76884550000}
	ProcessId: 4964
	Image: /usr/bin/tr
	FileVersion: -
	Description: -
	Product: -
	Company: -
	OriginalFileName: -
	CommandLine: tr [:upper:] [:lower:]
	CurrentDirectory: /
	User: root
	LogonGuid: {76062d67-0000-0000-0000-000000000000}
	LogonId: 0
	TerminalSessionId: 4294967295
	IntegrityLevel: no level
	Hashes: -
	ParentProcessGuid: {00000000-0000-0000-0000-000000000000}
	ParentProcessId: 4962
	ParentImage: -
	ParentCommandLine: -
	ParentUser: -
Event SYSMONEVENT_PROCESS_TERMINATE
	RuleName: -
	UtcTime: 2023-10-20 15:00:04.345
	ProcessGuid: {76062d67-95f4-6532-19e9-a76884550000}
	ProcessId: 4964
	Image: /usr/bin/tr
	User: root
Event SYSMONEVENT_PROCESS_TERMINATE
	RuleName: -
	UtcTime: 2023-10-20 15:00:04.345
	ProcessGuid: {76062d67-95f4-6532-0000-000000000000}
	ProcessId: 4962
	Image: -
	User: root
Event SYSMONEVENT_PROCESS_TERMINATE
	RuleName: -
	UtcTime: 2023-10-20 15:00:04.345
	ProcessGuid: {76062d67-95f4-6532-0000-000000000000}
	ProcessId: 4966
	Image: -
	User: root
Event SYSMONEVENT_CREATE_PROCESS
	RuleName: -
	UtcTime: 2023-10-20 15:00:04.345
	ProcessGuid: {76062d67-95f4-6532-1989-a20000560000}
	ProcessId: 4967
	Image: /usr/bin/tr
	FileVersion: -
	Description: -
	Product: -
	Company: -
	OriginalFileName: -
	CommandLine: tr [:upper:] [:lower:]
	CurrentDirectory: /
	User: root
	LogonGuid: {76062d67-0000-0000-0000-000000000000}
	LogonId: 0
	TerminalSessionId: 4294967295
	IntegrityLevel: no level
	Hashes: -
	ParentProcessGuid: {00000000-0000-0000-0000-000000000000}
	ParentProcessId: 4965
	ParentImage: -
	ParentCommandLine: -
	ParentUser: -
Event SYSMONEVENT_PROCESS_TERMINATE
	RuleName: -
	UtcTime: 2023-10-20 15:00:04.346
	ProcessGuid: {76062d67-95f4-6532-1989-a20000560000}
	ProcessId: 4967
	Image: /usr/bin/tr
	User: root
Event SYSMONEVENT_PROCESS_TERMINATE
	RuleName: -
	UtcTime: 2023-10-20 15:00:04.346
	ProcessGuid: {76062d67-95f4-6532-0000-000000000000}
	ProcessId: 4965
	Image: -
	User: root
Event SYSMONEVENT_PROCESS_TERMINATE
	RuleName: -
	UtcTime: 2023-10-20 15:00:04.346
	ProcessGuid: {76062d67-95f4-6532-b9db-ffb475550000}
	ProcessId: 4953
	Image: /usr/bin/dash
	User: root
Event SYSMONEVENT_PROCESS_TERMINATE
	RuleName: -
	UtcTime: 2023-10-20 15:00:04.347
	ProcessGuid: {76062d67-95f4-6532-b9cb-c7abb5550000}
	ProcessId: 4952
	Image: /usr/bin/dash
	User: root
Event SYSMONEVENT_CREATE_PROCESS
	RuleName: -
	UtcTime: 2023-10-20 15:00:04.347
	ProcessGuid: {76062d67-95f4-6532-b9ab-bdc5e4550000}
	ProcessId: 4968
	Image: /usr/bin/dash
	FileVersion: -
	Description: -
	Product: -
	Company: -
	OriginalFileName: -
	CommandLine: sh -c /usr/bin/lsb_release -si 2>/dev/null
	CurrentDirectory: /
	User: root
	LogonGuid: {76062d67-0000-0000-0000-000000000000}
	LogonId: 0
	TerminalSessionId: 4294967295
	IntegrityLevel: no level
	Hashes: -
	ParentProcessGuid: {76062d67-95f4-6532-2907-f36cf0550000}
	ParentProcessId: 4950
	ParentImage: /usr/bin/vmware-toolbox-cmd
	ParentCommandLine: vmware-toolbox-cmd
	ParentUser: root
Event SYSMONEVENT_CREATE_PROCESS
	RuleName: -
	UtcTime: 2023-10-20 15:00:04.347
	ProcessGuid: {76062d67-95f4-6532-b98b-fd8846560000}
	ProcessId: 4969
	Image: /usr/bin/dash
	FileVersion: -
	Description: -
	Product: -
	Company: -
	OriginalFileName: -
	CommandLine: /bin/sh /usr/bin/lsb_release -si
	CurrentDirectory: /
	User: root
	LogonGuid: {76062d67-0000-0000-0000-000000000000}
	LogonId: 0
	TerminalSessionId: 4294967295
	IntegrityLevel: no level
	Hashes: -
	ParentProcessGuid: {76062d67-95f4-6532-b9ab-bdc5e4550000}
	ParentProcessId: 4968
	ParentImage: /usr/bin/dash
	ParentCommandLine: sh
	ParentUser: root
Event SYSMONEVENT_CREATE_PROCESS
	RuleName: -
	UtcTime: 2023-10-20 15:00:04.348
	ProcessGuid: {76062d67-95f4-6532-3945-7af15a550000}
	ProcessId: 4970
	Image: /usr/bin/getopt
	FileVersion: -
	Description: -
	Product: -
	Company: -
	OriginalFileName: -
	CommandLine: getopt --name lsb_release -o hvidrcas -l help,version,id,description,release,codename,all,short -- -si
	CurrentDirectory: /
	User: root
	LogonGuid: {76062d67-0000-0000-0000-000000000000}
	LogonId: 0
	TerminalSessionId: 4294967295
	IntegrityLevel: no level
	Hashes: -
	ParentProcessGuid: {76062d67-95f4-6532-b98b-fd8846560000}
	ParentProcessId: 4969
	ParentImage: /usr/bin/dash
	ParentCommandLine: /bin/sh
	ParentUser: root
Event SYSMONEVENT_PROCESS_TERMINATE
	RuleName: -
	UtcTime: 2023-10-20 15:00:04.349
	ProcessGuid: {76062d67-95f4-6532-3945-7af15a550000}
	ProcessId: 4970
	Image: /usr/bin/getopt
	User: root
Event SYSMONEVENT_PROCESS_TERMINATE
	RuleName: -
	UtcTime: 2023-10-20 15:00:04.350
	ProcessGuid: {76062d67-95f4-6532-0000-000000000000}
	ProcessId: 4972
	Image: -
	User: root
Event SYSMONEVENT_CREATE_PROCESS
	RuleName: -
	UtcTime: 2023-10-20 15:00:04.350
	ProcessGuid: {76062d67-95f4-6532-d998-8ce1de550000}
	ProcessId: 4973
	Image: /usr/bin/cut
	FileVersion: -
	Description: -
	Product: -
	Company: -
	OriginalFileName: -
	CommandLine: cut -c1
	CurrentDirectory: /
	User: root
	LogonGuid: {76062d67-0000-0000-0000-000000000000}
	LogonId: 0
	TerminalSessionId: 4294967295
	IntegrityLevel: no level
	Hashes: -
	ParentProcessGuid: {00000000-0000-0000-0000-000000000000}
	ParentProcessId: 4971
	ParentImage: -
	ParentCommandLine: -
	ParentUser: -
Event SYSMONEVENT_CREATE_PROCESS
	RuleName: -
	UtcTime: 2023-10-20 15:00:04.350
	ProcessGuid: {76062d67-95f4-6532-1929-3d297e550000}
	ProcessId: 4974
	Image: /usr/bin/tr
	FileVersion: -
	Description: -
	Product: -
	Company: -
	OriginalFileName: -
	CommandLine: tr [:lower:] [:upper:]
	CurrentDirectory: /
	User: root
	LogonGuid: {76062d67-0000-0000-0000-000000000000}
	LogonId: 0
	TerminalSessionId: 4294967295
	IntegrityLevel: no level
	Hashes: -
	ParentProcessGuid: {00000000-0000-0000-0000-000000000000}
	ParentProcessId: 4971
	ParentImage: -
	ParentCommandLine: -
	ParentUser: -
Event SYSMONEVENT_PROCESS_TERMINATE
	RuleName: -
	UtcTime: 2023-10-20 15:00:04.351
	ProcessGuid: {76062d67-95f4-6532-d998-8ce1de550000}
	ProcessId: 4973
	Image: /usr/bin/cut
	User: root
Event SYSMONEVENT_PROCESS_TERMINATE
	RuleName: -
	UtcTime: 2023-10-20 15:00:04.351
	ProcessGuid: {76062d67-95f4-6532-1929-3d297e550000}
	ProcessId: 4974
	Image: /usr/bin/tr
	User: root
Event SYSMONEVENT_PROCESS_TERMINATE
	RuleName: -
	UtcTime: 2023-10-20 15:00:04.351
	ProcessGuid: {76062d67-95f4-6532-0000-000000000000}
	ProcessId: 4971
	Image: -
	User: root
Event SYSMONEVENT_PROCESS_TERMINATE
	RuleName: -
	UtcTime: 2023-10-20 15:00:04.351
	ProcessGuid: {76062d67-95f4-6532-0000-000000000000}
	ProcessId: 4976
	Image: -
	User: root
Event SYSMONEVENT_CREATE_PROCESS
	RuleName: -
	UtcTime: 2023-10-20 15:00:04.351
	ProcessGuid: {76062d67-95f4-6532-d9b8-6ba7cf550000}
	ProcessId: 4977
	Image: /usr/bin/cut
	FileVersion: -
	Description: -
	Product: -
	Company: -
	OriginalFileName: -
	CommandLine: cut -c2-
	CurrentDirectory: /
	User: root
	LogonGuid: {76062d67-0000-0000-0000-000000000000}
	LogonId: 0
	TerminalSessionId: 4294967295
	IntegrityLevel: no level
	Hashes: -
	ParentProcessGuid: {00000000-0000-0000-0000-000000000000}
	ParentProcessId: 4975
	ParentImage: -
	ParentCommandLine: -
	ParentUser: -
Event SYSMONEVENT_PROCESS_TERMINATE
	RuleName: -
	UtcTime: 2023-10-20 15:00:04.352
	ProcessGuid: {76062d67-95f4-6532-d9b8-6ba7cf550000}
	ProcessId: 4977
	Image: /usr/bin/cut
	User: root
Event SYSMONEVENT_PROCESS_TERMINATE
	RuleName: -
	UtcTime: 2023-10-20 15:00:04.352
	ProcessGuid: {76062d67-95f4-6532-0000-000000000000}
	ProcessId: 4975
	Image: -
	User: root
Event SYSMONEVENT_PROCESS_TERMINATE
	RuleName: -
	UtcTime: 2023-10-20 15:00:04.353
	ProcessGuid: {76062d67-95f4-6532-0000-000000000000}
	ProcessId: 4979
	Image: -
	User: root
Event SYSMONEVENT_CREATE_PROCESS
	RuleName: -
	UtcTime: 2023-10-20 15:00:04.353
	ProcessGuid: {76062d67-95f4-6532-19b9-5ac503560000}
	ProcessId: 4980
	Image: /usr/bin/tr
	FileVersion: -
	Description: -
	Product: -
	Company: -
	OriginalFileName: -
	CommandLine: tr [:upper:] [:lower:]
	CurrentDirectory: /
	User: root
	LogonGuid: {76062d67-0000-0000-0000-000000000000}
	LogonId: 0
	TerminalSessionId: 4294967295
	IntegrityLevel: no level
	Hashes: -
	ParentProcessGuid: {00000000-0000-0000-0000-000000000000}
	ParentProcessId: 4978
	ParentImage: -
	ParentCommandLine: -
	ParentUser: -
Event SYSMONEVENT_PROCESS_TERMINATE
	RuleName: -
	UtcTime: 2023-10-20 15:00:04.354
	ProcessGuid: {76062d67-95f4-6532-19b9-5ac503560000}
	ProcessId: 4980
	Image: /usr/bin/tr
	User: root
Event SYSMONEVENT_PROCESS_TERMINATE
	RuleName: -
	UtcTime: 2023-10-20 15:00:04.354
	ProcessGuid: {76062d67-95f4-6532-0000-000000000000}
	ProcessId: 4978
	Image: -
	User: root
Event SYSMONEVENT_PROCESS_TERMINATE
	RuleName: -
	UtcTime: 2023-10-20 15:00:04.354
	ProcessGuid: {00000000-0000-0000-0000-000000000000}
	ProcessId: 4982
	Image: <unknown process>
	User: root
Event SYSMONEVENT_CREATE_PROCESS
	RuleName: -
	UtcTime: 2023-10-20 15:00:04.354
	ProcessGuid: {76062d67-95f4-6532-1919-758c46560000}
	ProcessId: 4983
	Image: /usr/bin/tr
	FileVersion: -
	Description: -
	Product: -
	Company: -
	OriginalFileName: -
	CommandLine: tr [:upper:] [:lower:]
	CurrentDirectory: /
	User: root
	LogonGuid: {76062d67-0000-0000-0000-000000000000}
	LogonId: 0
	TerminalSessionId: 4294967295
	IntegrityLevel: no level
	Hashes: -
	ParentProcessGuid: {00000000-0000-0000-0000-000000000000}
	ParentProcessId: 4981
	ParentImage: -
	ParentCommandLine: -
	ParentUser: -
Event SYSMONEVENT_PROCESS_TERMINATE
	RuleName: -
	UtcTime: 2023-10-20 15:00:04.355
	ProcessGuid: {76062d67-95f4-6532-1919-758c46560000}
	ProcessId: 4983
	Image: /usr/bin/tr
	User: root
Event SYSMONEVENT_PROCESS_TERMINATE
	RuleName: -
	UtcTime: 2023-10-20 15:00:04.355
	ProcessGuid: {76062d67-95f4-6532-0000-000000000000}
	ProcessId: 4981
	Image: -
	User: root
Event SYSMONEVENT_PROCESS_TERMINATE
	RuleName: -
	UtcTime: 2023-10-20 15:00:04.356
	ProcessGuid: {76062d67-95f4-6532-b98b-fd8846560000}
	ProcessId: 4969
	Image: /usr/bin/dash
	User: root
Event SYSMONEVENT_PROCESS_TERMINATE
	RuleName: -
	UtcTime: 2023-10-20 15:00:04.356
	ProcessGuid: {76062d67-95f4-6532-b9ab-bdc5e4550000}
	ProcessId: 4968
	Image: /usr/bin/dash
	User: root
Event SYSMONEVENT_CREATE_PROCESS
	RuleName: -
	UtcTime: 2023-10-20 15:00:04.356
	ProcessGuid: {76062d67-95f4-6532-b91b-a2f0b1550000}
	ProcessId: 4984
	Image: /usr/bin/dash
	FileVersion: -
	Description: -
	Product: -
	Company: -
	OriginalFileName: -
	CommandLine: sh -c /usr/bin/lsb_release -sr 2>/dev/null
	CurrentDirectory: /
	User: root
	LogonGuid: {76062d67-0000-0000-0000-000000000000}
	LogonId: 0
	TerminalSessionId: 4294967295
	IntegrityLevel: no level
	Hashes: -
	ParentProcessGuid: {76062d67-95f4-6532-2907-f36cf0550000}
	ParentProcessId: 4950
	ParentImage: /usr/bin/vmware-toolbox-cmd
	ParentCommandLine: vmware-toolbox-cmd
	ParentUser: root
Event SYSMONEVENT_CREATE_PROCESS
	RuleName: -
	UtcTime: 2023-10-20 15:00:04.357
	ProcessGuid: {76062d67-95f4-6532-b9fb-2e0017560000}
	ProcessId: 4985
	Image: /usr/bin/dash
	FileVersion: -
	Description: -
	Product: -
	Company: -
	OriginalFileName: -
	CommandLine: /bin/sh /usr/bin/lsb_release -sr
	CurrentDirectory: /
	User: root
	LogonGuid: {76062d67-0000-0000-0000-000000000000}
	LogonId: 0
	TerminalSessionId: 4294967295
	IntegrityLevel: no level
	Hashes: -
	ParentProcessGuid: {76062d67-95f4-6532-b91b-a2f0b1550000}
	ParentProcessId: 4984
	ParentImage: /usr/bin/dash
	ParentCommandLine: sh
	ParentUser: root
Event SYSMONEVENT_CREATE_PROCESS
	RuleName: -
	UtcTime: 2023-10-20 15:00:04.357
	ProcessGuid: {76062d67-95f4-6532-3965-ce7f3c560000}
	ProcessId: 4986
	Image: /usr/bin/getopt
	FileVersion: -
	Description: -
	Product: -
	Company: -
	OriginalFileName: -
	CommandLine: getopt --name lsb_release -o hvidrcas -l help,version,id,description,release,codename,all,short -- -sr
	CurrentDirectory: /
	User: root
	LogonGuid: {76062d67-0000-0000-0000-000000000000}
	LogonId: 0
	TerminalSessionId: 4294967295
	IntegrityLevel: no level
	Hashes: -
	ParentProcessGuid: {76062d67-95f4-6532-b9fb-2e0017560000}
	ParentProcessId: 4985
	ParentImage: /usr/bin/dash
	ParentCommandLine: /bin/sh
	ParentUser: root
Event SYSMONEVENT_PROCESS_TERMINATE
	RuleName: -
	UtcTime: 2023-10-20 15:00:04.358
	ProcessGuid: {76062d67-95f4-6532-3965-ce7f3c560000}
	ProcessId: 4986
	Image: /usr/bin/getopt
	User: root
Event SYSMONEVENT_PROCESS_TERMINATE
	RuleName: -
	UtcTime: 2023-10-20 15:00:04.359
	ProcessGuid: {76062d67-95f4-6532-0000-000000000000}
	ProcessId: 4988
	Image: -
	User: root
Event SYSMONEVENT_CREATE_PROCESS
	RuleName: -
	UtcTime: 2023-10-20 15:00:04.359
	ProcessGuid: {76062d67-95f4-6532-d948-0e797c550000}
	ProcessId: 4989
	Image: /usr/bin/cut
	FileVersion: -
	Description: -
	Product: -
	Company: -
	OriginalFileName: -
	CommandLine: cut -c1
	CurrentDirectory: /
	User: root
	LogonGuid: {76062d67-0000-0000-0000-000000000000}
	LogonId: 0
	TerminalSessionId: 4294967295
	IntegrityLevel: no level
	Hashes: -
	ParentProcessGuid: {00000000-0000-0000-0000-000000000000}
	ParentProcessId: 4987
	ParentImage: -
	ParentCommandLine: -
	ParentUser: -
Event SYSMONEVENT_CREATE_PROCESS
	RuleName: -
	UtcTime: 2023-10-20 15:00:04.359
	ProcessGuid: {76062d67-95f4-6532-19f9-bb8440560000}
	ProcessId: 4990
	Image: /usr/bin/tr
	FileVersion: -
	Description: -
	Product: -
	Company: -
	OriginalFileName: -
	CommandLine: tr [:lower:] [:upper:]
	CurrentDirectory: /
	User: root
	LogonGuid: {76062d67-0000-0000-0000-000000000000}
	LogonId: 0
	TerminalSessionId: 4294967295
	IntegrityLevel: no level
	Hashes: -
	ParentProcessGuid: {00000000-0000-0000-0000-000000000000}
	ParentProcessId: 4987
	ParentImage: -
	ParentCommandLine: -
	ParentUser: -
Event SYSMONEVENT_PROCESS_TERMINATE
	RuleName: -
	UtcTime: 2023-10-20 15:00:04.360
	ProcessGuid: {76062d67-95f4-6532-d948-0e797c550000}
	ProcessId: 4989
	Image: /usr/bin/cut
	User: root
Event SYSMONEVENT_PROCESS_TERMINATE
	RuleName: -
	UtcTime: 2023-10-20 15:00:04.360
	ProcessGuid: {76062d67-95f4-6532-19f9-bb8440560000}
	ProcessId: 4990
	Image: /usr/bin/tr
	User: root
Event SYSMONEVENT_PROCESS_TERMINATE
	RuleName: -
	UtcTime: 2023-10-20 15:00:04.360
	ProcessGuid: {76062d67-95f4-6532-0000-000000000000}
	ProcessId: 4987
	Image: -
	User: root
Event SYSMONEVENT_PROCESS_TERMINATE
	RuleName: -
	UtcTime: 2023-10-20 15:00:04.360
	ProcessGuid: {00000000-0000-0000-0000-000000000000}
	ProcessId: 4992
	Image: <unknown process>
	User: -
Event SYSMONEVENT_CREATE_PROCESS
	RuleName: -
	UtcTime: 2023-10-20 15:00:04.360
	ProcessGuid: {76062d67-95f4-6532-d9f8-d6ce43560000}
	ProcessId: 4993
	Image: /usr/bin/cut
	FileVersion: -
	Description: -
	Product: -
	Company: -
	OriginalFileName: -
	CommandLine: cut -c2-
	CurrentDirectory: /
	User: root
	LogonGuid: {76062d67-0000-0000-0000-000000000000}
	LogonId: 0
	TerminalSessionId: 4294967295
	IntegrityLevel: no level
	Hashes: -
	ParentProcessGuid: {00000000-0000-0000-0000-000000000000}
	ParentProcessId: 4991
	ParentImage: -
	ParentCommandLine: -
	ParentUser: -
Event SYSMONEVENT_PROCESS_TERMINATE
	RuleName: -
	UtcTime: 2023-10-20 15:00:04.361
	ProcessGuid: {76062d67-95f4-6532-d9f8-d6ce43560000}
	ProcessId: 4993
	Image: /usr/bin/cut
	User: root
Event SYSMONEVENT_PROCESS_TERMINATE
	RuleName: -
	UtcTime: 2023-10-20 15:00:04.361
	ProcessGuid: {76062d67-95f4-6532-0000-000000000000}
	ProcessId: 4991
	Image: -
	User: root
Event SYSMONEVENT_PROCESS_TERMINATE
	RuleName: -
	UtcTime: 2023-10-20 15:00:04.362
	ProcessGuid: {76062d67-95f4-6532-0000-000000000000}
	ProcessId: 4995
	Image: -
	User: root
Event SYSMONEVENT_CREATE_PROCESS
	RuleName: -
	UtcTime: 2023-10-20 15:00:04.362
	ProcessGuid: {76062d67-95f4-6532-1919-4c8031560000}
	ProcessId: 4996
	Image: /usr/bin/tr
	FileVersion: -
	Description: -
	Product: -
	Company: -
	OriginalFileName: -
	CommandLine: tr [:upper:] [:lower:]
	CurrentDirectory: /
	User: root
	LogonGuid: {76062d67-0000-0000-0000-000000000000}
	LogonId: 0
	TerminalSessionId: 4294967295
	IntegrityLevel: no level
	Hashes: -
	ParentProcessGuid: {00000000-0000-0000-0000-000000000000}
	ParentProcessId: 4994
	ParentImage: -
	ParentCommandLine: -
	ParentUser: -
Event SYSMONEVENT_PROCESS_TERMINATE
	RuleName: -
	UtcTime: 2023-10-20 15:00:04.363
	ProcessGuid: {76062d67-95f4-6532-1919-4c8031560000}
	ProcessId: 4996
	Image: /usr/bin/tr
	User: root
Event SYSMONEVENT_PROCESS_TERMINATE
	RuleName: -
	UtcTime: 2023-10-20 15:00:04.363
	ProcessGuid: {76062d67-95f4-6532-0000-000000000000}
	ProcessId: 4994
	Image: -
	User: root
Event SYSMONEVENT_PROCESS_TERMINATE
	RuleName: -
	UtcTime: 2023-10-20 15:00:04.363
	ProcessGuid: {76062d67-95f4-6532-0000-000000000000}
	ProcessId: 4998
	Image: -
	User: root
Event SYSMONEVENT_CREATE_PROCESS
	RuleName: -
	UtcTime: 2023-10-20 15:00:04.363
	ProcessGuid: {76062d67-95f4-6532-1909-e40f26560000}
	ProcessId: 4999
	Image: /usr/bin/tr
	FileVersion: -
	Description: -
	Product: -
	Company: -
	OriginalFileName: -
	CommandLine: tr [:upper:] [:lower:]
	CurrentDirectory: /
	User: root
	LogonGuid: {76062d67-0000-0000-0000-000000000000}
	LogonId: 0
	TerminalSessionId: 4294967295
	IntegrityLevel: no level
	Hashes: -
	ParentProcessGuid: {00000000-0000-0000-0000-000000000000}
	ParentProcessId: 4997
	ParentImage: -
	ParentCommandLine: -
	ParentUser: -
Event SYSMONEVENT_PROCESS_TERMINATE
	RuleName: -
	UtcTime: 2023-10-20 15:00:04.364
	ProcessGuid: {76062d67-95f4-6532-1909-e40f26560000}
	ProcessId: 4999
	Image: /usr/bin/tr
	User: root
Event SYSMONEVENT_PROCESS_TERMINATE
	RuleName: -
	UtcTime: 2023-10-20 15:00:04.364
	ProcessGuid: {76062d67-95f4-6532-0000-000000000000}
	ProcessId: 4997
	Image: -
	User: root
Event SYSMONEVENT_PROCESS_TERMINATE
	RuleName: -
	UtcTime: 2023-10-20 15:00:04.364
	ProcessGuid: {76062d67-95f4-6532-b9fb-2e0017560000}
	ProcessId: 4985
	Image: /usr/bin/dash
	User: root
Event SYSMONEVENT_PROCESS_TERMINATE
	RuleName: -
	UtcTime: 2023-10-20 15:00:04.365
	ProcessGuid: {76062d67-95f4-6532-b91b-a2f0b1550000}
	ProcessId: 4984
	Image: /usr/bin/dash
	User: root
Event SYSMONEVENT_PROCESS_TERMINATE
	RuleName: -
	UtcTime: 2023-10-20 15:00:04.366
	ProcessGuid: {76062d67-95f4-6532-2907-f36cf0550000}
	ProcessId: 4950
	Image: /usr/bin/vmware-toolbox-cmd
	User: root
Event SYSMONEVENT_PROCESS_TERMINATE
	RuleName: -
	UtcTime: 2023-10-20 15:00:04.366
	ProcessGuid: {76062d67-95f4-6532-1919-2cd895550000}
	ProcessId: 4951
	Image: /usr/bin/sed
	User: root
Event SYSMONEVENT_PROCESS_TERMINATE
	RuleName: -
	UtcTime: 2023-10-20 15:00:04.366
	ProcessGuid: {76062d67-95f4-6532-0000-000000000000}
	ProcessId: 4949
	Image: -
	User: root
Event SYSMONEVENT_CREATE_PROCESS
	RuleName: -
	UtcTime: 2023-10-20 15:00:04.366
	ProcessGuid: {76062d67-95f4-6532-2977-910d7d550000}
	ProcessId: 5001
	Image: /usr/bin/vmware-toolbox-cmd
	FileVersion: -
	Description: -
	Product: -
	Company: -
	OriginalFileName: -
	CommandLine: vmware-toolbox-cmd config get logging network.maxOldLogFiles
	CurrentDirectory: /
	User: root
	LogonGuid: {76062d67-0000-0000-0000-000000000000}
	LogonId: 0
	TerminalSessionId: 4294967295
	IntegrityLevel: no level
	Hashes: -
	ParentProcessGuid: {00000000-0000-0000-0000-000000000000}
	ParentProcessId: 5000
	ParentImage: -
	ParentCommandLine: -
	ParentUser: -
Event SYSMONEVENT_CREATE_PROCESS
	RuleName: -
	UtcTime: 2023-10-20 15:00:04.366
	ProcessGuid: {76062d67-95f4-6532-1939-7f41a6550000}
	ProcessId: 5002
	Image: /usr/bin/sed
	FileVersion: -
	Description: -
	Product: -
	Company: -
	OriginalFileName: -
	CommandLine: sed -e s/.*= *// -e s/ *$//
	CurrentDirectory: /
	User: root
	LogonGuid: {76062d67-0000-0000-0000-000000000000}
	LogonId: 0
	TerminalSessionId: 4294967295
	IntegrityLevel: no level
	Hashes: -
	ParentProcessGuid: {00000000-0000-0000-0000-000000000000}
	ParentProcessId: 5000
	ParentImage: -
	ParentCommandLine: -
	ParentUser: -
Event SYSMONEVENT_CREATE_PROCESS
	RuleName: -
	UtcTime: 2023-10-20 15:00:04.369
	ProcessGuid: {76062d67-95f4-6532-b93b-80d760550000}
	ProcessId: 5003
	Image: /usr/bin/dash
	FileVersion: -
	Description: -
	Product: -
	Company: -
	OriginalFileName: -
	CommandLine: sh -c /usr/bin/lsb_release -sd 2>/dev/null
	CurrentDirectory: /
	User: root
	LogonGuid: {76062d67-0000-0000-0000-000000000000}
	LogonId: 0
	TerminalSessionId: 4294967295
	IntegrityLevel: no level
	Hashes: -
	ParentProcessGuid: {76062d67-95f4-6532-2977-910d7d550000}
	ParentProcessId: 5001
	ParentImage: /usr/bin/vmware-toolbox-cmd
	ParentCommandLine: vmware-toolbox-cmd
	ParentUser: root
Event SYSMONEVENT_CREATE_PROCESS
	RuleName: -
	UtcTime: 2023-10-20 15:00:04.369
	ProcessGuid: {76062d67-95f4-6532-b9ab-f804ab550000}
	ProcessId: 5004
	Image: /usr/bin/dash
	FileVersion: -
	Description: -
	Product: -
	Company: -
	OriginalFileName: -
	CommandLine: /bin/sh /usr/bin/lsb_release -sd
	CurrentDirectory: /
	User: root
	LogonGuid: {76062d67-0000-0000-0000-000000000000}
	LogonId: 0
	TerminalSessionId: 4294967295
	IntegrityLevel: no level
	Hashes: -
	ParentProcessGuid: {76062d67-95f4-6532-b93b-80d760550000}
	ParentProcessId: 5003
	ParentImage: /usr/bin/dash
	ParentCommandLine: sh
	ParentUser: root
Event SYSMONEVENT_CREATE_PROCESS
	RuleName: -
	UtcTime: 2023-10-20 15:00:04.370
	ProcessGuid: {76062d67-95f4-6532-39a5-58b660550000}
	ProcessId: 5005
	Image: /usr/bin/getopt
	FileVersion: -
	Description: -
	Product: -
	Company: -
	OriginalFileName: -
	CommandLine: getopt --name lsb_release -o hvidrcas -l help,version,id,description,release,codename,all,short -- -sd
	CurrentDirectory: /
	User: root
	LogonGuid: {76062d67-0000-0000-0000-000000000000}
	LogonId: 0
	TerminalSessionId: 4294967295
	IntegrityLevel: no level
	Hashes: -
	ParentProcessGuid: {76062d67-95f4-6532-b9ab-f804ab550000}
	ParentProcessId: 5004
	ParentImage: /usr/bin/dash
	ParentCommandLine: /bin/sh
	ParentUser: root
Event SYSMONEVENT_PROCESS_TERMINATE
	RuleName: -
	UtcTime: 2023-10-20 15:00:04.371
	ProcessGuid: {76062d67-95f4-6532-39a5-58b660550000}
	ProcessId: 5005
	Image: /usr/bin/getopt
	User: root
Event SYSMONEVENT_PROCESS_TERMINATE
	RuleName: -
	UtcTime: 2023-10-20 15:00:04.372
	ProcessGuid: {76062d67-95f4-6532-0000-000000000000}
	ProcessId: 5007
	Image: -
	User: root
Event SYSMONEVENT_CREATE_PROCESS
	RuleName: -
	UtcTime: 2023-10-20 15:00:04.372
	ProcessGuid: {76062d67-95f4-6532-d968-edf365550000}
	ProcessId: 5008
	Image: /usr/bin/cut
	FileVersion: -
	Description: -
	Product: -
	Company: -
	OriginalFileName: -
	CommandLine: cut -c1
	CurrentDirectory: /
	User: root
	LogonGuid: {76062d67-0000-0000-0000-000000000000}
	LogonId: 0
	TerminalSessionId: 4294967295
	IntegrityLevel: no level
	Hashes: -
	ParentProcessGuid: {00000000-0000-0000-0000-000000000000}
	ParentProcessId: 5006
	ParentImage: -
	ParentCommandLine: -
	ParentUser: -
Event SYSMONEVENT_CREATE_PROCESS
	RuleName: -
	UtcTime: 2023-10-20 15:00:04.372
	ProcessGuid: {76062d67-95f4-6532-1909-6b0cab550000}
	ProcessId: 5009
	Image: /usr/bin/tr
	FileVersion: -
	Description: -
	Product: -
	Company: -
	OriginalFileName: -
	CommandLine: tr [:lower:] [:upper:]
	CurrentDirectory: /
	User: root
	LogonGuid: {76062d67-0000-0000-0000-000000000000}
	LogonId: 0
	TerminalSessionId: 4294967295
	IntegrityLevel: no level
	Hashes: -
	ParentProcessGuid: {00000000-0000-0000-0000-000000000000}
	ParentProcessId: 5006
	ParentImage: -
	ParentCommandLine: -
	ParentUser: -
Event SYSMONEVENT_PROCESS_TERMINATE
	RuleName: -
	UtcTime: 2023-10-20 15:00:04.372
	ProcessGuid: {76062d67-95f4-6532-d968-edf365550000}
	ProcessId: 5008
	Image: /usr/bin/cut
	User: root
Event SYSMONEVENT_PROCESS_TERMINATE
	RuleName: -
	UtcTime: 2023-10-20 15:00:04.373
	ProcessGuid: {76062d67-95f4-6532-1909-6b0cab550000}
	ProcessId: 5009
	Image: /usr/bin/tr
	User: root
Event SYSMONEVENT_PROCESS_TERMINATE
	RuleName: -
	UtcTime: 2023-10-20 15:00:04.373
	ProcessGuid: {76062d67-95f4-6532-0000-000000000000}
	ProcessId: 5006
	Image: -
	User: root
Event SYSMONEVENT_PROCESS_TERMINATE
	RuleName: -
	UtcTime: 2023-10-20 15:00:04.373
	ProcessGuid: {76062d67-95f4-6532-0000-000000000000}
	ProcessId: 5011
	Image: -
	User: -
Event SYSMONEVENT_CREATE_PROCESS
	RuleName: -
	UtcTime: 2023-10-20 15:00:04.373
	ProcessGuid: {76062d67-95f4-6532-d988-193670550000}
	ProcessId: 5012
	Image: /usr/bin/cut
	FileVersion: -
	Description: -
	Product: -
	Company: -
	OriginalFileName: -
	CommandLine: cut -c2-
	CurrentDirectory: /
	User: root
	LogonGuid: {76062d67-0000-0000-0000-000000000000}
	LogonId: 0
	TerminalSessionId: 4294967295
	IntegrityLevel: no level
	Hashes: -
	ParentProcessGuid: {00000000-0000-0000-0000-000000000000}
	ParentProcessId: 5010
	ParentImage: -
	ParentCommandLine: -
	ParentUser: -
Event SYSMONEVENT_PROCESS_TERMINATE
	RuleName: -
	UtcTime: 2023-10-20 15:00:04.374
	ProcessGuid: {76062d67-95f4-6532-d988-193670550000}
	ProcessId: 5012
	Image: /usr/bin/cut
	User: root
Event SYSMONEVENT_PROCESS_TERMINATE
	RuleName: -
	UtcTime: 2023-10-20 15:00:04.374
	ProcessGuid: {76062d67-95f4-6532-0000-000000000000}
	ProcessId: 5010
	Image: -
	User: root
Event SYSMONEVENT_PROCESS_TERMINATE
	RuleName: -
	UtcTime: 2023-10-20 15:00:04.375
	ProcessGuid: {00000000-0000-0000-0000-000000000000}
	ProcessId: 5014
	Image: <unknown process>
	User: root
Event SYSMONEVENT_CREATE_PROCESS
	RuleName: -
	UtcTime: 2023-10-20 15:00:04.375
	ProcessGuid: {76062d67-95f4-6532-19e9-d1bddd550000}
	ProcessId: 5015
	Image: /usr/bin/tr
	FileVersion: -
	Description: -
	Product: -
	Company: -
	OriginalFileName: -
	CommandLine: tr [:upper:] [:lower:]
	CurrentDirectory: /
	User: root
	LogonGuid: {76062d67-0000-0000-0000-000000000000}
	LogonId: 0
	TerminalSessionId: 4294967295
	IntegrityLevel: no level
	Hashes: -
	ParentProcessGuid: {00000000-0000-0000-0000-000000000000}
	ParentProcessId: 5013
	ParentImage: -
	ParentCommandLine: -
	ParentUser: -
Event SYSMONEVENT_PROCESS_TERMINATE
	RuleName: -
	UtcTime: 2023-10-20 15:00:04.375
	ProcessGuid: {76062d67-95f4-6532-19e9-d1bddd550000}
	ProcessId: 5015
	Image: /usr/bin/tr
	User: root
Event SYSMONEVENT_PROCESS_TERMINATE
	RuleName: -
	UtcTime: 2023-10-20 15:00:04.376
	ProcessGuid: {76062d67-95f4-6532-0000-000000000000}
	ProcessId: 5013
	Image: -
	User: root
Event SYSMONEVENT_PROCESS_TERMINATE
	RuleName: -
	UtcTime: 2023-10-20 15:00:04.376
	ProcessGuid: {76062d67-95f4-6532-0000-000000000000}
	ProcessId: 5017
	Image: -
	User: root
Event SYSMONEVENT_CREATE_PROCESS
	RuleName: -
	UtcTime: 2023-10-20 15:00:04.376
	ProcessGuid: {76062d67-95f4-6532-1989-789b8e550000}
	ProcessId: 5018
	Image: /usr/bin/tr
	FileVersion: -
	Description: -
	Product: -
	Company: -
	OriginalFileName: -
	CommandLine: tr [:upper:] [:lower:]
	CurrentDirectory: /
	User: root
	LogonGuid: {76062d67-0000-0000-0000-000000000000}
	LogonId: 0
	TerminalSessionId: 4294967295
	IntegrityLevel: no level
	Hashes: -
	ParentProcessGuid: {00000000-0000-0000-0000-000000000000}
	ParentProcessId: 5016
	ParentImage: -
	ParentCommandLine: -
	ParentUser: -
Event SYSMONEVENT_PROCESS_TERMINATE
	RuleName: -
	UtcTime: 2023-10-20 15:00:04.377
	ProcessGuid: {76062d67-95f4-6532-1989-789b8e550000}
	ProcessId: 5018
	Image: /usr/bin/tr
	User: root
Event SYSMONEVENT_PROCESS_TERMINATE
	RuleName: -
	UtcTime: 2023-10-20 15:00:04.377
	ProcessGuid: {76062d67-95f4-6532-0000-000000000000}
	ProcessId: 5016
	Image: -
	User: root
Event SYSMONEVENT_PROCESS_TERMINATE
	RuleName: -
	UtcTime: 2023-10-20 15:00:04.377
	ProcessGuid: {76062d67-95f4-6532-b9ab-f804ab550000}
	ProcessId: 5004
	Image: /usr/bin/dash
	User: root
Event SYSMONEVENT_PROCESS_TERMINATE
	RuleName: -
	UtcTime: 2023-10-20 15:00:04.377
	ProcessGuid: {76062d67-95f4-6532-b93b-80d760550000}
	ProcessId: 5003
	Image: /usr/bin/dash
	User: root
Event SYSMONEVENT_CREATE_PROCESS
	RuleName: -
	UtcTime: 2023-10-20 15:00:04.378
	ProcessGuid: {76062d67-95f4-6532-b9db-52c144560000}
	ProcessId: 5019
	Image: /usr/bin/dash
	FileVersion: -
	Description: -
	Product: -
	Company: -
	OriginalFileName: -
	CommandLine: sh -c /usr/bin/lsb_release -si 2>/dev/null
	CurrentDirectory: /
	User: root
	LogonGuid: {76062d67-0000-0000-0000-000000000000}
	LogonId: 0
	TerminalSessionId: 4294967295
	IntegrityLevel: no level
	Hashes: -
	ParentProcessGuid: {76062d67-95f4-6532-2977-910d7d550000}
	ParentProcessId: 5001
	ParentImage: /usr/bin/vmware-toolbox-cmd
	ParentCommandLine: vmware-toolbox-cmd
	ParentUser: root
Event SYSMONEVENT_CREATE_PROCESS
	RuleName: -
	UtcTime: 2023-10-20 15:00:04.378
	ProcessGuid: {76062d67-95f4-6532-b91b-682da5550000}
	ProcessId: 5020
	Image: /usr/bin/dash
	FileVersion: -
	Description: -
	Product: -
	Company: -
	OriginalFileName: -
	CommandLine: /bin/sh /usr/bin/lsb_release -si
	CurrentDirectory: /
	User: root
	LogonGuid: {76062d67-0000-0000-0000-000000000000}
	LogonId: 0
	TerminalSessionId: 4294967295
	IntegrityLevel: no level
	Hashes: -
	ParentProcessGuid: {76062d67-95f4-6532-b9db-52c144560000}
	ParentProcessId: 5019
	ParentImage: /usr/bin/dash
	ParentCommandLine: sh
	ParentUser: root
Event SYSMONEVENT_CREATE_PROCESS
	RuleName: -
	UtcTime: 2023-10-20 15:00:04.379
	ProcessGuid: {76062d67-95f4-6532-39b5-ca6118560000}
	ProcessId: 5021
	Image: /usr/bin/getopt
	FileVersion: -
	Description: -
	Product: -
	Company: -
	OriginalFileName: -
	CommandLine: getopt --name lsb_release -o hvidrcas -l help,version,id,description,release,codename,all,short -- -si
	CurrentDirectory: /
	User: root
	LogonGuid: {76062d67-0000-0000-0000-000000000000}
	LogonId: 0
	TerminalSessionId: 4294967295
	IntegrityLevel: no level
	Hashes: -
	ParentProcessGuid: {76062d67-95f4-6532-b91b-682da5550000}
	ParentProcessId: 5020
	ParentImage: /usr/bin/dash
	ParentCommandLine: /bin/sh
	ParentUser: root
Event SYSMONEVENT_PROCESS_TERMINATE
	RuleName: -
	UtcTime: 2023-10-20 15:00:04.380
	ProcessGuid: {76062d67-95f4-6532-39b5-ca6118560000}
	ProcessId: 5021
	Image: /usr/bin/getopt
	User: root
