Event SYSMONEVENT_CREATE_PROCESS
	RuleName: -
	UtcTime: 2023-10-20 15:01:41.124
	ProcessGuid: {76062d67-9655-6532-d908-5eb103560000}
	ProcessId: 6343
	Image: /usr/bin/cut
	FileVersion: -
	Description: -
	Product: -
	Company: -
	OriginalFileName: -
	CommandLine: cut -d : -f1
	CurrentDirectory: /home/kali
	User: kali
	LogonGuid: {76062d67-0000-0000-e803-000000000000}
	LogonId: 1000
	TerminalSessionId: 2
	IntegrityLevel: no level
	Hashes: -
	ParentProcessGuid: {00000000-0000-0000-0000-000000000000}
	ParentProcessId: 6341
	ParentImage: -
	ParentCommandLine: -
	ParentUser: -
Event SYSMONEVENT_NETWORK_CONNECT
	RuleName: -
	UtcTime: 2023-10-20 15:01:41.125
	ProcessGuid: {76062d67-9655-6532-1d76-cde225560000}
	ProcessId: 6342
	Image: /usr/bin/ip
	User: kali
	Protocol: udp
	Initiated: true
	SourceIsIpv6: true
	SourceIp: 0:0:0:0:0:0:0:0
	SourceHostname: -
	SourcePort: 0
	SourcePortName: -
	DestinationIsIpv6: true
	DestinationIp: 0:0:0:0:0:0:0:0
	DestinationHostname: -
	DestinationPort: 0
	DestinationPortName: -
Event SYSMONEVENT_PROCESS_TERMINATE
	RuleName: -
	UtcTime: 2023-10-20 15:01:41.125
	ProcessGuid: {76062d67-9655-6532-1d76-cde225560000}
	ProcessId: 6342
	Image: /usr/bin/ip
	User: kali
Event SYSMONEVENT_PROCESS_TERMINATE
	RuleName: -
	UtcTime: 2023-10-20 15:01:41.125
	ProcessGuid: {76062d67-9655-6532-d908-5eb103560000}
	ProcessId: 6343
	Image: /usr/bin/cut
	User: kali
Event SYSMONEVENT_PROCESS_TERMINATE
	RuleName: -
	UtcTime: 2023-10-20 15:01:41.126
	ProcessGuid: {76062d67-9655-6532-290e-cf3672550000}
	ProcessId: 6344
	Image: /usr/bin/head
	User: kali
Event SYSMONEVENT_PROCESS_TERMINATE
	RuleName: -
	UtcTime: 2023-10-20 15:01:41.126
	ProcessGuid: {76062d67-9655-6532-0000-000000000000}
	ProcessId: 6341
	Image: -
	User: kali
Event SYSMONEVENT_CREATE_PROCESS
	RuleName: -
	UtcTime: 2023-10-20 15:01:41.126
	ProcessGuid: {76062d67-9655-6532-1d16-bbfad9550000}
	ProcessId: 6346
	Image: /usr/bin/ip
	FileVersion: -
	Description: -
	Product: -
	Company: -
	OriginalFileName: -
	CommandLine: ip a s 
	CurrentDirectory: /home/kali
	User: kali
	LogonGuid: {76062d67-0000-0000-e803-000000000000}
	LogonId: 1000
	TerminalSessionId: 2
	IntegrityLevel: no level
	Hashes: -
	ParentProcessGuid: {00000000-0000-0000-0000-000000000000}
	ParentProcessId: 6345
	ParentImage: -
	ParentCommandLine: -
	ParentUser: -
Event SYSMONEVENT_CREATE_PROCESS
	RuleName: -
	UtcTime: 2023-10-20 15:01:41.126
	ProcessGuid: {76062d67-9655-6532-5923-ac17f8550000}
	ProcessId: 6347
	Image: /usr/bin/grep
	FileVersion: -
	Description: -
	Product: -
	Company: -
	OriginalFileName: -
	CommandLine: grep -o -P (?<=inet )[0-9]{1,3}(\.[0-9]{1,3}){3}
	CurrentDirectory: /home/kali
	User: kali
	LogonGuid: {76062d67-0000-0000-e803-000000000000}
	LogonId: 1000
	TerminalSessionId: 2
	IntegrityLevel: no level
	Hashes: -
	ParentProcessGuid: {00000000-0000-0000-0000-000000000000}
	ParentProcessId: 6345
	ParentImage: -
	ParentCommandLine: -
	ParentUser: -
Event SYSMONEVENT_PROCESS_TERMINATE
	RuleName: -
	UtcTime: 2023-10-20 15:01:41.128
	ProcessGuid: {76062d67-9655-6532-1d16-bbfad9550000}
	ProcessId: 6346
	Image: /usr/bin/ip
	User: kali
Event SYSMONEVENT_PROCESS_TERMINATE
	RuleName: -
	UtcTime: 2023-10-20 15:01:41.128
	ProcessGuid: {76062d67-9655-6532-5923-ac17f8550000}
	ProcessId: 6347
	Image: /usr/bin/grep
	User: kali
Event SYSMONEVENT_PROCESS_TERMINATE
	RuleName: -
	UtcTime: 2023-10-20 15:01:41.128
	ProcessGuid: {76062d67-9655-6532-0000-000000000000}
	ProcessId: 6345
	Image: -
	User: kali
Event SYSMONEVENT_PROCESS_TERMINATE
	RuleName: -
	UtcTime: 2023-10-20 15:01:41.128
	ProcessGuid: {76062d67-9655-6532-b94b-466305560000}
	ProcessId: 6340
	Image: /usr/bin/dash
	User: kali
Event SYSMONEVENT_CREATE_PROCESS
	RuleName: -
	UtcTime: 2023-10-20 15:01:42.124
	ProcessGuid: {76062d67-9656-6532-b91b-bd0070550000}
	ProcessId: 6348
	Image: /usr/bin/dash
	FileVersion: -
	Description: -
	Product: -
	Company: -
	OriginalFileName: -
	CommandLine: /bin/sh /usr/share/kali-themes/xfce4-panel-genmon-vpnip.sh
	CurrentDirectory: /home/kali
	User: kali
	LogonGuid: {76062d67-0000-0000-e803-000000000000}
	LogonId: 1000
	TerminalSessionId: 2
	IntegrityLevel: no level
	Hashes: -
	ParentProcessGuid: {00000000-0000-0000-0000-000000000000}
	ParentProcessId: 1364
	ParentImage: -
	ParentCommandLine: -
	ParentUser: -
Event SYSMONEVENT_CREATE_PROCESS
	RuleName: -
	UtcTime: 2023-10-20 15:01:42.126
	ProcessGuid: {76062d67-9656-6532-d978-09d90d560000}
	ProcessId: 6351
	Image: /usr/bin/cut
	FileVersion: -
	Description: -
	Product: -
	Company: -
	OriginalFileName: -
	CommandLine: cut -d : -f1
	CurrentDirectory: /home/kali
	User: kali
	LogonGuid: {76062d67-0000-0000-e803-000000000000}
	LogonId: 1000
	TerminalSessionId: 2
	IntegrityLevel: no level
	Hashes: -
	ParentProcessGuid: {00000000-0000-0000-0000-000000000000}
	ParentProcessId: 6349
	ParentImage: -
	ParentCommandLine: -
	ParentUser: -
Event SYSMONEVENT_CREATE_PROCESS
	RuleName: -
	UtcTime: 2023-10-20 15:01:42.126
	ProcessGuid: {76062d67-9656-6532-294e-9e1070550000}
	ProcessId: 6352
	Image: /usr/bin/head
	FileVersion: -
	Description: -
	Product: -
	Company: -
	OriginalFileName: -
	CommandLine: head -n 1
	CurrentDirectory: /home/kali
	User: kali
	LogonGuid: {76062d67-0000-0000-e803-000000000000}
	LogonId: 1000
	TerminalSessionId: 2
	IntegrityLevel: no level
	Hashes: -
	ParentProcessGuid: {00000000-0000-0000-0000-000000000000}
	ParentProcessId: 6349
	ParentImage: -
	ParentCommandLine: -
	ParentUser: -
Event SYSMONEVENT_CREATE_PROCESS
	RuleName: -
	UtcTime: 2023-10-20 15:01:42.126
	ProcessGuid: {76062d67-9656-6532-1d56-f51274550000}
	ProcessId: 6350
	Image: /usr/bin/ip
	FileVersion: -
	Description: -
	Product: -
	Company: -
	OriginalFileName: -
	CommandLine: ip tuntap show
	CurrentDirectory: /home/kali
	User: kali
	LogonGuid: {76062d67-0000-0000-e803-000000000000}
	LogonId: 1000
	TerminalSessionId: 2
	IntegrityLevel: no level
	Hashes: -
	ParentProcessGuid: {00000000-0000-0000-0000-000000000000}
	ParentProcessId: 6349
	ParentImage: -
	ParentCommandLine: -
	ParentUser: -
Event SYSMONEVENT_NETWORK_CONNECT
	RuleName: -
	UtcTime: 2023-10-20 15:01:42.127
	ProcessGuid: {76062d67-9656-6532-1d56-f51274550000}
	ProcessId: 6350
	Image: /usr/bin/ip
	User: kali
	Protocol: udp
	Initiated: true
	SourceIsIpv6: true
	SourceIp: 0:0:0:0:0:0:0:0
	SourceHostname: -
	SourcePort: 0
	SourcePortName: -
	DestinationIsIpv6: true
	DestinationIp: 0:0:0:0:0:0:0:0
	DestinationHostname: -
	DestinationPort: 0
	DestinationPortName: -
Event SYSMONEVENT_PROCESS_TERMINATE
	RuleName: -
	UtcTime: 2023-10-20 15:01:42.127
	ProcessGuid: {76062d67-9656-6532-1d56-f51274550000}
	ProcessId: 6350
	Image: /usr/bin/ip
	User: kali
Event SYSMONEVENT_PROCESS_TERMINATE
	RuleName: -
	UtcTime: 2023-10-20 15:01:42.128
	ProcessGuid: {76062d67-9656-6532-294e-9e1070550000}
	ProcessId: 6352
	Image: /usr/bin/head
	User: kali
Event SYSMONEVENT_PROCESS_TERMINATE
	RuleName: -
	UtcTime: 2023-10-20 15:01:42.128
	ProcessGuid: {76062d67-9656-6532-d978-09d90d560000}
	ProcessId: 6351
	Image: /usr/bin/cut
	User: kali
Event SYSMONEVENT_PROCESS_TERMINATE
	RuleName: -
	UtcTime: 2023-10-20 15:01:42.128
	ProcessGuid: {76062d67-9656-6532-0000-000000000000}
	ProcessId: 6349
	Image: -
	User: kali
Event SYSMONEVENT_CREATE_PROCESS
	RuleName: -
	UtcTime: 2023-10-20 15:01:42.129
	ProcessGuid: {76062d67-9656-6532-1de6-75c744560000}
	ProcessId: 6354
	Image: /usr/bin/ip
	FileVersion: -
	Description: -
	Product: -
	Company: -
	OriginalFileName: -
	CommandLine: ip a s 
	CurrentDirectory: /home/kali
	User: kali
	LogonGuid: {76062d67-0000-0000-e803-000000000000}
	LogonId: 1000
	TerminalSessionId: 2
	IntegrityLevel: no level
	Hashes: -
	ParentProcessGuid: {00000000-0000-0000-0000-000000000000}
	ParentProcessId: 6353
	ParentImage: -
	ParentCommandLine: -
	ParentUser: -
Event SYSMONEVENT_CREATE_PROCESS
	RuleName: -
	UtcTime: 2023-10-20 15:01:42.129
	ProcessGuid: {76062d67-9656-6532-5903-c06795550000}
	ProcessId: 6355
	Image: /usr/bin/grep
	FileVersion: -
	Description: -
	Product: -
	Company: -
	OriginalFileName: -
	CommandLine: grep -o -P (?<=inet )[0-9]{1,3}(\.[0-9]{1,3}){3}
	CurrentDirectory: /home/kali
	User: kali
	LogonGuid: {76062d67-0000-0000-e803-000000000000}
	LogonId: 1000
	TerminalSessionId: 2
	IntegrityLevel: no level
	Hashes: -
	ParentProcessGuid: {00000000-0000-0000-0000-000000000000}
	ParentProcessId: 6353
	ParentImage: -
	ParentCommandLine: -
	ParentUser: -
Event SYSMONEVENT_PROCESS_TERMINATE
	RuleName: -
	UtcTime: 2023-10-20 15:01:42.130
	ProcessGuid: {76062d67-9656-6532-1de6-75c744560000}
	ProcessId: 6354
	Image: /usr/bin/ip
	User: kali
Event SYSMONEVENT_PROCESS_TERMINATE
	RuleName: -
	UtcTime: 2023-10-20 15:01:42.130
	ProcessGuid: {76062d67-9656-6532-5903-c06795550000}
	ProcessId: 6355
	Image: /usr/bin/grep
	User: kali
Event SYSMONEVENT_PROCESS_TERMINATE
	RuleName: -
	UtcTime: 2023-10-20 15:01:42.131
	ProcessGuid: {00000000-0000-0000-0000-000000000000}
	ProcessId: 6353
	Image: <unknown process>
	User: kali
Event SYSMONEVENT_PROCESS_TERMINATE
	RuleName: -
	UtcTime: 2023-10-20 15:01:42.131
	ProcessGuid: {76062d67-9656-6532-b91b-bd0070550000}
	ProcessId: 6348
	Image: /usr/bin/dash
	User: kali
Event SYSMONEVENT_CREATE_PROCESS
	RuleName: -
	UtcTime: 2023-10-20 15:01:43.127
	ProcessGuid: {76062d67-9657-6532-b93b-a182c1550000}
	ProcessId: 6356
	Image: /usr/bin/dash
	FileVersion: -
	Description: -
	Product: -
	Company: -
	OriginalFileName: -
	CommandLine: /bin/sh /usr/share/kali-themes/xfce4-panel-genmon-vpnip.sh
	CurrentDirectory: /home/kali
	User: kali
	LogonGuid: {76062d67-0000-0000-e803-000000000000}
	LogonId: 1000
	TerminalSessionId: 2
	IntegrityLevel: no level
	Hashes: -
	ParentProcessGuid: {00000000-0000-0000-0000-000000000000}
	ParentProcessId: 1364
	ParentImage: -
	ParentCommandLine: -
	ParentUser: -
Event SYSMONEVENT_CREATE_PROCESS
	RuleName: -
	UtcTime: 2023-10-20 15:01:43.129
	ProcessGuid: {76062d67-9657-6532-1d16-34e989550000}
	ProcessId: 6358
	Image: /usr/bin/ip
	FileVersion: -
	Description: -
	Product: -
	Company: -
	OriginalFileName: -
	CommandLine: ip tuntap show
	CurrentDirectory: /home/kali
	User: kali
	LogonGuid: {76062d67-0000-0000-e803-000000000000}
	LogonId: 1000
	TerminalSessionId: 2
	IntegrityLevel: no level
	Hashes: -
	ParentProcessGuid: {00000000-0000-0000-0000-000000000000}
	ParentProcessId: 6357
	ParentImage: -
	ParentCommandLine: -
	ParentUser: -
Event SYSMONEVENT_CREATE_PROCESS
	RuleName: -
	UtcTime: 2023-10-20 15:01:43.129
	ProcessGuid: {76062d67-9657-6532-d958-2031e2550000}
	ProcessId: 6359
	Image: /usr/bin/cut
	FileVersion: -
	Description: -
	Product: -
	Company: -
	OriginalFileName: -
	CommandLine: cut -d : -f1
	CurrentDirectory: /home/kali
	User: kali
	LogonGuid: {76062d67-0000-0000-e803-000000000000}
	LogonId: 1000
	TerminalSessionId: 2
	IntegrityLevel: no level
	Hashes: -
	ParentProcessGuid: {00000000-0000-0000-0000-000000000000}
	ParentProcessId: 6357
	ParentImage: -
	ParentCommandLine: -
	ParentUser: -
Event SYSMONEVENT_CREATE_PROCESS
	RuleName: -
	UtcTime: 2023-10-20 15:01:43.129
	ProcessGuid: {76062d67-9657-6532-298e-a83b78550000}
	ProcessId: 6360
	Image: /usr/bin/head
	FileVersion: -
	Description: -
	Product: -
	Company: -
	OriginalFileName: -
	CommandLine: head -n 1
	CurrentDirectory: /home/kali
	User: kali
	LogonGuid: {76062d67-0000-0000-e803-000000000000}
	LogonId: 1000
	TerminalSessionId: 2
	IntegrityLevel: no level
	Hashes: -
	ParentProcessGuid: {00000000-0000-0000-0000-000000000000}
	ParentProcessId: 6357
	ParentImage: -
	ParentCommandLine: -
	ParentUser: -
Event SYSMONEVENT_NETWORK_CONNECT
	RuleName: -
	UtcTime: 2023-10-20 15:01:43.130
	ProcessGuid: {76062d67-9657-6532-1d16-34e989550000}
	ProcessId: 6358
	Image: /usr/bin/ip
	User: kali
	Protocol: udp
	Initiated: true
	SourceIsIpv6: true
	SourceIp: 0:0:0:0:0:0:0:0
	SourceHostname: -
	SourcePort: 0
	SourcePortName: -
	DestinationIsIpv6: true
	DestinationIp: 0:0:0:0:0:0:0:0
	DestinationHostname: -
	DestinationPort: 0
	DestinationPortName: -
Event SYSMONEVENT_PROCESS_TERMINATE
	RuleName: -
	UtcTime: 2023-10-20 15:01:43.131
	ProcessGuid: {76062d67-9657-6532-1d16-34e989550000}
	ProcessId: 6358
	Image: /usr/bin/ip
	User: kali
Event SYSMONEVENT_PROCESS_TERMINATE
	RuleName: -
	UtcTime: 2023-10-20 15:01:43.131
	ProcessGuid: {76062d67-9657-6532-d958-2031e2550000}
	ProcessId: 6359
	Image: /usr/bin/cut
	User: kali
Event SYSMONEVENT_PROCESS_TERMINATE
	RuleName: -
	UtcTime: 2023-10-20 15:01:43.131
	ProcessGuid: {76062d67-9657-6532-298e-a83b78550000}
	ProcessId: 6360
	Image: /usr/bin/head
	User: kali
Event SYSMONEVENT_PROCESS_TERMINATE
	RuleName: -
	UtcTime: 2023-10-20 15:01:43.131
	ProcessGuid: {76062d67-9656-6532-0000-000000000000}
	ProcessId: 6357
	Image: -
	User: kali
Event SYSMONEVENT_CREATE_PROCESS
	RuleName: -
	UtcTime: 2023-10-20 15:01:43.131
	ProcessGuid: {76062d67-9657-6532-1d36-be692a560000}
	ProcessId: 6362
	Image: /usr/bin/ip
	FileVersion: -
	Description: -
	Product: -
	Company: -
	OriginalFileName: -
	CommandLine: ip a s 
	CurrentDirectory: /home/kali
	User: kali
	LogonGuid: {76062d67-0000-0000-e803-000000000000}
	LogonId: 1000
	TerminalSessionId: 2
	IntegrityLevel: no level
	Hashes: -
	ParentProcessGuid: {00000000-0000-0000-0000-000000000000}
	ParentProcessId: 6361
	ParentImage: -
	ParentCommandLine: -
	ParentUser: -
Event SYSMONEVENT_CREATE_PROCESS
	RuleName: -
	UtcTime: 2023-10-20 15:01:43.131
	ProcessGuid: {76062d67-9657-6532-5973-4f0bf7550000}
	ProcessId: 6363
	Image: /usr/bin/grep
	FileVersion: -
	Description: -
	Product: -
	Company: -
	OriginalFileName: -
	CommandLine: grep -o -P (?<=inet )[0-9]{1,3}(\.[0-9]{1,3}){3}
	CurrentDirectory: /home/kali
	User: kali
	LogonGuid: {76062d67-0000-0000-e803-000000000000}
	LogonId: 1000
	TerminalSessionId: 2
	IntegrityLevel: no level
	Hashes: -
	ParentProcessGuid: {00000000-0000-0000-0000-000000000000}
	ParentProcessId: 6361
	ParentImage: -
	ParentCommandLine: -
	ParentUser: -
Event SYSMONEVENT_PROCESS_TERMINATE
	RuleName: -
	UtcTime: 2023-10-20 15:01:43.133
	ProcessGuid: {76062d67-9657-6532-1d36-be692a560000}
	ProcessId: 6362
	Image: /usr/bin/ip
	User: kali
Event SYSMONEVENT_PROCESS_TERMINATE
	RuleName: -
	UtcTime: 2023-10-20 15:01:43.133
	ProcessGuid: {76062d67-9657-6532-5973-4f0bf7550000}
	ProcessId: 6363
	Image: /usr/bin/grep
	User: kali
Event SYSMONEVENT_PROCESS_TERMINATE
	RuleName: -
	UtcTime: 2023-10-20 15:01:43.133
	ProcessGuid: {76062d67-9656-6532-0000-000000000000}
	ProcessId: 6361
	Image: -
	User: kali
Event SYSMONEVENT_PROCESS_TERMINATE
	RuleName: -
	UtcTime: 2023-10-20 15:01:43.133
	ProcessGuid: {76062d67-9657-6532-b93b-a182c1550000}
	ProcessId: 6356
	Image: /usr/bin/dash
	User: kali
Event SYSMONEVENT_CREATE_PROCESS
	RuleName: -
	UtcTime: 2023-10-20 15:01:44.129
	ProcessGuid: {76062d67-9658-6532-b9cb-76700d560000}
	ProcessId: 6364
	Image: /usr/bin/dash
	FileVersion: -
	Description: -
	Product: -
	Company: -
	OriginalFileName: -
	CommandLine: /bin/sh /usr/share/kali-themes/xfce4-panel-genmon-vpnip.sh
	CurrentDirectory: /home/kali
	User: kali
	LogonGuid: {76062d67-0000-0000-e803-000000000000}
	LogonId: 1000
	TerminalSessionId: 2
	IntegrityLevel: no level
	Hashes: -
	ParentProcessGuid: {00000000-0000-0000-0000-000000000000}
	ParentProcessId: 1364
	ParentImage: -
	ParentCommandLine: -
	ParentUser: -
Event SYSMONEVENT_CREATE_PROCESS
	RuleName: -
	UtcTime: 2023-10-20 15:01:44.130
	ProcessGuid: {76062d67-9658-6532-1dc6-9f0b05560000}
	ProcessId: 6366
	Image: /usr/bin/ip
	FileVersion: -
	Description: -
	Product: -
	Company: -
	OriginalFileName: -
	CommandLine: ip tuntap show
	CurrentDirectory: /home/kali
	User: kali
	LogonGuid: {76062d67-0000-0000-e803-000000000000}
	LogonId: 1000
	TerminalSessionId: 2
	IntegrityLevel: no level
	Hashes: -
	ParentProcessGuid: {00000000-0000-0000-0000-000000000000}
	ParentProcessId: 6365
	ParentImage: -
	ParentCommandLine: -
	ParentUser: -
Event SYSMONEVENT_CREATE_PROCESS
	RuleName: -
	UtcTime: 2023-10-20 15:01:44.131
	ProcessGuid: {76062d67-9658-6532-d998-52d755550000}
	ProcessId: 6367
	Image: /usr/bin/cut
	FileVersion: -
	Description: -
	Product: -
	Company: -
	OriginalFileName: -
	CommandLine: cut -d : -f1
	CurrentDirectory: /home/kali
	User: kali
	LogonGuid: {76062d67-0000-0000-e803-000000000000}
	LogonId: 1000
	TerminalSessionId: 2
	IntegrityLevel: no level
	Hashes: -
	ParentProcessGuid: {00000000-0000-0000-0000-000000000000}
	ParentProcessId: 6365
	ParentImage: -
	ParentCommandLine: -
	ParentUser: -
Event SYSMONEVENT_CREATE_PROCESS
	RuleName: -
	UtcTime: 2023-10-20 15:01:44.131
	ProcessGuid: {76062d67-9658-6532-293e-b98c3b560000}
	ProcessId: 6368
	Image: /usr/bin/head
	FileVersion: -
	Description: -
	Product: -
	Company: -
	OriginalFileName: -
	CommandLine: head -n 1
	CurrentDirectory: /home/kali
	User: kali
	LogonGuid: {76062d67-0000-0000-e803-000000000000}
	LogonId: 1000
	TerminalSessionId: 2
	IntegrityLevel: no level
	Hashes: -
	ParentProcessGuid: {00000000-0000-0000-0000-000000000000}
	ParentProcessId: 6365
	ParentImage: -
	ParentCommandLine: -
	ParentUser: -
Event SYSMONEVENT_NETWORK_CONNECT
	RuleName: -
	UtcTime: 2023-10-20 15:01:44.132
	ProcessGuid: {76062d67-9658-6532-1dc6-9f0b05560000}
	ProcessId: 6366
	Image: /usr/bin/ip
	User: kali
	Protocol: udp
	Initiated: true
	SourceIsIpv6: true
	SourceIp: 0:0:0:0:0:0:0:0
	SourceHostname: -
	SourcePort: 0
	SourcePortName: -
	DestinationIsIpv6: true
	DestinationIp: 0:0:0:0:0:0:0:0
	DestinationHostname: -
	DestinationPort: 0
	DestinationPortName: -
Event SYSMONEVENT_PROCESS_TERMINATE
	RuleName: -
	UtcTime: 2023-10-20 15:01:44.132
	ProcessGuid: {76062d67-9658-6532-1dc6-9f0b05560000}
	ProcessId: 6366
	Image: /usr/bin/ip
	User: kali
Event SYSMONEVENT_PROCESS_TERMINATE
	RuleName: -
	UtcTime: 2023-10-20 15:01:44.132
	ProcessGuid: {76062d67-9658-6532-d998-52d755550000}
	ProcessId: 6367
	Image: /usr/bin/cut
	User: kali
Event SYSMONEVENT_PROCESS_TERMINATE
	RuleName: -
	UtcTime: 2023-10-20 15:01:44.133
	ProcessGuid: {76062d67-9658-6532-293e-b98c3b560000}
	ProcessId: 6368
	Image: /usr/bin/head
	User: kali
Event SYSMONEVENT_PROCESS_TERMINATE
	RuleName: -
	UtcTime: 2023-10-20 15:01:44.133
	ProcessGuid: {76062d67-9656-6532-0000-000000000000}
	ProcessId: 6365
	Image: -
	User: kali
Event SYSMONEVENT_CREATE_PROCESS
	RuleName: -
	UtcTime: 2023-10-20 15:01:44.133
	ProcessGuid: {76062d67-9658-6532-1d06-689270550000}
	ProcessId: 6370
	Image: /usr/bin/ip
	FileVersion: -
	Description: -
	Product: -
	Company: -
	OriginalFileName: -
	CommandLine: ip a s 
	CurrentDirectory: /home/kali
	User: kali
	LogonGuid: {76062d67-0000-0000-e803-000000000000}
	LogonId: 1000
	TerminalSessionId: 2
	IntegrityLevel: no level
	Hashes: -
	ParentProcessGuid: {00000000-0000-0000-0000-000000000000}
	ParentProcessId: 6369
	ParentImage: -
	ParentCommandLine: -
	ParentUser: -
Event SYSMONEVENT_CREATE_PROCESS
	RuleName: -
	UtcTime: 2023-10-20 15:01:44.133
	ProcessGuid: {76062d67-9658-6532-5983-6d6ed0550000}
	ProcessId: 6371
	Image: /usr/bin/grep
	FileVersion: -
	Description: -
	Product: -
	Company: -
	OriginalFileName: -
	CommandLine: grep -o -P (?<=inet )[0-9]{1,3}(\.[0-9]{1,3}){3}
	CurrentDirectory: /home/kali
	User: kali
	LogonGuid: {76062d67-0000-0000-e803-000000000000}
	LogonId: 1000
	TerminalSessionId: 2
	IntegrityLevel: no level
	Hashes: -
	ParentProcessGuid: {00000000-0000-0000-0000-000000000000}
	ParentProcessId: 6369
	ParentImage: -
	ParentCommandLine: -
	ParentUser: -
Event SYSMONEVENT_PROCESS_TERMINATE
	RuleName: -
	UtcTime: 2023-10-20 15:01:44.135
	ProcessGuid: {76062d67-9658-6532-1d06-689270550000}
	ProcessId: 6370
	Image: /usr/bin/ip
	User: kali
Event SYSMONEVENT_PROCESS_TERMINATE
	RuleName: -
	UtcTime: 2023-10-20 15:01:44.135
	ProcessGuid: {76062d67-9658-6532-5983-6d6ed0550000}
	ProcessId: 6371
	Image: /usr/bin/grep
	User: kali
Event SYSMONEVENT_PROCESS_TERMINATE
	RuleName: -
	UtcTime: 2023-10-20 15:01:44.135
	ProcessGuid: {76062d67-9658-6532-0000-000000000000}
	ProcessId: 6369
	Image: -
	User: kali
Event SYSMONEVENT_PROCESS_TERMINATE
	RuleName: -
	UtcTime: 2023-10-20 15:01:44.136
	ProcessGuid: {76062d67-9658-6532-b9cb-76700d560000}
	ProcessId: 6364
	Image: /usr/bin/dash
	User: kali
Event SYSMONEVENT_CREATE_PROCESS
	RuleName: -
	UtcTime: 2023-10-20 15:01:45.131
	ProcessGuid: {76062d67-9659-6532-b93b-a6c846560000}
	ProcessId: 6372
	Image: /usr/bin/dash
	FileVersion: -
	Description: -
	Product: -
	Company: -
	OriginalFileName: -
	CommandLine: /bin/sh /usr/share/kali-themes/xfce4-panel-genmon-vpnip.sh
	CurrentDirectory: /home/kali
	User: kali
	LogonGuid: {76062d67-0000-0000-e803-000000000000}
	LogonId: 1000
	TerminalSessionId: 2
	IntegrityLevel: no level
	Hashes: -
	ParentProcessGuid: {00000000-0000-0000-0000-000000000000}
	ParentProcessId: 1364
	ParentImage: -
	ParentCommandLine: -
	ParentUser: -
Event SYSMONEVENT_CREATE_PROCESS
	RuleName: -
	UtcTime: 2023-10-20 15:01:45.133
	ProcessGuid: {76062d67-9659-6532-1d16-c2d586550000}
	ProcessId: 6374
	Image: /usr/bin/ip
	FileVersion: -
	Description: -
	Product: -
	Company: -
	OriginalFileName: -
	CommandLine: ip tuntap show
	CurrentDirectory: /home/kali
	User: kali
	LogonGuid: {76062d67-0000-0000-e803-000000000000}
	LogonId: 1000
	TerminalSessionId: 2
	IntegrityLevel: no level
	Hashes: -
	ParentProcessGuid: {00000000-0000-0000-0000-000000000000}
	ParentProcessId: 6373
	ParentImage: -
	ParentCommandLine: -
	ParentUser: -
Event SYSMONEVENT_CREATE_PROCESS
	RuleName: -
	UtcTime: 2023-10-20 15:01:45.133
	ProcessGuid: {76062d67-9659-6532-d918-9a827f550000}
	ProcessId: 6375
	Image: /usr/bin/cut
	FileVersion: -
	Description: -
	Product: -
	Company: -
	OriginalFileName: -
	CommandLine: cut -d : -f1
	CurrentDirectory: /home/kali
	User: kali
	LogonGuid: {76062d67-0000-0000-e803-000000000000}
	LogonId: 1000
	TerminalSessionId: 2
	IntegrityLevel: no level
	Hashes: -
	ParentProcessGuid: {00000000-0000-0000-0000-000000000000}
	ParentProcessId: 6373
	ParentImage: -
	ParentCommandLine: -
	ParentUser: -
Event SYSMONEVENT_CREATE_PROCESS
	RuleName: -
	UtcTime: 2023-10-20 15:01:45.133
	ProcessGuid: {76062d67-9659-6532-29ce-a1ca9e550000}
	ProcessId: 6376
	Image: /usr/bin/head
	FileVersion: -
	Description: -
	Product: -
	Company: -
	OriginalFileName: -
	CommandLine: head -n 1
	CurrentDirectory: /home/kali
	User: kali
	LogonGuid: {76062d67-0000-0000-e803-000000000000}
	LogonId: 1000
	TerminalSessionId: 2
	IntegrityLevel: no level
	Hashes: -
	ParentProcessGuid: {00000000-0000-0000-0000-000000000000}
	ParentProcessId: 6373
	ParentImage: -
	ParentCommandLine: -
	ParentUser: -
Event SYSMONEVENT_NETWORK_CONNECT
	RuleName: -
	UtcTime: 2023-10-20 15:01:45.134
	ProcessGuid: {76062d67-9659-6532-1d16-c2d586550000}
	ProcessId: 6374
	Image: /usr/bin/ip
	User: kali
	Protocol: udp
	Initiated: true
	SourceIsIpv6: true
	SourceIp: 0:0:0:0:0:0:0:0
	SourceHostname: -
	SourcePort: 0
	SourcePortName: -
	DestinationIsIpv6: true
	DestinationIp: 0:0:0:0:0:0:0:0
	DestinationHostname: -
	DestinationPort: 0
	DestinationPortName: -
Event SYSMONEVENT_PROCESS_TERMINATE
	RuleName: -
	UtcTime: 2023-10-20 15:01:45.134
	ProcessGuid: {76062d67-9659-6532-1d16-c2d586550000}
	ProcessId: 6374
	Image: /usr/bin/ip
	User: kali
Event SYSMONEVENT_PROCESS_TERMINATE
	RuleName: -
	UtcTime: 2023-10-20 15:01:45.135
	ProcessGuid: {76062d67-9659-6532-d918-9a827f550000}
	ProcessId: 6375
	Image: /usr/bin/cut
	User: kali
Event SYSMONEVENT_PROCESS_TERMINATE
	RuleName: -
	UtcTime: 2023-10-20 15:01:45.135
	ProcessGuid: {76062d67-9659-6532-29ce-a1ca9e550000}
	ProcessId: 6376
	Image: /usr/bin/head
	User: kali
Event SYSMONEVENT_PROCESS_TERMINATE
	RuleName: -
	UtcTime: 2023-10-20 15:01:45.135
	ProcessGuid: {76062d67-9659-6532-0000-000000000000}
	ProcessId: 6373
	Image: -
	User: kali
Event SYSMONEVENT_CREATE_PROCESS
	RuleName: -
	UtcTime: 2023-10-20 15:01:45.135
	ProcessGuid: {76062d67-9659-6532-1d26-899cfd550000}
	ProcessId: 6378
	Image: /usr/bin/ip
	FileVersion: -
	Description: -
	Product: -
	Company: -
	OriginalFileName: -
	CommandLine: ip a s 
	CurrentDirectory: /home/kali
	User: kali
	LogonGuid: {76062d67-0000-0000-e803-000000000000}
	LogonId: 1000
	TerminalSessionId: 2
	IntegrityLevel: no level
	Hashes: -
	ParentProcessGuid: {00000000-0000-0000-0000-000000000000}
	ParentProcessId: 6377
	ParentImage: -
	ParentCommandLine: -
	ParentUser: -
Event SYSMONEVENT_CREATE_PROCESS
	RuleName: -
	UtcTime: 2023-10-20 15:01:45.135
	ProcessGuid: {76062d67-9659-6532-59c3-7827c1550000}
	ProcessId: 6379
	Image: /usr/bin/grep
	FileVersion: -
	Description: -
	Product: -
	Company: -
	OriginalFileName: -
	CommandLine: grep -o -P (?<=inet )[0-9]{1,3}(\.[0-9]{1,3}){3}
	CurrentDirectory: /home/kali
	User: kali
	LogonGuid: {76062d67-0000-0000-e803-000000000000}
	LogonId: 1000
	TerminalSessionId: 2
	IntegrityLevel: no level
	Hashes: -
	ParentProcessGuid: {00000000-0000-0000-0000-000000000000}
	ParentProcessId: 6377
	ParentImage: -
	ParentCommandLine: -
	ParentUser: -
Event SYSMONEVENT_PROCESS_TERMINATE
	RuleName: -
	UtcTime: 2023-10-20 15:01:45.137
	ProcessGuid: {76062d67-9659-6532-1d26-899cfd550000}
	ProcessId: 6378
	Image: /usr/bin/ip
	User: kali
Event SYSMONEVENT_PROCESS_TERMINATE
	RuleName: -
	UtcTime: 2023-10-20 15:01:45.137
	ProcessGuid: {76062d67-9659-6532-59c3-7827c1550000}
	ProcessId: 6379
	Image: /usr/bin/grep
	User: kali
Event SYSMONEVENT_PROCESS_TERMINATE
	RuleName: -
	UtcTime: 2023-10-20 15:01:45.137
	ProcessGuid: {76062d67-9659-6532-0000-000000000000}
	ProcessId: 6377
	Image: -
	User: kali
Event SYSMONEVENT_PROCESS_TERMINATE
	RuleName: -
	UtcTime: 2023-10-20 15:01:45.137
	ProcessGuid: {76062d67-9659-6532-b93b-a6c846560000}
	ProcessId: 6372
	Image: /usr/bin/dash
	User: kali
Event SYSMONEVENT_NETWORK_CONNECT
	RuleName: -
	UtcTime: 2023-10-20 15:01:45.569
	ProcessGuid: {76062d67-95bd-6532-7916-6d0000000000}
	ProcessId: 4435
	Image: python
	User: kali
	Protocol: tcp
	Initiated: false
	SourceIsIpv6: false
	SourceIp: 192.168.1.227
	SourceHostname: -
	SourcePort: 57994
	SourcePortName: -
	DestinationIsIpv6: false
	DestinationIp: 192.168.1.183
	DestinationHostname: -
	DestinationPort: 5000
	DestinationPortName: -
Event SYSMONEVENT_PROCESS_TERMINATE
	RuleName: -
	UtcTime: 2023-10-20 15:01:45.571
	ProcessGuid: {76062d67-95bd-6532-7916-6d0000000000}
	ProcessId: 4435
	Image: /usr/bin/python3.11
	User: kali
Event SYSMONEVENT_CREATE_PROCESS
	RuleName: -
	UtcTime: 2023-10-20 15:01:46.133
	ProcessGuid: {76062d67-965a-6532-b9db-4b861d560000}
	ProcessId: 6381
	Image: /usr/bin/dash
	FileVersion: -
	Description: -
	Product: -
	Company: -
	OriginalFileName: -
	CommandLine: /bin/sh /usr/share/kali-themes/xfce4-panel-genmon-vpnip.sh
	CurrentDirectory: /home/kali
	User: kali
	LogonGuid: {76062d67-0000-0000-e803-000000000000}
	LogonId: 1000
	TerminalSessionId: 2
	IntegrityLevel: no level
	Hashes: -
	ParentProcessGuid: {00000000-0000-0000-0000-000000000000}
	ParentProcessId: 1364
	ParentImage: -
	ParentCommandLine: -
	ParentUser: -
Event SYSMONEVENT_CREATE_PROCESS
	RuleName: -
	UtcTime: 2023-10-20 15:01:46.135
	ProcessGuid: {76062d67-965a-6532-1d86-871bda550000}
	ProcessId: 6383
	Image: /usr/bin/ip
	FileVersion: -
	Description: -
	Product: -
	Company: -
	OriginalFileName: -
	CommandLine: ip tuntap show
	CurrentDirectory: /home/kali
	User: kali
	LogonGuid: {76062d67-0000-0000-e803-000000000000}
	LogonId: 1000
	TerminalSessionId: 2
	IntegrityLevel: no level
	Hashes: -
	ParentProcessGuid: {00000000-0000-0000-0000-000000000000}
	ParentProcessId: 6382
	ParentImage: -
	ParentCommandLine: -
	ParentUser: -
Event SYSMONEVENT_CREATE_PROCESS
	RuleName: -
	UtcTime: 2023-10-20 15:01:46.135
	ProcessGuid: {76062d67-965a-6532-d908-e3da03560000}
	ProcessId: 6384
	Image: /usr/bin/cut
	FileVersion: -
	Description: -
	Product: -
	Company: -
	OriginalFileName: -
	CommandLine: cut -d : -f1
	CurrentDirectory: /home/kali
	User: kali
	LogonGuid: {76062d67-0000-0000-e803-000000000000}
	LogonId: 1000
	TerminalSessionId: 2
	IntegrityLevel: no level
	Hashes: -
	ParentProcessGuid: {00000000-0000-0000-0000-000000000000}
	ParentProcessId: 6382
	ParentImage: -
	ParentCommandLine: -
	ParentUser: -
Event SYSMONEVENT_CREATE_PROCESS
	RuleName: -
	UtcTime: 2023-10-20 15:01:46.135
	ProcessGuid: {76062d67-965a-6532-29fe-a6e2df550000}
	ProcessId: 6385
	Image: /usr/bin/head
	FileVersion: -
	Description: -
	Product: -
	Company: -
	OriginalFileName: -
	CommandLine: head -n 1
	CurrentDirectory: /home/kali
	User: kali
	LogonGuid: {76062d67-0000-0000-e803-000000000000}
	LogonId: 1000
	TerminalSessionId: 2
	IntegrityLevel: no level
	Hashes: -
	ParentProcessGuid: {00000000-0000-0000-0000-000000000000}
	ParentProcessId: 6382
	ParentImage: -
	ParentCommandLine: -
	ParentUser: -
Event SYSMONEVENT_NETWORK_CONNECT
	RuleName: -
	UtcTime: 2023-10-20 15:01:46.136
	ProcessGuid: {76062d67-965a-6532-1d86-871bda550000}
	ProcessId: 6383
	Image: /usr/bin/ip
	User: kali
	Protocol: udp
	Initiated: true
	SourceIsIpv6: true
	SourceIp: 0:0:0:0:0:0:0:0
	SourceHostname: -
	SourcePort: 0
	SourcePortName: -
	DestinationIsIpv6: true
	DestinationIp: 0:0:0:0:0:0:0:0
	DestinationHostname: -
	DestinationPort: 0
	DestinationPortName: -
Event SYSMONEVENT_PROCESS_TERMINATE
	RuleName: -
	UtcTime: 2023-10-20 15:01:46.136
	ProcessGuid: {76062d67-965a-6532-1d86-871bda550000}
	ProcessId: 6383
	Image: /usr/bin/ip
	User: kali
Event SYSMONEVENT_PROCESS_TERMINATE
	RuleName: -
	UtcTime: 2023-10-20 15:01:46.137
	ProcessGuid: {76062d67-965a-6532-d908-e3da03560000}
	ProcessId: 6384
	Image: /usr/bin/cut
	User: kali
Event SYSMONEVENT_PROCESS_TERMINATE
	RuleName: -
	UtcTime: 2023-10-20 15:01:46.137
	ProcessGuid: {76062d67-965a-6532-29fe-a6e2df550000}
	ProcessId: 6385
	Image: /usr/bin/head
	User: kali
Event SYSMONEVENT_PROCESS_TERMINATE
	RuleName: -
	UtcTime: 2023-10-20 15:01:46.137
	ProcessGuid: {00000000-0000-0000-0000-000000000000}
	ProcessId: 6382
	Image: <unknown process>
	User: kali
Event SYSMONEVENT_CREATE_PROCESS
	RuleName: -
	UtcTime: 2023-10-20 15:01:46.137
	ProcessGuid: {76062d67-965a-6532-1d96-d3ffc9550000}
	ProcessId: 6387
	Image: /usr/bin/ip
	FileVersion: -
	Description: -
	Product: -
	Company: -
	OriginalFileName: -
	CommandLine: ip a s 
	CurrentDirectory: /home/kali
	User: kali
	LogonGuid: {76062d67-0000-0000-e803-000000000000}
	LogonId: 1000
	TerminalSessionId: 2
	IntegrityLevel: no level
	Hashes: -
	ParentProcessGuid: {00000000-0000-0000-0000-000000000000}
	ParentProcessId: 6386
	ParentImage: -
	ParentCommandLine: -
	ParentUser: -
Event SYSMONEVENT_CREATE_PROCESS
	RuleName: -
	UtcTime: 2023-10-20 15:01:46.137
	ProcessGuid: {76062d67-965a-6532-59f3-773b66550000}
	ProcessId: 6388
	Image: /usr/bin/grep
	FileVersion: -
	Description: -
	Product: -
	Company: -
	OriginalFileName: -
	CommandLine: grep -o -P (?<=inet )[0-9]{1,3}(\.[0-9]{1,3}){3}
	CurrentDirectory: /home/kali
	User: kali
	LogonGuid: {76062d67-0000-0000-e803-000000000000}
	LogonId: 1000
	TerminalSessionId: 2
	IntegrityLevel: no level
	Hashes: -
	ParentProcessGuid: {00000000-0000-0000-0000-000000000000}
	ParentProcessId: 6386
	ParentImage: -
	ParentCommandLine: -
	ParentUser: -
Event SYSMONEVENT_PROCESS_TERMINATE
	RuleName: -
	UtcTime: 2023-10-20 15:01:46.139
	ProcessGuid: {76062d67-965a-6532-1d96-d3ffc9550000}
	ProcessId: 6387
	Image: /usr/bin/ip
	User: kali
Event SYSMONEVENT_PROCESS_TERMINATE
	RuleName: -
	UtcTime: 2023-10-20 15:01:46.139
	ProcessGuid: {76062d67-965a-6532-59f3-773b66550000}
	ProcessId: 6388
	Image: /usr/bin/grep
	User: kali
Event SYSMONEVENT_PROCESS_TERMINATE
	RuleName: -
	UtcTime: 2023-10-20 15:01:46.139
	ProcessGuid: {76062d67-9659-6532-0000-000000000000}
	ProcessId: 6386
	Image: -
	User: kali
Event SYSMONEVENT_PROCESS_TERMINATE
	RuleName: -
	UtcTime: 2023-10-20 15:01:46.139
	ProcessGuid: {76062d67-965a-6532-b9db-4b861d560000}
	ProcessId: 6381
	Image: /usr/bin/dash
	User: kali
Event SYSMONEVENT_CREATE_PROCESS
	RuleName: -
	UtcTime: 2023-10-20 15:01:47.136
	ProcessGuid: {76062d67-965b-6532-b93b-a2efcb550000}
	ProcessId: 6389
	Image: /usr/bin/dash
	FileVersion: -
	Description: -
	Product: -
	Company: -
	OriginalFileName: -
	CommandLine: /bin/sh /usr/share/kali-themes/xfce4-panel-genmon-vpnip.sh
	CurrentDirectory: /home/kali
	User: kali
	LogonGuid: {76062d67-0000-0000-e803-000000000000}
	LogonId: 1000
	TerminalSessionId: 2
	IntegrityLevel: no level
	Hashes: -
	ParentProcessGuid: {00000000-0000-0000-0000-000000000000}
	ParentProcessId: 1364
	ParentImage: -
	ParentCommandLine: -
	ParentUser: -
Event SYSMONEVENT_CREATE_PROCESS
	RuleName: -
	UtcTime: 2023-10-20 15:01:47.137
	ProcessGuid: {76062d67-965b-6532-1dc6-cc45d0550000}
	ProcessId: 6391
	Image: /usr/bin/ip
	FileVersion: -
	Description: -
	Product: -
	Company: -
	OriginalFileName: -
	CommandLine: ip tuntap show
	CurrentDirectory: /home/kali
	User: kali
	LogonGuid: {76062d67-0000-0000-e803-000000000000}
	LogonId: 1000
	TerminalSessionId: 2
	IntegrityLevel: no level
	Hashes: -
	ParentProcessGuid: {00000000-0000-0000-0000-000000000000}
	ParentProcessId: 6390
	ParentImage: -
	ParentCommandLine: -
	ParentUser: -
Event SYSMONEVENT_CREATE_PROCESS
	RuleName: -
	UtcTime: 2023-10-20 15:01:47.137
	ProcessGuid: {76062d67-965b-6532-d968-64495f550000}
	ProcessId: 6392
	Image: /usr/bin/cut
	FileVersion: -
	Description: -
	Product: -
	Company: -
	OriginalFileName: -
	CommandLine: cut -d : -f1
	CurrentDirectory: /home/kali
	User: kali
	LogonGuid: {76062d67-0000-0000-e803-000000000000}
	LogonId: 1000
	TerminalSessionId: 2
	IntegrityLevel: no level
	Hashes: -
	ParentProcessGuid: {00000000-0000-0000-0000-000000000000}
	ParentProcessId: 6390
	ParentImage: -
	ParentCommandLine: -
	ParentUser: -
Event SYSMONEVENT_CREATE_PROCESS
	RuleName: -
	UtcTime: 2023-10-20 15:01:47.138
	ProcessGuid: {76062d67-965b-6532-29fe-c92f6c550000}
	ProcessId: 6393
	Image: /usr/bin/head
	FileVersion: -
	Description: -
	Product: -
	Company: -
	OriginalFileName: -
	CommandLine: head -n 1
	CurrentDirectory: /home/kali
	User: kali
	LogonGuid: {76062d67-0000-0000-e803-000000000000}
	LogonId: 1000
	TerminalSessionId: 2
	IntegrityLevel: no level
	Hashes: -
	ParentProcessGuid: {00000000-0000-0000-0000-000000000000}
	ParentProcessId: 6390
	ParentImage: -
	ParentCommandLine: -
	ParentUser: -
Event SYSMONEVENT_NETWORK_CONNECT
	RuleName: -
	UtcTime: 2023-10-20 15:01:47.139
	ProcessGuid: {76062d67-965b-6532-1dc6-cc45d0550000}
	ProcessId: 6391
	Image: /usr/bin/ip
	User: kali
	Protocol: udp
	Initiated: true
	SourceIsIpv6: true
	SourceIp: 0:0:0:0:0:0:0:0
	SourceHostname: -
	SourcePort: 0
	SourcePortName: -
	DestinationIsIpv6: true
	DestinationIp: 0:0:0:0:0:0:0:0
	DestinationHostname: -
	DestinationPort: 0
	DestinationPortName: -
Event SYSMONEVENT_PROCESS_TERMINATE
	RuleName: -
	UtcTime: 2023-10-20 15:01:47.139
	ProcessGuid: {76062d67-965b-6532-1dc6-cc45d0550000}
	ProcessId: 6391
	Image: /usr/bin/ip
	User: kali
Event SYSMONEVENT_PROCESS_TERMINATE
	RuleName: -
	UtcTime: 2023-10-20 15:01:47.139
	ProcessGuid: {76062d67-965b-6532-d968-64495f550000}
	ProcessId: 6392
	Image: /usr/bin/cut
	User: kali
Event SYSMONEVENT_PROCESS_TERMINATE
	RuleName: -
	UtcTime: 2023-10-20 15:01:47.139
	ProcessGuid: {76062d67-965b-6532-29fe-c92f6c550000}
	ProcessId: 6393
	Image: /usr/bin/head
	User: kali
Event SYSMONEVENT_PROCESS_TERMINATE
	RuleName: -
	UtcTime: 2023-10-20 15:01:47.140
	ProcessGuid: {76062d67-965b-6532-0000-000000000000}
	ProcessId: 6390
	Image: -
	User: kali
Event SYSMONEVENT_CREATE_PROCESS
	RuleName: -
	UtcTime: 2023-10-20 15:01:47.141
	ProcessGuid: {76062d67-965b-6532-5973-dc12e7550000}
	ProcessId: 6396
	Image: /usr/bin/grep
	FileVersion: -
	Description: -
	Product: -
	Company: -
	OriginalFileName: -
	CommandLine: grep -o -P (?<=inet )[0-9]{1,3}(\.[0-9]{1,3}){3}
	CurrentDirectory: /home/kali
	User: kali
	LogonGuid: {76062d67-0000-0000-e803-000000000000}
	LogonId: 1000
	TerminalSessionId: 2
	IntegrityLevel: no level
	Hashes: -
	ParentProcessGuid: {00000000-0000-0000-0000-000000000000}
	ParentProcessId: 6394
	ParentImage: -
	ParentCommandLine: -
	ParentUser: -
Event SYSMONEVENT_CREATE_PROCESS
	RuleName: -
	UtcTime: 2023-10-20 15:01:47.140
	ProcessGuid: {76062d67-965b-6532-1dd6-5f9e9e550000}
	ProcessId: 6395
	Image: /usr/bin/ip
	FileVersion: -
	Description: -
	Product: -
	Company: -
	OriginalFileName: -
	CommandLine: ip a s 
	CurrentDirectory: /home/kali
	User: kali
	LogonGuid: {76062d67-0000-0000-e803-000000000000}
	LogonId: 1000
	TerminalSessionId: 2
	IntegrityLevel: no level
	Hashes: -
	ParentProcessGuid: {00000000-0000-0000-0000-000000000000}
	ParentProcessId: 6394
	ParentImage: -
	ParentCommandLine: -
	ParentUser: -
Event SYSMONEVENT_PROCESS_TERMINATE
	RuleName: -
	UtcTime: 2023-10-20 15:01:47.142
	ProcessGuid: {76062d67-965b-6532-1dd6-5f9e9e550000}
	ProcessId: 6395
	Image: /usr/bin/ip
	User: kali
Event SYSMONEVENT_PROCESS_TERMINATE
	RuleName: -
	UtcTime: 2023-10-20 15:01:47.143
	ProcessGuid: {76062d67-965b-6532-5973-dc12e7550000}
	ProcessId: 6396
	Image: /usr/bin/grep
	User: kali
Event SYSMONEVENT_PROCESS_TERMINATE
	RuleName: -
	UtcTime: 2023-10-20 15:01:47.143
	ProcessGuid: {76062d67-965b-6532-0000-000000000000}
	ProcessId: 6394
	Image: -
	User: kali
Event SYSMONEVENT_PROCESS_TERMINATE
	RuleName: -
	UtcTime: 2023-10-20 15:01:47.143
	ProcessGuid: {76062d67-965b-6532-b93b-a2efcb550000}
	ProcessId: 6389
	Image: /usr/bin/dash
	User: kali
Event SYSMONEVENT_CREATE_PROCESS
	RuleName: -
	UtcTime: 2023-10-20 15:01:48.138
	ProcessGuid: {76062d67-965c-6532-b94b-494818560000}
	ProcessId: 6397
	Image: /usr/bin/dash
	FileVersion: -
	Description: -
	Product: -
	Company: -
	OriginalFileName: -
	CommandLine: /bin/sh /usr/share/kali-themes/xfce4-panel-genmon-vpnip.sh
	CurrentDirectory: /home/kali
	User: kali
	LogonGuid: {76062d67-0000-0000-e803-000000000000}
	LogonId: 1000
	TerminalSessionId: 2
	IntegrityLevel: no level
	Hashes: -
	ParentProcessGuid: {00000000-0000-0000-0000-000000000000}
	ParentProcessId: 1364
	ParentImage: -
	ParentCommandLine: -
	ParentUser: -
Event SYSMONEVENT_CREATE_PROCESS
	RuleName: -
	UtcTime: 2023-10-20 15:01:48.139
	ProcessGuid: {76062d67-965c-6532-1d66-cfa1b4550000}
	ProcessId: 6399
	Image: /usr/bin/ip
	FileVersion: -
	Description: -
	Product: -
	Company: -
	OriginalFileName: -
	CommandLine: ip tuntap show
	CurrentDirectory: /home/kali
	User: kali
	LogonGuid: {76062d67-0000-0000-e803-000000000000}
	LogonId: 1000
	TerminalSessionId: 2
	IntegrityLevel: no level
	Hashes: -
	ParentProcessGuid: {00000000-0000-0000-0000-000000000000}
	ParentProcessId: 6398
	ParentImage: -
	ParentCommandLine: -
	ParentUser: -
Event SYSMONEVENT_CREATE_PROCESS
	RuleName: -
	UtcTime: 2023-10-20 15:01:48.140
	ProcessGuid: {76062d67-965c-6532-d928-2d43ad550000}
	ProcessId: 6400
	Image: /usr/bin/cut
	FileVersion: -
	Description: -
	Product: -
	Company: -
	OriginalFileName: -
	CommandLine: cut -d : -f1
	CurrentDirectory: /home/kali
	User: kali
	LogonGuid: {76062d67-0000-0000-e803-000000000000}
	LogonId: 1000
	TerminalSessionId: 2
	IntegrityLevel: no level
	Hashes: -
	ParentProcessGuid: {00000000-0000-0000-0000-000000000000}
	ParentProcessId: 6398
	ParentImage: -
	ParentCommandLine: -
	ParentUser: -
Event SYSMONEVENT_CREATE_PROCESS
	RuleName: -
	UtcTime: 2023-10-20 15:01:48.140
	ProcessGuid: {76062d67-965c-6532-29ce-35dc76550000}
	ProcessId: 6401
	Image: /usr/bin/head
	FileVersion: -
	Description: -
	Product: -
	Company: -
	OriginalFileName: -
	CommandLine: head -n 1
	CurrentDirectory: /home/kali
	User: kali
	LogonGuid: {76062d67-0000-0000-e803-000000000000}
	LogonId: 1000
	TerminalSessionId: 2
	IntegrityLevel: no level
	Hashes: -
	ParentProcessGuid: {00000000-0000-0000-0000-000000000000}
	ParentProcessId: 6398
	ParentImage: -
	ParentCommandLine: -
	ParentUser: -
Event SYSMONEVENT_NETWORK_CONNECT
	RuleName: -
	UtcTime: 2023-10-20 15:01:48.141
	ProcessGuid: {76062d67-965c-6532-1d66-cfa1b4550000}
	ProcessId: 6399
	Image: /usr/bin/ip
	User: kali
	Protocol: udp
	Initiated: true
	SourceIsIpv6: true
	SourceIp: 0:0:0:0:0:0:0:0
	SourceHostname: -
	SourcePort: 0
	SourcePortName: -
	DestinationIsIpv6: true
	DestinationIp: 0:0:0:0:0:0:0:0
	DestinationHostname: -
	DestinationPort: 0
	DestinationPortName: -
Event SYSMONEVENT_PROCESS_TERMINATE
	RuleName: -
	UtcTime: 2023-10-20 15:01:48.141
	ProcessGuid: {76062d67-965c-6532-1d66-cfa1b4550000}
	ProcessId: 6399
	Image: /usr/bin/ip
	User: kali
Event SYSMONEVENT_PROCESS_TERMINATE
	RuleName: -
	UtcTime: 2023-10-20 15:01:48.141
	ProcessGuid: {76062d67-965c-6532-d928-2d43ad550000}
	ProcessId: 6400
	Image: /usr/bin/cut
	User: kali
Event SYSMONEVENT_PROCESS_TERMINATE
	RuleName: -
	UtcTime: 2023-10-20 15:01:48.141
	ProcessGuid: {76062d67-965c-6532-29ce-35dc76550000}
	ProcessId: 6401
	Image: /usr/bin/head
	User: kali
Event SYSMONEVENT_PROCESS_TERMINATE
	RuleName: -
	UtcTime: 2023-10-20 15:01:48.141
	ProcessGuid: {76062d67-965b-6532-0000-000000000000}
	ProcessId: 6398
	Image: -
	User: kali
Event SYSMONEVENT_CREATE_PROCESS
	RuleName: -
	UtcTime: 2023-10-20 15:01:48.142
	ProcessGuid: {76062d67-965c-6532-1d86-3b2e99550000}
	ProcessId: 6403
	Image: /usr/bin/ip
	FileVersion: -
	Description: -
	Product: -
	Company: -
	OriginalFileName: -
	CommandLine: ip a s 
	CurrentDirectory: /home/kali
	User: kali
	LogonGuid: {76062d67-0000-0000-e803-000000000000}
	LogonId: 1000
	TerminalSessionId: 2
	IntegrityLevel: no level
	Hashes: -
	ParentProcessGuid: {00000000-0000-0000-0000-000000000000}
	ParentProcessId: 6402
	ParentImage: -
	ParentCommandLine: -
	ParentUser: -
Event SYSMONEVENT_CREATE_PROCESS
	RuleName: -
	UtcTime: 2023-10-20 15:01:48.142
	ProcessGuid: {76062d67-965c-6532-59c3-2732cb550000}
	ProcessId: 6404
	Image: /usr/bin/grep
	FileVersion: -
	Description: -
	Product: -
	Company: -
	OriginalFileName: -
	CommandLine: grep -o -P (?<=inet )[0-9]{1,3}(\.[0-9]{1,3}){3}
	CurrentDirectory: /home/kali
	User: kali
	LogonGuid: {76062d67-0000-0000-e803-000000000000}
	LogonId: 1000
	TerminalSessionId: 2
	IntegrityLevel: no level
	Hashes: -
	ParentProcessGuid: {00000000-0000-0000-0000-000000000000}
	ParentProcessId: 6402
	ParentImage: -
	ParentCommandLine: -
	ParentUser: -
Event SYSMONEVENT_PROCESS_TERMINATE
	RuleName: -
	UtcTime: 2023-10-20 15:01:48.144
	ProcessGuid: {76062d67-965c-6532-1d86-3b2e99550000}
	ProcessId: 6403
	Image: /usr/bin/ip
	User: kali
Event SYSMONEVENT_PROCESS_TERMINATE
	RuleName: -
	UtcTime: 2023-10-20 15:01:48.144
	ProcessGuid: {76062d67-965c-6532-59c3-2732cb550000}
	ProcessId: 6404
	Image: /usr/bin/grep
	User: kali
Event SYSMONEVENT_PROCESS_TERMINATE
	RuleName: -
	UtcTime: 2023-10-20 15:01:48.144
	ProcessGuid: {76062d67-965b-6532-0000-000000000000}
	ProcessId: 6402
	Image: -
	User: kali
Event SYSMONEVENT_PROCESS_TERMINATE
	RuleName: -
	UtcTime: 2023-10-20 15:01:48.144
	ProcessGuid: {76062d67-965c-6532-b94b-494818560000}
	ProcessId: 6397
	Image: /usr/bin/dash
	User: kali
Event SYSMONEVENT_CREATE_PROCESS
	RuleName: -
	UtcTime: 2023-10-20 15:01:49.139
	ProcessGuid: {76062d67-965d-6532-b9fb-0fadff550000}
	ProcessId: 6405
	Image: /usr/bin/dash
	FileVersion: -
	Description: -
	Product: -
	Company: -
	OriginalFileName: -
	CommandLine: /bin/sh /usr/share/kali-themes/xfce4-panel-genmon-vpnip.sh
	CurrentDirectory: /home/kali
	User: kali
	LogonGuid: {76062d67-0000-0000-e803-000000000000}
	LogonId: 1000
	TerminalSessionId: 2
	IntegrityLevel: no level
	Hashes: -
	ParentProcessGuid: {00000000-0000-0000-0000-000000000000}
	ParentProcessId: 1364
	ParentImage: -
	ParentCommandLine: -
	ParentUser: -
Event SYSMONEVENT_CREATE_PROCESS
	RuleName: -
	UtcTime: 2023-10-20 15:01:49.141
	ProcessGuid: {76062d67-965d-6532-1da6-f07b29560000}
	ProcessId: 6407
	Image: /usr/bin/ip
	FileVersion: -
	Description: -
	Product: -
	Company: -
	OriginalFileName: -
	CommandLine: ip tuntap show
	CurrentDirectory: /home/kali
	User: kali
	LogonGuid: {76062d67-0000-0000-e803-000000000000}
	LogonId: 1000
	TerminalSessionId: 2
	IntegrityLevel: no level
	Hashes: -
	ParentProcessGuid: {00000000-0000-0000-0000-000000000000}
	ParentProcessId: 6406
	ParentImage: -
	ParentCommandLine: -
	ParentUser: -
Event SYSMONEVENT_CREATE_PROCESS
	RuleName: -
	UtcTime: 2023-10-20 15:01:49.141
	ProcessGuid: {76062d67-965d-6532-d908-525301560000}
	ProcessId: 6408
	Image: /usr/bin/cut
	FileVersion: -
	Description: -
	Product: -
	Company: -
	OriginalFileName: -
	CommandLine: cut -d : -f1
	CurrentDirectory: /home/kali
	User: kali
	LogonGuid: {76062d67-0000-0000-e803-000000000000}
	LogonId: 1000
	TerminalSessionId: 2
	IntegrityLevel: no level
	Hashes: -
	ParentProcessGuid: {00000000-0000-0000-0000-000000000000}
	ParentProcessId: 6406
	ParentImage: -
	ParentCommandLine: -
	ParentUser: -
Event SYSMONEVENT_CREATE_PROCESS
	RuleName: -
	UtcTime: 2023-10-20 15:01:49.141
	ProcessGuid: {76062d67-965d-6532-291e-b88aa2550000}
	ProcessId: 6409
	Image: /usr/bin/head
	FileVersion: -
	Description: -
	Product: -
	Company: -
	OriginalFileName: -
	CommandLine: head -n 1
	CurrentDirectory: /home/kali
	User: kali
	LogonGuid: {76062d67-0000-0000-e803-000000000000}
	LogonId: 1000
	TerminalSessionId: 2
	IntegrityLevel: no level
	Hashes: -
	ParentProcessGuid: {00000000-0000-0000-0000-000000000000}
	ParentProcessId: 6406
	ParentImage: -
	ParentCommandLine: -
	ParentUser: -
Event SYSMONEVENT_NETWORK_CONNECT
	RuleName: -
	UtcTime: 2023-10-20 15:01:49.142
	ProcessGuid: {76062d67-965d-6532-1da6-f07b29560000}
	ProcessId: 6407
	Image: /usr/bin/ip
	User: kali
	Protocol: udp
	Initiated: true
	SourceIsIpv6: true
	SourceIp: 0:0:0:0:0:0:0:0
	SourceHostname: -
	SourcePort: 0
	SourcePortName: -
	DestinationIsIpv6: true
	DestinationIp: 0:0:0:0:0:0:0:0
	DestinationHostname: -
	DestinationPort: 0
	DestinationPortName: -
Event SYSMONEVENT_PROCESS_TERMINATE
	RuleName: -
	UtcTime: 2023-10-20 15:01:49.142
	ProcessGuid: {76062d67-965d-6532-1da6-f07b29560000}
	ProcessId: 6407
	Image: /usr/bin/ip
	User: kali
Event SYSMONEVENT_PROCESS_TERMINATE
	RuleName: -
	UtcTime: 2023-10-20 15:01:49.143
	ProcessGuid: {76062d67-965d-6532-d908-525301560000}
	ProcessId: 6408
	Image: /usr/bin/cut
	User: kali
Event SYSMONEVENT_PROCESS_TERMINATE
	RuleName: -
	UtcTime: 2023-10-20 15:01:49.143
	ProcessGuid: {76062d67-965d-6532-291e-b88aa2550000}
	ProcessId: 6409
	Image: /usr/bin/head
	User: kali
Event SYSMONEVENT_PROCESS_TERMINATE
	RuleName: -
	UtcTime: 2023-10-20 15:01:49.143
	ProcessGuid: {76062d67-965d-6532-0000-000000000000}
	ProcessId: 6406
	Image: -
	User: kali
Event SYSMONEVENT_CREATE_PROCESS
	RuleName: -
	UtcTime: 2023-10-20 15:01:49.143
	ProcessGuid: {76062d67-965d-6532-1dc6-c2c5ed550000}
	ProcessId: 6411
	Image: /usr/bin/ip
	FileVersion: -
	Description: -
	Product: -
	Company: -
	OriginalFileName: -
	CommandLine: ip a s 
	CurrentDirectory: /home/kali
	User: kali
	LogonGuid: {76062d67-0000-0000-e803-000000000000}
	LogonId: 1000
	TerminalSessionId: 2
	IntegrityLevel: no level
	Hashes: -
	ParentProcessGuid: {00000000-0000-0000-0000-000000000000}
	ParentProcessId: 6410
	ParentImage: -
	ParentCommandLine: -
	ParentUser: -
Event SYSMONEVENT_CREATE_PROCESS
	RuleName: -
	UtcTime: 2023-10-20 15:01:49.143
	ProcessGuid: {76062d67-965d-6532-5923-bc7fb1550000}
	ProcessId: 6412
	Image: /usr/bin/grep
	FileVersion: -
	Description: -
	Product: -
	Company: -
	OriginalFileName: -
	CommandLine: grep -o -P (?<=inet )[0-9]{1,3}(\.[0-9]{1,3}){3}
	CurrentDirectory: /home/kali
	User: kali
	LogonGuid: {76062d67-0000-0000-e803-000000000000}
	LogonId: 1000
	TerminalSessionId: 2
	IntegrityLevel: no level
	Hashes: -
	ParentProcessGuid: {00000000-0000-0000-0000-000000000000}
	ParentProcessId: 6410
	ParentImage: -
	ParentCommandLine: -
	ParentUser: -
Event SYSMONEVENT_PROCESS_TERMINATE
	RuleName: -
	UtcTime: 2023-10-20 15:01:49.145
	ProcessGuid: {76062d67-965d-6532-1dc6-c2c5ed550000}
	ProcessId: 6411
	Image: /usr/bin/ip
	User: kali
Event SYSMONEVENT_PROCESS_TERMINATE
	RuleName: -
	UtcTime: 2023-10-20 15:01:49.145
	ProcessGuid: {76062d67-965d-6532-5923-bc7fb1550000}
	ProcessId: 6412
	Image: /usr/bin/grep
	User: kali
Event SYSMONEVENT_PROCESS_TERMINATE
	RuleName: -
	UtcTime: 2023-10-20 15:01:49.145
	ProcessGuid: {76062d67-965d-6532-0000-000000000000}
	ProcessId: 6410
	Image: -
	User: kali
Event SYSMONEVENT_PROCESS_TERMINATE
	RuleName: -
	UtcTime: 2023-10-20 15:01:49.145
	ProcessGuid: {76062d67-965d-6532-b9fb-0fadff550000}
	ProcessId: 6405
	Image: /usr/bin/dash
	User: kali
Event SYSMONEVENT_CREATE_PROCESS
	RuleName: -
	UtcTime: 2023-10-20 15:01:50.141
	ProcessGuid: {76062d67-965e-6532-b9db-efb41e560000}
	ProcessId: 6413
	Image: /usr/bin/dash
	FileVersion: -
	Description: -
	Product: -
	Company: -
	OriginalFileName: -
	CommandLine: /bin/sh /usr/share/kali-themes/xfce4-panel-genmon-vpnip.sh
	CurrentDirectory: /home/kali
	User: kali
	LogonGuid: {76062d67-0000-0000-e803-000000000000}
	LogonId: 1000
	TerminalSessionId: 2
	IntegrityLevel: no level
	Hashes: -
	ParentProcessGuid: {00000000-0000-0000-0000-000000000000}
	ParentProcessId: 1364
	ParentImage: -
	ParentCommandLine: -
	ParentUser: -
Event SYSMONEVENT_CREATE_PROCESS
	RuleName: -
	UtcTime: 2023-10-20 15:01:50.143
	ProcessGuid: {76062d67-965e-6532-1d86-cdf17b550000}
	ProcessId: 6415
	Image: /usr/bin/ip
	FileVersion: -
	Description: -
	Product: -
	Company: -
	OriginalFileName: -
	CommandLine: ip tuntap show
	CurrentDirectory: /home/kali
	User: kali
	LogonGuid: {76062d67-0000-0000-e803-000000000000}
	LogonId: 1000
	TerminalSessionId: 2
	IntegrityLevel: no level
	Hashes: -
	ParentProcessGuid: {00000000-0000-0000-0000-000000000000}
	ParentProcessId: 6414
	ParentImage: -
	ParentCommandLine: -
	ParentUser: -
Event SYSMONEVENT_CREATE_PROCESS
	RuleName: -
	UtcTime: 2023-10-20 15:01:50.143
	ProcessGuid: {76062d67-965e-6532-d948-2c0bee550000}
	ProcessId: 6416
	Image: /usr/bin/cut
	FileVersion: -
	Description: -
	Product: -
	Company: -
	OriginalFileName: -
	CommandLine: cut -d : -f1
	CurrentDirectory: /home/kali
	User: kali
	LogonGuid: {76062d67-0000-0000-e803-000000000000}
	LogonId: 1000
	TerminalSessionId: 2
	IntegrityLevel: no level
	Hashes: -
	ParentProcessGuid: {00000000-0000-0000-0000-000000000000}
	ParentProcessId: 6414
	ParentImage: -
	ParentCommandLine: -
	ParentUser: -
