Event SYSMONEVENT_CREATE_PROCESS
	RuleName: -
	UtcTime: 2023-10-20 15:01:23.086
	ProcessGuid: {76062d67-9643-6532-d968-4688bf550000}
	ProcessId: 6197
	Image: /usr/bin/cut
	FileVersion: -
	Description: -
	Product: -
	Company: -
	OriginalFileName: -
	CommandLine: cut -d : -f1
	CurrentDirectory: /home/kali
	User: kali
	LogonGuid: {76062d67-0000-0000-e803-000000000000}
	LogonId: 1000
	TerminalSessionId: 2
	IntegrityLevel: no level
	Hashes: -
	ParentProcessGuid: {00000000-0000-0000-0000-000000000000}
	ParentProcessId: 6195
	ParentImage: -
	ParentCommandLine: -
	ParentUser: -
Event SYSMONEVENT_NETWORK_CONNECT
	RuleName: -
	UtcTime: 2023-10-20 15:01:23.088
	ProcessGuid: {76062d67-9643-6532-1dd6-b478dc550000}
	ProcessId: 6196
	Image: /usr/bin/ip
	User: kali
	Protocol: udp
	Initiated: true
	SourceIsIpv6: true
	SourceIp: 0:0:0:0:0:0:0:0
	SourceHostname: -
	SourcePort: 0
	SourcePortName: -
	DestinationIsIpv6: true
	DestinationIp: 0:0:0:0:0:0:0:0
	DestinationHostname: -
	DestinationPort: 0
	DestinationPortName: -
Event SYSMONEVENT_PROCESS_TERMINATE
	RuleName: -
	UtcTime: 2023-10-20 15:01:23.088
	ProcessGuid: {76062d67-9643-6532-1dd6-b478dc550000}
	ProcessId: 6196
	Image: /usr/bin/ip
	User: kali
Event SYSMONEVENT_PROCESS_TERMINATE
	RuleName: -
	UtcTime: 2023-10-20 15:01:23.088
	ProcessGuid: {76062d67-9643-6532-d968-4688bf550000}
	ProcessId: 6197
	Image: /usr/bin/cut
	User: kali
Event SYSMONEVENT_PROCESS_TERMINATE
	RuleName: -
	UtcTime: 2023-10-20 15:01:23.088
	ProcessGuid: {76062d67-9643-6532-294e-380f0c560000}
	ProcessId: 6198
	Image: /usr/bin/head
	User: kali
Event SYSMONEVENT_PROCESS_TERMINATE
	RuleName: -
	UtcTime: 2023-10-20 15:01:23.088
	ProcessGuid: {76062d67-963f-6532-0000-000000000000}
	ProcessId: 6195
	Image: -
	User: kali
Event SYSMONEVENT_CREATE_PROCESS
	RuleName: -
	UtcTime: 2023-10-20 15:01:23.089
	ProcessGuid: {76062d67-9643-6532-1d76-54c6d1550000}
	ProcessId: 6200
	Image: /usr/bin/ip
	FileVersion: -
	Description: -
	Product: -
	Company: -
	OriginalFileName: -
	CommandLine: ip a s 
	CurrentDirectory: /home/kali
	User: kali
	LogonGuid: {76062d67-0000-0000-e803-000000000000}
	LogonId: 1000
	TerminalSessionId: 2
	IntegrityLevel: no level
	Hashes: -
	ParentProcessGuid: {00000000-0000-0000-0000-000000000000}
	ParentProcessId: 6199
	ParentImage: -
	ParentCommandLine: -
	ParentUser: -
Event SYSMONEVENT_CREATE_PROCESS
	RuleName: -
	UtcTime: 2023-10-20 15:01:23.089
	ProcessGuid: {76062d67-9643-6532-5923-8af3f8550000}
	ProcessId: 6201
	Image: /usr/bin/grep
	FileVersion: -
	Description: -
	Product: -
	Company: -
	OriginalFileName: -
	CommandLine: grep -o -P (?<=inet )[0-9]{1,3}(\.[0-9]{1,3}){3}
	CurrentDirectory: /home/kali
	User: kali
	LogonGuid: {76062d67-0000-0000-e803-000000000000}
	LogonId: 1000
	TerminalSessionId: 2
	IntegrityLevel: no level
	Hashes: -
	ParentProcessGuid: {00000000-0000-0000-0000-000000000000}
	ParentProcessId: 6199
	ParentImage: -
	ParentCommandLine: -
	ParentUser: -
Event SYSMONEVENT_PROCESS_TERMINATE
	RuleName: -
	UtcTime: 2023-10-20 15:01:23.090
	ProcessGuid: {76062d67-9643-6532-1d76-54c6d1550000}
	ProcessId: 6200
	Image: /usr/bin/ip
	User: kali
Event SYSMONEVENT_PROCESS_TERMINATE
	RuleName: -
	UtcTime: 2023-10-20 15:01:23.090
	ProcessGuid: {76062d67-9643-6532-5923-8af3f8550000}
	ProcessId: 6201
	Image: /usr/bin/grep
	User: kali
Event SYSMONEVENT_PROCESS_TERMINATE
	RuleName: -
	UtcTime: 2023-10-20 15:01:23.090
	ProcessGuid: {76062d67-963f-6532-0000-000000000000}
	ProcessId: 6199
	Image: -
	User: kali
Event SYSMONEVENT_PROCESS_TERMINATE
	RuleName: -
	UtcTime: 2023-10-20 15:01:23.090
	ProcessGuid: {76062d67-9643-6532-b93b-5d430e560000}
	ProcessId: 6194
	Image: /usr/bin/dash
	User: kali
Event SYSMONEVENT_NETWORK_CONNECT
	RuleName: -
	UtcTime: 2023-10-20 15:01:23.871
	ProcessGuid: {76062d67-95bd-6532-7916-6d0000000000}
	ProcessId: 4435
	Image: python
	User: kali
	Protocol: tcp
	Initiated: false
	SourceIsIpv6: false
	SourceIp: 192.168.1.227
	SourceHostname: -
	SourcePort: 45034
	SourcePortName: -
	DestinationIsIpv6: false
	DestinationIp: 192.168.1.183
	DestinationHostname: -
	DestinationPort: 5000
	DestinationPortName: -
Event SYSMONEVENT_PROCESS_TERMINATE
	RuleName: -
	UtcTime: 2023-10-20 15:01:23.915
	ProcessGuid: {76062d67-95bd-6532-7916-6d0000000000}
	ProcessId: 4435
	Image: /usr/bin/python3.11
	User: kali
Event SYSMONEVENT_CREATE_PROCESS
	RuleName: -
	UtcTime: 2023-10-20 15:01:24.086
	ProcessGuid: {76062d67-9644-6532-b9bb-b8f13f560000}
	ProcessId: 6203
	Image: /usr/bin/dash
	FileVersion: -
	Description: -
	Product: -
	Company: -
	OriginalFileName: -
	CommandLine: /bin/sh /usr/share/kali-themes/xfce4-panel-genmon-vpnip.sh
	CurrentDirectory: /home/kali
	User: kali
	LogonGuid: {76062d67-0000-0000-e803-000000000000}
	LogonId: 1000
	TerminalSessionId: 2
	IntegrityLevel: no level
	Hashes: -
	ParentProcessGuid: {00000000-0000-0000-0000-000000000000}
	ParentProcessId: 1364
	ParentImage: -
	ParentCommandLine: -
	ParentUser: -
Event SYSMONEVENT_CREATE_PROCESS
	RuleName: -
	UtcTime: 2023-10-20 15:01:24.087
	ProcessGuid: {76062d67-9644-6532-d9b8-b58835560000}
	ProcessId: 6206
	Image: /usr/bin/cut
	FileVersion: -
	Description: -
	Product: -
	Company: -
	OriginalFileName: -
	CommandLine: cut -d : -f1
	CurrentDirectory: /home/kali
	User: kali
	LogonGuid: {76062d67-0000-0000-e803-000000000000}
	LogonId: 1000
	TerminalSessionId: 2
	IntegrityLevel: no level
	Hashes: -
	ParentProcessGuid: {00000000-0000-0000-0000-000000000000}
	ParentProcessId: 6204
	ParentImage: -
	ParentCommandLine: -
	ParentUser: -
Event SYSMONEVENT_CREATE_PROCESS
	RuleName: -
	UtcTime: 2023-10-20 15:01:24.088
	ProcessGuid: {76062d67-9644-6532-299e-e0b758550000}
	ProcessId: 6207
	Image: /usr/bin/head
	FileVersion: -
	Description: -
	Product: -
	Company: -
	OriginalFileName: -
	CommandLine: head -n 1
	CurrentDirectory: /home/kali
	User: kali
	LogonGuid: {76062d67-0000-0000-e803-000000000000}
	LogonId: 1000
	TerminalSessionId: 2
	IntegrityLevel: no level
	Hashes: -
	ParentProcessGuid: {00000000-0000-0000-0000-000000000000}
	ParentProcessId: 6204
	ParentImage: -
	ParentCommandLine: -
	ParentUser: -
Event SYSMONEVENT_CREATE_PROCESS
	RuleName: -
	UtcTime: 2023-10-20 15:01:24.087
	ProcessGuid: {76062d67-9644-6532-1d26-5013d1550000}
	ProcessId: 6205
	Image: /usr/bin/ip
	FileVersion: -
	Description: -
	Product: -
	Company: -
	OriginalFileName: -
	CommandLine: ip tuntap show
	CurrentDirectory: /home/kali
	User: kali
	LogonGuid: {76062d67-0000-0000-e803-000000000000}
	LogonId: 1000
	TerminalSessionId: 2
	IntegrityLevel: no level
	Hashes: -
	ParentProcessGuid: {00000000-0000-0000-0000-000000000000}
	ParentProcessId: 6204
	ParentImage: -
	ParentCommandLine: -
	ParentUser: -
Event SYSMONEVENT_NETWORK_CONNECT
	RuleName: -
	UtcTime: 2023-10-20 15:01:24.089
	ProcessGuid: {76062d67-9644-6532-1d26-5013d1550000}
	ProcessId: 6205
	Image: /usr/bin/ip
	User: kali
	Protocol: udp
	Initiated: true
	SourceIsIpv6: true
	SourceIp: 0:0:0:0:0:0:0:0
	SourceHostname: -
	SourcePort: 0
	SourcePortName: -
	DestinationIsIpv6: true
	DestinationIp: 0:0:0:0:0:0:0:0
	DestinationHostname: -
	DestinationPort: 0
	DestinationPortName: -
Event SYSMONEVENT_PROCESS_TERMINATE
	RuleName: -
	UtcTime: 2023-10-20 15:01:24.089
	ProcessGuid: {76062d67-9644-6532-1d26-5013d1550000}
	ProcessId: 6205
	Image: /usr/bin/ip
	User: kali
Event SYSMONEVENT_PROCESS_TERMINATE
	RuleName: -
	UtcTime: 2023-10-20 15:01:24.089
	ProcessGuid: {76062d67-9644-6532-d9b8-b58835560000}
	ProcessId: 6206
	Image: /usr/bin/cut
	User: kali
Event SYSMONEVENT_PROCESS_TERMINATE
	RuleName: -
	UtcTime: 2023-10-20 15:01:24.090
	ProcessGuid: {76062d67-9644-6532-299e-e0b758550000}
	ProcessId: 6207
	Image: /usr/bin/head
	User: kali
Event SYSMONEVENT_PROCESS_TERMINATE
	RuleName: -
	UtcTime: 2023-10-20 15:01:24.090
	ProcessGuid: {00000000-0000-0000-0000-000000000000}
	ProcessId: 6204
	Image: <unknown process>
	User: kali
Event SYSMONEVENT_CREATE_PROCESS
	RuleName: -
	UtcTime: 2023-10-20 15:01:24.090
	ProcessGuid: {76062d67-9644-6532-1d56-31ffdd550000}
	ProcessId: 6209
	Image: /usr/bin/ip
	FileVersion: -
	Description: -
	Product: -
	Company: -
	OriginalFileName: -
	CommandLine: ip a s 
	CurrentDirectory: /home/kali
	User: kali
	LogonGuid: {76062d67-0000-0000-e803-000000000000}
	LogonId: 1000
	TerminalSessionId: 2
	IntegrityLevel: no level
	Hashes: -
	ParentProcessGuid: {00000000-0000-0000-0000-000000000000}
	ParentProcessId: 6208
	ParentImage: -
	ParentCommandLine: -
	ParentUser: -
Event SYSMONEVENT_CREATE_PROCESS
	RuleName: -
	UtcTime: 2023-10-20 15:01:24.090
	ProcessGuid: {76062d67-9644-6532-59b3-09b205560000}
	ProcessId: 6210
	Image: /usr/bin/grep
	FileVersion: -
	Description: -
	Product: -
	Company: -
	OriginalFileName: -
	CommandLine: grep -o -P (?<=inet )[0-9]{1,3}(\.[0-9]{1,3}){3}
	CurrentDirectory: /home/kali
	User: kali
	LogonGuid: {76062d67-0000-0000-e803-000000000000}
	LogonId: 1000
	TerminalSessionId: 2
	IntegrityLevel: no level
	Hashes: -
	ParentProcessGuid: {00000000-0000-0000-0000-000000000000}
	ParentProcessId: 6208
	ParentImage: -
	ParentCommandLine: -
	ParentUser: -
Event SYSMONEVENT_PROCESS_TERMINATE
	RuleName: -
	UtcTime: 2023-10-20 15:01:24.091
	ProcessGuid: {76062d67-9644-6532-1d56-31ffdd550000}
	ProcessId: 6209
	Image: /usr/bin/ip
	User: kali
Event SYSMONEVENT_PROCESS_TERMINATE
	RuleName: -
	UtcTime: 2023-10-20 15:01:24.092
	ProcessGuid: {76062d67-9644-6532-59b3-09b205560000}
	ProcessId: 6210
	Image: /usr/bin/grep
	User: kali
Event SYSMONEVENT_PROCESS_TERMINATE
	RuleName: -
	UtcTime: 2023-10-20 15:01:24.092
	ProcessGuid: {76062d67-963f-6532-0000-000000000000}
	ProcessId: 6208
	Image: -
	User: kali
Event SYSMONEVENT_PROCESS_TERMINATE
	RuleName: -
	UtcTime: 2023-10-20 15:01:24.092
	ProcessGuid: {76062d67-9644-6532-b9bb-b8f13f560000}
	ProcessId: 6203
	Image: /usr/bin/dash
	User: kali
Event SYSMONEVENT_CREATE_PROCESS
	RuleName: -
	UtcTime: 2023-10-20 15:01:25.088
	ProcessGuid: {76062d67-9645-6532-b9cb-9b15ea550000}
	ProcessId: 6211
	Image: /usr/bin/dash
	FileVersion: -
	Description: -
	Product: -
	Company: -
	OriginalFileName: -
	CommandLine: /bin/sh /usr/share/kali-themes/xfce4-panel-genmon-vpnip.sh
	CurrentDirectory: /home/kali
	User: kali
	LogonGuid: {76062d67-0000-0000-e803-000000000000}
	LogonId: 1000
	TerminalSessionId: 2
	IntegrityLevel: no level
	Hashes: -
	ParentProcessGuid: {00000000-0000-0000-0000-000000000000}
	ParentProcessId: 1364
	ParentImage: -
	ParentCommandLine: -
	ParentUser: -
Event SYSMONEVENT_CREATE_PROCESS
	RuleName: -
	UtcTime: 2023-10-20 15:01:25.090
	ProcessGuid: {76062d67-9645-6532-d9a8-852fee550000}
	ProcessId: 6214
	Image: /usr/bin/cut
	FileVersion: -
	Description: -
	Product: -
	Company: -
	OriginalFileName: -
	CommandLine: cut -d : -f1
	CurrentDirectory: /home/kali
	User: kali
	LogonGuid: {76062d67-0000-0000-e803-000000000000}
	LogonId: 1000
	TerminalSessionId: 2
	IntegrityLevel: no level
	Hashes: -
	ParentProcessGuid: {00000000-0000-0000-0000-000000000000}
	ParentProcessId: 6212
	ParentImage: -
	ParentCommandLine: -
	ParentUser: -
Event SYSMONEVENT_CREATE_PROCESS
	RuleName: -
	UtcTime: 2023-10-20 15:01:25.090
	ProcessGuid: {76062d67-9645-6532-1db6-30f5b7550000}
	ProcessId: 6213
	Image: /usr/bin/ip
	FileVersion: -
	Description: -
	Product: -
	Company: -
	OriginalFileName: -
	CommandLine: ip tuntap show
	CurrentDirectory: /home/kali
	User: kali
	LogonGuid: {76062d67-0000-0000-e803-000000000000}
	LogonId: 1000
	TerminalSessionId: 2
	IntegrityLevel: no level
	Hashes: -
	ParentProcessGuid: {00000000-0000-0000-0000-000000000000}
	ParentProcessId: 6212
	ParentImage: -
	ParentCommandLine: -
	ParentUser: -
Event SYSMONEVENT_CREATE_PROCESS
	RuleName: -
	UtcTime: 2023-10-20 15:01:25.090
	ProcessGuid: {76062d67-9645-6532-298e-f2cb84550000}
	ProcessId: 6215
	Image: /usr/bin/head
	FileVersion: -
	Description: -
	Product: -
	Company: -
	OriginalFileName: -
	CommandLine: head -n 1
	CurrentDirectory: /home/kali
	User: kali
	LogonGuid: {76062d67-0000-0000-e803-000000000000}
	LogonId: 1000
	TerminalSessionId: 2
	IntegrityLevel: no level
	Hashes: -
	ParentProcessGuid: {00000000-0000-0000-0000-000000000000}
	ParentProcessId: 6212
	ParentImage: -
	ParentCommandLine: -
	ParentUser: -
Event SYSMONEVENT_NETWORK_CONNECT
	RuleName: -
	UtcTime: 2023-10-20 15:01:25.092
	ProcessGuid: {76062d67-9645-6532-1db6-30f5b7550000}
	ProcessId: 6213
	Image: /usr/bin/ip
	User: kali
	Protocol: udp
	Initiated: true
	SourceIsIpv6: true
	SourceIp: 0:0:0:0:0:0:0:0
	SourceHostname: -
	SourcePort: 0
	SourcePortName: -
	DestinationIsIpv6: true
	DestinationIp: 0:0:0:0:0:0:0:0
	DestinationHostname: -
	DestinationPort: 0
	DestinationPortName: -
Event SYSMONEVENT_PROCESS_TERMINATE
	RuleName: -
	UtcTime: 2023-10-20 15:01:25.092
	ProcessGuid: {76062d67-9645-6532-1db6-30f5b7550000}
	ProcessId: 6213
	Image: /usr/bin/ip
	User: kali
Event SYSMONEVENT_PROCESS_TERMINATE
	RuleName: -
	UtcTime: 2023-10-20 15:01:25.092
	ProcessGuid: {76062d67-9645-6532-d9a8-852fee550000}
	ProcessId: 6214
	Image: /usr/bin/cut
	User: kali
Event SYSMONEVENT_PROCESS_TERMINATE
	RuleName: -
	UtcTime: 2023-10-20 15:01:25.092
	ProcessGuid: {76062d67-9645-6532-298e-f2cb84550000}
	ProcessId: 6215
	Image: /usr/bin/head
	User: kali
Event SYSMONEVENT_PROCESS_TERMINATE
	RuleName: -
	UtcTime: 2023-10-20 15:01:25.092
	ProcessGuid: {76062d67-9645-6532-0000-000000000000}
	ProcessId: 6212
	Image: -
	User: kali
Event SYSMONEVENT_CREATE_PROCESS
	RuleName: -
	UtcTime: 2023-10-20 15:01:25.093
	ProcessGuid: {76062d67-9645-6532-1d26-f23054560000}
	ProcessId: 6217
	Image: /usr/bin/ip
	FileVersion: -
	Description: -
	Product: -
	Company: -
	OriginalFileName: -
	CommandLine: ip a s 
	CurrentDirectory: /home/kali
	User: kali
	LogonGuid: {76062d67-0000-0000-e803-000000000000}
	LogonId: 1000
	TerminalSessionId: 2
	IntegrityLevel: no level
	Hashes: -
	ParentProcessGuid: {00000000-0000-0000-0000-000000000000}
	ParentProcessId: 6216
	ParentImage: -
	ParentCommandLine: -
	ParentUser: -
Event SYSMONEVENT_CREATE_PROCESS
	RuleName: -
	UtcTime: 2023-10-20 15:01:25.093
	ProcessGuid: {76062d67-9645-6532-59a3-070c86550000}
	ProcessId: 6218
	Image: /usr/bin/grep
	FileVersion: -
	Description: -
	Product: -
	Company: -
	OriginalFileName: -
	CommandLine: grep -o -P (?<=inet )[0-9]{1,3}(\.[0-9]{1,3}){3}
	CurrentDirectory: /home/kali
	User: kali
	LogonGuid: {76062d67-0000-0000-e803-000000000000}
	LogonId: 1000
	TerminalSessionId: 2
	IntegrityLevel: no level
	Hashes: -
	ParentProcessGuid: {00000000-0000-0000-0000-000000000000}
	ParentProcessId: 6216
	ParentImage: -
	ParentCommandLine: -
	ParentUser: -
Event SYSMONEVENT_PROCESS_TERMINATE
	RuleName: -
	UtcTime: 2023-10-20 15:01:25.094
	ProcessGuid: {76062d67-9645-6532-1d26-f23054560000}
	ProcessId: 6217
	Image: /usr/bin/ip
	User: kali
Event SYSMONEVENT_PROCESS_TERMINATE
	RuleName: -
	UtcTime: 2023-10-20 15:01:25.094
	ProcessGuid: {76062d67-9645-6532-59a3-070c86550000}
	ProcessId: 6218
	Image: /usr/bin/grep
	User: kali
Event SYSMONEVENT_PROCESS_TERMINATE
	RuleName: -
	UtcTime: 2023-10-20 15:01:25.095
	ProcessGuid: {76062d67-9645-6532-0000-000000000000}
	ProcessId: 6216
	Image: -
	User: kali
Event SYSMONEVENT_PROCESS_TERMINATE
	RuleName: -
	UtcTime: 2023-10-20 15:01:25.095
	ProcessGuid: {76062d67-9645-6532-b9cb-9b15ea550000}
	ProcessId: 6211
	Image: /usr/bin/dash
	User: kali
Event SYSMONEVENT_CREATE_PROCESS
	RuleName: -
	UtcTime: 2023-10-20 15:01:26.090
	ProcessGuid: {76062d67-9646-6532-b9db-859feb550000}
	ProcessId: 6219
	Image: /usr/bin/dash
	FileVersion: -
	Description: -
	Product: -
	Company: -
	OriginalFileName: -
	CommandLine: /bin/sh /usr/share/kali-themes/xfce4-panel-genmon-vpnip.sh
	CurrentDirectory: /home/kali
	User: kali
	LogonGuid: {76062d67-0000-0000-e803-000000000000}
	LogonId: 1000
	TerminalSessionId: 2
	IntegrityLevel: no level
	Hashes: -
	ParentProcessGuid: {00000000-0000-0000-0000-000000000000}
	ParentProcessId: 1364
	ParentImage: -
	ParentCommandLine: -
	ParentUser: -
Event SYSMONEVENT_CREATE_PROCESS
	RuleName: -
	UtcTime: 2023-10-20 15:01:26.092
	ProcessGuid: {76062d67-9646-6532-1d06-282e7d550000}
	ProcessId: 6221
	Image: /usr/bin/ip
	FileVersion: -
	Description: -
	Product: -
	Company: -
	OriginalFileName: -
	CommandLine: ip tuntap show
	CurrentDirectory: /home/kali
	User: kali
	LogonGuid: {76062d67-0000-0000-e803-000000000000}
	LogonId: 1000
	TerminalSessionId: 2
	IntegrityLevel: no level
	Hashes: -
	ParentProcessGuid: {00000000-0000-0000-0000-000000000000}
	ParentProcessId: 6220
	ParentImage: -
	ParentCommandLine: -
	ParentUser: -
Event SYSMONEVENT_CREATE_PROCESS
	RuleName: -
	UtcTime: 2023-10-20 15:01:26.092
	ProcessGuid: {76062d67-9646-6532-d918-5bc6a8550000}
	ProcessId: 6222
	Image: /usr/bin/cut
	FileVersion: -
	Description: -
	Product: -
	Company: -
	OriginalFileName: -
	CommandLine: cut -d : -f1
	CurrentDirectory: /home/kali
	User: kali
	LogonGuid: {76062d67-0000-0000-e803-000000000000}
	LogonId: 1000
	TerminalSessionId: 2
	IntegrityLevel: no level
	Hashes: -
	ParentProcessGuid: {00000000-0000-0000-0000-000000000000}
	ParentProcessId: 6220
	ParentImage: -
	ParentCommandLine: -
	ParentUser: -
Event SYSMONEVENT_CREATE_PROCESS
	RuleName: -
	UtcTime: 2023-10-20 15:01:26.092
	ProcessGuid: {76062d67-9646-6532-292e-662826560000}
	ProcessId: 6223
	Image: /usr/bin/head
	FileVersion: -
	Description: -
	Product: -
	Company: -
	OriginalFileName: -
	CommandLine: head -n 1
	CurrentDirectory: /home/kali
	User: kali
	LogonGuid: {76062d67-0000-0000-e803-000000000000}
	LogonId: 1000
	TerminalSessionId: 2
	IntegrityLevel: no level
	Hashes: -
	ParentProcessGuid: {00000000-0000-0000-0000-000000000000}
	ParentProcessId: 6220
	ParentImage: -
	ParentCommandLine: -
	ParentUser: -
Event SYSMONEVENT_NETWORK_CONNECT
	RuleName: -
	UtcTime: 2023-10-20 15:01:26.108
	ProcessGuid: {76062d67-9646-6532-1d06-282e7d550000}
	ProcessId: 6221
	Image: /usr/bin/ip
	User: kali
	Protocol: udp
	Initiated: true
	SourceIsIpv6: true
	SourceIp: 0:0:0:0:0:0:0:0
	SourceHostname: -
	SourcePort: 0
	SourcePortName: -
	DestinationIsIpv6: true
	DestinationIp: 0:0:0:0:0:0:0:0
	DestinationHostname: -
	DestinationPort: 0
	DestinationPortName: -
Event SYSMONEVENT_PROCESS_TERMINATE
	RuleName: -
	UtcTime: 2023-10-20 15:01:26.108
	ProcessGuid: {76062d67-9646-6532-1d06-282e7d550000}
	ProcessId: 6221
	Image: /usr/bin/ip
	User: kali
Event SYSMONEVENT_PROCESS_TERMINATE
	RuleName: -
	UtcTime: 2023-10-20 15:01:26.108
	ProcessGuid: {76062d67-9646-6532-d918-5bc6a8550000}
	ProcessId: 6222
	Image: /usr/bin/cut
	User: kali
Event SYSMONEVENT_PROCESS_TERMINATE
	RuleName: -
	UtcTime: 2023-10-20 15:01:26.109
	ProcessGuid: {76062d67-9646-6532-292e-662826560000}
	ProcessId: 6223
	Image: /usr/bin/head
	User: kali
Event SYSMONEVENT_PROCESS_TERMINATE
	RuleName: -
	UtcTime: 2023-10-20 15:01:26.109
	ProcessGuid: {76062d67-9645-6532-0000-000000000000}
	ProcessId: 6220
	Image: -
	User: kali
Event SYSMONEVENT_CREATE_PROCESS
	RuleName: -
	UtcTime: 2023-10-20 15:01:26.109
	ProcessGuid: {76062d67-9646-6532-5943-9833b5550000}
	ProcessId: 6226
	Image: /usr/bin/grep
	FileVersion: -
	Description: -
	Product: -
	Company: -
	OriginalFileName: -
	CommandLine: grep -o -P (?<=inet )[0-9]{1,3}(\.[0-9]{1,3}){3}
	CurrentDirectory: /home/kali
	User: kali
	LogonGuid: {76062d67-0000-0000-e803-000000000000}
	LogonId: 1000
	TerminalSessionId: 2
	IntegrityLevel: no level
	Hashes: -
	ParentProcessGuid: {00000000-0000-0000-0000-000000000000}
	ParentProcessId: 6224
	ParentImage: -
	ParentCommandLine: -
	ParentUser: -
Event SYSMONEVENT_CREATE_PROCESS
	RuleName: -
	UtcTime: 2023-10-20 15:01:26.109
	ProcessGuid: {76062d67-9646-6532-1de6-4f3b47560000}
	ProcessId: 6225
	Image: /usr/bin/ip
	FileVersion: -
	Description: -
	Product: -
	Company: -
	OriginalFileName: -
	CommandLine: ip a s 
	CurrentDirectory: /home/kali
	User: kali
	LogonGuid: {76062d67-0000-0000-e803-000000000000}
	LogonId: 1000
	TerminalSessionId: 2
	IntegrityLevel: no level
	Hashes: -
	ParentProcessGuid: {00000000-0000-0000-0000-000000000000}
	ParentProcessId: 6224
	ParentImage: -
	ParentCommandLine: -
	ParentUser: -
Event SYSMONEVENT_PROCESS_TERMINATE
	RuleName: -
	UtcTime: 2023-10-20 15:01:26.122
	ProcessGuid: {76062d67-9646-6532-1de6-4f3b47560000}
	ProcessId: 6225
	Image: /usr/bin/ip
	User: kali
Event SYSMONEVENT_PROCESS_TERMINATE
	RuleName: -
	UtcTime: 2023-10-20 15:01:26.123
	ProcessGuid: {76062d67-9646-6532-5943-9833b5550000}
	ProcessId: 6226
	Image: /usr/bin/grep
	User: kali
Event SYSMONEVENT_PROCESS_TERMINATE
	RuleName: -
	UtcTime: 2023-10-20 15:01:26.123
	ProcessGuid: {00000000-0000-0000-0000-000000000000}
	ProcessId: 6224
	Image: <unknown process>
	User: kali
Event SYSMONEVENT_PROCESS_TERMINATE
	RuleName: -
	UtcTime: 2023-10-20 15:01:26.124
	ProcessGuid: {76062d67-9646-6532-b9db-859feb550000}
	ProcessId: 6219
	Image: /usr/bin/dash
	User: kali
Event SYSMONEVENT_CREATE_PROCESS
	RuleName: -
	UtcTime: 2023-10-20 15:01:27.092
	ProcessGuid: {76062d67-9647-6532-b96b-3ceea0550000}
	ProcessId: 6227
	Image: /usr/bin/dash
	FileVersion: -
	Description: -
	Product: -
	Company: -
	OriginalFileName: -
	CommandLine: /bin/sh /usr/share/kali-themes/xfce4-panel-genmon-vpnip.sh
	CurrentDirectory: /home/kali
	User: kali
	LogonGuid: {76062d67-0000-0000-e803-000000000000}
	LogonId: 1000
	TerminalSessionId: 2
	IntegrityLevel: no level
	Hashes: -
	ParentProcessGuid: {00000000-0000-0000-0000-000000000000}
	ParentProcessId: 1364
	ParentImage: -
	ParentCommandLine: -
	ParentUser: -
Event SYSMONEVENT_CREATE_PROCESS
	RuleName: -
	UtcTime: 2023-10-20 15:01:27.094
	ProcessGuid: {76062d67-9647-6532-1d86-3f0ac5550000}
	ProcessId: 6229
	Image: /usr/bin/ip
	FileVersion: -
	Description: -
	Product: -
	Company: -
	OriginalFileName: -
	CommandLine: ip tuntap show
	CurrentDirectory: /home/kali
	User: kali
	LogonGuid: {76062d67-0000-0000-e803-000000000000}
	LogonId: 1000
	TerminalSessionId: 2
	IntegrityLevel: no level
	Hashes: -
	ParentProcessGuid: {00000000-0000-0000-0000-000000000000}
	ParentProcessId: 6228
	ParentImage: -
	ParentCommandLine: -
	ParentUser: -
Event SYSMONEVENT_CREATE_PROCESS
	RuleName: -
	UtcTime: 2023-10-20 15:01:27.094
	ProcessGuid: {76062d67-9647-6532-297e-de28be550000}
	ProcessId: 6231
	Image: /usr/bin/head
	FileVersion: -
	Description: -
	Product: -
	Company: -
	OriginalFileName: -
	CommandLine: head -n 1
	CurrentDirectory: /home/kali
	User: kali
	LogonGuid: {76062d67-0000-0000-e803-000000000000}
	LogonId: 1000
	TerminalSessionId: 2
	IntegrityLevel: no level
	Hashes: -
	ParentProcessGuid: {00000000-0000-0000-0000-000000000000}
	ParentProcessId: 6228
	ParentImage: -
	ParentCommandLine: -
	ParentUser: -
Event SYSMONEVENT_CREATE_PROCESS
	RuleName: -
	UtcTime: 2023-10-20 15:01:27.094
	ProcessGuid: {76062d67-9647-6532-d988-2e11f2550000}
	ProcessId: 6230
	Image: /usr/bin/cut
	FileVersion: -
	Description: -
	Product: -
	Company: -
	OriginalFileName: -
	CommandLine: cut -d : -f1
	CurrentDirectory: /home/kali
	User: kali
	LogonGuid: {76062d67-0000-0000-e803-000000000000}
	LogonId: 1000
	TerminalSessionId: 2
	IntegrityLevel: no level
	Hashes: -
	ParentProcessGuid: {00000000-0000-0000-0000-000000000000}
	ParentProcessId: 6228
	ParentImage: -
	ParentCommandLine: -
	ParentUser: -
Event SYSMONEVENT_NETWORK_CONNECT
	RuleName: -
	UtcTime: 2023-10-20 15:01:27.095
	ProcessGuid: {76062d67-9647-6532-1d86-3f0ac5550000}
	ProcessId: 6229
	Image: /usr/bin/ip
	User: kali
	Protocol: udp
	Initiated: true
	SourceIsIpv6: true
	SourceIp: 0:0:0:0:0:0:0:0
	SourceHostname: -
	SourcePort: 0
	SourcePortName: -
	DestinationIsIpv6: true
	DestinationIp: 0:0:0:0:0:0:0:0
	DestinationHostname: -
	DestinationPort: 0
	DestinationPortName: -
Event SYSMONEVENT_PROCESS_TERMINATE
	RuleName: -
	UtcTime: 2023-10-20 15:01:27.095
	ProcessGuid: {76062d67-9647-6532-1d86-3f0ac5550000}
	ProcessId: 6229
	Image: /usr/bin/ip
	User: kali
Event SYSMONEVENT_PROCESS_TERMINATE
	RuleName: -
	UtcTime: 2023-10-20 15:01:27.095
	ProcessGuid: {76062d67-9647-6532-d988-2e11f2550000}
	ProcessId: 6230
	Image: /usr/bin/cut
	User: kali
Event SYSMONEVENT_PROCESS_TERMINATE
	RuleName: -
	UtcTime: 2023-10-20 15:01:27.095
	ProcessGuid: {76062d67-9647-6532-297e-de28be550000}
	ProcessId: 6231
	Image: /usr/bin/head
	User: kali
Event SYSMONEVENT_PROCESS_TERMINATE
	RuleName: -
	UtcTime: 2023-10-20 15:01:27.096
	ProcessGuid: {00000000-0000-0000-0000-000000000000}
	ProcessId: 6228
	Image: <unknown process>
	User: kali
Event SYSMONEVENT_CREATE_PROCESS
	RuleName: -
	UtcTime: 2023-10-20 15:01:27.096
	ProcessGuid: {76062d67-9647-6532-1d46-fd13d1550000}
	ProcessId: 6233
	Image: /usr/bin/ip
	FileVersion: -
	Description: -
	Product: -
	Company: -
	OriginalFileName: -
	CommandLine: ip a s 
	CurrentDirectory: /home/kali
	User: kali
	LogonGuid: {76062d67-0000-0000-e803-000000000000}
	LogonId: 1000
	TerminalSessionId: 2
	IntegrityLevel: no level
	Hashes: -
	ParentProcessGuid: {00000000-0000-0000-0000-000000000000}
	ParentProcessId: 6232
	ParentImage: -
	ParentCommandLine: -
	ParentUser: -
Event SYSMONEVENT_CREATE_PROCESS
	RuleName: -
	UtcTime: 2023-10-20 15:01:27.096
	ProcessGuid: {76062d67-9647-6532-59b3-0433f9550000}
	ProcessId: 6234
	Image: /usr/bin/grep
	FileVersion: -
	Description: -
	Product: -
	Company: -
	OriginalFileName: -
	CommandLine: grep -o -P (?<=inet )[0-9]{1,3}(\.[0-9]{1,3}){3}
	CurrentDirectory: /home/kali
	User: kali
	LogonGuid: {76062d67-0000-0000-e803-000000000000}
	LogonId: 1000
	TerminalSessionId: 2
	IntegrityLevel: no level
	Hashes: -
	ParentProcessGuid: {00000000-0000-0000-0000-000000000000}
	ParentProcessId: 6232
	ParentImage: -
	ParentCommandLine: -
	ParentUser: -
Event SYSMONEVENT_PROCESS_TERMINATE
	RuleName: -
	UtcTime: 2023-10-20 15:01:27.098
	ProcessGuid: {76062d67-9647-6532-1d46-fd13d1550000}
	ProcessId: 6233
	Image: /usr/bin/ip
	User: kali
Event SYSMONEVENT_PROCESS_TERMINATE
	RuleName: -
	UtcTime: 2023-10-20 15:01:27.098
	ProcessGuid: {76062d67-9647-6532-59b3-0433f9550000}
	ProcessId: 6234
	Image: /usr/bin/grep
	User: kali
Event SYSMONEVENT_PROCESS_TERMINATE
	RuleName: -
	UtcTime: 2023-10-20 15:01:27.098
	ProcessGuid: {00000000-0000-0000-0000-000000000000}
	ProcessId: 6232
	Image: <unknown process>
	User: kali
Event SYSMONEVENT_PROCESS_TERMINATE
	RuleName: -
	UtcTime: 2023-10-20 15:01:27.098
	ProcessGuid: {76062d67-9647-6532-b96b-3ceea0550000}
	ProcessId: 6227
	Image: /usr/bin/dash
	User: kali
Event SYSMONEVENT_CREATE_PROCESS
	RuleName: -
	UtcTime: 2023-10-20 15:01:28.094
	ProcessGuid: {76062d67-9648-6532-b9bb-3b65ef550000}
	ProcessId: 6235
	Image: /usr/bin/dash
	FileVersion: -
	Description: -
	Product: -
	Company: -
	OriginalFileName: -
	CommandLine: /bin/sh /usr/share/kali-themes/xfce4-panel-genmon-vpnip.sh
	CurrentDirectory: /home/kali
	User: kali
	LogonGuid: {76062d67-0000-0000-e803-000000000000}
	LogonId: 1000
	TerminalSessionId: 2
	IntegrityLevel: no level
	Hashes: -
	ParentProcessGuid: {00000000-0000-0000-0000-000000000000}
	ParentProcessId: 1364
	ParentImage: -
	ParentCommandLine: -
	ParentUser: -
Event SYSMONEVENT_CREATE_PROCESS
	RuleName: -
	UtcTime: 2023-10-20 15:01:28.095
	ProcessGuid: {76062d67-9648-6532-1d76-517a16560000}
	ProcessId: 6237
	Image: /usr/bin/ip
	FileVersion: -
	Description: -
	Product: -
	Company: -
	OriginalFileName: -
	CommandLine: ip tuntap show
	CurrentDirectory: /home/kali
	User: kali
	LogonGuid: {76062d67-0000-0000-e803-000000000000}
	LogonId: 1000
	TerminalSessionId: 2
	IntegrityLevel: no level
	Hashes: -
	ParentProcessGuid: {00000000-0000-0000-0000-000000000000}
	ParentProcessId: 6236
	ParentImage: -
	ParentCommandLine: -
	ParentUser: -
Event SYSMONEVENT_CREATE_PROCESS
	RuleName: -
	UtcTime: 2023-10-20 15:01:28.095
	ProcessGuid: {76062d67-9648-6532-d978-1cf27c550000}
	ProcessId: 6238
	Image: /usr/bin/cut
	FileVersion: -
	Description: -
	Product: -
	Company: -
	OriginalFileName: -
	CommandLine: cut -d : -f1
	CurrentDirectory: /home/kali
	User: kali
	LogonGuid: {76062d67-0000-0000-e803-000000000000}
	LogonId: 1000
	TerminalSessionId: 2
	IntegrityLevel: no level
	Hashes: -
	ParentProcessGuid: {00000000-0000-0000-0000-000000000000}
	ParentProcessId: 6236
	ParentImage: -
	ParentCommandLine: -
	ParentUser: -
Event SYSMONEVENT_CREATE_PROCESS
	RuleName: -
	UtcTime: 2023-10-20 15:01:28.095
	ProcessGuid: {76062d67-9648-6532-29ce-d99b49560000}
	ProcessId: 6239
	Image: /usr/bin/head
	FileVersion: -
	Description: -
	Product: -
	Company: -
	OriginalFileName: -
	CommandLine: head -n 1
	CurrentDirectory: /home/kali
	User: kali
	LogonGuid: {76062d67-0000-0000-e803-000000000000}
	LogonId: 1000
	TerminalSessionId: 2
	IntegrityLevel: no level
	Hashes: -
	ParentProcessGuid: {00000000-0000-0000-0000-000000000000}
	ParentProcessId: 6236
	ParentImage: -
	ParentCommandLine: -
	ParentUser: -
Event SYSMONEVENT_NETWORK_CONNECT
	RuleName: -
	UtcTime: 2023-10-20 15:01:28.097
	ProcessGuid: {76062d67-9648-6532-1d76-517a16560000}
	ProcessId: 6237
	Image: /usr/bin/ip
	User: kali
	Protocol: udp
	Initiated: true
	SourceIsIpv6: true
	SourceIp: 0:0:0:0:0:0:0:0
	SourceHostname: -
	SourcePort: 0
	SourcePortName: -
	DestinationIsIpv6: true
	DestinationIp: 0:0:0:0:0:0:0:0
	DestinationHostname: -
	DestinationPort: 0
	DestinationPortName: -
Event SYSMONEVENT_PROCESS_TERMINATE
	RuleName: -
	UtcTime: 2023-10-20 15:01:28.097
	ProcessGuid: {76062d67-9648-6532-1d76-517a16560000}
	ProcessId: 6237
	Image: /usr/bin/ip
	User: kali
Event SYSMONEVENT_PROCESS_TERMINATE
	RuleName: -
	UtcTime: 2023-10-20 15:01:28.097
	ProcessGuid: {76062d67-9648-6532-d978-1cf27c550000}
	ProcessId: 6238
	Image: /usr/bin/cut
	User: kali
Event SYSMONEVENT_PROCESS_TERMINATE
	RuleName: -
	UtcTime: 2023-10-20 15:01:28.097
	ProcessGuid: {76062d67-9648-6532-29ce-d99b49560000}
	ProcessId: 6239
	Image: /usr/bin/head
	User: kali
Event SYSMONEVENT_PROCESS_TERMINATE
	RuleName: -
	UtcTime: 2023-10-20 15:01:28.097
	ProcessGuid: {76062d67-9648-6532-0000-000000000000}
	ProcessId: 6236
	Image: -
	User: kali
Event SYSMONEVENT_CREATE_PROCESS
	RuleName: -
	UtcTime: 2023-10-20 15:01:28.097
	ProcessGuid: {76062d67-9648-6532-1d56-c5c54d560000}
	ProcessId: 6241
	Image: /usr/bin/ip
	FileVersion: -
	Description: -
	Product: -
	Company: -
	OriginalFileName: -
	CommandLine: ip a s 
	CurrentDirectory: /home/kali
	User: kali
	LogonGuid: {76062d67-0000-0000-e803-000000000000}
	LogonId: 1000
	TerminalSessionId: 2
	IntegrityLevel: no level
	Hashes: -
	ParentProcessGuid: {00000000-0000-0000-0000-000000000000}
	ParentProcessId: 6240
	ParentImage: -
	ParentCommandLine: -
	ParentUser: -
Event SYSMONEVENT_CREATE_PROCESS
	RuleName: -
	UtcTime: 2023-10-20 15:01:28.097
	ProcessGuid: {76062d67-9648-6532-59a3-08d262550000}
	ProcessId: 6242
	Image: /usr/bin/grep
	FileVersion: -
	Description: -
	Product: -
	Company: -
	OriginalFileName: -
	CommandLine: grep -o -P (?<=inet )[0-9]{1,3}(\.[0-9]{1,3}){3}
	CurrentDirectory: /home/kali
	User: kali
	LogonGuid: {76062d67-0000-0000-e803-000000000000}
	LogonId: 1000
	TerminalSessionId: 2
	IntegrityLevel: no level
	Hashes: -
	ParentProcessGuid: {00000000-0000-0000-0000-000000000000}
	ParentProcessId: 6240
	ParentImage: -
	ParentCommandLine: -
	ParentUser: -
Event SYSMONEVENT_PROCESS_TERMINATE
	RuleName: -
	UtcTime: 2023-10-20 15:01:28.099
	ProcessGuid: {76062d67-9648-6532-1d56-c5c54d560000}
	ProcessId: 6241
	Image: /usr/bin/ip
	User: kali
Event SYSMONEVENT_PROCESS_TERMINATE
	RuleName: -
	UtcTime: 2023-10-20 15:01:28.099
	ProcessGuid: {76062d67-9648-6532-59a3-08d262550000}
	ProcessId: 6242
	Image: /usr/bin/grep
	User: kali
Event SYSMONEVENT_PROCESS_TERMINATE
	RuleName: -
	UtcTime: 2023-10-20 15:01:28.099
	ProcessGuid: {00000000-0000-0000-0000-000000000000}
	ProcessId: 6240
	Image: <unknown process>
	User: kali
Event SYSMONEVENT_PROCESS_TERMINATE
	RuleName: -
	UtcTime: 2023-10-20 15:01:28.099
	ProcessGuid: {76062d67-9648-6532-b9bb-3b65ef550000}
	ProcessId: 6235
	Image: /usr/bin/dash
	User: kali
Event SYSMONEVENT_CREATE_PROCESS
	RuleName: -
	UtcTime: 2023-10-20 15:01:29.097
	ProcessGuid: {76062d67-9649-6532-b92b-713f97550000}
	ProcessId: 6243
	Image: /usr/bin/dash
	FileVersion: -
	Description: -
	Product: -
	Company: -
	OriginalFileName: -
	CommandLine: /bin/sh /usr/share/kali-themes/xfce4-panel-genmon-vpnip.sh
	CurrentDirectory: /home/kali
	User: kali
	LogonGuid: {76062d67-0000-0000-e803-000000000000}
	LogonId: 1000
	TerminalSessionId: 2
	IntegrityLevel: no level
	Hashes: -
	ParentProcessGuid: {00000000-0000-0000-0000-000000000000}
	ParentProcessId: 1364
	ParentImage: -
	ParentCommandLine: -
	ParentUser: -
Event SYSMONEVENT_CREATE_PROCESS
	RuleName: -
	UtcTime: 2023-10-20 15:01:29.098
	ProcessGuid: {76062d67-9649-6532-1dc6-7c8f62550000}
	ProcessId: 6245
	Image: /usr/bin/ip
	FileVersion: -
	Description: -
	Product: -
	Company: -
	OriginalFileName: -
	CommandLine: ip tuntap show
	CurrentDirectory: /home/kali
	User: kali
	LogonGuid: {76062d67-0000-0000-e803-000000000000}
	LogonId: 1000
	TerminalSessionId: 2
	IntegrityLevel: no level
	Hashes: -
	ParentProcessGuid: {00000000-0000-0000-0000-000000000000}
	ParentProcessId: 6244
	ParentImage: -
	ParentCommandLine: -
	ParentUser: -
Event SYSMONEVENT_CREATE_PROCESS
	RuleName: -
	UtcTime: 2023-10-20 15:01:29.099
	ProcessGuid: {76062d67-9649-6532-d928-d04acb550000}
	ProcessId: 6246
	Image: /usr/bin/cut
	FileVersion: -
	Description: -
	Product: -
	Company: -
	OriginalFileName: -
	CommandLine: cut -d : -f1
	CurrentDirectory: /home/kali
	User: kali
	LogonGuid: {76062d67-0000-0000-e803-000000000000}
	LogonId: 1000
	TerminalSessionId: 2
	IntegrityLevel: no level
	Hashes: -
	ParentProcessGuid: {00000000-0000-0000-0000-000000000000}
	ParentProcessId: 6244
	ParentImage: -
	ParentCommandLine: -
	ParentUser: -
Event SYSMONEVENT_CREATE_PROCESS
	RuleName: -
	UtcTime: 2023-10-20 15:01:29.099
	ProcessGuid: {76062d67-9649-6532-293e-d3be17560000}
	ProcessId: 6247
	Image: /usr/bin/head
	FileVersion: -
	Description: -
	Product: -
	Company: -
	OriginalFileName: -
	CommandLine: head -n 1
	CurrentDirectory: /home/kali
	User: kali
	LogonGuid: {76062d67-0000-0000-e803-000000000000}
	LogonId: 1000
	TerminalSessionId: 2
	IntegrityLevel: no level
	Hashes: -
	ParentProcessGuid: {00000000-0000-0000-0000-000000000000}
	ParentProcessId: 6244
	ParentImage: -
	ParentCommandLine: -
	ParentUser: -
Event SYSMONEVENT_NETWORK_CONNECT
	RuleName: -
	UtcTime: 2023-10-20 15:01:29.100
	ProcessGuid: {76062d67-9649-6532-1dc6-7c8f62550000}
	ProcessId: 6245
	Image: /usr/bin/ip
	User: kali
	Protocol: udp
	Initiated: true
	SourceIsIpv6: true
	SourceIp: 0:0:0:0:0:0:0:0
	SourceHostname: -
	SourcePort: 0
	SourcePortName: -
	DestinationIsIpv6: true
	DestinationIp: 0:0:0:0:0:0:0:0
	DestinationHostname: -
	DestinationPort: 0
	DestinationPortName: -
Event SYSMONEVENT_PROCESS_TERMINATE
	RuleName: -
	UtcTime: 2023-10-20 15:01:29.100
	ProcessGuid: {76062d67-9649-6532-1dc6-7c8f62550000}
	ProcessId: 6245
	Image: /usr/bin/ip
	User: kali
Event SYSMONEVENT_PROCESS_TERMINATE
	RuleName: -
	UtcTime: 2023-10-20 15:01:29.100
	ProcessGuid: {76062d67-9649-6532-d928-d04acb550000}
	ProcessId: 6246
	Image: /usr/bin/cut
	User: kali
Event SYSMONEVENT_PROCESS_TERMINATE
	RuleName: -
	UtcTime: 2023-10-20 15:01:29.100
	ProcessGuid: {76062d67-9649-6532-293e-d3be17560000}
	ProcessId: 6247
	Image: /usr/bin/head
	User: kali
Event SYSMONEVENT_PROCESS_TERMINATE
	RuleName: -
	UtcTime: 2023-10-20 15:01:29.100
	ProcessGuid: {76062d67-9648-6532-0000-000000000000}
	ProcessId: 6244
	Image: -
	User: kali
Event SYSMONEVENT_CREATE_PROCESS
	RuleName: -
	UtcTime: 2023-10-20 15:01:29.101
	ProcessGuid: {76062d67-9649-6532-1d06-b8e920560000}
	ProcessId: 6249
	Image: /usr/bin/ip
	FileVersion: -
	Description: -
	Product: -
	Company: -
	OriginalFileName: -
	CommandLine: ip a s 
	CurrentDirectory: /home/kali
	User: kali
	LogonGuid: {76062d67-0000-0000-e803-000000000000}
	LogonId: 1000
	TerminalSessionId: 2
	IntegrityLevel: no level
	Hashes: -
	ParentProcessGuid: {00000000-0000-0000-0000-000000000000}
	ParentProcessId: 6248
	ParentImage: -
	ParentCommandLine: -
	ParentUser: -
Event SYSMONEVENT_CREATE_PROCESS
	RuleName: -
	UtcTime: 2023-10-20 15:01:29.101
	ProcessGuid: {76062d67-9649-6532-5963-c6e75f550000}
	ProcessId: 6250
	Image: /usr/bin/grep
	FileVersion: -
	Description: -
	Product: -
	Company: -
	OriginalFileName: -
	CommandLine: grep -o -P (?<=inet )[0-9]{1,3}(\.[0-9]{1,3}){3}
	CurrentDirectory: /home/kali
	User: kali
	LogonGuid: {76062d67-0000-0000-e803-000000000000}
	LogonId: 1000
	TerminalSessionId: 2
	IntegrityLevel: no level
	Hashes: -
	ParentProcessGuid: {00000000-0000-0000-0000-000000000000}
	ParentProcessId: 6248
	ParentImage: -
	ParentCommandLine: -
	ParentUser: -
Event SYSMONEVENT_PROCESS_TERMINATE
	RuleName: -
	UtcTime: 2023-10-20 15:01:29.102
	ProcessGuid: {76062d67-9649-6532-1d06-b8e920560000}
	ProcessId: 6249
	Image: /usr/bin/ip
	User: kali
Event SYSMONEVENT_PROCESS_TERMINATE
	RuleName: -
	UtcTime: 2023-10-20 15:01:29.103
	ProcessGuid: {76062d67-9649-6532-5963-c6e75f550000}
	ProcessId: 6250
	Image: /usr/bin/grep
	User: kali
Event SYSMONEVENT_PROCESS_TERMINATE
	RuleName: -
	UtcTime: 2023-10-20 15:01:29.103
	ProcessGuid: {00000000-0000-0000-0000-000000000000}
	ProcessId: 6248
	Image: <unknown process>
	User: kali
Event SYSMONEVENT_PROCESS_TERMINATE
	RuleName: -
	UtcTime: 2023-10-20 15:01:29.103
	ProcessGuid: {76062d67-9649-6532-b92b-713f97550000}
	ProcessId: 6243
	Image: /usr/bin/dash
	User: kali
Event SYSMONEVENT_CREATE_PROCESS
	RuleName: -
	UtcTime: 2023-10-20 15:01:30.098
	ProcessGuid: {76062d67-964a-6532-b9ab-e041ac550000}
	ProcessId: 6251
	Image: /usr/bin/dash
	FileVersion: -
	Description: -
	Product: -
	Company: -
	OriginalFileName: -
	CommandLine: /bin/sh /usr/share/kali-themes/xfce4-panel-genmon-vpnip.sh
	CurrentDirectory: /home/kali
	User: kali
	LogonGuid: {76062d67-0000-0000-e803-000000000000}
	LogonId: 1000
	TerminalSessionId: 2
	IntegrityLevel: no level
	Hashes: -
	ParentProcessGuid: {00000000-0000-0000-0000-000000000000}
	ParentProcessId: 1364
	ParentImage: -
	ParentCommandLine: -
	ParentUser: -
Event SYSMONEVENT_CREATE_PROCESS
	RuleName: -
	UtcTime: 2023-10-20 15:01:30.100
	ProcessGuid: {76062d67-964a-6532-1dc6-ea9500560000}
	ProcessId: 6253
	Image: /usr/bin/ip
	FileVersion: -
	Description: -
	Product: -
	Company: -
	OriginalFileName: -
	CommandLine: ip tuntap show
	CurrentDirectory: /home/kali
	User: kali
	LogonGuid: {76062d67-0000-0000-e803-000000000000}
	LogonId: 1000
	TerminalSessionId: 2
	IntegrityLevel: no level
	Hashes: -
	ParentProcessGuid: {00000000-0000-0000-0000-000000000000}
	ParentProcessId: 6252
	ParentImage: -
	ParentCommandLine: -
	ParentUser: -
Event SYSMONEVENT_CREATE_PROCESS
	RuleName: -
	UtcTime: 2023-10-20 15:01:30.100
	ProcessGuid: {76062d67-964a-6532-29de-beb32f560000}
	ProcessId: 6255
	Image: /usr/bin/head
	FileVersion: -
	Description: -
	Product: -
	Company: -
	OriginalFileName: -
	CommandLine: head -n 1
	CurrentDirectory: /home/kali
	User: kali
	LogonGuid: {76062d67-0000-0000-e803-000000000000}
	LogonId: 1000
	TerminalSessionId: 2
	IntegrityLevel: no level
	Hashes: -
	ParentProcessGuid: {00000000-0000-0000-0000-000000000000}
	ParentProcessId: 6252
	ParentImage: -
	ParentCommandLine: -
	ParentUser: -
Event SYSMONEVENT_CREATE_PROCESS
	RuleName: -
	UtcTime: 2023-10-20 15:01:30.100
	ProcessGuid: {76062d67-964a-6532-d918-30c594550000}
	ProcessId: 6254
	Image: /usr/bin/cut
	FileVersion: -
	Description: -
	Product: -
	Company: -
	OriginalFileName: -
	CommandLine: cut -d : -f1
	CurrentDirectory: /home/kali
	User: kali
	LogonGuid: {76062d67-0000-0000-e803-000000000000}
	LogonId: 1000
	TerminalSessionId: 2
	IntegrityLevel: no level
	Hashes: -
	ParentProcessGuid: {00000000-0000-0000-0000-000000000000}
	ParentProcessId: 6252
	ParentImage: -
	ParentCommandLine: -
	ParentUser: -
Event SYSMONEVENT_NETWORK_CONNECT
	RuleName: -
	UtcTime: 2023-10-20 15:01:30.101
	ProcessGuid: {76062d67-964a-6532-1dc6-ea9500560000}
	ProcessId: 6253
	Image: /usr/bin/ip
	User: kali
	Protocol: udp
	Initiated: true
	SourceIsIpv6: true
	SourceIp: 0:0:0:0:0:0:0:0
	SourceHostname: -
	SourcePort: 0
	SourcePortName: -
	DestinationIsIpv6: true
	DestinationIp: 0:0:0:0:0:0:0:0
	DestinationHostname: -
	DestinationPort: 0
	DestinationPortName: -
Event SYSMONEVENT_PROCESS_TERMINATE
	RuleName: -
	UtcTime: 2023-10-20 15:01:30.102
	ProcessGuid: {76062d67-964a-6532-1dc6-ea9500560000}
	ProcessId: 6253
	Image: /usr/bin/ip
	User: kali
Event SYSMONEVENT_PROCESS_TERMINATE
	RuleName: -
	UtcTime: 2023-10-20 15:01:30.102
	ProcessGuid: {76062d67-964a-6532-d918-30c594550000}
	ProcessId: 6254
	Image: /usr/bin/cut
	User: kali
Event SYSMONEVENT_PROCESS_TERMINATE
	RuleName: -
	UtcTime: 2023-10-20 15:01:30.102
	ProcessGuid: {76062d67-964a-6532-29de-beb32f560000}
	ProcessId: 6255
	Image: /usr/bin/head
	User: kali
Event SYSMONEVENT_PROCESS_TERMINATE
	RuleName: -
	UtcTime: 2023-10-20 15:01:30.102
	ProcessGuid: {76062d67-9648-6532-0000-000000000000}
	ProcessId: 6252
	Image: -
	User: kali
Event SYSMONEVENT_CREATE_PROCESS
	RuleName: -
	UtcTime: 2023-10-20 15:01:30.102
	ProcessGuid: {76062d67-964a-6532-1dd6-355895550000}
	ProcessId: 6257
	Image: /usr/bin/ip
	FileVersion: -
	Description: -
	Product: -
	Company: -
	OriginalFileName: -
	CommandLine: ip a s 
	CurrentDirectory: /home/kali
	User: kali
	LogonGuid: {76062d67-0000-0000-e803-000000000000}
	LogonId: 1000
	TerminalSessionId: 2
	IntegrityLevel: no level
	Hashes: -
	ParentProcessGuid: {00000000-0000-0000-0000-000000000000}
	ParentProcessId: 6256
	ParentImage: -
	ParentCommandLine: -
	ParentUser: -
Event SYSMONEVENT_CREATE_PROCESS
	RuleName: -
	UtcTime: 2023-10-20 15:01:30.102
	ProcessGuid: {76062d67-964a-6532-5953-d4a92e560000}
	ProcessId: 6258
	Image: /usr/bin/grep
	FileVersion: -
	Description: -
	Product: -
	Company: -
	OriginalFileName: -
	CommandLine: grep -o -P (?<=inet )[0-9]{1,3}(\.[0-9]{1,3}){3}
	CurrentDirectory: /home/kali
	User: kali
	LogonGuid: {76062d67-0000-0000-e803-000000000000}
	LogonId: 1000
	TerminalSessionId: 2
	IntegrityLevel: no level
	Hashes: -
	ParentProcessGuid: {00000000-0000-0000-0000-000000000000}
	ParentProcessId: 6256
	ParentImage: -
	ParentCommandLine: -
	ParentUser: -
Event SYSMONEVENT_PROCESS_TERMINATE
	RuleName: -
	UtcTime: 2023-10-20 15:01:30.104
	ProcessGuid: {76062d67-964a-6532-1dd6-355895550000}
	ProcessId: 6257
	Image: /usr/bin/ip
	User: kali
Event SYSMONEVENT_PROCESS_TERMINATE
	RuleName: -
	UtcTime: 2023-10-20 15:01:30.104
	ProcessGuid: {76062d67-964a-6532-5953-d4a92e560000}
	ProcessId: 6258
	Image: /usr/bin/grep
	User: kali
Event SYSMONEVENT_PROCESS_TERMINATE
	RuleName: -
	UtcTime: 2023-10-20 15:01:30.104
	ProcessGuid: {00000000-0000-0000-0000-000000000000}
	ProcessId: 6256
	Image: <unknown process>
	User: kali
Event SYSMONEVENT_PROCESS_TERMINATE
	RuleName: -
	UtcTime: 2023-10-20 15:01:30.105
	ProcessGuid: {76062d67-964a-6532-b9ab-e041ac550000}
	ProcessId: 6251
	Image: /usr/bin/dash
	User: kali
Event SYSMONEVENT_CREATE_PROCESS
	RuleName: -
	UtcTime: 2023-10-20 15:01:31.101
	ProcessGuid: {76062d67-964b-6532-b9ab-c7caee550000}
	ProcessId: 6259
	Image: /usr/bin/dash
	FileVersion: -
	Description: -
	Product: -
	Company: -
	OriginalFileName: -
	CommandLine: /bin/sh /usr/share/kali-themes/xfce4-panel-genmon-vpnip.sh
	CurrentDirectory: /home/kali
	User: kali
	LogonGuid: {76062d67-0000-0000-e803-000000000000}
	LogonId: 1000
	TerminalSessionId: 2
	IntegrityLevel: no level
	Hashes: -
	ParentProcessGuid: {00000000-0000-0000-0000-000000000000}
	ParentProcessId: 1364
	ParentImage: -
	ParentCommandLine: -
	ParentUser: -
Event SYSMONEVENT_CREATE_PROCESS
	RuleName: -
	UtcTime: 2023-10-20 15:01:31.102
	ProcessGuid: {76062d67-964b-6532-1d36-c7b3b9550000}
	ProcessId: 6261
	Image: /usr/bin/ip
	FileVersion: -
	Description: -
	Product: -
	Company: -
	OriginalFileName: -
	CommandLine: ip tuntap show
	CurrentDirectory: /home/kali
	User: kali
	LogonGuid: {76062d67-0000-0000-e803-000000000000}
	LogonId: 1000
	TerminalSessionId: 2
	IntegrityLevel: no level
	Hashes: -
	ParentProcessGuid: {00000000-0000-0000-0000-000000000000}
	ParentProcessId: 6260
	ParentImage: -
	ParentCommandLine: -
	ParentUser: -
Event SYSMONEVENT_CREATE_PROCESS
	RuleName: -
	UtcTime: 2023-10-20 15:01:31.102
	ProcessGuid: {76062d67-964b-6532-d978-bd462a560000}
	ProcessId: 6262
	Image: /usr/bin/cut
	FileVersion: -
	Description: -
	Product: -
	Company: -
	OriginalFileName: -
	CommandLine: cut -d : -f1
	CurrentDirectory: /home/kali
	User: kali
	LogonGuid: {76062d67-0000-0000-e803-000000000000}
	LogonId: 1000
	TerminalSessionId: 2
	IntegrityLevel: no level
	Hashes: -
	ParentProcessGuid: {00000000-0000-0000-0000-000000000000}
	ParentProcessId: 6260
	ParentImage: -
	ParentCommandLine: -
	ParentUser: -
Event SYSMONEVENT_CREATE_PROCESS
	RuleName: -
	UtcTime: 2023-10-20 15:01:31.102
	ProcessGuid: {76062d67-964b-6532-29ee-6b2ca2550000}
	ProcessId: 6263
	Image: /usr/bin/head
	FileVersion: -
	Description: -
	Product: -
	Company: -
	OriginalFileName: -
	CommandLine: head -n 1
	CurrentDirectory: /home/kali
	User: kali
	LogonGuid: {76062d67-0000-0000-e803-000000000000}
	LogonId: 1000
	TerminalSessionId: 2
	IntegrityLevel: no level
	Hashes: -
	ParentProcessGuid: {00000000-0000-0000-0000-000000000000}
	ParentProcessId: 6260
	ParentImage: -
	ParentCommandLine: -
	ParentUser: -
Event SYSMONEVENT_NETWORK_CONNECT
	RuleName: -
	UtcTime: 2023-10-20 15:01:31.104
	ProcessGuid: {76062d67-964b-6532-1d36-c7b3b9550000}
	ProcessId: 6261
	Image: /usr/bin/ip
	User: kali
	Protocol: udp
	Initiated: true
	SourceIsIpv6: true
	SourceIp: 0:0:0:0:0:0:0:0
	SourceHostname: -
	SourcePort: 0
	SourcePortName: -
	DestinationIsIpv6: true
	DestinationIp: 0:0:0:0:0:0:0:0
	DestinationHostname: -
	DestinationPort: 0
	DestinationPortName: -
Event SYSMONEVENT_PROCESS_TERMINATE
	RuleName: -
	UtcTime: 2023-10-20 15:01:31.104
	ProcessGuid: {76062d67-964b-6532-1d36-c7b3b9550000}
	ProcessId: 6261
	Image: /usr/bin/ip
	User: kali
Event SYSMONEVENT_PROCESS_TERMINATE
	RuleName: -
	UtcTime: 2023-10-20 15:01:31.104
	ProcessGuid: {76062d67-964b-6532-d978-bd462a560000}
	ProcessId: 6262
	Image: /usr/bin/cut
	User: kali
Event SYSMONEVENT_PROCESS_TERMINATE
	RuleName: -
	UtcTime: 2023-10-20 15:01:31.104
	ProcessGuid: {76062d67-964b-6532-29ee-6b2ca2550000}
	ProcessId: 6263
	Image: /usr/bin/head
	User: kali
Event SYSMONEVENT_PROCESS_TERMINATE
	RuleName: -
	UtcTime: 2023-10-20 15:01:31.104
	ProcessGuid: {76062d67-9648-6532-0000-000000000000}
	ProcessId: 6260
	Image: -
	User: kali
Event SYSMONEVENT_CREATE_PROCESS
	RuleName: -
	UtcTime: 2023-10-20 15:01:31.105
	ProcessGuid: {76062d67-964b-6532-1d56-c07c4d560000}
	ProcessId: 6265
	Image: /usr/bin/ip
	FileVersion: -
	Description: -
	Product: -
	Company: -
	OriginalFileName: -
	CommandLine: ip a s 
	CurrentDirectory: /home/kali
	User: kali
	LogonGuid: {76062d67-0000-0000-e803-000000000000}
	LogonId: 1000
	TerminalSessionId: 2
	IntegrityLevel: no level
	Hashes: -
	ParentProcessGuid: {00000000-0000-0000-0000-000000000000}
	ParentProcessId: 6264
	ParentImage: -
	ParentCommandLine: -
	ParentUser: -
Event SYSMONEVENT_CREATE_PROCESS
	RuleName: -
	UtcTime: 2023-10-20 15:01:31.105
	ProcessGuid: {76062d67-964b-6532-59a3-fcc041560000}
	ProcessId: 6266
	Image: /usr/bin/grep
	FileVersion: -
	Description: -
	Product: -
	Company: -
	OriginalFileName: -
	CommandLine: grep -o -P (?<=inet )[0-9]{1,3}(\.[0-9]{1,3}){3}
	CurrentDirectory: /home/kali
	User: kali
	LogonGuid: {76062d67-0000-0000-e803-000000000000}
	LogonId: 1000
	TerminalSessionId: 2
	IntegrityLevel: no level
	Hashes: -
	ParentProcessGuid: {00000000-0000-0000-0000-000000000000}
	ParentProcessId: 6264
	ParentImage: -
	ParentCommandLine: -
	ParentUser: -
Event SYSMONEVENT_PROCESS_TERMINATE
	RuleName: -
	UtcTime: 2023-10-20 15:01:31.106
	ProcessGuid: {76062d67-964b-6532-1d56-c07c4d560000}
	ProcessId: 6265
	Image: /usr/bin/ip
	User: kali
Event SYSMONEVENT_PROCESS_TERMINATE
	RuleName: -
	UtcTime: 2023-10-20 15:01:31.106
	ProcessGuid: {76062d67-964b-6532-59a3-fcc041560000}
	ProcessId: 6266
	Image: /usr/bin/grep
	User: kali
Event SYSMONEVENT_PROCESS_TERMINATE
	RuleName: -
	UtcTime: 2023-10-20 15:01:31.106
	ProcessGuid: {00000000-0000-0000-0000-000000000000}
	ProcessId: 6264
	Image: <unknown process>
	User: kali
Event SYSMONEVENT_PROCESS_TERMINATE
	RuleName: -
	UtcTime: 2023-10-20 15:01:31.107
	ProcessGuid: {76062d67-964b-6532-b9ab-c7caee550000}
	ProcessId: 6259
	Image: /usr/bin/dash
	User: kali
Event SYSMONEVENT_CREATE_PROCESS
	RuleName: -
	UtcTime: 2023-10-20 15:01:32.103
	ProcessGuid: {76062d67-964c-6532-b95b-4b1e15560000}
	ProcessId: 6267
	Image: /usr/bin/dash
	FileVersion: -
	Description: -
	Product: -
	Company: -
	OriginalFileName: -
	CommandLine: /bin/sh /usr/share/kali-themes/xfce4-panel-genmon-vpnip.sh
	CurrentDirectory: /home/kali
	User: kali
	LogonGuid: {76062d67-0000-0000-e803-000000000000}
	LogonId: 1000
	TerminalSessionId: 2
	IntegrityLevel: no level
	Hashes: -
	ParentProcessGuid: {00000000-0000-0000-0000-000000000000}
	ParentProcessId: 1364
	ParentImage: -
	ParentCommandLine: -
	ParentUser: -
Event SYSMONEVENT_CREATE_PROCESS
	RuleName: -
	UtcTime: 2023-10-20 15:01:32.104
	ProcessGuid: {76062d67-964c-6532-1d16-580381550000}
	ProcessId: 6269
	Image: /usr/bin/ip
	FileVersion: -
	Description: -
	Product: -
	Company: -
	OriginalFileName: -
	CommandLine: ip tuntap show
	CurrentDirectory: /home/kali
	User: kali
	LogonGuid: {76062d67-0000-0000-e803-000000000000}
	LogonId: 1000
	TerminalSessionId: 2
	IntegrityLevel: no level
	Hashes: -
	ParentProcessGuid: {00000000-0000-0000-0000-000000000000}
	ParentProcessId: 6268
	ParentImage: -
	ParentCommandLine: -
	ParentUser: -
Event SYSMONEVENT_CREATE_PROCESS
	RuleName: -
	UtcTime: 2023-10-20 15:01:32.104
	ProcessGuid: {76062d67-964c-6532-d9f8-53f651560000}
	ProcessId: 6270
	Image: /usr/bin/cut
	FileVersion: -
	Description: -
	Product: -
	Company: -
	OriginalFileName: -
	CommandLine: cut -d : -f1
	CurrentDirectory: /home/kali
	User: kali
	LogonGuid: {76062d67-0000-0000-e803-000000000000}
	LogonId: 1000
	TerminalSessionId: 2
	IntegrityLevel: no level
	Hashes: -
	ParentProcessGuid: {00000000-0000-0000-0000-000000000000}
	ParentProcessId: 6268
	ParentImage: -
	ParentCommandLine: -
	ParentUser: -
