Event SYSMONEVENT_PROCESS_TERMINATE
	RuleName: -
	UtcTime: 2023-10-20 15:00:04.380
	ProcessGuid: {76062d67-95f4-6532-0000-000000000000}
	ProcessId: 5023
	Image: -
	User: root
Event SYSMONEVENT_CREATE_PROCESS
	RuleName: -
	UtcTime: 2023-10-20 15:00:04.380
	ProcessGuid: {76062d67-95f4-6532-d9a8-3dff3a560000}
	ProcessId: 5024
	Image: /usr/bin/cut
	FileVersion: -
	Description: -
	Product: -
	Company: -
	OriginalFileName: -
	CommandLine: cut -c1
	CurrentDirectory: /
	User: root
	LogonGuid: {76062d67-0000-0000-0000-000000000000}
	LogonId: 0
	TerminalSessionId: 4294967295
	IntegrityLevel: no level
	Hashes: -
	ParentProcessGuid: {00000000-0000-0000-0000-000000000000}
	ParentProcessId: 5022
	ParentImage: -
	ParentCommandLine: -
	ParentUser: -
Event SYSMONEVENT_CREATE_PROCESS
	RuleName: -
	UtcTime: 2023-10-20 15:00:04.380
	ProcessGuid: {76062d67-95f4-6532-1999-79c83d560000}
	ProcessId: 5025
	Image: /usr/bin/tr
	FileVersion: -
	Description: -
	Product: -
	Company: -
	OriginalFileName: -
	CommandLine: tr [:lower:] [:upper:]
	CurrentDirectory: /
	User: root
	LogonGuid: {76062d67-0000-0000-0000-000000000000}
	LogonId: 0
	TerminalSessionId: 4294967295
	IntegrityLevel: no level
	Hashes: -
	ParentProcessGuid: {00000000-0000-0000-0000-000000000000}
	ParentProcessId: 5022
	ParentImage: -
	ParentCommandLine: -
	ParentUser: -
Event SYSMONEVENT_PROCESS_TERMINATE
	RuleName: -
	UtcTime: 2023-10-20 15:00:04.381
	ProcessGuid: {76062d67-95f4-6532-d9a8-3dff3a560000}
	ProcessId: 5024
	Image: /usr/bin/cut
	User: root
Event SYSMONEVENT_PROCESS_TERMINATE
	RuleName: -
	UtcTime: 2023-10-20 15:00:04.381
	ProcessGuid: {76062d67-95f4-6532-1999-79c83d560000}
	ProcessId: 5025
	Image: /usr/bin/tr
	User: root
Event SYSMONEVENT_PROCESS_TERMINATE
	RuleName: -
	UtcTime: 2023-10-20 15:00:04.381
	ProcessGuid: {76062d67-95f4-6532-0000-000000000000}
	ProcessId: 5022
	Image: -
	User: root
Event SYSMONEVENT_PROCESS_TERMINATE
	RuleName: -
	UtcTime: 2023-10-20 15:00:04.382
	ProcessGuid: {76062d67-95f4-6532-0000-000000000000}
	ProcessId: 5027
	Image: -
	User: root
Event SYSMONEVENT_CREATE_PROCESS
	RuleName: -
	UtcTime: 2023-10-20 15:00:04.382
	ProcessGuid: {76062d67-95f4-6532-d998-8dfd2c560000}
	ProcessId: 5028
	Image: /usr/bin/cut
	FileVersion: -
	Description: -
	Product: -
	Company: -
	OriginalFileName: -
	CommandLine: cut -c2-
	CurrentDirectory: /
	User: root
	LogonGuid: {76062d67-0000-0000-0000-000000000000}
	LogonId: 0
	TerminalSessionId: 4294967295
	IntegrityLevel: no level
	Hashes: -
	ParentProcessGuid: {00000000-0000-0000-0000-000000000000}
	ParentProcessId: 5026
	ParentImage: -
	ParentCommandLine: -
	ParentUser: -
Event SYSMONEVENT_PROCESS_TERMINATE
	RuleName: -
	UtcTime: 2023-10-20 15:00:04.383
	ProcessGuid: {76062d67-95f4-6532-d998-8dfd2c560000}
	ProcessId: 5028
	Image: /usr/bin/cut
	User: root
Event SYSMONEVENT_PROCESS_TERMINATE
	RuleName: -
	UtcTime: 2023-10-20 15:00:04.383
	ProcessGuid: {00000000-0000-0000-0000-000000000000}
	ProcessId: 5026
	Image: <unknown process>
	User: root
Event SYSMONEVENT_PROCESS_TERMINATE
	RuleName: -
	UtcTime: 2023-10-20 15:00:04.383
	ProcessGuid: {00000000-0000-0000-0000-000000000000}
	ProcessId: 5030
	Image: <unknown process>
	User: root
Event SYSMONEVENT_CREATE_PROCESS
	RuleName: -
	UtcTime: 2023-10-20 15:00:04.383
	ProcessGuid: {76062d67-95f4-6532-1939-ec8116560000}
	ProcessId: 5031
	Image: /usr/bin/tr
	FileVersion: -
	Description: -
	Product: -
	Company: -
	OriginalFileName: -
	CommandLine: tr [:upper:] [:lower:]
	CurrentDirectory: /
	User: root
	LogonGuid: {76062d67-0000-0000-0000-000000000000}
	LogonId: 0
	TerminalSessionId: 4294967295
	IntegrityLevel: no level
	Hashes: -
	ParentProcessGuid: {00000000-0000-0000-0000-000000000000}
	ParentProcessId: 5029
	ParentImage: -
	ParentCommandLine: -
	ParentUser: -
Event SYSMONEVENT_PROCESS_TERMINATE
	RuleName: -
	UtcTime: 2023-10-20 15:00:04.384
	ProcessGuid: {76062d67-95f4-6532-1939-ec8116560000}
	ProcessId: 5031
	Image: /usr/bin/tr
	User: root
Event SYSMONEVENT_PROCESS_TERMINATE
	RuleName: -
	UtcTime: 2023-10-20 15:00:04.384
	ProcessGuid: {76062d67-95f4-6532-0000-000000000000}
	ProcessId: 5029
	Image: -
	User: root
Event SYSMONEVENT_PROCESS_TERMINATE
	RuleName: -
	UtcTime: 2023-10-20 15:00:04.385
	ProcessGuid: {76062d67-95f4-6532-0000-000000000000}
	ProcessId: 5033
	Image: -
	User: root
Event SYSMONEVENT_CREATE_PROCESS
	RuleName: -
	UtcTime: 2023-10-20 15:00:04.385
	ProcessGuid: {76062d67-95f4-6532-19d9-ce2bdc550000}
	ProcessId: 5034
	Image: /usr/bin/tr
	FileVersion: -
	Description: -
	Product: -
	Company: -
	OriginalFileName: -
	CommandLine: tr [:upper:] [:lower:]
	CurrentDirectory: /
	User: root
	LogonGuid: {76062d67-0000-0000-0000-000000000000}
	LogonId: 0
	TerminalSessionId: 4294967295
	IntegrityLevel: no level
	Hashes: -
	ParentProcessGuid: {00000000-0000-0000-0000-000000000000}
	ParentProcessId: 5032
	ParentImage: -
	ParentCommandLine: -
	ParentUser: -
Event SYSMONEVENT_PROCESS_TERMINATE
	RuleName: -
	UtcTime: 2023-10-20 15:00:04.386
	ProcessGuid: {76062d67-95f4-6532-19d9-ce2bdc550000}
	ProcessId: 5034
	Image: /usr/bin/tr
	User: root
Event SYSMONEVENT_PROCESS_TERMINATE
	RuleName: -
	UtcTime: 2023-10-20 15:00:04.386
	ProcessGuid: {76062d67-95f4-6532-0000-000000000000}
	ProcessId: 5032
	Image: -
	User: root
Event SYSMONEVENT_PROCESS_TERMINATE
	RuleName: -
	UtcTime: 2023-10-20 15:00:04.386
	ProcessGuid: {76062d67-95f4-6532-b91b-682da5550000}
	ProcessId: 5020
	Image: /usr/bin/dash
	User: root
Event SYSMONEVENT_PROCESS_TERMINATE
	RuleName: -
	UtcTime: 2023-10-20 15:00:04.386
	ProcessGuid: {76062d67-95f4-6532-b9db-52c144560000}
	ProcessId: 5019
	Image: /usr/bin/dash
	User: root
Event SYSMONEVENT_CREATE_PROCESS
	RuleName: -
	UtcTime: 2023-10-20 15:00:04.386
	ProcessGuid: {76062d67-95f4-6532-b9cb-260f7a550000}
	ProcessId: 5035
	Image: /usr/bin/dash
	FileVersion: -
	Description: -
	Product: -
	Company: -
	OriginalFileName: -
	CommandLine: sh -c /usr/bin/lsb_release -sr 2>/dev/null
	CurrentDirectory: /
	User: root
	LogonGuid: {76062d67-0000-0000-0000-000000000000}
	LogonId: 0
	TerminalSessionId: 4294967295
	IntegrityLevel: no level
	Hashes: -
	ParentProcessGuid: {76062d67-95f4-6532-2977-910d7d550000}
	ParentProcessId: 5001
	ParentImage: /usr/bin/vmware-toolbox-cmd
	ParentCommandLine: vmware-toolbox-cmd
	ParentUser: root
Event SYSMONEVENT_CREATE_PROCESS
	RuleName: -
	UtcTime: 2023-10-20 15:00:04.387
	ProcessGuid: {76062d67-95f4-6532-b9ab-345964550000}
	ProcessId: 5036
	Image: /usr/bin/dash
	FileVersion: -
	Description: -
	Product: -
	Company: -
	OriginalFileName: -
	CommandLine: /bin/sh /usr/bin/lsb_release -sr
	CurrentDirectory: /
	User: root
	LogonGuid: {76062d67-0000-0000-0000-000000000000}
	LogonId: 0
	TerminalSessionId: 4294967295
	IntegrityLevel: no level
	Hashes: -
	ParentProcessGuid: {76062d67-95f4-6532-b9cb-260f7a550000}
	ParentProcessId: 5035
	ParentImage: /usr/bin/dash
	ParentCommandLine: sh
	ParentUser: root
Event SYSMONEVENT_CREATE_PROCESS
	RuleName: -
	UtcTime: 2023-10-20 15:00:04.388
	ProcessGuid: {76062d67-95f4-6532-39c5-8629a6550000}
	ProcessId: 5037
	Image: /usr/bin/getopt
	FileVersion: -
	Description: -
	Product: -
	Company: -
	OriginalFileName: -
	CommandLine: getopt --name lsb_release -o hvidrcas -l help,version,id,description,release,codename,all,short -- -sr
	CurrentDirectory: /
	User: root
	LogonGuid: {76062d67-0000-0000-0000-000000000000}
	LogonId: 0
	TerminalSessionId: 4294967295
	IntegrityLevel: no level
	Hashes: -
	ParentProcessGuid: {76062d67-95f4-6532-b9ab-345964550000}
	ParentProcessId: 5036
	ParentImage: /usr/bin/dash
	ParentCommandLine: /bin/sh
	ParentUser: root
Event SYSMONEVENT_PROCESS_TERMINATE
	RuleName: -
	UtcTime: 2023-10-20 15:00:04.388
	ProcessGuid: {76062d67-95f4-6532-39c5-8629a6550000}
	ProcessId: 5037
	Image: /usr/bin/getopt
	User: root
Event SYSMONEVENT_PROCESS_TERMINATE
	RuleName: -
	UtcTime: 2023-10-20 15:00:04.389
	ProcessGuid: {76062d67-95f4-6532-0000-000000000000}
	ProcessId: 5039
	Image: -
	User: root
Event SYSMONEVENT_CREATE_PROCESS
	RuleName: -
	UtcTime: 2023-10-20 15:00:04.389
	ProcessGuid: {76062d67-95f4-6532-d938-cc5bac550000}
	ProcessId: 5040
	Image: /usr/bin/cut
	FileVersion: -
	Description: -
	Product: -
	Company: -
	OriginalFileName: -
	CommandLine: cut -c1
	CurrentDirectory: /
	User: root
	LogonGuid: {76062d67-0000-0000-0000-000000000000}
	LogonId: 0
	TerminalSessionId: 4294967295
	IntegrityLevel: no level
	Hashes: -
	ParentProcessGuid: {00000000-0000-0000-0000-000000000000}
	ParentProcessId: 5038
	ParentImage: -
	ParentCommandLine: -
	ParentUser: -
Event SYSMONEVENT_CREATE_PROCESS
	RuleName: -
	UtcTime: 2023-10-20 15:00:04.389
	ProcessGuid: {76062d67-95f4-6532-1969-69cac1550000}
	ProcessId: 5041
	Image: /usr/bin/tr
	FileVersion: -
	Description: -
	Product: -
	Company: -
	OriginalFileName: -
	CommandLine: tr [:lower:] [:upper:]
	CurrentDirectory: /
	User: root
	LogonGuid: {76062d67-0000-0000-0000-000000000000}
	LogonId: 0
	TerminalSessionId: 4294967295
	IntegrityLevel: no level
	Hashes: -
	ParentProcessGuid: {00000000-0000-0000-0000-000000000000}
	ParentProcessId: 5038
	ParentImage: -
	ParentCommandLine: -
	ParentUser: -
Event SYSMONEVENT_PROCESS_TERMINATE
	RuleName: -
	UtcTime: 2023-10-20 15:00:04.390
	ProcessGuid: {76062d67-95f4-6532-d938-cc5bac550000}
	ProcessId: 5040
	Image: /usr/bin/cut
	User: root
Event SYSMONEVENT_PROCESS_TERMINATE
	RuleName: -
	UtcTime: 2023-10-20 15:00:04.390
	ProcessGuid: {76062d67-95f4-6532-1969-69cac1550000}
	ProcessId: 5041
	Image: /usr/bin/tr
	User: root
Event SYSMONEVENT_PROCESS_TERMINATE
	RuleName: -
	UtcTime: 2023-10-20 15:00:04.390
	ProcessGuid: {76062d67-95f4-6532-0000-000000000000}
	ProcessId: 5038
	Image: -
	User: root
Event SYSMONEVENT_PROCESS_TERMINATE
	RuleName: -
	UtcTime: 2023-10-20 15:00:04.391
	ProcessGuid: {76062d67-95f4-6532-0000-000000000000}
	ProcessId: 5043
	Image: -
	User: root
Event SYSMONEVENT_CREATE_PROCESS
	RuleName: -
	UtcTime: 2023-10-20 15:00:04.391
	ProcessGuid: {76062d67-95f4-6532-d9b8-e433da550000}
	ProcessId: 5044
	Image: /usr/bin/cut
	FileVersion: -
	Description: -
	Product: -
	Company: -
	OriginalFileName: -
	CommandLine: cut -c2-
	CurrentDirectory: /
	User: root
	LogonGuid: {76062d67-0000-0000-0000-000000000000}
	LogonId: 0
	TerminalSessionId: 4294967295
	IntegrityLevel: no level
	Hashes: -
	ParentProcessGuid: {00000000-0000-0000-0000-000000000000}
	ParentProcessId: 5042
	ParentImage: -
	ParentCommandLine: -
	ParentUser: -
Event SYSMONEVENT_PROCESS_TERMINATE
	RuleName: -
	UtcTime: 2023-10-20 15:00:04.391
	ProcessGuid: {76062d67-95f4-6532-d9b8-e433da550000}
	ProcessId: 5044
	Image: /usr/bin/cut
	User: root
Event SYSMONEVENT_PROCESS_TERMINATE
	RuleName: -
	UtcTime: 2023-10-20 15:00:04.392
	ProcessGuid: {76062d67-95f4-6532-0000-000000000000}
	ProcessId: 5042
	Image: -
	User: root
Event SYSMONEVENT_PROCESS_TERMINATE
	RuleName: -
	UtcTime: 2023-10-20 15:00:04.392
	ProcessGuid: {76062d67-95f4-6532-0000-000000000000}
	ProcessId: 5046
	Image: -
	User: root
Event SYSMONEVENT_CREATE_PROCESS
	RuleName: -
	UtcTime: 2023-10-20 15:00:04.392
	ProcessGuid: {76062d67-95f4-6532-1929-69a009560000}
	ProcessId: 5047
	Image: /usr/bin/tr
	FileVersion: -
	Description: -
	Product: -
	Company: -
	OriginalFileName: -
	CommandLine: tr [:upper:] [:lower:]
	CurrentDirectory: /
	User: root
	LogonGuid: {76062d67-0000-0000-0000-000000000000}
	LogonId: 0
	TerminalSessionId: 4294967295
	IntegrityLevel: no level
	Hashes: -
	ParentProcessGuid: {00000000-0000-0000-0000-000000000000}
	ParentProcessId: 5045
	ParentImage: -
	ParentCommandLine: -
	ParentUser: -
Event SYSMONEVENT_PROCESS_TERMINATE
	RuleName: -
	UtcTime: 2023-10-20 15:00:04.393
	ProcessGuid: {76062d67-95f4-6532-1929-69a009560000}
	ProcessId: 5047
	Image: /usr/bin/tr
	User: root
Event SYSMONEVENT_PROCESS_TERMINATE
	RuleName: -
	UtcTime: 2023-10-20 15:00:04.393
	ProcessGuid: {76062d67-95f4-6532-0000-000000000000}
	ProcessId: 5045
	Image: -
	User: root
Event SYSMONEVENT_PROCESS_TERMINATE
	RuleName: -
	UtcTime: 2023-10-20 15:00:04.394
	ProcessGuid: {00000000-0000-0000-0000-000000000000}
	ProcessId: 5049
	Image: <unknown process>
	User: root
Event SYSMONEVENT_CREATE_PROCESS
	RuleName: -
	UtcTime: 2023-10-20 15:00:04.394
	ProcessGuid: {76062d67-95f4-6532-19b9-2a1625560000}
	ProcessId: 5050
	Image: /usr/bin/tr
	FileVersion: -
	Description: -
	Product: -
	Company: -
	OriginalFileName: -
	CommandLine: tr [:upper:] [:lower:]
	CurrentDirectory: /
	User: root
	LogonGuid: {76062d67-0000-0000-0000-000000000000}
	LogonId: 0
	TerminalSessionId: 4294967295
	IntegrityLevel: no level
	Hashes: -
	ParentProcessGuid: {00000000-0000-0000-0000-000000000000}
	ParentProcessId: 5048
	ParentImage: -
	ParentCommandLine: -
	ParentUser: -
Event SYSMONEVENT_PROCESS_TERMINATE
	RuleName: -
	UtcTime: 2023-10-20 15:00:04.394
	ProcessGuid: {76062d67-95f4-6532-19b9-2a1625560000}
	ProcessId: 5050
	Image: /usr/bin/tr
	User: root
Event SYSMONEVENT_PROCESS_TERMINATE
	RuleName: -
	UtcTime: 2023-10-20 15:00:04.395
	ProcessGuid: {00000000-0000-0000-0000-000000000000}
	ProcessId: 5048
	Image: <unknown process>
	User: root
Event SYSMONEVENT_PROCESS_TERMINATE
	RuleName: -
	UtcTime: 2023-10-20 15:00:04.395
	ProcessGuid: {76062d67-95f4-6532-b9ab-345964550000}
	ProcessId: 5036
	Image: /usr/bin/dash
	User: root
Event SYSMONEVENT_PROCESS_TERMINATE
	RuleName: -
	UtcTime: 2023-10-20 15:00:04.395
	ProcessGuid: {76062d67-95f4-6532-b9cb-260f7a550000}
	ProcessId: 5035
	Image: /usr/bin/dash
	User: root
Event SYSMONEVENT_PROCESS_TERMINATE
	RuleName: -
	UtcTime: 2023-10-20 15:00:04.396
	ProcessGuid: {76062d67-95f4-6532-2977-910d7d550000}
	ProcessId: 5001
	Image: /usr/bin/vmware-toolbox-cmd
	User: root
Event SYSMONEVENT_PROCESS_TERMINATE
	RuleName: -
	UtcTime: 2023-10-20 15:00:04.396
	ProcessGuid: {76062d67-95f4-6532-1939-7f41a6550000}
	ProcessId: 5002
	Image: /usr/bin/sed
	User: root
Event SYSMONEVENT_PROCESS_TERMINATE
	RuleName: -
	UtcTime: 2023-10-20 15:00:04.396
	ProcessGuid: {76062d67-95f4-6532-0000-000000000000}
	ProcessId: 5000
	Image: -
	User: root
Event SYSMONEVENT_CREATE_PROCESS
	RuleName: -
	UtcTime: 2023-10-20 15:00:04.396
	ProcessGuid: {76062d67-95f4-6532-c97c-3efd9e550000}
	ProcessId: 5051
	Image: /usr/bin/expr
	FileVersion: -
	Description: -
	Product: -
	Company: -
	OriginalFileName: -
	CommandLine: expr [logging] network.maxOldLogFiles UNSET : [0-9]\+$
	CurrentDirectory: /
	User: root
	LogonGuid: {76062d67-0000-0000-0000-000000000000}
	LogonId: 0
	TerminalSessionId: 4294967295
	IntegrityLevel: no level
	Hashes: -
	ParentProcessGuid: {76062d67-95f4-6532-b91b-27a9c4550000}
	ParentProcessId: 4948
	ParentImage: /usr/bin/dash
	ParentCommandLine: /bin/sh
	ParentUser: root
Event SYSMONEVENT_PROCESS_TERMINATE
	RuleName: -
	UtcTime: 2023-10-20 15:00:04.397
	ProcessGuid: {76062d67-95f4-6532-c97c-3efd9e550000}
	ProcessId: 5051
	Image: /usr/bin/expr
	User: -
Event SYSMONEVENT_CREATE_PROCESS
	RuleName: -
	UtcTime: 2023-10-20 15:00:04.397
	ProcessGuid: {76062d67-95f4-6532-c96c-a18ed7550000}
	ProcessId: 5052
	Image: /usr/bin/expr
	FileVersion: -
	Description: -
	Product: -
	Company: -
	OriginalFileName: -
	CommandLine: expr 9 - 1
	CurrentDirectory: /
	User: root
	LogonGuid: {76062d67-0000-0000-0000-000000000000}
	LogonId: 0
	TerminalSessionId: 4294967295
	IntegrityLevel: no level
	Hashes: -
	ParentProcessGuid: {76062d67-95f4-6532-b91b-27a9c4550000}
	ParentProcessId: 4948
	ParentImage: /usr/bin/dash
	ParentCommandLine: /bin/sh
	ParentUser: root
Event SYSMONEVENT_PROCESS_TERMINATE
	RuleName: -
	UtcTime: 2023-10-20 15:00:04.398
	ProcessGuid: {76062d67-95f4-6532-c96c-a18ed7550000}
	ProcessId: 5052
	Image: /usr/bin/expr
	User: root
Event SYSMONEVENT_CREATE_PROCESS
	RuleName: -
	UtcTime: 2023-10-20 15:00:04.398
	ProcessGuid: {76062d67-95f4-6532-79fc-fd4cab550000}
	ProcessId: 5053
	Image: /usr/bin/seq
	FileVersion: -
	Description: -
	Product: -
	Company: -
	OriginalFileName: -
	CommandLine: seq 8 -1 1
	CurrentDirectory: /
	User: root
	LogonGuid: {76062d67-0000-0000-0000-000000000000}
	LogonId: 0
	TerminalSessionId: 4294967295
	IntegrityLevel: no level
	Hashes: -
	ParentProcessGuid: {76062d67-95f4-6532-b91b-27a9c4550000}
	ParentProcessId: 4948
	ParentImage: /usr/bin/dash
	ParentCommandLine: /bin/sh
	ParentUser: root
Event SYSMONEVENT_PROCESS_TERMINATE
	RuleName: -
	UtcTime: 2023-10-20 15:00:04.399
	ProcessGuid: {76062d67-95f4-6532-79fc-fd4cab550000}
	ProcessId: 5053
	Image: /usr/bin/seq
	User: root
Event SYSMONEVENT_CREATE_PROCESS
	RuleName: -
	UtcTime: 2023-10-20 15:00:04.399
	ProcessGuid: {76062d67-95f4-6532-c90c-ddacc4550000}
	ProcessId: 5054
	Image: /usr/bin/expr
	FileVersion: -
	Description: -
	Product: -
	Company: -
	OriginalFileName: -
	CommandLine: expr 8 + 1
	CurrentDirectory: /
	User: root
	LogonGuid: {76062d67-0000-0000-0000-000000000000}
	LogonId: 0
	TerminalSessionId: 4294967295
	IntegrityLevel: no level
	Hashes: -
	ParentProcessGuid: {76062d67-95f4-6532-b91b-27a9c4550000}
	ParentProcessId: 4948
	ParentImage: /usr/bin/dash
	ParentCommandLine: /bin/sh
	ParentUser: root
Event SYSMONEVENT_PROCESS_TERMINATE
	RuleName: -
	UtcTime: 2023-10-20 15:00:04.400
	ProcessGuid: {76062d67-95f4-6532-c90c-ddacc4550000}
	ProcessId: 5054
	Image: /usr/bin/expr
	User: root
Event SYSMONEVENT_CREATE_PROCESS
	RuleName: -
	UtcTime: 2023-10-20 15:00:04.400
	ProcessGuid: {76062d67-95f4-6532-49ed-4ad0c3550000}
	ProcessId: 5055
	Image: /usr/bin/mv
	FileVersion: -
	Description: -
	Product: -
	Company: -
	OriginalFileName: -
	CommandLine: mv -f /var/log/vmware-network.8.log /var/log/vmware-network.9.log
	CurrentDirectory: /
	User: root
	LogonGuid: {76062d67-0000-0000-0000-000000000000}
	LogonId: 0
	TerminalSessionId: 4294967295
	IntegrityLevel: no level
	Hashes: -
	ParentProcessGuid: {76062d67-95f4-6532-b91b-27a9c4550000}
	ParentProcessId: 4948
	ParentImage: /usr/bin/dash
	ParentCommandLine: /bin/sh
	ParentUser: root
Event SYSMONEVENT_PROCESS_TERMINATE
	RuleName: -
	UtcTime: 2023-10-20 15:00:04.401
	ProcessGuid: {76062d67-95f4-6532-49ed-4ad0c3550000}
	ProcessId: 5055
	Image: /usr/bin/mv
	User: root
Event SYSMONEVENT_CREATE_PROCESS
	RuleName: -
	UtcTime: 2023-10-20 15:00:04.401
	ProcessGuid: {76062d67-95f4-6532-c99c-ea84c8550000}
	ProcessId: 5056
	Image: /usr/bin/expr
	FileVersion: -
	Description: -
	Product: -
	Company: -
	OriginalFileName: -
	CommandLine: expr 7 + 1
	CurrentDirectory: /
	User: root
	LogonGuid: {76062d67-0000-0000-0000-000000000000}
	LogonId: 0
	TerminalSessionId: 4294967295
	IntegrityLevel: no level
	Hashes: -
	ParentProcessGuid: {76062d67-95f4-6532-b91b-27a9c4550000}
	ParentProcessId: 4948
	ParentImage: /usr/bin/dash
	ParentCommandLine: /bin/sh
	ParentUser: root
Event SYSMONEVENT_PROCESS_TERMINATE
	RuleName: -
	UtcTime: 2023-10-20 15:00:04.402
	ProcessGuid: {76062d67-95f4-6532-c99c-ea84c8550000}
	ProcessId: 5056
	Image: /usr/bin/expr
	User: root
Event SYSMONEVENT_CREATE_PROCESS
	RuleName: -
	UtcTime: 2023-10-20 15:00:04.402
	ProcessGuid: {76062d67-95f4-6532-495d-3ab812560000}
	ProcessId: 5057
	Image: /usr/bin/mv
	FileVersion: -
	Description: -
	Product: -
	Company: -
	OriginalFileName: -
	CommandLine: mv -f /var/log/vmware-network.7.log /var/log/vmware-network.8.log
	CurrentDirectory: /
	User: root
	LogonGuid: {76062d67-0000-0000-0000-000000000000}
	LogonId: 0
	TerminalSessionId: 4294967295
	IntegrityLevel: no level
	Hashes: -
	ParentProcessGuid: {76062d67-95f4-6532-b91b-27a9c4550000}
	ParentProcessId: 4948
	ParentImage: /usr/bin/dash
	ParentCommandLine: /bin/sh
	ParentUser: root
Event SYSMONEVENT_PROCESS_TERMINATE
	RuleName: -
	UtcTime: 2023-10-20 15:00:04.403
	ProcessGuid: {76062d67-95f4-6532-495d-3ab812560000}
	ProcessId: 5057
	Image: /usr/bin/mv
	User: root
Event SYSMONEVENT_CREATE_PROCESS
	RuleName: -
	UtcTime: 2023-10-20 15:00:04.404
	ProcessGuid: {76062d67-95f4-6532-c95c-c14bba550000}
	ProcessId: 5058
	Image: /usr/bin/expr
	FileVersion: -
	Description: -
	Product: -
	Company: -
	OriginalFileName: -
	CommandLine: expr 6 + 1
	CurrentDirectory: /
	User: root
	LogonGuid: {76062d67-0000-0000-0000-000000000000}
	LogonId: 0
	TerminalSessionId: 4294967295
	IntegrityLevel: no level
	Hashes: -
	ParentProcessGuid: {76062d67-95f4-6532-b91b-27a9c4550000}
	ParentProcessId: 4948
	ParentImage: /usr/bin/dash
	ParentCommandLine: /bin/sh
	ParentUser: root
Event SYSMONEVENT_PROCESS_TERMINATE
	RuleName: -
	UtcTime: 2023-10-20 15:00:04.404
	ProcessGuid: {76062d67-95f4-6532-c95c-c14bba550000}
	ProcessId: 5058
	Image: /usr/bin/expr
	User: root
Event SYSMONEVENT_CREATE_PROCESS
	RuleName: -
	UtcTime: 2023-10-20 15:00:04.404
	ProcessGuid: {76062d67-95f4-6532-490d-a29eb7550000}
	ProcessId: 5059
	Image: /usr/bin/mv
	FileVersion: -
	Description: -
	Product: -
	Company: -
	OriginalFileName: -
	CommandLine: mv -f /var/log/vmware-network.6.log /var/log/vmware-network.7.log
	CurrentDirectory: /
	User: root
	LogonGuid: {76062d67-0000-0000-0000-000000000000}
	LogonId: 0
	TerminalSessionId: 4294967295
	IntegrityLevel: no level
	Hashes: -
	ParentProcessGuid: {76062d67-95f4-6532-b91b-27a9c4550000}
	ParentProcessId: 4948
	ParentImage: /usr/bin/dash
	ParentCommandLine: /bin/sh
	ParentUser: root
Event SYSMONEVENT_PROCESS_TERMINATE
	RuleName: -
	UtcTime: 2023-10-20 15:00:04.405
	ProcessGuid: {76062d67-95f4-6532-490d-a29eb7550000}
	ProcessId: 5059
	Image: /usr/bin/mv
	User: root
Event SYSMONEVENT_CREATE_PROCESS
	RuleName: -
	UtcTime: 2023-10-20 15:00:04.406
	ProcessGuid: {76062d67-95f4-6532-c96c-538a4f560000}
	ProcessId: 5060
	Image: /usr/bin/expr
	FileVersion: -
	Description: -
	Product: -
	Company: -
	OriginalFileName: -
	CommandLine: expr 5 + 1
	CurrentDirectory: /
	User: root
	LogonGuid: {76062d67-0000-0000-0000-000000000000}
	LogonId: 0
	TerminalSessionId: 4294967295
	IntegrityLevel: no level
	Hashes: -
	ParentProcessGuid: {76062d67-95f4-6532-b91b-27a9c4550000}
	ParentProcessId: 4948
	ParentImage: /usr/bin/dash
	ParentCommandLine: /bin/sh
	ParentUser: root
Event SYSMONEVENT_PROCESS_TERMINATE
	RuleName: -
	UtcTime: 2023-10-20 15:00:04.406
	ProcessGuid: {76062d67-95f4-6532-c96c-538a4f560000}
	ProcessId: 5060
	Image: /usr/bin/expr
	User: root
Event SYSMONEVENT_CREATE_PROCESS
	RuleName: -
	UtcTime: 2023-10-20 15:00:04.406
	ProcessGuid: {76062d67-95f4-6532-493d-b731fc550000}
	ProcessId: 5061
	Image: /usr/bin/mv
	FileVersion: -
	Description: -
	Product: -
	Company: -
	OriginalFileName: -
	CommandLine: mv -f /var/log/vmware-network.5.log /var/log/vmware-network.6.log
	CurrentDirectory: /
	User: root
	LogonGuid: {76062d67-0000-0000-0000-000000000000}
	LogonId: 0
	TerminalSessionId: 4294967295
	IntegrityLevel: no level
	Hashes: -
	ParentProcessGuid: {76062d67-95f4-6532-b91b-27a9c4550000}
	ParentProcessId: 4948
	ParentImage: /usr/bin/dash
	ParentCommandLine: /bin/sh
	ParentUser: root
Event SYSMONEVENT_PROCESS_TERMINATE
	RuleName: -
	UtcTime: 2023-10-20 15:00:04.407
	ProcessGuid: {76062d67-95f4-6532-493d-b731fc550000}
	ProcessId: 5061
	Image: /usr/bin/mv
	User: root
Event SYSMONEVENT_CREATE_PROCESS
	RuleName: -
	UtcTime: 2023-10-20 15:00:04.407
	ProcessGuid: {76062d67-95f4-6532-c90c-e7737a550000}
	ProcessId: 5062
	Image: /usr/bin/expr
	FileVersion: -
	Description: -
	Product: -
	Company: -
	OriginalFileName: -
	CommandLine: expr 4 + 1
	CurrentDirectory: /
	User: root
	LogonGuid: {76062d67-0000-0000-0000-000000000000}
	LogonId: 0
	TerminalSessionId: 4294967295
	IntegrityLevel: no level
	Hashes: -
	ParentProcessGuid: {76062d67-95f4-6532-b91b-27a9c4550000}
	ParentProcessId: 4948
	ParentImage: /usr/bin/dash
	ParentCommandLine: /bin/sh
	ParentUser: root
Event SYSMONEVENT_PROCESS_TERMINATE
	RuleName: -
	UtcTime: 2023-10-20 15:00:04.408
	ProcessGuid: {76062d67-95f4-6532-c90c-e7737a550000}
	ProcessId: 5062
	Image: /usr/bin/expr
	User: root
Event SYSMONEVENT_CREATE_PROCESS
	RuleName: -
	UtcTime: 2023-10-20 15:00:04.408
	ProcessGuid: {76062d67-95f4-6532-49ed-d9373d560000}
	ProcessId: 5063
	Image: /usr/bin/mv
	FileVersion: -
	Description: -
	Product: -
	Company: -
	OriginalFileName: -
	CommandLine: mv -f /var/log/vmware-network.4.log /var/log/vmware-network.5.log
	CurrentDirectory: /
	User: root
	LogonGuid: {76062d67-0000-0000-0000-000000000000}
	LogonId: 0
	TerminalSessionId: 4294967295
	IntegrityLevel: no level
	Hashes: -
	ParentProcessGuid: {76062d67-95f4-6532-b91b-27a9c4550000}
	ParentProcessId: 4948
	ParentImage: /usr/bin/dash
	ParentCommandLine: /bin/sh
	ParentUser: root
Event SYSMONEVENT_PROCESS_TERMINATE
	RuleName: -
	UtcTime: 2023-10-20 15:00:04.409
	ProcessGuid: {76062d67-95f4-6532-49ed-d9373d560000}
	ProcessId: 5063
	Image: /usr/bin/mv
	User: root
Event SYSMONEVENT_CREATE_PROCESS
	RuleName: -
	UtcTime: 2023-10-20 15:00:04.409
	ProcessGuid: {76062d67-95f4-6532-c9ac-3ec287550000}
	ProcessId: 5064
	Image: /usr/bin/expr
	FileVersion: -
	Description: -
	Product: -
	Company: -
	OriginalFileName: -
	CommandLine: expr 3 + 1
	CurrentDirectory: /
	User: root
	LogonGuid: {76062d67-0000-0000-0000-000000000000}
	LogonId: 0
	TerminalSessionId: 4294967295
	IntegrityLevel: no level
	Hashes: -
	ParentProcessGuid: {76062d67-95f4-6532-b91b-27a9c4550000}
	ParentProcessId: 4948
	ParentImage: /usr/bin/dash
	ParentCommandLine: /bin/sh
	ParentUser: root
Event SYSMONEVENT_PROCESS_TERMINATE
	RuleName: -
	UtcTime: 2023-10-20 15:00:04.410
	ProcessGuid: {76062d67-95f4-6532-c9ac-3ec287550000}
	ProcessId: 5064
	Image: /usr/bin/expr
	User: root
Event SYSMONEVENT_CREATE_PROCESS
	RuleName: -
	UtcTime: 2023-10-20 15:00:04.410
	ProcessGuid: {76062d67-95f4-6532-498d-ff3c81550000}
	ProcessId: 5065
	Image: /usr/bin/mv
	FileVersion: -
	Description: -
	Product: -
	Company: -
	OriginalFileName: -
	CommandLine: mv -f /var/log/vmware-network.3.log /var/log/vmware-network.4.log
	CurrentDirectory: /
	User: root
	LogonGuid: {76062d67-0000-0000-0000-000000000000}
	LogonId: 0
	TerminalSessionId: 4294967295
	IntegrityLevel: no level
	Hashes: -
	ParentProcessGuid: {76062d67-95f4-6532-b91b-27a9c4550000}
	ParentProcessId: 4948
	ParentImage: /usr/bin/dash
	ParentCommandLine: /bin/sh
	ParentUser: root
Event SYSMONEVENT_PROCESS_TERMINATE
	RuleName: -
	UtcTime: 2023-10-20 15:00:04.411
	ProcessGuid: {76062d67-95f4-6532-498d-ff3c81550000}
	ProcessId: 5065
	Image: /usr/bin/mv
	User: root
Event SYSMONEVENT_CREATE_PROCESS
	RuleName: -
	UtcTime: 2023-10-20 15:00:04.411
	ProcessGuid: {76062d67-95f4-6532-c98c-61009c550000}
	ProcessId: 5066
	Image: /usr/bin/expr
	FileVersion: -
	Description: -
	Product: -
	Company: -
	OriginalFileName: -
	CommandLine: expr 2 + 1
	CurrentDirectory: /
	User: root
	LogonGuid: {76062d67-0000-0000-0000-000000000000}
	LogonId: 0
	TerminalSessionId: 4294967295
	IntegrityLevel: no level
	Hashes: -
	ParentProcessGuid: {76062d67-95f4-6532-b91b-27a9c4550000}
	ParentProcessId: 4948
	ParentImage: /usr/bin/dash
	ParentCommandLine: /bin/sh
	ParentUser: root
Event SYSMONEVENT_PROCESS_TERMINATE
	RuleName: -
	UtcTime: 2023-10-20 15:00:04.412
	ProcessGuid: {76062d67-95f4-6532-c98c-61009c550000}
	ProcessId: 5066
	Image: /usr/bin/expr
	User: root
Event SYSMONEVENT_CREATE_PROCESS
	RuleName: -
	UtcTime: 2023-10-20 15:00:04.412
	ProcessGuid: {76062d67-95f4-6532-49cd-794668550000}
	ProcessId: 5067
	Image: /usr/bin/mv
	FileVersion: -
	Description: -
	Product: -
	Company: -
	OriginalFileName: -
	CommandLine: mv -f /var/log/vmware-network.2.log /var/log/vmware-network.3.log
	CurrentDirectory: /
	User: root
	LogonGuid: {76062d67-0000-0000-0000-000000000000}
	LogonId: 0
	TerminalSessionId: 4294967295
	IntegrityLevel: no level
	Hashes: -
	ParentProcessGuid: {76062d67-95f4-6532-b91b-27a9c4550000}
	ParentProcessId: 4948
	ParentImage: /usr/bin/dash
	ParentCommandLine: /bin/sh
	ParentUser: root
Event SYSMONEVENT_PROCESS_TERMINATE
	RuleName: -
	UtcTime: 2023-10-20 15:00:04.413
	ProcessGuid: {76062d67-95f4-6532-49cd-794668550000}
	ProcessId: 5067
	Image: /usr/bin/mv
	User: root
Event SYSMONEVENT_CREATE_PROCESS
	RuleName: -
	UtcTime: 2023-10-20 15:00:04.413
	ProcessGuid: {76062d67-95f4-6532-c91c-bf38f7550000}
	ProcessId: 5068
	Image: /usr/bin/expr
	FileVersion: -
	Description: -
	Product: -
	Company: -
	OriginalFileName: -
	CommandLine: expr 1 + 1
	CurrentDirectory: /
	User: root
	LogonGuid: {76062d67-0000-0000-0000-000000000000}
	LogonId: 0
	TerminalSessionId: 4294967295
	IntegrityLevel: no level
	Hashes: -
	ParentProcessGuid: {76062d67-95f4-6532-b91b-27a9c4550000}
	ParentProcessId: 4948
	ParentImage: /usr/bin/dash
	ParentCommandLine: /bin/sh
	ParentUser: root
Event SYSMONEVENT_PROCESS_TERMINATE
	RuleName: -
	UtcTime: 2023-10-20 15:00:04.414
	ProcessGuid: {76062d67-95f4-6532-c91c-bf38f7550000}
	ProcessId: 5068
	Image: /usr/bin/expr
	User: root
Event SYSMONEVENT_CREATE_PROCESS
	RuleName: -
	UtcTime: 2023-10-20 15:00:04.414
	ProcessGuid: {76062d67-95f4-6532-493d-59a61e560000}
	ProcessId: 5069
	Image: /usr/bin/mv
	FileVersion: -
	Description: -
	Product: -
	Company: -
	OriginalFileName: -
	CommandLine: mv -f /var/log/vmware-network.1.log /var/log/vmware-network.2.log
	CurrentDirectory: /
	User: root
	LogonGuid: {76062d67-0000-0000-0000-000000000000}
	LogonId: 0
	TerminalSessionId: 4294967295
	IntegrityLevel: no level
	Hashes: -
	ParentProcessGuid: {76062d67-95f4-6532-b91b-27a9c4550000}
	ParentProcessId: 4948
	ParentImage: /usr/bin/dash
	ParentCommandLine: /bin/sh
	ParentUser: root
Event SYSMONEVENT_PROCESS_TERMINATE
	RuleName: -
	UtcTime: 2023-10-20 15:00:04.415
	ProcessGuid: {76062d67-95f4-6532-493d-59a61e560000}
	ProcessId: 5069
	Image: /usr/bin/mv
	User: root
Event SYSMONEVENT_CREATE_PROCESS
	RuleName: -
	UtcTime: 2023-10-20 15:00:04.415
	ProcessGuid: {76062d67-95f4-6532-492d-a02305560000}
	ProcessId: 5070
	Image: /usr/bin/mv
	FileVersion: -
	Description: -
	Product: -
	Company: -
	OriginalFileName: -
	CommandLine: mv -f /var/log/vmware-network.log /var/log/vmware-network.1.log
	CurrentDirectory: /
	User: root
	LogonGuid: {76062d67-0000-0000-0000-000000000000}
	LogonId: 0
	TerminalSessionId: 4294967295
	IntegrityLevel: no level
	Hashes: -
	ParentProcessGuid: {76062d67-95f4-6532-b91b-27a9c4550000}
	ParentProcessId: 4948
	ParentImage: /usr/bin/dash
	ParentCommandLine: /bin/sh
	ParentUser: root
Event SYSMONEVENT_PROCESS_TERMINATE
	RuleName: -
	UtcTime: 2023-10-20 15:00:04.416
	ProcessGuid: {76062d67-95f4-6532-492d-a02305560000}
	ProcessId: 5070
	Image: /usr/bin/mv
	User: root
Event SYSMONEVENT_CREATE_PROCESS
	RuleName: -
	UtcTime: 2023-10-20 15:00:04.417
	ProcessGuid: {76062d67-95f4-6532-1189-480000000000}
	ProcessId: 5073
	Image: /usr/bin/gawk
	FileVersion: -
	Description: -
	Product: -
	Company: -
	OriginalFileName: -
	CommandLine: awk NR == 2 { print $4 }
	CurrentDirectory: /
	User: root
	LogonGuid: {76062d67-0000-0000-0000-000000000000}
	LogonId: 0
	TerminalSessionId: 4294967295
	IntegrityLevel: no level
	Hashes: -
	ParentProcessGuid: {00000000-0000-0000-0000-000000000000}
	ParentProcessId: 5071
	ParentImage: -
	ParentCommandLine: -
	ParentUser: -
Event SYSMONEVENT_CREATE_PROCESS
	RuleName: -
	UtcTime: 2023-10-20 15:00:04.416
	ProcessGuid: {76062d67-95f4-6532-1925-0e76a9550000}
	ProcessId: 5072
	Image: /usr/bin/df
	FileVersion: -
	Description: -
	Product: -
	Company: -
	OriginalFileName: -
	CommandLine: df -k /var/log
	CurrentDirectory: /
	User: root
	LogonGuid: {76062d67-0000-0000-0000-000000000000}
	LogonId: 0
	TerminalSessionId: 4294967295
	IntegrityLevel: no level
	Hashes: -
	ParentProcessGuid: {00000000-0000-0000-0000-000000000000}
	ParentProcessId: 5071
	ParentImage: -
	ParentCommandLine: -
	ParentUser: -
Event SYSMONEVENT_PROCESS_TERMINATE
	RuleName: -
	UtcTime: 2023-10-20 15:00:04.418
	ProcessGuid: {76062d67-95f4-6532-1925-0e76a9550000}
	ProcessId: 5072
	Image: /usr/bin/df
	User: -
Event SYSMONEVENT_PROCESS_TERMINATE
	RuleName: -
	UtcTime: 2023-10-20 15:00:04.419
	ProcessGuid: {76062d67-95f4-6532-1189-480000000000}
	ProcessId: 5073
	Image: /usr/bin/gawk
	User: root
Event SYSMONEVENT_PROCESS_TERMINATE
	RuleName: -
	UtcTime: 2023-10-20 15:00:04.419
	ProcessGuid: {76062d67-95f4-6532-0000-000000000000}
	ProcessId: 5071
	Image: -
	User: root
Event SYSMONEVENT_CREATE_PROCESS
	RuleName: -
	UtcTime: 2023-10-20 15:00:04.419
	ProcessGuid: {76062d67-95f4-6532-4991-5ca6d6550000}
	ProcessId: 5074
	Image: /usr/bin/date
	FileVersion: -
	Description: -
	Product: -
	Company: -
	OriginalFileName: -
	CommandLine: date
	CurrentDirectory: /
	User: root
	LogonGuid: {76062d67-0000-0000-0000-000000000000}
	LogonId: 0
	TerminalSessionId: 4294967295
	IntegrityLevel: no level
	Hashes: -
	ParentProcessGuid: {76062d67-95f4-6532-b91b-27a9c4550000}
	ParentProcessId: 4948
	ParentImage: /usr/bin/dash
	ParentCommandLine: /bin/sh
	ParentUser: root
Event SYSMONEVENT_PROCESS_TERMINATE
	RuleName: -
	UtcTime: 2023-10-20 15:00:04.420
	ProcessGuid: {76062d67-95f4-6532-4991-5ca6d6550000}
	ProcessId: 5074
	Image: /usr/bin/date
	User: root
Event SYSMONEVENT_FILE_CREATE
	RuleName: -
	UtcTime: 2023-10-20 15:00:04.420
	ProcessGuid: {76062d67-95f4-6532-b91b-27a9c4550000}
	ProcessId: 4948
	Image: /usr/bin/dash
	TargetFilename: /var/log/vmware-network.log
	CreationUtcTime: 2023-10-20 15:00:04.420
	User: -
Event SYSMONEVENT_CREATE_PROCESS
	RuleName: -
	UtcTime: 2023-10-20 15:00:04.420
	ProcessGuid: {76062d67-95f4-6532-59f0-1f46bc550000}
	ProcessId: 5075
	Image: /usr/bin/dirname
	FileVersion: -
	Description: -
	Product: -
	Company: -
	OriginalFileName: -
	CommandLine: dirname /etc/vmware-tools/scripts/vmware/network
	CurrentDirectory: /
	User: root
	LogonGuid: {76062d67-0000-0000-0000-000000000000}
	LogonId: 0
	TerminalSessionId: 4294967295
	IntegrityLevel: no level
	Hashes: -
	ParentProcessGuid: {76062d67-95f4-6532-b91b-27a9c4550000}
	ParentProcessId: 4948
	ParentImage: /usr/bin/dash
	ParentCommandLine: /bin/sh
	ParentUser: root
Event SYSMONEVENT_PROCESS_TERMINATE
	RuleName: -
	UtcTime: 2023-10-20 15:00:04.421
	ProcessGuid: {76062d67-95f4-6532-59f0-1f46bc550000}
	ProcessId: 5075
	Image: /usr/bin/dirname
	User: root
Event SYSMONEVENT_CREATE_PROCESS
	RuleName: -
	UtcTime: 2023-10-20 15:00:04.421
	ProcessGuid: {76062d67-95f4-6532-b95b-bdaf47560000}
	ProcessId: 5076
	Image: /usr/bin/dash
	FileVersion: -
	Description: -
	Product: -
	Company: -
	OriginalFileName: -
	CommandLine: /bin/sh /usr/bin/which dbus-send
	CurrentDirectory: /
	User: root
	LogonGuid: {76062d67-0000-0000-0000-000000000000}
	LogonId: 0
	TerminalSessionId: 4294967295
	IntegrityLevel: no level
	Hashes: -
	ParentProcessGuid: {76062d67-95f4-6532-b91b-27a9c4550000}
	ParentProcessId: 4948
	ParentImage: /usr/bin/dash
	ParentCommandLine: /bin/sh
	ParentUser: root
Event SYSMONEVENT_PROCESS_TERMINATE
	RuleName: -
	UtcTime: 2023-10-20 15:00:04.422
	ProcessGuid: {76062d67-95f4-6532-b95b-bdaf47560000}
	ProcessId: 5076
	Image: /usr/bin/dash
	User: -
Event SYSMONEVENT_CREATE_PROCESS
	RuleName: -
	UtcTime: 2023-10-20 15:00:04.423
	ProcessGuid: {76062d67-95f4-6532-1189-480000000000}
	ProcessId: 5079
	Image: /usr/bin/gawk
	FileVersion: -
	Description: -
	Product: -
	Company: -
	OriginalFileName: -
	CommandLine: awk /variant/ {print $3;}
	CurrentDirectory: /
	User: root
	LogonGuid: {76062d67-0000-0000-0000-000000000000}
	LogonId: 0
	TerminalSessionId: 4294967295
	IntegrityLevel: no level
	Hashes: -
	ParentProcessGuid: {00000000-0000-0000-0000-000000000000}
	ParentProcessId: 5077
	ParentImage: -
	ParentCommandLine: -
	ParentUser: -
Event SYSMONEVENT_CREATE_PROCESS
	RuleName: -
	UtcTime: 2023-10-20 15:00:04.423
	ProcessGuid: {76062d67-95f4-6532-4d0b-ba532f560000}
	ProcessId: 5078
	Image: /usr/bin/dbus-send
	FileVersion: -
	Description: -
	Product: -
	Company: -
	OriginalFileName: -
	CommandLine: /usr/bin/dbus-send --system --print-reply --dest=org.freedesktop.NetworkManager /org/freedesktop/NetworkManager org.freedesktop.DBus.Properties.Get string:org.freedesktop.NetworkManager string:State
	CurrentDirectory: /
	User: root
	LogonGuid: {76062d67-0000-0000-0000-000000000000}
	LogonId: 0
	TerminalSessionId: 4294967295
	IntegrityLevel: no level
	Hashes: -
	ParentProcessGuid: {00000000-0000-0000-0000-000000000000}
	ParentProcessId: 5077
	ParentImage: -
	ParentCommandLine: -
	ParentUser: -
Event SYSMONEVENT_PROCESS_TERMINATE
	RuleName: -
	UtcTime: 2023-10-20 15:00:04.427
	ProcessGuid: {76062d67-95f4-6532-4d0b-ba532f560000}
	ProcessId: 5078
	Image: /usr/bin/dbus-send
	User: root
Event SYSMONEVENT_PROCESS_TERMINATE
	RuleName: -
	UtcTime: 2023-10-20 15:00:04.427
	ProcessGuid: {76062d67-95f4-6532-1189-480000000000}
	ProcessId: 5079
	Image: /usr/bin/gawk
	User: root
Event SYSMONEVENT_PROCESS_TERMINATE
	RuleName: -
	UtcTime: 2023-10-20 15:00:04.427
	ProcessGuid: {76062d67-95f4-6532-0000-000000000000}
	ProcessId: 5077
	Image: -
	User: root
Event SYSMONEVENT_CREATE_PROCESS
	RuleName: -
	UtcTime: 2023-10-20 15:00:04.427
	ProcessGuid: {76062d67-95f4-6532-4d1b-8247bf550000}
	ProcessId: 5080
	Image: /usr/bin/dbus-send
	FileVersion: -
	Description: -
	Product: -
	Company: -
	OriginalFileName: -
	CommandLine: /usr/bin/dbus-send --system --print-reply --dest=org.freedesktop.NetworkManager /org/freedesktop/NetworkManager org.freedesktop.NetworkManager.Enable boolean:false
	CurrentDirectory: /
	User: root
	LogonGuid: {76062d67-0000-0000-0000-000000000000}
	LogonId: 0
	TerminalSessionId: 4294967295
	IntegrityLevel: no level
	Hashes: -
	ParentProcessGuid: {76062d67-95f4-6532-b91b-27a9c4550000}
	ParentProcessId: 4948
	ParentImage: /usr/bin/dash
	ParentCommandLine: /bin/sh
	ParentUser: root
Event SYSMONEVENT_FILE_CREATE
	RuleName: -
	UtcTime: 2023-10-20 15:00:04.430
	ProcessGuid: {76062d67-945c-6532-c5aa-3d252a560000}
	ProcessId: 845
	Image: /usr/usr/sbin/NetworkManager
	TargetFilename: /var/lib/NetworkManager/NetworkManager.state.BQH6C2
	CreationUtcTime: 2023-10-20 15:00:04.430
	User: -
Event SYSMONEVENT_FILE_CREATE
	RuleName: -
	UtcTime: 2023-10-20 15:00:04.434
	ProcessGuid: {76062d67-945c-6532-c5aa-3d252a560000}
	ProcessId: 845
	Image: /usr/usr/sbin/NetworkManager
	TargetFilename: /var/lib/NetworkManager/timestamps.D5D6C2
	CreationUtcTime: 2023-10-20 15:00:04.434
	User: -
Event SYSMONEVENT_FILE_CREATE
	RuleName: -
	UtcTime: 2023-10-20 15:00:04.435
	ProcessGuid: {76062d67-9458-6532-dda0-ac474c560000}
	ProcessId: 1
	Image: /usr/lib/systemd/systemd
	TargetFilename: /sys/fs/cgroup/system.slice/NetworkManager-dispatcher.service/cgroup.subtree_control
	CreationUtcTime: 2023-10-20 15:00:04.435
	User: -
Event SYSMONEVENT_FILE_CREATE
	RuleName: -
	UtcTime: 2023-10-20 15:00:04.450
	ProcessGuid: {76062d67-945b-6532-194b-185ab2550000}
	ProcessId: 424
	Image: /usr/lib/systemd/systemd-journald
	TargetFilename: /run/systemd/journal/streams/.#8:303039z8bcE
	CreationUtcTime: 2023-10-20 15:00:04.450
	User: -
Event SYSMONEVENT_CREATE_PROCESS
	RuleName: -
	UtcTime: 2023-10-20 15:00:04.435
	ProcessGuid: {76062d67-95f4-6532-3945-a664a1550000}
	ProcessId: 5081
	Image: /usr/lib/NetworkManager/nm-dispatcher
	FileVersion: -
	Description: -
	Product: -
	Company: -
	OriginalFileName: -
	CommandLine: /usr/lib/NetworkManager/nm-dispatcher
	CurrentDirectory: /
	User: root
	LogonGuid: {76062d67-0000-0000-0000-000000000000}
	LogonId: 0
	TerminalSessionId: 4294967295
	IntegrityLevel: no level
	Hashes: -
	ParentProcessGuid: {76062d67-9458-6532-dda0-ac474c560000}
	ParentProcessId: 1
	ParentImage: /usr/lib/systemd/systemd
	ParentCommandLine: /sbin/init splash
	ParentUser: root
Event SYSMONEVENT_CREATE_PROCESS
	RuleName: -
	UtcTime: 2023-10-20 15:00:04.463
	ProcessGuid: {76062d67-95f4-6532-b91b-092a04560000}
	ProcessId: 5086
	Image: /usr/bin/dash
	FileVersion: -
	Description: -
	Product: -
	Company: -
	OriginalFileName: -
	CommandLine: /bin/sh -e /etc/NetworkManager/dispatcher.d/01-ifupdown  connectivity-change
	CurrentDirectory: /
	User: root
	LogonGuid: {76062d67-0000-0000-0000-000000000000}
	LogonId: 0
	TerminalSessionId: 4294967295
	IntegrityLevel: no level
	Hashes: -
	ParentProcessGuid: {76062d67-95f4-6532-3945-a664a1550000}
	ParentProcessId: 5081
	ParentImage: /usr/lib/NetworkManager/nm-dispatcher
	ParentCommandLine: /usr/lib/NetworkManager/nm-dispatcher
	ParentUser: root
Event SYSMONEVENT_FILE_CREATE
	RuleName: -
	UtcTime: 2023-10-20 15:00:04.464
	ProcessGuid: {76062d67-945c-6532-c5aa-3d252a560000}
	ProcessId: 845
	Image: /usr/usr/sbin/NetworkManager
	TargetFilename: /run/NetworkManager/devices/1.NCK8C2
	CreationUtcTime: 2023-10-20 15:00:04.464
	User: -
Event SYSMONEVENT_PROCESS_TERMINATE
	RuleName: -
	UtcTime: 2023-10-20 15:00:04.464
	ProcessGuid: {76062d67-95f4-6532-b91b-092a04560000}
	ProcessId: 5086
	Image: /usr/bin/dash
	User: -
Event SYSMONEVENT_CREATE_PROCESS
	RuleName: -
	UtcTime: 2023-10-20 15:00:04.465
	ProcessGuid: {76062d67-95f4-6532-b92b-762c29560000}
	ProcessId: 5087
	Image: /usr/bin/dash
	FileVersion: -
	Description: -
	Product: -
	Company: -
	OriginalFileName: -
	CommandLine: /bin/sh /etc/NetworkManager/dispatcher.d/ntpsec  connectivity-change
	CurrentDirectory: /
	User: root
	LogonGuid: {76062d67-0000-0000-0000-000000000000}
	LogonId: 0
	TerminalSessionId: 4294967295
	IntegrityLevel: no level
	Hashes: -
	ParentProcessGuid: {76062d67-95f4-6532-3945-a664a1550000}
	ParentProcessId: 5081
	ParentImage: /usr/lib/NetworkManager/nm-dispatcher
	ParentCommandLine: /usr/lib/NetworkManager/nm-dispatcher
	ParentUser: root
Event SYSMONEVENT_PROCESS_TERMINATE
	RuleName: -
	UtcTime: 2023-10-20 15:00:04.466
	ProcessGuid: {76062d67-95f4-6532-b92b-762c29560000}
	ProcessId: 5087
	Image: /usr/bin/dash
	User: -
Event SYSMONEVENT_CREATE_PROCESS
	RuleName: -
	UtcTime: 2023-10-20 15:00:04.466
	ProcessGuid: {76062d67-95f4-6532-b9cb-07a826560000}
	ProcessId: 5088
	Image: /usr/bin/dash
	FileVersion: -
	Description: -
	Product: -
	Company: -
	OriginalFileName: -
	CommandLine: /bin/sh -e /etc/NetworkManager/dispatcher.d/01-ifupdown lo down
	CurrentDirectory: /
	User: root
	LogonGuid: {76062d67-0000-0000-0000-000000000000}
	LogonId: 0
	TerminalSessionId: 4294967295
	IntegrityLevel: no level
	Hashes: -
	ParentProcessGuid: {76062d67-95f4-6532-3945-a664a1550000}
	ParentProcessId: 5081
	ParentImage: /usr/lib/NetworkManager/nm-dispatcher
	ParentCommandLine: /usr/lib/NetworkManager/nm-dispatcher
	ParentUser: root
Event SYSMONEVENT_CREATE_PROCESS
	RuleName: -
	UtcTime: 2023-10-20 15:00:04.467
	ProcessGuid: {76062d67-95f4-6532-19e9-27dbcb550000}
	ProcessId: 5089
	Image: /usr/bin/run-parts
	FileVersion: -
	Description: -
	Product: -
	Company: -
	OriginalFileName: -
	CommandLine: run-parts /etc/network/if-post-down.d
	CurrentDirectory: /
	User: root
	LogonGuid: {76062d67-0000-0000-0000-000000000000}
	LogonId: 0
	TerminalSessionId: 4294967295
	IntegrityLevel: no level
	Hashes: -
	ParentProcessGuid: {76062d67-95f4-6532-b9cb-07a826560000}
	ParentProcessId: 5088
	ParentImage: /usr/bin/dash
	ParentCommandLine: /bin/sh
	ParentUser: root
Event SYSMONEVENT_CREATE_PROCESS
	RuleName: -
	UtcTime: 2023-10-20 15:00:04.468
	ProcessGuid: {76062d67-95f4-6532-b91b-e57a9a550000}
	ProcessId: 5090
	Image: /usr/bin/dash
	FileVersion: -
	Description: -
	Product: -
	Company: -
	OriginalFileName: -
	CommandLine: /bin/sh /etc/network/if-post-down.d/ifenslave
	CurrentDirectory: /
	User: root
	LogonGuid: {76062d67-0000-0000-0000-000000000000}
	LogonId: 0
	TerminalSessionId: 4294967295
	IntegrityLevel: no level
	Hashes: -
	ParentProcessGuid: {76062d67-95f4-6532-19e9-27dbcb550000}
	ParentProcessId: 5089
	ParentImage: /usr/bin/run-parts
	ParentCommandLine: run-parts
	ParentUser: root
Event SYSMONEVENT_PROCESS_TERMINATE
	RuleName: -
	UtcTime: 2023-10-20 15:00:04.470
	ProcessGuid: {76062d67-95f4-6532-b91b-e57a9a550000}
	ProcessId: 5090
	Image: /usr/bin/dash
	User: -
Event SYSMONEVENT_CREATE_PROCESS
	RuleName: -
	UtcTime: 2023-10-20 15:00:04.470
	ProcessGuid: {76062d67-95f4-6532-b9bb-d9626a550000}
	ProcessId: 5091
	Image: /usr/bin/dash
	FileVersion: -
	Description: -
	Product: -
	Company: -
	OriginalFileName: -
	CommandLine: /bin/sh /etc/network/if-post-down.d/macchanger
	CurrentDirectory: /
	User: root
	LogonGuid: {76062d67-0000-0000-0000-000000000000}
	LogonId: 0
	TerminalSessionId: 4294967295
	IntegrityLevel: no level
	Hashes: -
	ParentProcessGuid: {76062d67-95f4-6532-19e9-27dbcb550000}
	ParentProcessId: 5089
	ParentImage: /usr/bin/run-parts
	ParentCommandLine: run-parts
	ParentUser: root
Event SYSMONEVENT_PROCESS_TERMINATE
	RuleName: -
	UtcTime: 2023-10-20 15:00:04.471
	ProcessGuid: {76062d67-95f4-6532-b9bb-d9626a550000}
	ProcessId: 5091
	Image: /usr/bin/dash
	User: root
Event SYSMONEVENT_CREATE_PROCESS
	RuleName: -
	UtcTime: 2023-10-20 15:00:04.471
	ProcessGuid: {76062d67-95f4-6532-b90b-7e5dd6550000}
	ProcessId: 5092
	Image: /usr/bin/dash
	FileVersion: -
	Description: -
	Product: -
	Company: -
	OriginalFileName: -
	CommandLine: /bin/sh /etc/network/if-post-down.d/vlan
	CurrentDirectory: /
	User: root
	LogonGuid: {76062d67-0000-0000-0000-000000000000}
	LogonId: 0
	TerminalSessionId: 4294967295
	IntegrityLevel: no level
	Hashes: -
	ParentProcessGuid: {76062d67-95f4-6532-19e9-27dbcb550000}
	ParentProcessId: 5089
	ParentImage: /usr/bin/run-parts
	ParentCommandLine: run-parts
	ParentUser: root
Event SYSMONEVENT_PROCESS_TERMINATE
	RuleName: -
	UtcTime: 2023-10-20 15:00:04.472
	ProcessGuid: {76062d67-95f4-6532-b90b-7e5dd6550000}
	ProcessId: 5092
	Image: /usr/bin/dash
	User: -
Event SYSMONEVENT_CREATE_PROCESS
	RuleName: -
	UtcTime: 2023-10-20 15:00:04.472
	ProcessGuid: {76062d67-95f4-6532-b9db-a3f664550000}
	ProcessId: 5093
	Image: /usr/bin/dash
	FileVersion: -
	Description: -
	Product: -
	Company: -
	OriginalFileName: -
	CommandLine: /bin/sh /etc/network/if-post-down.d/wireless-tools
	CurrentDirectory: /
	User: root
	LogonGuid: {76062d67-0000-0000-0000-000000000000}
	LogonId: 0
	TerminalSessionId: 4294967295
	IntegrityLevel: no level
	Hashes: -
	ParentProcessGuid: {76062d67-95f4-6532-19e9-27dbcb550000}
	ParentProcessId: 5089
	ParentImage: /usr/bin/run-parts
	ParentCommandLine: run-parts
	ParentUser: root
Event SYSMONEVENT_CREATE_PROCESS
	RuleName: -
	UtcTime: 2023-10-20 15:00:04.473
	ProcessGuid: {76062d67-95f4-6532-79e3-a9ffda550000}
	ProcessId: 5094
	Image: /usr/sbin/iwconfig
	FileVersion: -
	Description: -
	Product: -
	Company: -
	OriginalFileName: -
	CommandLine: /sbin/iwconfig lo
	CurrentDirectory: /
	User: root
	LogonGuid: {76062d67-0000-0000-0000-000000000000}
	LogonId: 0
	TerminalSessionId: 4294967295
	IntegrityLevel: no level
	Hashes: -
	ParentProcessGuid: {76062d67-95f4-6532-b9db-a3f664550000}
	ParentProcessId: 5093
	ParentImage: /usr/bin/dash
	ParentCommandLine: /bin/sh
	ParentUser: root
Event SYSMONEVENT_PROCESS_TERMINATE
	RuleName: -
	UtcTime: 2023-10-20 15:00:04.474
	ProcessGuid: {76062d67-95f4-6532-79e3-a9ffda550000}
	ProcessId: 5094
	Image: /usr/sbin/iwconfig
	User: root
Event SYSMONEVENT_PROCESS_TERMINATE
	RuleName: -
	UtcTime: 2023-10-20 15:00:04.474
	ProcessGuid: {76062d67-95f4-6532-b9db-a3f664550000}
	ProcessId: 5093
	Image: /usr/bin/dash
	User: root
Event SYSMONEVENT_CREATE_PROCESS
	RuleName: -
	UtcTime: 2023-10-20 15:00:04.475
	ProcessGuid: {76062d67-95f4-6532-b9bb-9c73e3550000}
	ProcessId: 5095
	Image: /usr/bin/dash
	FileVersion: -
	Description: -
	Product: -
	Company: -
	OriginalFileName: -
	CommandLine: /bin/sh /etc/network/if-post-down.d/wpasupplicant
	CurrentDirectory: /
	User: root
	LogonGuid: {76062d67-0000-0000-0000-000000000000}
	LogonId: 0
	TerminalSessionId: 4294967295
	IntegrityLevel: no level
	Hashes: -
	ParentProcessGuid: {76062d67-95f4-6532-19e9-27dbcb550000}
	ParentProcessId: 5089
	ParentImage: /usr/bin/run-parts
	ParentCommandLine: run-parts
	ParentUser: root
Event SYSMONEVENT_PROCESS_TERMINATE
	RuleName: -
	UtcTime: 2023-10-20 15:00:04.475
	ProcessGuid: {76062d67-95f4-6532-b9bb-9c73e3550000}
	ProcessId: 5095
	Image: /usr/bin/dash
	User: -
Event SYSMONEVENT_PROCESS_TERMINATE
	RuleName: -
	UtcTime: 2023-10-20 15:00:04.476
	ProcessGuid: {76062d67-95f4-6532-19e9-27dbcb550000}
	ProcessId: 5089
	Image: /usr/bin/run-parts
	User: root
Event SYSMONEVENT_PROCESS_TERMINATE
	RuleName: -
	UtcTime: 2023-10-20 15:00:04.476
	ProcessGuid: {76062d67-95f4-6532-b9cb-07a826560000}
	ProcessId: 5088
	Image: /usr/bin/dash
	User: root
Event SYSMONEVENT_CREATE_PROCESS
	RuleName: -
	UtcTime: 2023-10-20 15:00:04.476
	ProcessGuid: {76062d67-95f4-6532-b9bb-9910ae550000}
	ProcessId: 5096
	Image: /usr/bin/dash
	FileVersion: -
	Description: -
	Product: -
	Company: -
	OriginalFileName: -
	CommandLine: /bin/sh /etc/NetworkManager/dispatcher.d/ntpsec lo down
	CurrentDirectory: /
	User: root
	LogonGuid: {76062d67-0000-0000-0000-000000000000}
	LogonId: 0
	TerminalSessionId: 4294967295
	IntegrityLevel: no level
	Hashes: -
	ParentProcessGuid: {76062d67-95f4-6532-3945-a664a1550000}
	ParentProcessId: 5081
	ParentImage: /usr/lib/NetworkManager/nm-dispatcher
	ParentCommandLine: /usr/lib/NetworkManager/nm-dispatcher
	ParentUser: root
Event SYSMONEVENT_PROCESS_TERMINATE
	RuleName: -
	UtcTime: 2023-10-20 15:00:04.477
	ProcessGuid: {76062d67-95f4-6532-b9bb-9910ae550000}
	ProcessId: 5096
	Image: /usr/bin/dash
	User: -
Event SYSMONEVENT_FILE_CREATE
	RuleName: -
	UtcTime: 2023-10-20 15:00:04.486
	ProcessGuid: {76062d67-945c-6532-c5aa-3d252a560000}
	ProcessId: 845
	Image: /usr/usr/sbin/NetworkManager
	TargetFilename: /run/NetworkManager/no-stub-resolv.conf.SS18C2
	CreationUtcTime: 2023-10-20 15:00:04.486
	User: -
Event SYSMONEVENT_FILE_CREATE
	RuleName: -
	UtcTime: 2023-10-20 15:00:04.486
	ProcessGuid: {76062d67-945c-6532-c5aa-3d252a560000}
	ProcessId: 845
	Image: /usr/usr/sbin/NetworkManager
	TargetFilename: /etc/resolv.conf.WN18C2
	CreationUtcTime: 2023-10-20 15:00:04.486
	User: -
Event SYSMONEVENT_FILE_CREATE
	RuleName: -
	UtcTime: 2023-10-20 15:00:04.488
	ProcessGuid: {76062d67-945c-6532-c5aa-3d252a560000}
	ProcessId: 845
	Image: /usr/usr/sbin/NetworkManager
	TargetFilename: /run/NetworkManager/resolv.conf.tmp
	CreationUtcTime: 2023-10-20 15:00:04.488
	User: -
Event SYSMONEVENT_FILE_CREATE
	RuleName: -
	UtcTime: 2023-10-20 15:00:04.573
	ProcessGuid: {76062d67-945c-6532-c5aa-3d252a560000}
	ProcessId: 845
	Image: /usr/usr/sbin/NetworkManager
	TargetFilename: /run/NetworkManager/devices/2.GXZED2
	CreationUtcTime: 2023-10-20 15:00:04.573
	User: -
Event SYSMONEVENT_FILE_CREATE
	RuleName: -
	UtcTime: 2023-10-20 15:00:04.574
	ProcessGuid: {76062d67-945c-6532-c5aa-3d252a560000}
	ProcessId: 845
	Image: /usr/usr/sbin/NetworkManager
	TargetFilename: /run/NetworkManager/devices/1.T0YED2
	CreationUtcTime: 2023-10-20 15:00:04.574
	User: -
