Event SYSMONEVENT_CREATE_PROCESS
	RuleName: -
	UtcTime: 2023-10-20 15:00:29.981
	ProcessGuid: {76062d67-960d-6532-b98b-854d39560000}
	ProcessId: 5762
	Image: /usr/bin/dash
	FileVersion: -
	Description: -
	Product: -
	Company: -
	OriginalFileName: -
	CommandLine: /bin/sh /usr/share/kali-themes/xfce4-panel-genmon-vpnip.sh
	CurrentDirectory: /home/kali
	User: kali
	LogonGuid: {76062d67-0000-0000-e803-000000000000}
	LogonId: 1000
	TerminalSessionId: 2
	IntegrityLevel: no level
	Hashes: -
	ParentProcessGuid: {00000000-0000-0000-0000-000000000000}
	ParentProcessId: 1364
	ParentImage: -
	ParentCommandLine: -
	ParentUser: -
Event SYSMONEVENT_CREATE_PROCESS
	RuleName: -
	UtcTime: 2023-10-20 15:00:29.983
	ProcessGuid: {76062d67-960d-6532-1d56-0c377c550000}
	ProcessId: 5764
	Image: /usr/bin/ip
	FileVersion: -
	Description: -
	Product: -
	Company: -
	OriginalFileName: -
	CommandLine: ip tuntap show
	CurrentDirectory: /home/kali
	User: kali
	LogonGuid: {76062d67-0000-0000-e803-000000000000}
	LogonId: 1000
	TerminalSessionId: 2
	IntegrityLevel: no level
	Hashes: -
	ParentProcessGuid: {00000000-0000-0000-0000-000000000000}
	ParentProcessId: 5763
	ParentImage: -
	ParentCommandLine: -
	ParentUser: -
Event SYSMONEVENT_CREATE_PROCESS
	RuleName: -
	UtcTime: 2023-10-20 15:00:29.983
	ProcessGuid: {76062d67-960d-6532-d928-5fc9ad550000}
	ProcessId: 5765
	Image: /usr/bin/cut
	FileVersion: -
	Description: -
	Product: -
	Company: -
	OriginalFileName: -
	CommandLine: cut -d : -f1
	CurrentDirectory: /home/kali
	User: kali
	LogonGuid: {76062d67-0000-0000-e803-000000000000}
	LogonId: 1000
	TerminalSessionId: 2
	IntegrityLevel: no level
	Hashes: -
	ParentProcessGuid: {00000000-0000-0000-0000-000000000000}
	ParentProcessId: 5763
	ParentImage: -
	ParentCommandLine: -
	ParentUser: -
Event SYSMONEVENT_CREATE_PROCESS
	RuleName: -
	UtcTime: 2023-10-20 15:00:29.983
	ProcessGuid: {76062d67-960d-6532-29ae-af99df550000}
	ProcessId: 5766
	Image: /usr/bin/head
	FileVersion: -
	Description: -
	Product: -
	Company: -
	OriginalFileName: -
	CommandLine: head -n 1
	CurrentDirectory: /home/kali
	User: kali
	LogonGuid: {76062d67-0000-0000-e803-000000000000}
	LogonId: 1000
	TerminalSessionId: 2
	IntegrityLevel: no level
	Hashes: -
	ParentProcessGuid: {00000000-0000-0000-0000-000000000000}
	ParentProcessId: 5763
	ParentImage: -
	ParentCommandLine: -
	ParentUser: -
Event SYSMONEVENT_NETWORK_CONNECT
	RuleName: -
	UtcTime: 2023-10-20 15:00:29.984
	ProcessGuid: {76062d67-960d-6532-1d56-0c377c550000}
	ProcessId: 5764
	Image: /usr/bin/ip
	User: kali
	Protocol: udp
	Initiated: true
	SourceIsIpv6: true
	SourceIp: 0:0:0:0:0:0:0:0
	SourceHostname: -
	SourcePort: 0
	SourcePortName: -
	DestinationIsIpv6: true
	DestinationIp: 0:0:0:0:0:0:0:0
	DestinationHostname: -
	DestinationPort: 0
	DestinationPortName: -
Event SYSMONEVENT_PROCESS_TERMINATE
	RuleName: -
	UtcTime: 2023-10-20 15:00:29.984
	ProcessGuid: {76062d67-960d-6532-1d56-0c377c550000}
	ProcessId: 5764
	Image: /usr/bin/ip
	User: kali
Event SYSMONEVENT_PROCESS_TERMINATE
	RuleName: -
	UtcTime: 2023-10-20 15:00:29.985
	ProcessGuid: {76062d67-960d-6532-d928-5fc9ad550000}
	ProcessId: 5765
	Image: /usr/bin/cut
	User: kali
Event SYSMONEVENT_PROCESS_TERMINATE
	RuleName: -
	UtcTime: 2023-10-20 15:00:29.985
	ProcessGuid: {76062d67-960d-6532-29ae-af99df550000}
	ProcessId: 5766
	Image: /usr/bin/head
	User: kali
Event SYSMONEVENT_PROCESS_TERMINATE
	RuleName: -
	UtcTime: 2023-10-20 15:00:29.985
	ProcessGuid: {00000000-0000-0000-0000-000000000000}
	ProcessId: 5763
	Image: <unknown process>
	User: kali
Event SYSMONEVENT_CREATE_PROCESS
	RuleName: -
	UtcTime: 2023-10-20 15:00:29.985
	ProcessGuid: {76062d67-960d-6532-1db6-c8ee55550000}
	ProcessId: 5768
	Image: /usr/bin/ip
	FileVersion: -
	Description: -
	Product: -
	Company: -
	OriginalFileName: -
	CommandLine: ip a s 
	CurrentDirectory: /home/kali
	User: kali
	LogonGuid: {76062d67-0000-0000-e803-000000000000}
	LogonId: 1000
	TerminalSessionId: 2
	IntegrityLevel: no level
	Hashes: -
	ParentProcessGuid: {00000000-0000-0000-0000-000000000000}
	ParentProcessId: 5767
	ParentImage: -
	ParentCommandLine: -
	ParentUser: -
Event SYSMONEVENT_CREATE_PROCESS
	RuleName: -
	UtcTime: 2023-10-20 15:00:29.985
	ProcessGuid: {76062d67-960d-6532-5983-be0faf550000}
	ProcessId: 5769
	Image: /usr/bin/grep
	FileVersion: -
	Description: -
	Product: -
	Company: -
	OriginalFileName: -
	CommandLine: grep -o -P (?<=inet )[0-9]{1,3}(\.[0-9]{1,3}){3}
	CurrentDirectory: /home/kali
	User: kali
	LogonGuid: {76062d67-0000-0000-e803-000000000000}
	LogonId: 1000
	TerminalSessionId: 2
	IntegrityLevel: no level
	Hashes: -
	ParentProcessGuid: {00000000-0000-0000-0000-000000000000}
	ParentProcessId: 5767
	ParentImage: -
	ParentCommandLine: -
	ParentUser: -
Event SYSMONEVENT_PROCESS_TERMINATE
	RuleName: -
	UtcTime: 2023-10-20 15:00:29.987
	ProcessGuid: {76062d67-960d-6532-1db6-c8ee55550000}
	ProcessId: 5768
	Image: /usr/bin/ip
	User: kali
Event SYSMONEVENT_PROCESS_TERMINATE
	RuleName: -
	UtcTime: 2023-10-20 15:00:29.987
	ProcessGuid: {76062d67-960d-6532-5983-be0faf550000}
	ProcessId: 5769
	Image: /usr/bin/grep
	User: kali
Event SYSMONEVENT_PROCESS_TERMINATE
	RuleName: -
	UtcTime: 2023-10-20 15:00:29.988
	ProcessGuid: {76062d67-95fa-6532-81b0-945fa8550000}
	ProcessId: 5767
	Image: -
	User: kali
Event SYSMONEVENT_PROCESS_TERMINATE
	RuleName: -
	UtcTime: 2023-10-20 15:00:29.988
	ProcessGuid: {76062d67-960d-6532-b98b-854d39560000}
	ProcessId: 5762
	Image: /usr/bin/dash
	User: kali
Event SYSMONEVENT_CREATE_PROCESS
	RuleName: -
	UtcTime: 2023-10-20 15:00:30.982
	ProcessGuid: {76062d67-960e-6532-b98b-63bbae550000}
	ProcessId: 5770
	Image: /usr/bin/dash
	FileVersion: -
	Description: -
	Product: -
	Company: -
	OriginalFileName: -
	CommandLine: /bin/sh /usr/share/kali-themes/xfce4-panel-genmon-vpnip.sh
	CurrentDirectory: /home/kali
	User: kali
	LogonGuid: {76062d67-0000-0000-e803-000000000000}
	LogonId: 1000
	TerminalSessionId: 2
	IntegrityLevel: no level
	Hashes: -
	ParentProcessGuid: {00000000-0000-0000-0000-000000000000}
	ParentProcessId: 1364
	ParentImage: -
	ParentCommandLine: -
	ParentUser: -
Event SYSMONEVENT_CREATE_PROCESS
	RuleName: -
	UtcTime: 2023-10-20 15:00:30.984
	ProcessGuid: {76062d67-960e-6532-1df6-3e45c1550000}
	ProcessId: 5772
	Image: /usr/bin/ip
	FileVersion: -
	Description: -
	Product: -
	Company: -
	OriginalFileName: -
	CommandLine: ip tuntap show
	CurrentDirectory: /home/kali
	User: kali
	LogonGuid: {76062d67-0000-0000-e803-000000000000}
	LogonId: 1000
	TerminalSessionId: 2
	IntegrityLevel: no level
	Hashes: -
	ParentProcessGuid: {00000000-0000-0000-0000-000000000000}
	ParentProcessId: 5771
	ParentImage: -
	ParentCommandLine: -
	ParentUser: -
Event SYSMONEVENT_CREATE_PROCESS
	RuleName: -
	UtcTime: 2023-10-20 15:00:30.984
	ProcessGuid: {76062d67-960e-6532-d948-0bd3b6550000}
	ProcessId: 5773
	Image: /usr/bin/cut
	FileVersion: -
	Description: -
	Product: -
	Company: -
	OriginalFileName: -
	CommandLine: cut -d : -f1
	CurrentDirectory: /home/kali
	User: kali
	LogonGuid: {76062d67-0000-0000-e803-000000000000}
	LogonId: 1000
	TerminalSessionId: 2
	IntegrityLevel: no level
	Hashes: -
	ParentProcessGuid: {00000000-0000-0000-0000-000000000000}
	ParentProcessId: 5771
	ParentImage: -
	ParentCommandLine: -
	ParentUser: -
Event SYSMONEVENT_CREATE_PROCESS
	RuleName: -
	UtcTime: 2023-10-20 15:00:30.984
	ProcessGuid: {76062d67-960e-6532-295e-d87e0c560000}
	ProcessId: 5774
	Image: /usr/bin/head
	FileVersion: -
	Description: -
	Product: -
	Company: -
	OriginalFileName: -
	CommandLine: head -n 1
	CurrentDirectory: /home/kali
	User: kali
	LogonGuid: {76062d67-0000-0000-e803-000000000000}
	LogonId: 1000
	TerminalSessionId: 2
	IntegrityLevel: no level
	Hashes: -
	ParentProcessGuid: {00000000-0000-0000-0000-000000000000}
	ParentProcessId: 5771
	ParentImage: -
	ParentCommandLine: -
	ParentUser: -
Event SYSMONEVENT_NETWORK_CONNECT
	RuleName: -
	UtcTime: 2023-10-20 15:00:30.985
	ProcessGuid: {76062d67-960e-6532-1df6-3e45c1550000}
	ProcessId: 5772
	Image: /usr/bin/ip
	User: kali
	Protocol: udp
	Initiated: true
	SourceIsIpv6: true
	SourceIp: 0:0:0:0:0:0:0:0
	SourceHostname: -
	SourcePort: 0
	SourcePortName: -
	DestinationIsIpv6: true
	DestinationIp: 0:0:0:0:0:0:0:0
	DestinationHostname: -
	DestinationPort: 0
	DestinationPortName: -
Event SYSMONEVENT_PROCESS_TERMINATE
	RuleName: -
	UtcTime: 2023-10-20 15:00:30.985
	ProcessGuid: {76062d67-960e-6532-1df6-3e45c1550000}
	ProcessId: 5772
	Image: /usr/bin/ip
	User: kali
Event SYSMONEVENT_PROCESS_TERMINATE
	RuleName: -
	UtcTime: 2023-10-20 15:00:30.986
	ProcessGuid: {76062d67-960e-6532-d948-0bd3b6550000}
	ProcessId: 5773
	Image: /usr/bin/cut
	User: kali
Event SYSMONEVENT_PROCESS_TERMINATE
	RuleName: -
	UtcTime: 2023-10-20 15:00:30.986
	ProcessGuid: {76062d67-960e-6532-295e-d87e0c560000}
	ProcessId: 5774
	Image: /usr/bin/head
	User: kali
Event SYSMONEVENT_PROCESS_TERMINATE
	RuleName: -
	UtcTime: 2023-10-20 15:00:30.986
	ProcessGuid: {76062d67-960e-6532-0000-000000000000}
	ProcessId: 5771
	Image: -
	User: kali
Event SYSMONEVENT_CREATE_PROCESS
	RuleName: -
	UtcTime: 2023-10-20 15:00:30.986
	ProcessGuid: {76062d67-960e-6532-1d16-597038560000}
	ProcessId: 5776
	Image: /usr/bin/ip
	FileVersion: -
	Description: -
	Product: -
	Company: -
	OriginalFileName: -
	CommandLine: ip a s 
	CurrentDirectory: /home/kali
	User: kali
	LogonGuid: {76062d67-0000-0000-e803-000000000000}
	LogonId: 1000
	TerminalSessionId: 2
	IntegrityLevel: no level
	Hashes: -
	ParentProcessGuid: {00000000-0000-0000-0000-000000000000}
	ParentProcessId: 5775
	ParentImage: -
	ParentCommandLine: -
	ParentUser: -
Event SYSMONEVENT_CREATE_PROCESS
	RuleName: -
	UtcTime: 2023-10-20 15:00:30.987
	ProcessGuid: {76062d67-960e-6532-5903-c25b97550000}
	ProcessId: 5777
	Image: /usr/bin/grep
	FileVersion: -
	Description: -
	Product: -
	Company: -
	OriginalFileName: -
	CommandLine: grep -o -P (?<=inet )[0-9]{1,3}(\.[0-9]{1,3}){3}
	CurrentDirectory: /home/kali
	User: kali
	LogonGuid: {76062d67-0000-0000-e803-000000000000}
	LogonId: 1000
	TerminalSessionId: 2
	IntegrityLevel: no level
	Hashes: -
	ParentProcessGuid: {00000000-0000-0000-0000-000000000000}
	ParentProcessId: 5775
	ParentImage: -
	ParentCommandLine: -
	ParentUser: -
Event SYSMONEVENT_PROCESS_TERMINATE
	RuleName: -
	UtcTime: 2023-10-20 15:00:30.989
	ProcessGuid: {76062d67-960e-6532-1d16-597038560000}
	ProcessId: 5776
	Image: /usr/bin/ip
	User: kali
Event SYSMONEVENT_PROCESS_TERMINATE
	RuleName: -
	UtcTime: 2023-10-20 15:00:30.989
	ProcessGuid: {76062d67-960e-6532-5903-c25b97550000}
	ProcessId: 5777
	Image: /usr/bin/grep
	User: kali
Event SYSMONEVENT_PROCESS_TERMINATE
	RuleName: -
	UtcTime: 2023-10-20 15:00:30.989
	ProcessGuid: {76062d67-960e-6532-0000-000000000000}
	ProcessId: 5775
	Image: -
	User: kali
Event SYSMONEVENT_PROCESS_TERMINATE
	RuleName: -
	UtcTime: 2023-10-20 15:00:30.989
	ProcessGuid: {76062d67-960e-6532-b98b-63bbae550000}
	ProcessId: 5770
	Image: /usr/bin/dash
	User: kali
Event SYSMONEVENT_CREATE_PROCESS
	RuleName: -
	UtcTime: 2023-10-20 15:00:31.985
	ProcessGuid: {76062d67-960f-6532-b9db-a4da63550000}
	ProcessId: 5778
	Image: /usr/bin/dash
	FileVersion: -
	Description: -
	Product: -
	Company: -
	OriginalFileName: -
	CommandLine: /bin/sh /usr/share/kali-themes/xfce4-panel-genmon-vpnip.sh
	CurrentDirectory: /home/kali
	User: kali
	LogonGuid: {76062d67-0000-0000-e803-000000000000}
	LogonId: 1000
	TerminalSessionId: 2
	IntegrityLevel: no level
	Hashes: -
	ParentProcessGuid: {00000000-0000-0000-0000-000000000000}
	ParentProcessId: 1364
	ParentImage: -
	ParentCommandLine: -
	ParentUser: -
Event SYSMONEVENT_CREATE_PROCESS
	RuleName: -
	UtcTime: 2023-10-20 15:00:31.986
	ProcessGuid: {76062d67-960f-6532-1d86-b48f61550000}
	ProcessId: 5780
	Image: /usr/bin/ip
	FileVersion: -
	Description: -
	Product: -
	Company: -
	OriginalFileName: -
	CommandLine: ip tuntap show
	CurrentDirectory: /home/kali
	User: kali
	LogonGuid: {76062d67-0000-0000-e803-000000000000}
	LogonId: 1000
	TerminalSessionId: 2
	IntegrityLevel: no level
	Hashes: -
	ParentProcessGuid: {00000000-0000-0000-0000-000000000000}
	ParentProcessId: 5779
	ParentImage: -
	ParentCommandLine: -
	ParentUser: -
Event SYSMONEVENT_CREATE_PROCESS
	RuleName: -
	UtcTime: 2023-10-20 15:00:31.986
	ProcessGuid: {76062d67-960f-6532-d928-40e1e2550000}
	ProcessId: 5781
	Image: /usr/bin/cut
	FileVersion: -
	Description: -
	Product: -
	Company: -
	OriginalFileName: -
	CommandLine: cut -d : -f1
	CurrentDirectory: /home/kali
	User: kali
	LogonGuid: {76062d67-0000-0000-e803-000000000000}
	LogonId: 1000
	TerminalSessionId: 2
	IntegrityLevel: no level
	Hashes: -
	ParentProcessGuid: {00000000-0000-0000-0000-000000000000}
	ParentProcessId: 5779
	ParentImage: -
	ParentCommandLine: -
	ParentUser: -
Event SYSMONEVENT_CREATE_PROCESS
	RuleName: -
	UtcTime: 2023-10-20 15:00:31.986
	ProcessGuid: {76062d67-960f-6532-292e-d437cb550000}
	ProcessId: 5782
	Image: /usr/bin/head
	FileVersion: -
	Description: -
	Product: -
	Company: -
	OriginalFileName: -
	CommandLine: head -n 1
	CurrentDirectory: /home/kali
	User: kali
	LogonGuid: {76062d67-0000-0000-e803-000000000000}
	LogonId: 1000
	TerminalSessionId: 2
	IntegrityLevel: no level
	Hashes: -
	ParentProcessGuid: {00000000-0000-0000-0000-000000000000}
	ParentProcessId: 5779
	ParentImage: -
	ParentCommandLine: -
	ParentUser: -
Event SYSMONEVENT_NETWORK_CONNECT
	RuleName: -
	UtcTime: 2023-10-20 15:00:31.988
	ProcessGuid: {76062d67-960f-6532-1d86-b48f61550000}
	ProcessId: 5780
	Image: /usr/bin/ip
	User: kali
	Protocol: udp
	Initiated: true
	SourceIsIpv6: true
	SourceIp: 0:0:0:0:0:0:0:0
	SourceHostname: -
	SourcePort: 0
	SourcePortName: -
	DestinationIsIpv6: true
	DestinationIp: 0:0:0:0:0:0:0:0
	DestinationHostname: -
	DestinationPort: 0
	DestinationPortName: -
Event SYSMONEVENT_PROCESS_TERMINATE
	RuleName: -
	UtcTime: 2023-10-20 15:00:31.988
	ProcessGuid: {76062d67-960f-6532-1d86-b48f61550000}
	ProcessId: 5780
	Image: /usr/bin/ip
	User: kali
Event SYSMONEVENT_PROCESS_TERMINATE
	RuleName: -
	UtcTime: 2023-10-20 15:00:31.988
	ProcessGuid: {76062d67-960f-6532-d928-40e1e2550000}
	ProcessId: 5781
	Image: /usr/bin/cut
	User: kali
Event SYSMONEVENT_PROCESS_TERMINATE
	RuleName: -
	UtcTime: 2023-10-20 15:00:31.988
	ProcessGuid: {76062d67-960f-6532-292e-d437cb550000}
	ProcessId: 5782
	Image: /usr/bin/head
	User: kali
Event SYSMONEVENT_PROCESS_TERMINATE
	RuleName: -
	UtcTime: 2023-10-20 15:00:31.988
	ProcessGuid: {76062d67-960f-6532-0000-000000000000}
	ProcessId: 5779
	Image: -
	User: kali
Event SYSMONEVENT_CREATE_PROCESS
	RuleName: -
	UtcTime: 2023-10-20 15:00:31.989
	ProcessGuid: {76062d67-960f-6532-1d66-0676f4550000}
	ProcessId: 5784
	Image: /usr/bin/ip
	FileVersion: -
	Description: -
	Product: -
	Company: -
	OriginalFileName: -
	CommandLine: ip a s 
	CurrentDirectory: /home/kali
	User: kali
	LogonGuid: {76062d67-0000-0000-e803-000000000000}
	LogonId: 1000
	TerminalSessionId: 2
	IntegrityLevel: no level
	Hashes: -
	ParentProcessGuid: {00000000-0000-0000-0000-000000000000}
	ParentProcessId: 5783
	ParentImage: -
	ParentCommandLine: -
	ParentUser: -
Event SYSMONEVENT_CREATE_PROCESS
	RuleName: -
	UtcTime: 2023-10-20 15:00:31.989
	ProcessGuid: {76062d67-960f-6532-5933-d46ba1550000}
	ProcessId: 5785
	Image: /usr/bin/grep
	FileVersion: -
	Description: -
	Product: -
	Company: -
	OriginalFileName: -
	CommandLine: grep -o -P (?<=inet )[0-9]{1,3}(\.[0-9]{1,3}){3}
	CurrentDirectory: /home/kali
	User: kali
	LogonGuid: {76062d67-0000-0000-e803-000000000000}
	LogonId: 1000
	TerminalSessionId: 2
	IntegrityLevel: no level
	Hashes: -
	ParentProcessGuid: {00000000-0000-0000-0000-000000000000}
	ParentProcessId: 5783
	ParentImage: -
	ParentCommandLine: -
	ParentUser: -
Event SYSMONEVENT_PROCESS_TERMINATE
	RuleName: -
	UtcTime: 2023-10-20 15:00:31.990
	ProcessGuid: {76062d67-960f-6532-1d66-0676f4550000}
	ProcessId: 5784
	Image: /usr/bin/ip
	User: kali
Event SYSMONEVENT_PROCESS_TERMINATE
	RuleName: -
	UtcTime: 2023-10-20 15:00:31.991
	ProcessGuid: {76062d67-960f-6532-5933-d46ba1550000}
	ProcessId: 5785
	Image: /usr/bin/grep
	User: kali
Event SYSMONEVENT_PROCESS_TERMINATE
	RuleName: -
	UtcTime: 2023-10-20 15:00:31.991
	ProcessGuid: {76062d67-960f-6532-0000-000000000000}
	ProcessId: 5783
	Image: -
	User: kali
Event SYSMONEVENT_PROCESS_TERMINATE
	RuleName: -
	UtcTime: 2023-10-20 15:00:31.992
	ProcessGuid: {76062d67-960f-6532-b9db-a4da63550000}
	ProcessId: 5778
	Image: /usr/bin/dash
	User: kali
Event SYSMONEVENT_CREATE_PROCESS
	RuleName: -
	UtcTime: 2023-10-20 15:00:32.986
	ProcessGuid: {76062d67-9610-6532-b90b-1a4dd7550000}
	ProcessId: 5786
	Image: /usr/bin/dash
	FileVersion: -
	Description: -
	Product: -
	Company: -
	OriginalFileName: -
	CommandLine: /bin/sh /usr/share/kali-themes/xfce4-panel-genmon-vpnip.sh
	CurrentDirectory: /home/kali
	User: kali
	LogonGuid: {76062d67-0000-0000-e803-000000000000}
	LogonId: 1000
	TerminalSessionId: 2
	IntegrityLevel: no level
	Hashes: -
	ParentProcessGuid: {00000000-0000-0000-0000-000000000000}
	ParentProcessId: 1364
	ParentImage: -
	ParentCommandLine: -
	ParentUser: -
Event SYSMONEVENT_CREATE_PROCESS
	RuleName: -
	UtcTime: 2023-10-20 15:00:32.997
	ProcessGuid: {76062d67-9610-6532-1dd6-218e29560000}
	ProcessId: 5788
	Image: /usr/bin/ip
	FileVersion: -
	Description: -
	Product: -
	Company: -
	OriginalFileName: -
	CommandLine: ip tuntap show
	CurrentDirectory: /home/kali
	User: kali
	LogonGuid: {76062d67-0000-0000-e803-000000000000}
	LogonId: 1000
	TerminalSessionId: 2
	IntegrityLevel: no level
	Hashes: -
	ParentProcessGuid: {00000000-0000-0000-0000-000000000000}
	ParentProcessId: 5787
	ParentImage: -
	ParentCommandLine: -
	ParentUser: -
Event SYSMONEVENT_CREATE_PROCESS
	RuleName: -
	UtcTime: 2023-10-20 15:00:32.997
	ProcessGuid: {76062d67-9610-6532-d9f8-279860550000}
	ProcessId: 5789
	Image: /usr/bin/cut
	FileVersion: -
	Description: -
	Product: -
	Company: -
	OriginalFileName: -
	CommandLine: cut -d : -f1
	CurrentDirectory: /home/kali
	User: kali
	LogonGuid: {76062d67-0000-0000-e803-000000000000}
	LogonId: 1000
	TerminalSessionId: 2
	IntegrityLevel: no level
	Hashes: -
	ParentProcessGuid: {00000000-0000-0000-0000-000000000000}
	ParentProcessId: 5787
	ParentImage: -
	ParentCommandLine: -
	ParentUser: -
Event SYSMONEVENT_CREATE_PROCESS
	RuleName: -
	UtcTime: 2023-10-20 15:00:32.997
	ProcessGuid: {76062d67-9610-6532-29de-d6cd3a560000}
	ProcessId: 5790
	Image: /usr/bin/head
	FileVersion: -
	Description: -
	Product: -
	Company: -
	OriginalFileName: -
	CommandLine: head -n 1
	CurrentDirectory: /home/kali
	User: kali
	LogonGuid: {76062d67-0000-0000-e803-000000000000}
	LogonId: 1000
	TerminalSessionId: 2
	IntegrityLevel: no level
	Hashes: -
	ParentProcessGuid: {00000000-0000-0000-0000-000000000000}
	ParentProcessId: 5787
	ParentImage: -
	ParentCommandLine: -
	ParentUser: -
Event SYSMONEVENT_NETWORK_CONNECT
	RuleName: -
	UtcTime: 2023-10-20 15:00:32.998
	ProcessGuid: {76062d67-9610-6532-1dd6-218e29560000}
	ProcessId: 5788
	Image: /usr/bin/ip
	User: kali
	Protocol: udp
	Initiated: true
	SourceIsIpv6: true
	SourceIp: 0:0:0:0:0:0:0:0
	SourceHostname: -
	SourcePort: 0
	SourcePortName: -
	DestinationIsIpv6: true
	DestinationIp: 0:0:0:0:0:0:0:0
	DestinationHostname: -
	DestinationPort: 0
	DestinationPortName: -
Event SYSMONEVENT_PROCESS_TERMINATE
	RuleName: -
	UtcTime: 2023-10-20 15:00:32.998
	ProcessGuid: {76062d67-9610-6532-1dd6-218e29560000}
	ProcessId: 5788
	Image: /usr/bin/ip
	User: kali
Event SYSMONEVENT_PROCESS_TERMINATE
	RuleName: -
	UtcTime: 2023-10-20 15:00:32.999
	ProcessGuid: {76062d67-9610-6532-d9f8-279860550000}
	ProcessId: 5789
	Image: /usr/bin/cut
	User: kali
Event SYSMONEVENT_PROCESS_TERMINATE
	RuleName: -
	UtcTime: 2023-10-20 15:00:32.999
	ProcessGuid: {76062d67-9610-6532-29de-d6cd3a560000}
	ProcessId: 5790
	Image: /usr/bin/head
	User: kali
Event SYSMONEVENT_PROCESS_TERMINATE
	RuleName: -
	UtcTime: 2023-10-20 15:00:32.999
	ProcessGuid: {76062d67-960f-6532-0000-000000000000}
	ProcessId: 5787
	Image: -
	User: kali
Event SYSMONEVENT_CREATE_PROCESS
	RuleName: -
	UtcTime: 2023-10-20 15:00:32.999
	ProcessGuid: {76062d67-9610-6532-1d86-698840560000}
	ProcessId: 5792
	Image: /usr/bin/ip
	FileVersion: -
	Description: -
	Product: -
	Company: -
	OriginalFileName: -
	CommandLine: ip a s 
	CurrentDirectory: /home/kali
	User: kali
	LogonGuid: {76062d67-0000-0000-e803-000000000000}
	LogonId: 1000
	TerminalSessionId: 2
	IntegrityLevel: no level
	Hashes: -
	ParentProcessGuid: {00000000-0000-0000-0000-000000000000}
	ParentProcessId: 5791
	ParentImage: -
	ParentCommandLine: -
	ParentUser: -
Event SYSMONEVENT_CREATE_PROCESS
	RuleName: -
	UtcTime: 2023-10-20 15:00:33.000
	ProcessGuid: {76062d67-9611-6532-59e3-cba92f560000}
	ProcessId: 5793
	Image: /usr/bin/grep
	FileVersion: -
	Description: -
	Product: -
	Company: -
	OriginalFileName: -
	CommandLine: grep -o -P (?<=inet )[0-9]{1,3}(\.[0-9]{1,3}){3}
	CurrentDirectory: /home/kali
	User: kali
	LogonGuid: {76062d67-0000-0000-e803-000000000000}
	LogonId: 1000
	TerminalSessionId: 2
	IntegrityLevel: no level
	Hashes: -
	ParentProcessGuid: {00000000-0000-0000-0000-000000000000}
	ParentProcessId: 5791
	ParentImage: -
	ParentCommandLine: -
	ParentUser: -
Event SYSMONEVENT_PROCESS_TERMINATE
	RuleName: -
	UtcTime: 2023-10-20 15:00:33.001
	ProcessGuid: {76062d67-9610-6532-1d86-698840560000}
	ProcessId: 5792
	Image: /usr/bin/ip
	User: kali
Event SYSMONEVENT_PROCESS_TERMINATE
	RuleName: -
	UtcTime: 2023-10-20 15:00:33.001
	ProcessGuid: {76062d67-9611-6532-59e3-cba92f560000}
	ProcessId: 5793
	Image: /usr/bin/grep
	User: kali
Event SYSMONEVENT_PROCESS_TERMINATE
	RuleName: -
	UtcTime: 2023-10-20 15:00:33.001
	ProcessGuid: {76062d67-9610-6532-0000-000000000000}
	ProcessId: 5791
	Image: -
	User: kali
Event SYSMONEVENT_PROCESS_TERMINATE
	RuleName: -
	UtcTime: 2023-10-20 15:00:33.002
	ProcessGuid: {76062d67-9610-6532-b90b-1a4dd7550000}
	ProcessId: 5786
	Image: /usr/bin/dash
	User: kali
Event SYSMONEVENT_CREATE_PROCESS
	RuleName: -
	UtcTime: 2023-10-20 15:00:33.989
	ProcessGuid: {76062d67-9611-6532-b97b-12ab61550000}
	ProcessId: 5794
	Image: /usr/bin/dash
	FileVersion: -
	Description: -
	Product: -
	Company: -
	OriginalFileName: -
	CommandLine: /bin/sh /usr/share/kali-themes/xfce4-panel-genmon-vpnip.sh
	CurrentDirectory: /home/kali
	User: kali
	LogonGuid: {76062d67-0000-0000-e803-000000000000}
	LogonId: 1000
	TerminalSessionId: 2
	IntegrityLevel: no level
	Hashes: -
	ParentProcessGuid: {00000000-0000-0000-0000-000000000000}
	ParentProcessId: 1364
	ParentImage: -
	ParentCommandLine: -
	ParentUser: -
Event SYSMONEVENT_CREATE_PROCESS
	RuleName: -
	UtcTime: 2023-10-20 15:00:33.991
	ProcessGuid: {76062d67-9611-6532-1df6-6eb2d5550000}
	ProcessId: 5796
	Image: /usr/bin/ip
	FileVersion: -
	Description: -
	Product: -
	Company: -
	OriginalFileName: -
	CommandLine: ip tuntap show
	CurrentDirectory: /home/kali
	User: kali
	LogonGuid: {76062d67-0000-0000-e803-000000000000}
	LogonId: 1000
	TerminalSessionId: 2
	IntegrityLevel: no level
	Hashes: -
	ParentProcessGuid: {00000000-0000-0000-0000-000000000000}
	ParentProcessId: 5795
	ParentImage: -
	ParentCommandLine: -
	ParentUser: -
Event SYSMONEVENT_CREATE_PROCESS
	RuleName: -
	UtcTime: 2023-10-20 15:00:33.991
	ProcessGuid: {76062d67-9611-6532-297e-dd290d560000}
	ProcessId: 5798
	Image: /usr/bin/head
	FileVersion: -
	Description: -
	Product: -
	Company: -
	OriginalFileName: -
	CommandLine: head -n 1
	CurrentDirectory: /home/kali
	User: kali
	LogonGuid: {76062d67-0000-0000-e803-000000000000}
	LogonId: 1000
	TerminalSessionId: 2
	IntegrityLevel: no level
	Hashes: -
	ParentProcessGuid: {00000000-0000-0000-0000-000000000000}
	ParentProcessId: 5795
	ParentImage: -
	ParentCommandLine: -
	ParentUser: -
Event SYSMONEVENT_CREATE_PROCESS
	RuleName: -
	UtcTime: 2023-10-20 15:00:33.991
	ProcessGuid: {76062d67-9611-6532-d988-87ceff550000}
	ProcessId: 5797
	Image: /usr/bin/cut
	FileVersion: -
	Description: -
	Product: -
	Company: -
	OriginalFileName: -
	CommandLine: cut -d : -f1
	CurrentDirectory: /home/kali
	User: kali
	LogonGuid: {76062d67-0000-0000-e803-000000000000}
	LogonId: 1000
	TerminalSessionId: 2
	IntegrityLevel: no level
	Hashes: -
	ParentProcessGuid: {00000000-0000-0000-0000-000000000000}
	ParentProcessId: 5795
	ParentImage: -
	ParentCommandLine: -
	ParentUser: -
Event SYSMONEVENT_NETWORK_CONNECT
	RuleName: -
	UtcTime: 2023-10-20 15:00:33.992
	ProcessGuid: {76062d67-9611-6532-1df6-6eb2d5550000}
	ProcessId: 5796
	Image: /usr/bin/ip
	User: kali
	Protocol: udp
	Initiated: true
	SourceIsIpv6: true
	SourceIp: 0:0:0:0:0:0:0:0
	SourceHostname: -
	SourcePort: 0
	SourcePortName: -
	DestinationIsIpv6: true
	DestinationIp: 0:0:0:0:0:0:0:0
	DestinationHostname: -
	DestinationPort: 0
	DestinationPortName: -
Event SYSMONEVENT_PROCESS_TERMINATE
	RuleName: -
	UtcTime: 2023-10-20 15:00:33.992
	ProcessGuid: {76062d67-9611-6532-1df6-6eb2d5550000}
	ProcessId: 5796
	Image: /usr/bin/ip
	User: kali
Event SYSMONEVENT_PROCESS_TERMINATE
	RuleName: -
	UtcTime: 2023-10-20 15:00:33.993
	ProcessGuid: {76062d67-9611-6532-d988-87ceff550000}
	ProcessId: 5797
	Image: /usr/bin/cut
	User: kali
Event SYSMONEVENT_PROCESS_TERMINATE
	RuleName: -
	UtcTime: 2023-10-20 15:00:33.993
	ProcessGuid: {76062d67-9611-6532-297e-dd290d560000}
	ProcessId: 5798
	Image: /usr/bin/head
	User: kali
Event SYSMONEVENT_PROCESS_TERMINATE
	RuleName: -
	UtcTime: 2023-10-20 15:00:33.993
	ProcessGuid: {76062d67-9610-6532-0000-000000000000}
	ProcessId: 5795
	Image: -
	User: kali
Event SYSMONEVENT_CREATE_PROCESS
	RuleName: -
	UtcTime: 2023-10-20 15:00:33.994
	ProcessGuid: {76062d67-9611-6532-1d36-8a3317560000}
	ProcessId: 5800
	Image: /usr/bin/ip
	FileVersion: -
	Description: -
	Product: -
	Company: -
	OriginalFileName: -
	CommandLine: ip a s 
	CurrentDirectory: /home/kali
	User: kali
	LogonGuid: {76062d67-0000-0000-e803-000000000000}
	LogonId: 1000
	TerminalSessionId: 2
	IntegrityLevel: no level
	Hashes: -
	ParentProcessGuid: {00000000-0000-0000-0000-000000000000}
	ParentProcessId: 5799
	ParentImage: -
	ParentCommandLine: -
	ParentUser: -
Event SYSMONEVENT_CREATE_PROCESS
	RuleName: -
	UtcTime: 2023-10-20 15:00:33.994
	ProcessGuid: {76062d67-9611-6532-5903-11004f560000}
	ProcessId: 5801
	Image: /usr/bin/grep
	FileVersion: -
	Description: -
	Product: -
	Company: -
	OriginalFileName: -
	CommandLine: grep -o -P (?<=inet )[0-9]{1,3}(\.[0-9]{1,3}){3}
	CurrentDirectory: /home/kali
	User: kali
	LogonGuid: {76062d67-0000-0000-e803-000000000000}
	LogonId: 1000
	TerminalSessionId: 2
	IntegrityLevel: no level
	Hashes: -
	ParentProcessGuid: {00000000-0000-0000-0000-000000000000}
	ParentProcessId: 5799
	ParentImage: -
	ParentCommandLine: -
	ParentUser: -
Event SYSMONEVENT_PROCESS_TERMINATE
	RuleName: -
	UtcTime: 2023-10-20 15:00:33.995
	ProcessGuid: {76062d67-9611-6532-1d36-8a3317560000}
	ProcessId: 5800
	Image: /usr/bin/ip
	User: kali
Event SYSMONEVENT_PROCESS_TERMINATE
	RuleName: -
	UtcTime: 2023-10-20 15:00:33.995
	ProcessGuid: {76062d67-9611-6532-5903-11004f560000}
	ProcessId: 5801
	Image: /usr/bin/grep
	User: kali
Event SYSMONEVENT_PROCESS_TERMINATE
	RuleName: -
	UtcTime: 2023-10-20 15:00:33.996
	ProcessGuid: {00000000-0000-0000-0000-000000000000}
	ProcessId: 5799
	Image: <unknown process>
	User: kali
Event SYSMONEVENT_PROCESS_TERMINATE
	RuleName: -
	UtcTime: 2023-10-20 15:00:33.996
	ProcessGuid: {76062d67-9611-6532-b97b-12ab61550000}
	ProcessId: 5794
	Image: /usr/bin/dash
	User: kali
Event SYSMONEVENT_FILE_DELETE
	RuleName: -
	UtcTime: 2023-10-20 15:00:34.754
	ProcessGuid: {76062d67-9481-6532-95da-3ede3e560000}
	ProcessId: 1761
	User: kali
	Image: /usr/libexec/gvfsd-metadata
	TargetFilename: /home/kali/.local/share/gvfs-metadata/home-b5a2cecd.log
	Hashes: -
	IsExecutable: -
	Archived: -
Event SYSMONEVENT_CREATE_PROCESS
	RuleName: -
	UtcTime: 2023-10-20 15:00:34.991
	ProcessGuid: {76062d67-9612-6532-b92b-b0058f550000}
	ProcessId: 5802
	Image: /usr/bin/dash
	FileVersion: -
	Description: -
	Product: -
	Company: -
	OriginalFileName: -
	CommandLine: /bin/sh /usr/share/kali-themes/xfce4-panel-genmon-vpnip.sh
	CurrentDirectory: /home/kali
	User: kali
	LogonGuid: {76062d67-0000-0000-e803-000000000000}
	LogonId: 1000
	TerminalSessionId: 2
	IntegrityLevel: no level
	Hashes: -
	ParentProcessGuid: {00000000-0000-0000-0000-000000000000}
	ParentProcessId: 1364
	ParentImage: -
	ParentCommandLine: -
	ParentUser: -
Event SYSMONEVENT_CREATE_PROCESS
	RuleName: -
	UtcTime: 2023-10-20 15:00:34.993
	ProcessGuid: {76062d67-9612-6532-1de6-9e8391550000}
	ProcessId: 5804
	Image: /usr/bin/ip
	FileVersion: -
	Description: -
	Product: -
	Company: -
	OriginalFileName: -
	CommandLine: ip tuntap show
	CurrentDirectory: /home/kali
	User: kali
	LogonGuid: {76062d67-0000-0000-e803-000000000000}
	LogonId: 1000
	TerminalSessionId: 2
	IntegrityLevel: no level
	Hashes: -
	ParentProcessGuid: {00000000-0000-0000-0000-000000000000}
	ParentProcessId: 5803
	ParentImage: -
	ParentCommandLine: -
	ParentUser: -
Event SYSMONEVENT_CREATE_PROCESS
	RuleName: -
	UtcTime: 2023-10-20 15:00:34.993
	ProcessGuid: {76062d67-9612-6532-d948-45f96c550000}
	ProcessId: 5805
	Image: /usr/bin/cut
	FileVersion: -
	Description: -
	Product: -
	Company: -
	OriginalFileName: -
	CommandLine: cut -d : -f1
	CurrentDirectory: /home/kali
	User: kali
	LogonGuid: {76062d67-0000-0000-e803-000000000000}
	LogonId: 1000
	TerminalSessionId: 2
	IntegrityLevel: no level
	Hashes: -
	ParentProcessGuid: {00000000-0000-0000-0000-000000000000}
	ParentProcessId: 5803
	ParentImage: -
	ParentCommandLine: -
	ParentUser: -
Event SYSMONEVENT_CREATE_PROCESS
	RuleName: -
	UtcTime: 2023-10-20 15:00:34.993
	ProcessGuid: {76062d67-9612-6532-295e-c88d8b550000}
	ProcessId: 5806
	Image: /usr/bin/head
	FileVersion: -
	Description: -
	Product: -
	Company: -
	OriginalFileName: -
	CommandLine: head -n 1
	CurrentDirectory: /home/kali
	User: kali
	LogonGuid: {76062d67-0000-0000-e803-000000000000}
	LogonId: 1000
	TerminalSessionId: 2
	IntegrityLevel: no level
	Hashes: -
	ParentProcessGuid: {00000000-0000-0000-0000-000000000000}
	ParentProcessId: 5803
	ParentImage: -
	ParentCommandLine: -
	ParentUser: -
Event SYSMONEVENT_NETWORK_CONNECT
	RuleName: -
	UtcTime: 2023-10-20 15:00:34.995
	ProcessGuid: {76062d67-9612-6532-1de6-9e8391550000}
	ProcessId: 5804
	Image: /usr/bin/ip
	User: kali
	Protocol: udp
	Initiated: true
	SourceIsIpv6: true
	SourceIp: 0:0:0:0:0:0:0:0
	SourceHostname: -
	SourcePort: 0
	SourcePortName: -
	DestinationIsIpv6: true
	DestinationIp: 0:0:0:0:0:0:0:0
	DestinationHostname: -
	DestinationPort: 0
	DestinationPortName: -
Event SYSMONEVENT_PROCESS_TERMINATE
	RuleName: -
	UtcTime: 2023-10-20 15:00:34.995
	ProcessGuid: {76062d67-9612-6532-1de6-9e8391550000}
	ProcessId: 5804
	Image: /usr/bin/ip
	User: kali
Event SYSMONEVENT_PROCESS_TERMINATE
	RuleName: -
	UtcTime: 2023-10-20 15:00:34.995
	ProcessGuid: {76062d67-9612-6532-d948-45f96c550000}
	ProcessId: 5805
	Image: /usr/bin/cut
	User: kali
Event SYSMONEVENT_PROCESS_TERMINATE
	RuleName: -
	UtcTime: 2023-10-20 15:00:34.995
	ProcessGuid: {76062d67-9612-6532-295e-c88d8b550000}
	ProcessId: 5806
	Image: /usr/bin/head
	User: kali
Event SYSMONEVENT_PROCESS_TERMINATE
	RuleName: -
	UtcTime: 2023-10-20 15:00:34.995
	ProcessGuid: {76062d67-9610-6532-0000-000000000000}
	ProcessId: 5803
	Image: -
	User: kali
Event SYSMONEVENT_CREATE_PROCESS
	RuleName: -
	UtcTime: 2023-10-20 15:00:34.996
	ProcessGuid: {76062d67-9612-6532-1d06-c58d72550000}
	ProcessId: 5808
	Image: /usr/bin/ip
	FileVersion: -
	Description: -
	Product: -
	Company: -
	OriginalFileName: -
	CommandLine: ip a s 
	CurrentDirectory: /home/kali
	User: kali
	LogonGuid: {76062d67-0000-0000-e803-000000000000}
	LogonId: 1000
	TerminalSessionId: 2
	IntegrityLevel: no level
	Hashes: -
	ParentProcessGuid: {00000000-0000-0000-0000-000000000000}
	ParentProcessId: 5807
	ParentImage: -
	ParentCommandLine: -
	ParentUser: -
Event SYSMONEVENT_CREATE_PROCESS
	RuleName: -
	UtcTime: 2023-10-20 15:00:34.996
	ProcessGuid: {76062d67-9612-6532-5993-d41dfb550000}
	ProcessId: 5809
	Image: /usr/bin/grep
	FileVersion: -
	Description: -
	Product: -
	Company: -
	OriginalFileName: -
	CommandLine: grep -o -P (?<=inet )[0-9]{1,3}(\.[0-9]{1,3}){3}
	CurrentDirectory: /home/kali
	User: kali
	LogonGuid: {76062d67-0000-0000-e803-000000000000}
	LogonId: 1000
	TerminalSessionId: 2
	IntegrityLevel: no level
	Hashes: -
	ParentProcessGuid: {00000000-0000-0000-0000-000000000000}
	ParentProcessId: 5807
	ParentImage: -
	ParentCommandLine: -
	ParentUser: -
Event SYSMONEVENT_PROCESS_TERMINATE
	RuleName: -
	UtcTime: 2023-10-20 15:00:34.997
	ProcessGuid: {76062d67-9612-6532-1d06-c58d72550000}
	ProcessId: 5808
	Image: /usr/bin/ip
	User: kali
Event SYSMONEVENT_PROCESS_TERMINATE
	RuleName: -
	UtcTime: 2023-10-20 15:00:34.998
	ProcessGuid: {76062d67-9612-6532-5993-d41dfb550000}
	ProcessId: 5809
	Image: /usr/bin/grep
	User: kali
Event SYSMONEVENT_PROCESS_TERMINATE
	RuleName: -
	UtcTime: 2023-10-20 15:00:34.998
	ProcessGuid: {00000000-0000-0000-0000-000000000000}
	ProcessId: 5807
	Image: <unknown process>
	User: kali
Event SYSMONEVENT_PROCESS_TERMINATE
	RuleName: -
	UtcTime: 2023-10-20 15:00:34.998
	ProcessGuid: {76062d67-9612-6532-b92b-b0058f550000}
	ProcessId: 5802
	Image: /usr/bin/dash
	User: kali
Event SYSMONEVENT_CREATE_PROCESS
	RuleName: -
	UtcTime: 2023-10-20 15:00:35.992
	ProcessGuid: {76062d67-9613-6532-b9bb-4a7d5a550000}
	ProcessId: 5810
	Image: /usr/bin/dash
	FileVersion: -
	Description: -
	Product: -
	Company: -
	OriginalFileName: -
	CommandLine: /bin/sh /usr/share/kali-themes/xfce4-panel-genmon-vpnip.sh
	CurrentDirectory: /home/kali
	User: kali
	LogonGuid: {76062d67-0000-0000-e803-000000000000}
	LogonId: 1000
	TerminalSessionId: 2
	IntegrityLevel: no level
	Hashes: -
	ParentProcessGuid: {00000000-0000-0000-0000-000000000000}
	ParentProcessId: 1364
	ParentImage: -
	ParentCommandLine: -
	ParentUser: -
Event SYSMONEVENT_CREATE_PROCESS
	RuleName: -
	UtcTime: 2023-10-20 15:00:35.994
	ProcessGuid: {76062d67-9613-6532-1df6-0fca21560000}
	ProcessId: 5812
	Image: /usr/bin/ip
	FileVersion: -
	Description: -
	Product: -
	Company: -
	OriginalFileName: -
	CommandLine: ip tuntap show
	CurrentDirectory: /home/kali
	User: kali
	LogonGuid: {76062d67-0000-0000-e803-000000000000}
	LogonId: 1000
	TerminalSessionId: 2
	IntegrityLevel: no level
	Hashes: -
	ParentProcessGuid: {00000000-0000-0000-0000-000000000000}
	ParentProcessId: 5811
	ParentImage: -
	ParentCommandLine: -
	ParentUser: -
Event SYSMONEVENT_CREATE_PROCESS
	RuleName: -
	UtcTime: 2023-10-20 15:00:35.994
	ProcessGuid: {76062d67-9613-6532-d908-1a2c35560000}
	ProcessId: 5813
	Image: /usr/bin/cut
	FileVersion: -
	Description: -
	Product: -
	Company: -
	OriginalFileName: -
	CommandLine: cut -d : -f1
	CurrentDirectory: /home/kali
	User: kali
	LogonGuid: {76062d67-0000-0000-e803-000000000000}
	LogonId: 1000
	TerminalSessionId: 2
	IntegrityLevel: no level
	Hashes: -
	ParentProcessGuid: {00000000-0000-0000-0000-000000000000}
	ParentProcessId: 5811
	ParentImage: -
	ParentCommandLine: -
	ParentUser: -
Event SYSMONEVENT_CREATE_PROCESS
	RuleName: -
	UtcTime: 2023-10-20 15:00:35.994
	ProcessGuid: {76062d67-9613-6532-295e-adeb82550000}
	ProcessId: 5814
	Image: /usr/bin/head
	FileVersion: -
	Description: -
	Product: -
	Company: -
	OriginalFileName: -
	CommandLine: head -n 1
	CurrentDirectory: /home/kali
	User: kali
	LogonGuid: {76062d67-0000-0000-e803-000000000000}
	LogonId: 1000
	TerminalSessionId: 2
	IntegrityLevel: no level
	Hashes: -
	ParentProcessGuid: {00000000-0000-0000-0000-000000000000}
	ParentProcessId: 5811
	ParentImage: -
	ParentCommandLine: -
	ParentUser: -
Event SYSMONEVENT_NETWORK_CONNECT
	RuleName: -
	UtcTime: 2023-10-20 15:00:35.996
	ProcessGuid: {76062d67-9613-6532-1df6-0fca21560000}
	ProcessId: 5812
	Image: /usr/bin/ip
	User: kali
	Protocol: udp
	Initiated: true
	SourceIsIpv6: true
	SourceIp: 0:0:0:0:0:0:0:0
	SourceHostname: -
	SourcePort: 0
	SourcePortName: -
	DestinationIsIpv6: true
	DestinationIp: 0:0:0:0:0:0:0:0
	DestinationHostname: -
	DestinationPort: 0
	DestinationPortName: -
Event SYSMONEVENT_PROCESS_TERMINATE
	RuleName: -
	UtcTime: 2023-10-20 15:00:35.996
	ProcessGuid: {76062d67-9613-6532-1df6-0fca21560000}
	ProcessId: 5812
	Image: /usr/bin/ip
	User: kali
Event SYSMONEVENT_PROCESS_TERMINATE
	RuleName: -
	UtcTime: 2023-10-20 15:00:35.996
	ProcessGuid: {76062d67-9613-6532-d908-1a2c35560000}
	ProcessId: 5813
	Image: /usr/bin/cut
	User: kali
Event SYSMONEVENT_PROCESS_TERMINATE
	RuleName: -
	UtcTime: 2023-10-20 15:00:35.996
	ProcessGuid: {76062d67-9613-6532-295e-adeb82550000}
	ProcessId: 5814
	Image: /usr/bin/head
	User: kali
Event SYSMONEVENT_PROCESS_TERMINATE
	RuleName: -
	UtcTime: 2023-10-20 15:00:35.997
	ProcessGuid: {76062d67-9613-6532-0000-000000000000}
	ProcessId: 5811
	Image: -
	User: kali
Event SYSMONEVENT_CREATE_PROCESS
	RuleName: -
	UtcTime: 2023-10-20 15:00:35.998
	ProcessGuid: {76062d67-9613-6532-1de6-420342560000}
	ProcessId: 5816
	Image: /usr/bin/ip
	FileVersion: -
	Description: -
	Product: -
	Company: -
	OriginalFileName: -
	CommandLine: ip a s 
	CurrentDirectory: /home/kali
	User: kali
	LogonGuid: {76062d67-0000-0000-e803-000000000000}
	LogonId: 1000
	TerminalSessionId: 2
	IntegrityLevel: no level
	Hashes: -
	ParentProcessGuid: {00000000-0000-0000-0000-000000000000}
	ParentProcessId: 5815
	ParentImage: -
	ParentCommandLine: -
	ParentUser: -
Event SYSMONEVENT_CREATE_PROCESS
	RuleName: -
	UtcTime: 2023-10-20 15:00:35.998
	ProcessGuid: {76062d67-9613-6532-5943-54535d550000}
	ProcessId: 5817
	Image: /usr/bin/grep
	FileVersion: -
	Description: -
	Product: -
	Company: -
	OriginalFileName: -
	CommandLine: grep -o -P (?<=inet )[0-9]{1,3}(\.[0-9]{1,3}){3}
	CurrentDirectory: /home/kali
	User: kali
	LogonGuid: {76062d67-0000-0000-e803-000000000000}
	LogonId: 1000
	TerminalSessionId: 2
	IntegrityLevel: no level
	Hashes: -
	ParentProcessGuid: {00000000-0000-0000-0000-000000000000}
	ParentProcessId: 5815
	ParentImage: -
	ParentCommandLine: -
	ParentUser: -
Event SYSMONEVENT_PROCESS_TERMINATE
	RuleName: -
	UtcTime: 2023-10-20 15:00:35.999
	ProcessGuid: {76062d67-9613-6532-1de6-420342560000}
	ProcessId: 5816
	Image: /usr/bin/ip
	User: kali
Event SYSMONEVENT_PROCESS_TERMINATE
	RuleName: -
	UtcTime: 2023-10-20 15:00:36.001
	ProcessGuid: {76062d67-9613-6532-5943-54535d550000}
	ProcessId: 5817
	Image: /usr/bin/grep
	User: kali
Event SYSMONEVENT_PROCESS_TERMINATE
	RuleName: -
	UtcTime: 2023-10-20 15:00:36.001
	ProcessGuid: {76062d67-9613-6532-0000-000000000000}
	ProcessId: 5815
	Image: -
	User: kali
Event SYSMONEVENT_PROCESS_TERMINATE
	RuleName: -
	UtcTime: 2023-10-20 15:00:36.001
	ProcessGuid: {76062d67-9613-6532-b9bb-4a7d5a550000}
	ProcessId: 5810
	Image: /usr/bin/dash
	User: kali
Event SYSMONEVENT_CREATE_PROCESS
	RuleName: -
	UtcTime: 2023-10-20 15:00:36.994
	ProcessGuid: {76062d67-9614-6532-b97b-762418560000}
	ProcessId: 5818
	Image: /usr/bin/dash
	FileVersion: -
	Description: -
	Product: -
	Company: -
	OriginalFileName: -
	CommandLine: /bin/sh /usr/share/kali-themes/xfce4-panel-genmon-vpnip.sh
	CurrentDirectory: /home/kali
	User: kali
	LogonGuid: {76062d67-0000-0000-e803-000000000000}
	LogonId: 1000
	TerminalSessionId: 2
	IntegrityLevel: no level
	Hashes: -
	ParentProcessGuid: {00000000-0000-0000-0000-000000000000}
	ParentProcessId: 1364
	ParentImage: -
	ParentCommandLine: -
	ParentUser: -
Event SYSMONEVENT_CREATE_PROCESS
	RuleName: -
	UtcTime: 2023-10-20 15:00:36.997
	ProcessGuid: {76062d67-9614-6532-d958-770674550000}
	ProcessId: 5821
	Image: /usr/bin/cut
	FileVersion: -
	Description: -
	Product: -
	Company: -
	OriginalFileName: -
	CommandLine: cut -d : -f1
	CurrentDirectory: /home/kali
	User: kali
	LogonGuid: {76062d67-0000-0000-e803-000000000000}
	LogonId: 1000
	TerminalSessionId: 2
	IntegrityLevel: no level
	Hashes: -
	ParentProcessGuid: {00000000-0000-0000-0000-000000000000}
	ParentProcessId: 5819
	ParentImage: -
	ParentCommandLine: -
	ParentUser: -
Event SYSMONEVENT_CREATE_PROCESS
	RuleName: -
	UtcTime: 2023-10-20 15:00:36.997
	ProcessGuid: {76062d67-9614-6532-299e-b164a8550000}
	ProcessId: 5822
	Image: /usr/bin/head
	FileVersion: -
	Description: -
	Product: -
	Company: -
	OriginalFileName: -
	CommandLine: head -n 1
	CurrentDirectory: /home/kali
	User: kali
	LogonGuid: {76062d67-0000-0000-e803-000000000000}
	LogonId: 1000
	TerminalSessionId: 2
	IntegrityLevel: no level
	Hashes: -
	ParentProcessGuid: {00000000-0000-0000-0000-000000000000}
	ParentProcessId: 5819
	ParentImage: -
	ParentCommandLine: -
	ParentUser: -
Event SYSMONEVENT_CREATE_PROCESS
	RuleName: -
	UtcTime: 2023-10-20 15:00:36.996
	ProcessGuid: {76062d67-9614-6532-1dc6-8ee200560000}
	ProcessId: 5820
	Image: /usr/bin/ip
	FileVersion: -
	Description: -
	Product: -
	Company: -
	OriginalFileName: -
	CommandLine: ip tuntap show
	CurrentDirectory: /home/kali
	User: kali
	LogonGuid: {76062d67-0000-0000-e803-000000000000}
	LogonId: 1000
	TerminalSessionId: 2
	IntegrityLevel: no level
	Hashes: -
	ParentProcessGuid: {00000000-0000-0000-0000-000000000000}
	ParentProcessId: 5819
	ParentImage: -
	ParentCommandLine: -
	ParentUser: -
Event SYSMONEVENT_NETWORK_CONNECT
	RuleName: -
	UtcTime: 2023-10-20 15:00:36.999
	ProcessGuid: {76062d67-9614-6532-1dc6-8ee200560000}
	ProcessId: 5820
	Image: /usr/bin/ip
	User: kali
	Protocol: udp
	Initiated: true
	SourceIsIpv6: true
	SourceIp: 0:0:0:0:0:0:0:0
	SourceHostname: -
	SourcePort: 0
	SourcePortName: -
	DestinationIsIpv6: true
	DestinationIp: 0:0:0:0:0:0:0:0
	DestinationHostname: -
	DestinationPort: 0
	DestinationPortName: -
Event SYSMONEVENT_PROCESS_TERMINATE
	RuleName: -
	UtcTime: 2023-10-20 15:00:36.999
	ProcessGuid: {76062d67-9614-6532-1dc6-8ee200560000}
	ProcessId: 5820
	Image: /usr/bin/ip
	User: kali
Event SYSMONEVENT_PROCESS_TERMINATE
	RuleName: -
	UtcTime: 2023-10-20 15:00:36.999
	ProcessGuid: {76062d67-9614-6532-d958-770674550000}
	ProcessId: 5821
	Image: /usr/bin/cut
	User: kali
Event SYSMONEVENT_PROCESS_TERMINATE
	RuleName: -
	UtcTime: 2023-10-20 15:00:36.999
	ProcessGuid: {76062d67-9614-6532-299e-b164a8550000}
	ProcessId: 5822
	Image: /usr/bin/head
	User: kali
Event SYSMONEVENT_PROCESS_TERMINATE
	RuleName: -
	UtcTime: 2023-10-20 15:00:37.000
	ProcessGuid: {76062d67-9613-6532-0000-000000000000}
	ProcessId: 5819
	Image: -
	User: kali
Event SYSMONEVENT_CREATE_PROCESS
	RuleName: -
	UtcTime: 2023-10-20 15:00:37.000
	ProcessGuid: {76062d67-9615-6532-59d3-3098f1550000}
	ProcessId: 5825
	Image: /usr/bin/grep
	FileVersion: -
	Description: -
	Product: -
	Company: -
	OriginalFileName: -
	CommandLine: grep -o -P (?<=inet )[0-9]{1,3}(\.[0-9]{1,3}){3}
	CurrentDirectory: /home/kali
	User: kali
	LogonGuid: {76062d67-0000-0000-e803-000000000000}
	LogonId: 1000
	TerminalSessionId: 2
	IntegrityLevel: no level
	Hashes: -
	ParentProcessGuid: {00000000-0000-0000-0000-000000000000}
	ParentProcessId: 5823
	ParentImage: -
	ParentCommandLine: -
	ParentUser: -
Event SYSMONEVENT_CREATE_PROCESS
	RuleName: -
	UtcTime: 2023-10-20 15:00:37.000
	ProcessGuid: {76062d67-9615-6532-1d36-72e18e550000}
	ProcessId: 5824
	Image: /usr/bin/ip
	FileVersion: -
	Description: -
	Product: -
	Company: -
	OriginalFileName: -
	CommandLine: ip a s 
	CurrentDirectory: /home/kali
	User: kali
	LogonGuid: {76062d67-0000-0000-e803-000000000000}
	LogonId: 1000
	TerminalSessionId: 2
	IntegrityLevel: no level
	Hashes: -
	ParentProcessGuid: {00000000-0000-0000-0000-000000000000}
	ParentProcessId: 5823
	ParentImage: -
	ParentCommandLine: -
	ParentUser: -
Event SYSMONEVENT_PROCESS_TERMINATE
	RuleName: -
	UtcTime: 2023-10-20 15:00:37.002
	ProcessGuid: {76062d67-9615-6532-1d36-72e18e550000}
	ProcessId: 5824
	Image: /usr/bin/ip
	User: kali
Event SYSMONEVENT_PROCESS_TERMINATE
	RuleName: -
	UtcTime: 2023-10-20 15:00:37.002
	ProcessGuid: {76062d67-9615-6532-59d3-3098f1550000}
	ProcessId: 5825
	Image: /usr/bin/grep
	User: kali
Event SYSMONEVENT_PROCESS_TERMINATE
	RuleName: -
	UtcTime: 2023-10-20 15:00:37.002
	ProcessGuid: {76062d67-9613-6532-0000-000000000000}
	ProcessId: 5823
	Image: -
	User: kali
Event SYSMONEVENT_PROCESS_TERMINATE
	RuleName: -
	UtcTime: 2023-10-20 15:00:37.002
	ProcessGuid: {76062d67-9614-6532-b97b-762418560000}
	ProcessId: 5818
	Image: /usr/bin/dash
	User: kali
Event SYSMONEVENT_CREATE_PROCESS
	RuleName: -
	UtcTime: 2023-10-20 15:00:37.996
	ProcessGuid: {76062d67-9615-6532-b98b-7b56d0550000}
	ProcessId: 5826
	Image: /usr/bin/dash
	FileVersion: -
	Description: -
	Product: -
	Company: -
	OriginalFileName: -
	CommandLine: /bin/sh /usr/share/kali-themes/xfce4-panel-genmon-vpnip.sh
	CurrentDirectory: /home/kali
	User: kali
	LogonGuid: {76062d67-0000-0000-e803-000000000000}
	LogonId: 1000
	TerminalSessionId: 2
	IntegrityLevel: no level
	Hashes: -
	ParentProcessGuid: {00000000-0000-0000-0000-000000000000}
	ParentProcessId: 1364
	ParentImage: -
	ParentCommandLine: -
	ParentUser: -
Event SYSMONEVENT_CREATE_PROCESS
	RuleName: -
	UtcTime: 2023-10-20 15:00:37.998
	ProcessGuid: {76062d67-9615-6532-1da6-86a5a7550000}
	ProcessId: 5828
	Image: /usr/bin/ip
	FileVersion: -
	Description: -
	Product: -
	Company: -
	OriginalFileName: -
	CommandLine: ip tuntap show
	CurrentDirectory: /home/kali
	User: kali
	LogonGuid: {76062d67-0000-0000-e803-000000000000}
	LogonId: 1000
	TerminalSessionId: 2
	IntegrityLevel: no level
	Hashes: -
	ParentProcessGuid: {00000000-0000-0000-0000-000000000000}
	ParentProcessId: 5827
	ParentImage: -
	ParentCommandLine: -
	ParentUser: -
Event SYSMONEVENT_CREATE_PROCESS
	RuleName: -
	UtcTime: 2023-10-20 15:00:37.998
	ProcessGuid: {76062d67-9615-6532-d9c8-da9a3b560000}
	ProcessId: 5829
	Image: /usr/bin/cut
	FileVersion: -
	Description: -
	Product: -
	Company: -
	OriginalFileName: -
	CommandLine: cut -d : -f1
	CurrentDirectory: /home/kali
	User: kali
	LogonGuid: {76062d67-0000-0000-e803-000000000000}
	LogonId: 1000
	TerminalSessionId: 2
	IntegrityLevel: no level
	Hashes: -
	ParentProcessGuid: {00000000-0000-0000-0000-000000000000}
	ParentProcessId: 5827
	ParentImage: -
	ParentCommandLine: -
	ParentUser: -
Event SYSMONEVENT_CREATE_PROCESS
	RuleName: -
	UtcTime: 2023-10-20 15:00:37.998
	ProcessGuid: {76062d67-9615-6532-297e-1f6cad550000}
	ProcessId: 5830
	Image: /usr/bin/head
	FileVersion: -
	Description: -
	Product: -
	Company: -
	OriginalFileName: -
	CommandLine: head -n 1
	CurrentDirectory: /home/kali
	User: kali
	LogonGuid: {76062d67-0000-0000-e803-000000000000}
	LogonId: 1000
	TerminalSessionId: 2
	IntegrityLevel: no level
	Hashes: -
	ParentProcessGuid: {00000000-0000-0000-0000-000000000000}
	ParentProcessId: 5827
	ParentImage: -
	ParentCommandLine: -
	ParentUser: -
Event SYSMONEVENT_NETWORK_CONNECT
	RuleName: -
	UtcTime: 2023-10-20 15:00:37.999
	ProcessGuid: {76062d67-9615-6532-1da6-86a5a7550000}
	ProcessId: 5828
	Image: /usr/bin/ip
	User: kali
	Protocol: udp
	Initiated: true
	SourceIsIpv6: true
	SourceIp: 0:0:0:0:0:0:0:0
	SourceHostname: -
	SourcePort: 0
	SourcePortName: -
	DestinationIsIpv6: true
	DestinationIp: 0:0:0:0:0:0:0:0
	DestinationHostname: -
	DestinationPort: 0
	DestinationPortName: -
Event SYSMONEVENT_PROCESS_TERMINATE
	RuleName: -
	UtcTime: 2023-10-20 15:00:37.999
	ProcessGuid: {76062d67-9615-6532-1da6-86a5a7550000}
	ProcessId: 5828
	Image: /usr/bin/ip
	User: kali
Event SYSMONEVENT_PROCESS_TERMINATE
	RuleName: -
	UtcTime: 2023-10-20 15:00:38.000
	ProcessGuid: {76062d67-9615-6532-d9c8-da9a3b560000}
	ProcessId: 5829
	Image: /usr/bin/cut
	User: kali
Event SYSMONEVENT_PROCESS_TERMINATE
	RuleName: -
	UtcTime: 2023-10-20 15:00:38.000
	ProcessGuid: {76062d67-9615-6532-297e-1f6cad550000}
	ProcessId: 5830
	Image: /usr/bin/head
	User: kali
Event SYSMONEVENT_PROCESS_TERMINATE
	RuleName: -
	UtcTime: 2023-10-20 15:00:38.000
	ProcessGuid: {76062d67-9613-6532-0000-000000000000}
	ProcessId: 5827
	Image: -
	User: kali
Event SYSMONEVENT_CREATE_PROCESS
	RuleName: -
	UtcTime: 2023-10-20 15:00:38.000
	ProcessGuid: {76062d67-9616-6532-1d16-b47784550000}
	ProcessId: 5832
	Image: /usr/bin/ip
	FileVersion: -
	Description: -
	Product: -
	Company: -
	OriginalFileName: -
	CommandLine: ip a s 
	CurrentDirectory: /home/kali
	User: kali
	LogonGuid: {76062d67-0000-0000-e803-000000000000}
	LogonId: 1000
	TerminalSessionId: 2
	IntegrityLevel: no level
	Hashes: -
	ParentProcessGuid: {00000000-0000-0000-0000-000000000000}
	ParentProcessId: 5831
	ParentImage: -
	ParentCommandLine: -
	ParentUser: -
Event SYSMONEVENT_CREATE_PROCESS
	RuleName: -
	UtcTime: 2023-10-20 15:00:38.000
	ProcessGuid: {76062d67-9616-6532-5903-eb7943560000}
	ProcessId: 5833
	Image: /usr/bin/grep
	FileVersion: -
	Description: -
	Product: -
	Company: -
	OriginalFileName: -
	CommandLine: grep -o -P (?<=inet )[0-9]{1,3}(\.[0-9]{1,3}){3}
	CurrentDirectory: /home/kali
	User: kali
	LogonGuid: {76062d67-0000-0000-e803-000000000000}
	LogonId: 1000
	TerminalSessionId: 2
	IntegrityLevel: no level
	Hashes: -
	ParentProcessGuid: {00000000-0000-0000-0000-000000000000}
	ParentProcessId: 5831
	ParentImage: -
	ParentCommandLine: -
	ParentUser: -
Event SYSMONEVENT_PROCESS_TERMINATE
	RuleName: -
	UtcTime: 2023-10-20 15:00:38.002
	ProcessGuid: {76062d67-9616-6532-1d16-b47784550000}
	ProcessId: 5832
	Image: /usr/bin/ip
	User: kali
Event SYSMONEVENT_PROCESS_TERMINATE
	RuleName: -
	UtcTime: 2023-10-20 15:00:38.002
	ProcessGuid: {76062d67-9616-6532-5903-eb7943560000}
	ProcessId: 5833
	Image: /usr/bin/grep
	User: kali
Event SYSMONEVENT_PROCESS_TERMINATE
	RuleName: -
	UtcTime: 2023-10-20 15:00:38.002
	ProcessGuid: {00000000-0000-0000-0000-000000000000}
	ProcessId: 5831
	Image: <unknown process>
	User: kali
Event SYSMONEVENT_PROCESS_TERMINATE
	RuleName: -
	UtcTime: 2023-10-20 15:00:38.002
	ProcessGuid: {76062d67-9615-6532-b98b-7b56d0550000}
	ProcessId: 5826
	Image: /usr/bin/dash
	User: kali
