Event SYSMONEVENT_PROCESS_TERMINATE
	RuleName: -
	UtcTime: 2023-10-20 15:00:07.103
	ProcessGuid: {76062d67-95f7-6532-5929-a36946560000}
	ProcessId: 5420
	Image: /usr/usr/bin/find
	User: root
Event SYSMONEVENT_PROCESS_TERMINATE
	RuleName: -
	UtcTime: 2023-10-20 15:00:07.104
	ProcessGuid: {76062d67-95f7-6532-0000-000000000000}
	ProcessId: 5156
	Image: -
	User: root
Event SYSMONEVENT_PROCESS_TERMINATE
	RuleName: -
	UtcTime: 2023-10-20 15:00:07.104
	ProcessGuid: {76062d67-95f5-6532-b9cb-e2debc550000}
	ProcessId: 5133
	Image: /usr/usr/bin/dash
	User: root
Event SYSMONEVENT_FILE_DELETE
	RuleName: -
	UtcTime: 2023-10-20 15:00:07.105
	ProcessGuid: {76062d67-945b-6532-194b-185ab2550000}
	ProcessId: 424
	User: -
	Image: /usr/lib/systemd/systemd-journald
	TargetFilename: /run/systemd/journal/streams/8:29521
	Hashes: -
	IsExecutable: -
	Archived: -
Event SYSMONEVENT_PROCESS_TERMINATE
	RuleName: -
	UtcTime: 2023-10-20 15:00:07.105
	ProcessGuid: {76062d67-95f7-6532-25de-3ffb99550000}
	ProcessId: 5419
	Image: /usr/bin/systemctl
	User: root
Event SYSMONEVENT_FILE_DELETE
	RuleName: -
	UtcTime: 2023-10-20 15:00:07.105
	ProcessGuid: {76062d67-9458-6532-dda0-ac474c560000}
	ProcessId: 1
	User: -
	Image: /usr/lib/systemd/systemd
	TargetFilename: /run/systemd/units/invocation:phpsessionclean.service
	Hashes: -
	IsExecutable: -
	Archived: -
Event SYSMONEVENT_PROCESS_TERMINATE
	RuleName: -
	UtcTime: 2023-10-20 15:00:07.106
	ProcessGuid: {76062d67-9458-6532-dda0-ac474c560000}
	ProcessId: 1
	Image: /usr/lib/systemd/systemd
	User: -
Event SYSMONEVENT_PROCESS_TERMINATE
	RuleName: -
	UtcTime: 2023-10-20 15:00:07.106
	ProcessGuid: {76062d67-9458-6532-dda0-ac474c560000}
	ProcessId: 1
	Image: /usr/lib/systemd/systemd
	User: -
Event SYSMONEVENT_CREATE_PROCESS
	RuleName: -
	UtcTime: 2023-10-20 15:00:07.106
	ProcessGuid: {76062d67-95f7-6532-252e-0c618a550000}
	ProcessId: 5421
	Image: /usr/bin/systemctl
	FileVersion: -
	Description: -
	Product: -
	Company: -
	OriginalFileName: -
	CommandLine: systemctl -p LoadState show miredo.service
	CurrentDirectory: /
	User: root
	LogonGuid: {76062d67-0000-0000-0000-000000000000}
	LogonId: 0
	TerminalSessionId: 4294967295
	IntegrityLevel: no level
	Hashes: -
	ParentProcessGuid: {76062d67-95f7-6532-b9db-78125a550000}
	ParentProcessId: 5418
	ParentImage: /usr/bin/dash
	ParentCommandLine: /bin/sh
	ParentUser: root
Event SYSMONEVENT_PROCESS_TERMINATE
	RuleName: -
	UtcTime: 2023-10-20 15:00:07.149
	ProcessGuid: {76062d67-95f7-6532-252e-0c618a550000}
	ProcessId: 5421
	Image: /usr/bin/systemctl
	User: root
Event SYSMONEVENT_CREATE_PROCESS
	RuleName: -
	UtcTime: 2023-10-20 15:00:07.150
	ProcessGuid: {76062d67-95f7-6532-25be-7461a0550000}
	ProcessId: 5425
	Image: /usr/bin/systemctl
	FileVersion: -
	Description: -
	Product: -
	Company: -
	OriginalFileName: -
	CommandLine: systemctl status miredo.service
	CurrentDirectory: /
	User: root
	LogonGuid: {76062d67-0000-0000-0000-000000000000}
	LogonId: 0
	TerminalSessionId: 4294967295
	IntegrityLevel: no level
	Hashes: -
	ParentProcessGuid: {76062d67-95f7-6532-b9db-78125a550000}
	ParentProcessId: 5418
	ParentImage: /usr/bin/dash
	ParentCommandLine: /bin/sh
	ParentUser: root
Event SYSMONEVENT_PROCESS_TERMINATE
	RuleName: -
	UtcTime: 2023-10-20 15:00:07.175
	ProcessGuid: {76062d67-95f7-6532-25be-7461a0550000}
	ProcessId: 5425
	Image: /usr/bin/systemctl
	User: root
Event SYSMONEVENT_PROCESS_TERMINATE
	RuleName: -
	UtcTime: 2023-10-20 15:00:07.175
	ProcessGuid: {76062d67-95f7-6532-b9db-78125a550000}
	ProcessId: 5418
	Image: /usr/bin/dash
	User: root
Event SYSMONEVENT_PROCESS_TERMINATE
	RuleName: -
	UtcTime: 2023-10-20 15:00:07.176
	ProcessGuid: {76062d67-95f7-6532-b9db-73c3b9550000}
	ProcessId: 5417
	Image: /usr/bin/dash
	User: root
Event SYSMONEVENT_CREATE_PROCESS
	RuleName: -
	UtcTime: 2023-10-20 15:00:07.176
	ProcessGuid: {76062d67-95f7-6532-b98b-74f67f550000}
	ProcessId: 5426
	Image: /usr/bin/dash
	FileVersion: -
	Description: -
	Product: -
	Company: -
	OriginalFileName: -
	CommandLine: /bin/sh /etc/network/if-up.d/openvpn
	CurrentDirectory: /
	User: root
	LogonGuid: {76062d67-0000-0000-0000-000000000000}
	LogonId: 0
	TerminalSessionId: 4294967295
	IntegrityLevel: no level
	Hashes: -
	ParentProcessGuid: {76062d67-95f7-6532-1989-a0df78550000}
	ParentProcessId: 5401
	ParentImage: /usr/bin/run-parts
	ParentCommandLine: run-parts
	ParentUser: root
Event SYSMONEVENT_PROCESS_TERMINATE
	RuleName: -
	UtcTime: 2023-10-20 15:00:07.177
	ProcessGuid: {76062d67-95f7-6532-b98b-74f67f550000}
	ProcessId: 5426
	Image: /usr/bin/dash
	User: -
Event SYSMONEVENT_CREATE_PROCESS
	RuleName: -
	UtcTime: 2023-10-20 15:00:07.177
	ProcessGuid: {76062d67-95f7-6532-b92b-3f8563550000}
	ProcessId: 5427
	Image: /usr/bin/dash
	FileVersion: -
	Description: -
	Product: -
	Company: -
	OriginalFileName: -
	CommandLine: /bin/sh /etc/network/if-up.d/resolved
	CurrentDirectory: /
	User: root
	LogonGuid: {76062d67-0000-0000-0000-000000000000}
	LogonId: 0
	TerminalSessionId: 4294967295
	IntegrityLevel: no level
	Hashes: -
	ParentProcessGuid: {76062d67-95f7-6532-1989-a0df78550000}
	ParentProcessId: 5401
	ParentImage: /usr/bin/run-parts
	ParentCommandLine: run-parts
	ParentUser: root
Event SYSMONEVENT_CREATE_PROCESS
	RuleName: -
	UtcTime: 2023-10-20 15:00:07.178
	ProcessGuid: {76062d67-95f7-6532-254e-4be27a550000}
	ProcessId: 5428
	Image: /usr/bin/systemctl
	FileVersion: -
	Description: -
	Product: -
	Company: -
	OriginalFileName: -
	CommandLine: systemctl is-enabled systemd-resolved
	CurrentDirectory: /
	User: root
	LogonGuid: {76062d67-0000-0000-0000-000000000000}
	LogonId: 0
	TerminalSessionId: 4294967295
	IntegrityLevel: no level
	Hashes: -
	ParentProcessGuid: {76062d67-95f7-6532-b92b-3f8563550000}
	ParentProcessId: 5427
	ParentImage: /usr/bin/dash
	ParentCommandLine: /bin/sh
	ParentUser: root
Event SYSMONEVENT_PROCESS_TERMINATE
	RuleName: -
	UtcTime: 2023-10-20 15:00:07.188
	ProcessGuid: {76062d67-95f7-6532-254e-4be27a550000}
	ProcessId: 5428
	Image: /usr/bin/systemctl
	User: root
Event SYSMONEVENT_PROCESS_TERMINATE
	RuleName: -
	UtcTime: 2023-10-20 15:00:07.188
	ProcessGuid: {76062d67-95f7-6532-b92b-3f8563550000}
	ProcessId: 5427
	Image: /usr/bin/dash
	User: root
Event SYSMONEVENT_CREATE_PROCESS
	RuleName: -
	UtcTime: 2023-10-20 15:00:07.188
	ProcessGuid: {76062d67-95f7-6532-b94b-872e9a550000}
	ProcessId: 5429
	Image: /usr/bin/dash
	FileVersion: -
	Description: -
	Product: -
	Company: -
	OriginalFileName: -
	CommandLine: /bin/sh /etc/network/if-up.d/wpasupplicant
	CurrentDirectory: /
	User: root
	LogonGuid: {76062d67-0000-0000-0000-000000000000}
	LogonId: 0
	TerminalSessionId: 4294967295
	IntegrityLevel: no level
	Hashes: -
	ParentProcessGuid: {76062d67-95f7-6532-1989-a0df78550000}
	ParentProcessId: 5401
	ParentImage: /usr/bin/run-parts
	ParentCommandLine: run-parts
	ParentUser: root
Event SYSMONEVENT_PROCESS_TERMINATE
	RuleName: -
	UtcTime: 2023-10-20 15:00:07.191
	ProcessGuid: {76062d67-95f7-6532-0000-000000000000}
	ProcessId: 5430
	Image: -
	User: root
Event SYSMONEVENT_CREATE_PROCESS
	RuleName: -
	UtcTime: 2023-10-20 15:00:07.191
	ProcessGuid: {76062d67-95f7-6532-5923-2fd355550000}
	ProcessId: 5431
	Image: /usr/bin/grep
	FileVersion: -
	Description: -
	Product: -
	Company: -
	OriginalFileName: -
	CommandLine: grep -q ^IF_WPA
	CurrentDirectory: /
	User: root
	LogonGuid: {76062d67-0000-0000-0000-000000000000}
	LogonId: 0
	TerminalSessionId: 4294967295
	IntegrityLevel: no level
	Hashes: -
	ParentProcessGuid: {76062d67-95f7-6532-b94b-872e9a550000}
	ParentProcessId: 5429
	ParentImage: /usr/bin/dash
	ParentCommandLine: /bin/sh
	ParentUser: root
Event SYSMONEVENT_PROCESS_TERMINATE
	RuleName: -
	UtcTime: 2023-10-20 15:00:07.195
	ProcessGuid: {76062d67-95f7-6532-5923-2fd355550000}
	ProcessId: 5431
	Image: /usr/bin/grep
	User: -
Event SYSMONEVENT_PROCESS_TERMINATE
	RuleName: -
	UtcTime: 2023-10-20 15:00:07.196
	ProcessGuid: {76062d67-95f7-6532-b94b-872e9a550000}
	ProcessId: 5429
	Image: /usr/bin/dash
	User: -
Event SYSMONEVENT_PROCESS_TERMINATE
	RuleName: -
	UtcTime: 2023-10-20 15:00:07.196
	ProcessGuid: {76062d67-95f7-6532-1989-a0df78550000}
	ProcessId: 5401
	Image: /usr/bin/run-parts
	User: root
Event SYSMONEVENT_CREATE_PROCESS
	RuleName: -
	UtcTime: 2023-10-20 15:00:07.196
	ProcessGuid: {76062d67-95f7-6532-1999-cd26ba550000}
	ProcessId: 5432
	Image: /usr/bin/run-parts
	FileVersion: -
	Description: -
	Product: -
	Company: -
	OriginalFileName: -
	CommandLine: run-parts /etc/network/if-up.d
	CurrentDirectory: /
	User: root
	LogonGuid: {76062d67-0000-0000-0000-000000000000}
	LogonId: 0
	TerminalSessionId: 4294967295
	IntegrityLevel: no level
	Hashes: -
	ParentProcessGuid: {76062d67-95f7-6532-b9fb-7426e6550000}
	ParentProcessId: 5400
	ParentImage: /usr/bin/dash
	ParentCommandLine: /bin/sh
	ParentUser: root
Event SYSMONEVENT_CREATE_PROCESS
	RuleName: -
	UtcTime: 2023-10-20 15:00:07.197
	ProcessGuid: {76062d67-95f7-6532-b9ab-8c2112560000}
	ProcessId: 5433
	Image: /usr/bin/dash
	FileVersion: -
	Description: -
	Product: -
	Company: -
	OriginalFileName: -
	CommandLine: /bin/sh /etc/network/if-up.d/ethtool
	CurrentDirectory: /
	User: root
	LogonGuid: {76062d67-0000-0000-0000-000000000000}
	LogonId: 0
	TerminalSessionId: 4294967295
	IntegrityLevel: no level
	Hashes: -
	ParentProcessGuid: {76062d67-95f7-6532-1999-cd26ba550000}
	ParentProcessId: 5432
	ParentImage: /usr/bin/run-parts
	ParentCommandLine: run-parts
	ParentUser: root
Event SYSMONEVENT_PROCESS_TERMINATE
	RuleName: -
	UtcTime: 2023-10-20 15:00:07.199
	ProcessGuid: {00000000-0000-0000-0000-000000000000}
	ProcessId: 5435
	Image: <unknown process>
	User: root
Event SYSMONEVENT_CREATE_PROCESS
	RuleName: -
	UtcTime: 2023-10-20 15:00:07.199
	ProcessGuid: {76062d67-95f7-6532-19b9-f2ff7a550000}
	ProcessId: 5436
	Image: /usr/bin/sed
	FileVersion: -
	Description: -
	Product: -
	Company: -
	OriginalFileName: -
	CommandLine: sed -n #012/^IF_ETHERNET_PAUSE_[A-Za-z0-9_]*=/ {#012    h;                             # hold line#012    s/^IF_ETHERNET_PAUSE_//; s/=.*//; s/_/-/g;  # get name without prefix#012    y/ABCDEFGHIJKLMNOPQRSTUVWXYZ/abcdefghijklmnopqrstuvwxyz/;  # lower-case#012    p;#012    g;                             # restore line#012    s/^[^=]*=//; s/^'\(.*\)'/\1/;  # get value#012    p;#012}
	CurrentDirectory: /
	User: root
	LogonGuid: {76062d67-0000-0000-0000-000000000000}
	LogonId: 0
	TerminalSessionId: 4294967295
	IntegrityLevel: no level
	Hashes: -
	ParentProcessGuid: {00000000-0000-0000-0000-000000000000}
	ParentProcessId: 5434
	ParentImage: -
	ParentCommandLine: -
	ParentUser: -
Event SYSMONEVENT_PROCESS_TERMINATE
	RuleName: -
	UtcTime: 2023-10-20 15:00:07.200
	ProcessGuid: {76062d67-95f7-6532-19b9-f2ff7a550000}
	ProcessId: 5436
	Image: /usr/bin/sed
	User: root
Event SYSMONEVENT_PROCESS_TERMINATE
	RuleName: -
	UtcTime: 2023-10-20 15:00:07.200
	ProcessGuid: {00000000-0000-0000-0000-000000000000}
	ProcessId: 5434
	Image: <unknown process>
	User: root
Event SYSMONEVENT_PROCESS_TERMINATE
	RuleName: -
	UtcTime: 2023-10-20 15:00:07.203
	ProcessGuid: {76062d67-95f7-6532-0000-000000000000}
	ProcessId: 5438
	Image: -
	User: root
Event SYSMONEVENT_CREATE_PROCESS
	RuleName: -
	UtcTime: 2023-10-20 15:00:07.205
	ProcessGuid: {76062d67-95f7-6532-19d9-96e7c3550000}
	ProcessId: 5439
	Image: /usr/bin/sed
	FileVersion: -
	Description: -
	Product: -
	Company: -
	OriginalFileName: -
	CommandLine: sed -n #012/^IF_HARDWARE_IRQ_COALESCE_[A-Za-z0-9_]*=/ {#012    h;                             # hold line#012    s/^IF_HARDWARE_IRQ_COALESCE_//; s/=.*//; s/_/-/g;  # get name without prefix#012    y/ABCDEFGHIJKLMNOPQRSTUVWXYZ/abcdefghijklmnopqrstuvwxyz/;  # lower-case#012    p;#012    g;                             # restore line#012    s/^[^=]*=//; s/^'\(.*\)'/\1/;  # get value#012    p;#012}
	CurrentDirectory: /
	User: root
	LogonGuid: {76062d67-0000-0000-0000-000000000000}
	LogonId: 0
	TerminalSessionId: 4294967295
	IntegrityLevel: no level
	Hashes: -
	ParentProcessGuid: {00000000-0000-0000-0000-000000000000}
	ParentProcessId: 5437
	ParentImage: -
	ParentCommandLine: -
	ParentUser: -
Event SYSMONEVENT_PROCESS_TERMINATE
	RuleName: -
	UtcTime: 2023-10-20 15:00:07.207
	ProcessGuid: {76062d67-95f7-6532-19d9-96e7c3550000}
	ProcessId: 5439
	Image: /usr/bin/sed
	User: root
Event SYSMONEVENT_PROCESS_TERMINATE
	RuleName: -
	UtcTime: 2023-10-20 15:00:07.207
	ProcessGuid: {76062d67-95f7-6532-0000-000000000000}
	ProcessId: 5437
	Image: -
	User: -
Event SYSMONEVENT_PROCESS_TERMINATE
	RuleName: -
	UtcTime: 2023-10-20 15:00:07.208
	ProcessGuid: {76062d67-95f7-6532-0000-000000000000}
	ProcessId: 5442
	Image: -
	User: root
Event SYSMONEVENT_CREATE_PROCESS
	RuleName: -
	UtcTime: 2023-10-20 15:00:07.210
	ProcessGuid: {76062d67-95f7-6532-19a9-9b3027560000}
	ProcessId: 5443
	Image: /usr/bin/sed
	FileVersion: -
	Description: -
	Product: -
	Company: -
	OriginalFileName: -
	CommandLine: sed -n #012/^IF_HARDWARE_DMA_RING_[A-Za-z0-9_]*=/ {#012    h;                             # hold line#012    s/^IF_HARDWARE_DMA_RING_//; s/=.*//; s/_/-/g;  # get name without prefix#012    y/ABCDEFGHIJKLMNOPQRSTUVWXYZ/abcdefghijklmnopqrstuvwxyz/;  # lower-case#012    p;#012    g;                             # restore line#012    s/^[^=]*=//; s/^'\(.*\)'/\1/;  # get value#012    p;#012}
	CurrentDirectory: /
	User: root
	LogonGuid: {76062d67-0000-0000-0000-000000000000}
	LogonId: 0
	TerminalSessionId: 4294967295
	IntegrityLevel: no level
	Hashes: -
	ParentProcessGuid: {00000000-0000-0000-0000-000000000000}
	ParentProcessId: 5441
	ParentImage: -
	ParentCommandLine: -
	ParentUser: -
Event SYSMONEVENT_PROCESS_TERMINATE
	RuleName: -
	UtcTime: 2023-10-20 15:00:07.211
	ProcessGuid: {76062d67-95f7-6532-19a9-9b3027560000}
	ProcessId: 5443
	Image: /usr/bin/sed
	User: root
Event SYSMONEVENT_PROCESS_TERMINATE
	RuleName: -
	UtcTime: 2023-10-20 15:00:07.213
	ProcessGuid: {76062d67-95f7-6532-0000-000000000000}
	ProcessId: 5441
	Image: -
	User: -
Event SYSMONEVENT_PROCESS_TERMINATE
	RuleName: -
	UtcTime: 2023-10-20 15:00:07.217
	ProcessGuid: {00000000-0000-0000-0000-000000000000}
	ProcessId: 5445
	Image: <unknown process>
	User: root
Event SYSMONEVENT_CREATE_PROCESS
	RuleName: -
	UtcTime: 2023-10-20 15:00:07.217
	ProcessGuid: {76062d67-95f7-6532-1949-a3e15c550000}
	ProcessId: 5446
	Image: /usr/bin/sed
	FileVersion: -
	Description: -
	Product: -
	Company: -
	OriginalFileName: -
	CommandLine: sed -n #012/^IF_OFFLOAD_[A-Za-z0-9_]*=/ {#012    h;                             # hold line#012    s/^IF_OFFLOAD_//; s/=.*//; s/_/-/g;  # get name without prefix#012    y/ABCDEFGHIJKLMNOPQRSTUVWXYZ/abcdefghijklmnopqrstuvwxyz/;  # lower-case#012    p;#012    g;                             # restore line#012    s/^[^=]*=//; s/^'\(.*\)'/\1/;  # get value#012    p;#012}
	CurrentDirectory: /
	User: root
	LogonGuid: {76062d67-0000-0000-0000-000000000000}
	LogonId: 0
	TerminalSessionId: 4294967295
	IntegrityLevel: no level
	Hashes: -
	ParentProcessGuid: {00000000-0000-0000-0000-000000000000}
	ParentProcessId: 5444
	ParentImage: -
	ParentCommandLine: -
	ParentUser: -
Event SYSMONEVENT_PROCESS_TERMINATE
	RuleName: -
	UtcTime: 2023-10-20 15:00:07.218
	ProcessGuid: {76062d67-95f7-6532-1949-a3e15c550000}
	ProcessId: 5446
	Image: /usr/bin/sed
	User: root
Event SYSMONEVENT_PROCESS_TERMINATE
	RuleName: -
	UtcTime: 2023-10-20 15:00:07.221
	ProcessGuid: {76062d67-95f7-6532-0000-000000000000}
	ProcessId: 5444
	Image: -
	User: root
Event SYSMONEVENT_PROCESS_TERMINATE
	RuleName: -
	UtcTime: 2023-10-20 15:00:07.224
	ProcessGuid: {76062d67-95f7-6532-b9ab-8c2112560000}
	ProcessId: 5433
	Image: /usr/bin/dash
	User: root
Event SYSMONEVENT_CREATE_PROCESS
	RuleName: -
	UtcTime: 2023-10-20 15:00:07.226
	ProcessGuid: {76062d67-95f7-6532-b99b-057f1d560000}
	ProcessId: 5447
	Image: /usr/bin/dash
	FileVersion: -
	Description: -
	Product: -
	Company: -
	OriginalFileName: -
	CommandLine: /bin/sh /etc/network/if-up.d/ifenslave
	CurrentDirectory: /
	User: root
	LogonGuid: {76062d67-0000-0000-0000-000000000000}
	LogonId: 0
	TerminalSessionId: 4294967295
	IntegrityLevel: no level
	Hashes: -
	ParentProcessGuid: {76062d67-95f7-6532-1999-cd26ba550000}
	ParentProcessId: 5432
	ParentImage: /usr/bin/run-parts
	ParentCommandLine: run-parts
	ParentUser: root
Event SYSMONEVENT_PROCESS_TERMINATE
	RuleName: -
	UtcTime: 2023-10-20 15:00:07.227
	ProcessGuid: {76062d67-95f7-6532-b99b-057f1d560000}
	ProcessId: 5447
	Image: /usr/bin/dash
	User: -
Event SYSMONEVENT_CREATE_PROCESS
	RuleName: -
	UtcTime: 2023-10-20 15:00:07.239
	ProcessGuid: {76062d67-95f7-6532-b9eb-f9acee550000}
	ProcessId: 5448
	Image: /usr/bin/dash
	FileVersion: -
	Description: -
	Product: -
	Company: -
	OriginalFileName: -
	CommandLine: /bin/sh /etc/network/if-up.d/ip
	CurrentDirectory: /
	User: root
	LogonGuid: {76062d67-0000-0000-0000-000000000000}
	LogonId: 0
	TerminalSessionId: 4294967295
	IntegrityLevel: no level
	Hashes: -
	ParentProcessGuid: {76062d67-95f7-6532-1999-cd26ba550000}
	ParentProcessId: 5432
	ParentImage: /usr/bin/run-parts
	ParentCommandLine: run-parts
	ParentUser: root
Event SYSMONEVENT_PROCESS_TERMINATE
	RuleName: -
	UtcTime: 2023-10-20 15:00:07.242
	ProcessGuid: {76062d67-95f7-6532-b9eb-f9acee550000}
	ProcessId: 5448
	Image: /usr/bin/dash
	User: -
Event SYSMONEVENT_CREATE_PROCESS
	RuleName: -
	UtcTime: 2023-10-20 15:00:07.250
	ProcessGuid: {76062d67-95f7-6532-b9ab-f848f8550000}
	ProcessId: 5449
	Image: /usr/bin/dash
	FileVersion: -
	Description: -
	Product: -
	Company: -
	OriginalFileName: -
	CommandLine: /bin/sh /etc/network/if-up.d/miredo
	CurrentDirectory: /
	User: root
	LogonGuid: {76062d67-0000-0000-0000-000000000000}
	LogonId: 0
	TerminalSessionId: 4294967295
	IntegrityLevel: no level
	Hashes: -
	ParentProcessGuid: {76062d67-95f7-6532-1999-cd26ba550000}
	ParentProcessId: 5432
	ParentImage: /usr/bin/run-parts
	ParentCommandLine: run-parts
	ParentUser: root
Event SYSMONEVENT_PROCESS_TERMINATE
	RuleName: -
	UtcTime: 2023-10-20 15:00:07.251
	ProcessGuid: {76062d67-95f7-6532-b9ab-f848f8550000}
	ProcessId: 5449
	Image: /usr/bin/dash
	User: -
Event SYSMONEVENT_CREATE_PROCESS
	RuleName: -
	UtcTime: 2023-10-20 15:00:07.253
	ProcessGuid: {76062d67-95f7-6532-b93b-f4ecbf550000}
	ProcessId: 5450
	Image: /usr/bin/dash
	FileVersion: -
	Description: -
	Product: -
	Company: -
	OriginalFileName: -
	CommandLine: /bin/sh /etc/network/if-up.d/openvpn
	CurrentDirectory: /
	User: root
	LogonGuid: {76062d67-0000-0000-0000-000000000000}
	LogonId: 0
	TerminalSessionId: 4294967295
	IntegrityLevel: no level
	Hashes: -
	ParentProcessGuid: {76062d67-95f7-6532-1999-cd26ba550000}
	ParentProcessId: 5432
	ParentImage: /usr/bin/run-parts
	ParentCommandLine: run-parts
	ParentUser: root
Event SYSMONEVENT_PROCESS_TERMINATE
	RuleName: -
	UtcTime: 2023-10-20 15:00:07.254
	ProcessGuid: {76062d67-95f7-6532-b93b-f4ecbf550000}
	ProcessId: 5450
	Image: /usr/bin/dash
	User: -
Event SYSMONEVENT_CREATE_PROCESS
	RuleName: -
	UtcTime: 2023-10-20 15:00:07.255
	ProcessGuid: {76062d67-95f7-6532-b9cb-215be4550000}
	ProcessId: 5451
	Image: /usr/bin/dash
	FileVersion: -
	Description: -
	Product: -
	Company: -
	OriginalFileName: -
	CommandLine: /bin/sh /etc/network/if-up.d/resolved
	CurrentDirectory: /
	User: root
	LogonGuid: {76062d67-0000-0000-0000-000000000000}
	LogonId: 0
	TerminalSessionId: 4294967295
	IntegrityLevel: no level
	Hashes: -
	ParentProcessGuid: {76062d67-95f7-6532-1999-cd26ba550000}
	ParentProcessId: 5432
	ParentImage: /usr/bin/run-parts
	ParentCommandLine: run-parts
	ParentUser: root
Event SYSMONEVENT_CREATE_PROCESS
	RuleName: -
	UtcTime: 2023-10-20 15:00:07.257
	ProcessGuid: {76062d67-95f7-6532-25fe-6963b3550000}
	ProcessId: 5452
	Image: /usr/bin/systemctl
	FileVersion: -
	Description: -
	Product: -
	Company: -
	OriginalFileName: -
	CommandLine: systemctl is-enabled systemd-resolved
	CurrentDirectory: /
	User: root
	LogonGuid: {76062d67-0000-0000-0000-000000000000}
	LogonId: 0
	TerminalSessionId: 4294967295
	IntegrityLevel: no level
	Hashes: -
	ParentProcessGuid: {76062d67-95f7-6532-b9cb-215be4550000}
	ParentProcessId: 5451
	ParentImage: /usr/bin/dash
	ParentCommandLine: /bin/sh
	ParentUser: root
Event SYSMONEVENT_PROCESS_TERMINATE
	RuleName: -
	UtcTime: 2023-10-20 15:00:07.262
	ProcessGuid: {76062d67-95f7-6532-25fe-6963b3550000}
	ProcessId: 5452
	Image: /usr/bin/systemctl
	User: root
Event SYSMONEVENT_PROCESS_TERMINATE
	RuleName: -
	UtcTime: 2023-10-20 15:00:07.262
	ProcessGuid: {76062d67-95f7-6532-b9cb-215be4550000}
	ProcessId: 5451
	Image: /usr/bin/dash
	User: root
Event SYSMONEVENT_CREATE_PROCESS
	RuleName: -
	UtcTime: 2023-10-20 15:00:07.264
	ProcessGuid: {76062d67-95f7-6532-b92b-c62612560000}
	ProcessId: 5453
	Image: /usr/bin/dash
	FileVersion: -
	Description: -
	Product: -
	Company: -
	OriginalFileName: -
	CommandLine: /bin/sh /etc/network/if-up.d/wpasupplicant
	CurrentDirectory: /
	User: root
	LogonGuid: {76062d67-0000-0000-0000-000000000000}
	LogonId: 0
	TerminalSessionId: 4294967295
	IntegrityLevel: no level
	Hashes: -
	ParentProcessGuid: {76062d67-95f7-6532-1999-cd26ba550000}
	ParentProcessId: 5432
	ParentImage: /usr/bin/run-parts
	ParentCommandLine: run-parts
	ParentUser: root
Event SYSMONEVENT_CREATE_PROCESS
	RuleName: -
	UtcTime: 2023-10-20 15:00:07.265
	ProcessGuid: {76062d67-95f7-6532-5933-b89aa8550000}
	ProcessId: 5455
	Image: /usr/bin/grep
	FileVersion: -
	Description: -
	Product: -
	Company: -
	OriginalFileName: -
	CommandLine: grep -q ^IF_WPA
	CurrentDirectory: /
	User: root
	LogonGuid: {76062d67-0000-0000-0000-000000000000}
	LogonId: 0
	TerminalSessionId: 4294967295
	IntegrityLevel: no level
	Hashes: -
	ParentProcessGuid: {76062d67-95f7-6532-b92b-c62612560000}
	ParentProcessId: 5453
	ParentImage: /usr/bin/dash
	ParentCommandLine: /bin/sh
	ParentUser: root
Event SYSMONEVENT_PROCESS_TERMINATE
	RuleName: -
	UtcTime: 2023-10-20 15:00:07.266
	ProcessGuid: {00000000-0000-0000-0000-000000000000}
	ProcessId: 5454
	Image: <unknown process>
	User: root
Event SYSMONEVENT_PROCESS_TERMINATE
	RuleName: -
	UtcTime: 2023-10-20 15:00:07.266
	ProcessGuid: {76062d67-95f7-6532-5933-b89aa8550000}
	ProcessId: 5455
	Image: /usr/bin/grep
	User: -
Event SYSMONEVENT_PROCESS_TERMINATE
	RuleName: -
	UtcTime: 2023-10-20 15:00:07.267
	ProcessGuid: {76062d67-95f7-6532-b92b-c62612560000}
	ProcessId: 5453
	Image: /usr/bin/dash
	User: root
Event SYSMONEVENT_PROCESS_TERMINATE
	RuleName: -
	UtcTime: 2023-10-20 15:00:07.267
	ProcessGuid: {76062d67-95f7-6532-1999-cd26ba550000}
	ProcessId: 5432
	Image: /usr/bin/run-parts
	User: -
Event SYSMONEVENT_PROCESS_TERMINATE
	RuleName: -
	UtcTime: 2023-10-20 15:00:07.267
	ProcessGuid: {76062d67-95f7-6532-b9fb-7426e6550000}
	ProcessId: 5400
	Image: /usr/bin/dash
	User: root
Event SYSMONEVENT_CREATE_PROCESS
	RuleName: -
	UtcTime: 2023-10-20 15:00:07.268
	ProcessGuid: {76062d67-95f7-6532-b90b-2de49c550000}
	ProcessId: 5456
	Image: /usr/bin/dash
	FileVersion: -
	Description: -
	Product: -
	Company: -
	OriginalFileName: -
	CommandLine: /bin/sh /etc/NetworkManager/dispatcher.d/ntpsec eth0 up
	CurrentDirectory: /
	User: root
	LogonGuid: {76062d67-0000-0000-0000-000000000000}
	LogonId: 0
	TerminalSessionId: 4294967295
	IntegrityLevel: no level
	Hashes: -
	ParentProcessGuid: {76062d67-95f4-6532-3945-a664a1550000}
	ParentProcessId: 5081
	ParentImage: /usr/lib/NetworkManager/nm-dispatcher
	ParentCommandLine: /usr/lib/NetworkManager/nm-dispatcher
	ParentUser: root
Event SYSMONEVENT_CREATE_PROCESS
	RuleName: -
	UtcTime: 2023-10-20 15:00:07.270
	ProcessGuid: {76062d67-95f7-6532-19f9-a36c03560000}
	ProcessId: 5458
	Image: /usr/bin/sed
	FileVersion: -
	Description: -
	Product: -
	Company: -
	OriginalFileName: -
	CommandLine: sed -n s/NTP=//p /run/systemd/netif/leases/*
	CurrentDirectory: /
	User: root
	LogonGuid: {76062d67-0000-0000-0000-000000000000}
	LogonId: 0
	TerminalSessionId: 4294967295
	IntegrityLevel: no level
	Hashes: -
	ParentProcessGuid: {00000000-0000-0000-0000-000000000000}
	ParentProcessId: 5457
	ParentImage: -
	ParentCommandLine: -
	ParentUser: -
Event SYSMONEVENT_PROCESS_TERMINATE
	RuleName: -
	UtcTime: 2023-10-20 15:00:07.271
	ProcessGuid: {76062d67-95f7-6532-19f9-a36c03560000}
	ProcessId: 5458
	Image: /usr/bin/sed
	User: -
Event SYSMONEVENT_PROCESS_TERMINATE
	RuleName: -
	UtcTime: 2023-10-20 15:00:07.272
	ProcessGuid: {76062d67-95f7-6532-0000-000000000000}
	ProcessId: 5457
	Image: -
	User: root
Event SYSMONEVENT_PROCESS_TERMINATE
	RuleName: -
	UtcTime: 2023-10-20 15:00:07.272
	ProcessGuid: {76062d67-95f7-6532-b90b-2de49c550000}
	ProcessId: 5456
	Image: /usr/bin/dash
	User: -
Event SYSMONEVENT_CREATE_PROCESS
	RuleName: -
	UtcTime: 2023-10-20 15:00:07.273
	ProcessGuid: {76062d67-95f7-6532-b95b-05bd36560000}
	ProcessId: 5459
	Image: /usr/bin/dash
	FileVersion: -
	Description: -
	Product: -
	Company: -
	OriginalFileName: -
	CommandLine: /bin/sh -e /etc/NetworkManager/dispatcher.d/01-ifupdown  connectivity-change
	CurrentDirectory: /
	User: root
	LogonGuid: {76062d67-0000-0000-0000-000000000000}
	LogonId: 0
	TerminalSessionId: 4294967295
	IntegrityLevel: no level
	Hashes: -
	ParentProcessGuid: {76062d67-95f4-6532-3945-a664a1550000}
	ParentProcessId: 5081
	ParentImage: /usr/lib/NetworkManager/nm-dispatcher
	ParentCommandLine: /usr/lib/NetworkManager/nm-dispatcher
	ParentUser: root
Event SYSMONEVENT_PROCESS_TERMINATE
	RuleName: -
	UtcTime: 2023-10-20 15:00:07.274
	ProcessGuid: {76062d67-95f7-6532-b95b-05bd36560000}
	ProcessId: 5459
	Image: /usr/bin/dash
	User: -
Event SYSMONEVENT_CREATE_PROCESS
	RuleName: -
	UtcTime: 2023-10-20 15:00:07.275
	ProcessGuid: {76062d67-95f7-6532-b9ab-a4f539560000}
	ProcessId: 5460
	Image: /usr/bin/dash
	FileVersion: -
	Description: -
	Product: -
	Company: -
	OriginalFileName: -
	CommandLine: /bin/sh /etc/NetworkManager/dispatcher.d/ntpsec  connectivity-change
	CurrentDirectory: /
	User: root
	LogonGuid: {76062d67-0000-0000-0000-000000000000}
	LogonId: 0
	TerminalSessionId: 4294967295
	IntegrityLevel: no level
	Hashes: -
	ParentProcessGuid: {76062d67-95f4-6532-3945-a664a1550000}
	ParentProcessId: 5081
	ParentImage: /usr/lib/NetworkManager/nm-dispatcher
	ParentCommandLine: /usr/lib/NetworkManager/nm-dispatcher
	ParentUser: root
Event SYSMONEVENT_PROCESS_TERMINATE
	RuleName: -
	UtcTime: 2023-10-20 15:00:07.276
	ProcessGuid: {76062d67-95f7-6532-b9ab-a4f539560000}
	ProcessId: 5460
	Image: /usr/bin/dash
	User: -
Event SYSMONEVENT_PROCESS_TERMINATE
	RuleName: -
	UtcTime: 2023-10-20 15:00:07.308
	ProcessGuid: {76062d67-9480-6532-e949-44c9bc550000}
	ProcessId: 1412
	Image: /usr/lib/x86_64-linux-gnu/xfce4/notifyd/xfce4-notifyd
	User: kali
Event SYSMONEVENT_PROCESS_TERMINATE
	RuleName: -
	UtcTime: 2023-10-20 15:00:07.311
	ProcessGuid: {76062d67-9480-6532-e949-44c9bc550000}
	ProcessId: 1412
	Image: /usr/lib/x86_64-linux-gnu/xfce4/notifyd/xfce4-notifyd
	User: kali
Event SYSMONEVENT_PROCESS_TERMINATE
	RuleName: -
	UtcTime: 2023-10-20 15:00:07.311
	ProcessGuid: {76062d67-9480-6532-e949-44c9bc550000}
	ProcessId: 1412
	Image: /usr/lib/x86_64-linux-gnu/xfce4/notifyd/xfce4-notifyd
	User: kali
Event SYSMONEVENT_PROCESS_TERMINATE
	RuleName: -
	UtcTime: 2023-10-20 15:00:07.326
	ProcessGuid: {76062d67-9480-6532-e949-44c9bc550000}
	ProcessId: 1412
	Image: /usr/lib/x86_64-linux-gnu/xfce4/notifyd/xfce4-notifyd
	User: kali
Event SYSMONEVENT_PROCESS_TERMINATE
	RuleName: -
	UtcTime: 2023-10-20 15:00:07.327
	ProcessGuid: {76062d67-9480-6532-e949-44c9bc550000}
	ProcessId: 1412
	Image: /usr/lib/x86_64-linux-gnu/xfce4/notifyd/xfce4-notifyd
	User: kali
Event SYSMONEVENT_PROCESS_TERMINATE
	RuleName: -
	UtcTime: 2023-10-20 15:00:07.601
	ProcessGuid: {76062d67-9480-6532-e949-44c9bc550000}
	ProcessId: 1412
	Image: /usr/lib/x86_64-linux-gnu/xfce4/notifyd/xfce4-notifyd
	User: kali
Event SYSMONEVENT_PROCESS_TERMINATE
	RuleName: -
	UtcTime: 2023-10-20 15:00:07.602
	ProcessGuid: {76062d67-9480-6532-e949-44c9bc550000}
	ProcessId: 1412
	Image: /usr/lib/x86_64-linux-gnu/xfce4/notifyd/xfce4-notifyd
	User: kali
Event SYSMONEVENT_CREATE_PROCESS
	RuleName: -
	UtcTime: 2023-10-20 15:00:07.939
	ProcessGuid: {76062d67-95f7-6532-b9fb-a74a4c560000}
	ProcessId: 5467
	Image: /usr/bin/dash
	FileVersion: -
	Description: -
	Product: -
	Company: -
	OriginalFileName: -
	CommandLine: /bin/sh /usr/share/kali-themes/xfce4-panel-genmon-vpnip.sh
	CurrentDirectory: /home/kali
	User: kali
	LogonGuid: {76062d67-0000-0000-e803-000000000000}
	LogonId: 1000
	TerminalSessionId: 2
	IntegrityLevel: no level
	Hashes: -
	ParentProcessGuid: {00000000-0000-0000-0000-000000000000}
	ParentProcessId: 1364
	ParentImage: -
	ParentCommandLine: -
	ParentUser: -
Event SYSMONEVENT_CREATE_PROCESS
	RuleName: -
	UtcTime: 2023-10-20 15:00:07.943
	ProcessGuid: {76062d67-95f7-6532-1d36-cb5092550000}
	ProcessId: 5469
	Image: /usr/bin/ip
	FileVersion: -
	Description: -
	Product: -
	Company: -
	OriginalFileName: -
	CommandLine: ip tuntap show
	CurrentDirectory: /home/kali
	User: kali
	LogonGuid: {76062d67-0000-0000-e803-000000000000}
	LogonId: 1000
	TerminalSessionId: 2
	IntegrityLevel: no level
	Hashes: -
	ParentProcessGuid: {00000000-0000-0000-0000-000000000000}
	ParentProcessId: 5468
	ParentImage: -
	ParentCommandLine: -
	ParentUser: -
Event SYSMONEVENT_NETWORK_CONNECT
	RuleName: -
	UtcTime: 2023-10-20 15:00:07.944
	ProcessGuid: {76062d67-95f7-6532-1d36-cb5092550000}
	ProcessId: 5469
	Image: /usr/bin/ip
	User: kali
	Protocol: udp
	Initiated: true
	SourceIsIpv6: true
	SourceIp: 0:0:0:0:0:0:0:0
	SourceHostname: -
	SourcePort: 0
	SourcePortName: -
	DestinationIsIpv6: true
	DestinationIp: 0:0:0:0:0:0:0:0
	DestinationHostname: -
	DestinationPort: 0
	DestinationPortName: -
Event SYSMONEVENT_PROCESS_TERMINATE
	RuleName: -
	UtcTime: 2023-10-20 15:00:07.944
	ProcessGuid: {76062d67-95f7-6532-1d36-cb5092550000}
	ProcessId: 5469
	Image: /usr/bin/ip
	User: kali
Event SYSMONEVENT_CREATE_PROCESS
	RuleName: -
	UtcTime: 2023-10-20 15:00:07.945
	ProcessGuid: {76062d67-95f7-6532-d9f8-64e66e550000}
	ProcessId: 5470
	Image: /usr/bin/cut
	FileVersion: -
	Description: -
	Product: -
	Company: -
	OriginalFileName: -
	CommandLine: cut -d : -f1
	CurrentDirectory: /home/kali
	User: kali
	LogonGuid: {76062d67-0000-0000-e803-000000000000}
	LogonId: 1000
	TerminalSessionId: 2
	IntegrityLevel: no level
	Hashes: -
	ParentProcessGuid: {00000000-0000-0000-0000-000000000000}
	ParentProcessId: 5468
	ParentImage: -
	ParentCommandLine: -
	ParentUser: -
Event SYSMONEVENT_PROCESS_TERMINATE
	RuleName: -
	UtcTime: 2023-10-20 15:00:07.946
	ProcessGuid: {76062d67-95f7-6532-d9f8-64e66e550000}
	ProcessId: 5470
	Image: /usr/bin/cut
	User: kali
Event SYSMONEVENT_CREATE_PROCESS
	RuleName: -
	UtcTime: 2023-10-20 15:00:07.947
	ProcessGuid: {76062d67-95f7-6532-290e-5398af550000}
	ProcessId: 5471
	Image: /usr/bin/head
	FileVersion: -
	Description: -
	Product: -
	Company: -
	OriginalFileName: -
	CommandLine: head -n 1
	CurrentDirectory: /home/kali
	User: kali
	LogonGuid: {76062d67-0000-0000-e803-000000000000}
	LogonId: 1000
	TerminalSessionId: 2
	IntegrityLevel: no level
	Hashes: -
	ParentProcessGuid: {00000000-0000-0000-0000-000000000000}
	ParentProcessId: 5468
	ParentImage: -
	ParentCommandLine: -
	ParentUser: -
Event SYSMONEVENT_PROCESS_TERMINATE
	RuleName: -
	UtcTime: 2023-10-20 15:00:07.948
	ProcessGuid: {76062d67-95f7-6532-290e-5398af550000}
	ProcessId: 5471
	Image: /usr/bin/head
	User: kali
Event SYSMONEVENT_PROCESS_TERMINATE
	RuleName: -
	UtcTime: 2023-10-20 15:00:07.949
	ProcessGuid: {76062d67-9480-6532-e949-44c9bc550000}
	ProcessId: 5468
	Image: -
	User: kali
Event SYSMONEVENT_CREATE_PROCESS
	RuleName: -
	UtcTime: 2023-10-20 15:00:07.949
	ProcessGuid: {76062d67-95f7-6532-1d66-b2dfc9550000}
	ProcessId: 5473
	Image: /usr/bin/ip
	FileVersion: -
	Description: -
	Product: -
	Company: -
	OriginalFileName: -
	CommandLine: ip a s 
	CurrentDirectory: /home/kali
	User: kali
	LogonGuid: {76062d67-0000-0000-e803-000000000000}
	LogonId: 1000
	TerminalSessionId: 2
	IntegrityLevel: no level
	Hashes: -
	ParentProcessGuid: {00000000-0000-0000-0000-000000000000}
	ParentProcessId: 5472
	ParentImage: -
	ParentCommandLine: -
	ParentUser: -
Event SYSMONEVENT_CREATE_PROCESS
	RuleName: -
	UtcTime: 2023-10-20 15:00:07.950
	ProcessGuid: {76062d67-95f7-6532-59b3-4d44e8550000}
	ProcessId: 5474
	Image: /usr/bin/grep
	FileVersion: -
	Description: -
	Product: -
	Company: -
	OriginalFileName: -
	CommandLine: grep -o -P (?<=inet )[0-9]{1,3}(\.[0-9]{1,3}){3}
	CurrentDirectory: /home/kali
	User: kali
	LogonGuid: {76062d67-0000-0000-e803-000000000000}
	LogonId: 1000
	TerminalSessionId: 2
	IntegrityLevel: no level
	Hashes: -
	ParentProcessGuid: {00000000-0000-0000-0000-000000000000}
	ParentProcessId: 5472
	ParentImage: -
	ParentCommandLine: -
	ParentUser: -
Event SYSMONEVENT_PROCESS_TERMINATE
	RuleName: -
	UtcTime: 2023-10-20 15:00:07.953
	ProcessGuid: {76062d67-95f7-6532-1d66-b2dfc9550000}
	ProcessId: 5473
	Image: /usr/bin/ip
	User: kali
Event SYSMONEVENT_PROCESS_TERMINATE
	RuleName: -
	UtcTime: 2023-10-20 15:00:07.953
	ProcessGuid: {76062d67-95f7-6532-59b3-4d44e8550000}
	ProcessId: 5474
	Image: /usr/bin/grep
	User: kali
Event SYSMONEVENT_PROCESS_TERMINATE
	RuleName: -
	UtcTime: 2023-10-20 15:00:07.953
	ProcessGuid: {76062d67-9480-6532-e949-44c9bc550000}
	ProcessId: 5472
	Image: -
	User: kali
Event SYSMONEVENT_PROCESS_TERMINATE
	RuleName: -
	UtcTime: 2023-10-20 15:00:07.954
	ProcessGuid: {76062d67-95f7-6532-b9fb-a74a4c560000}
	ProcessId: 5467
	Image: /usr/bin/dash
	User: kali
Event SYSMONEVENT_PROCESS_TERMINATE
	RuleName: -
	UtcTime: 2023-10-20 15:00:08.525
	ProcessGuid: {76062d67-947f-6532-214e-f7d948560000}
	ProcessId: 1358
	Image: /usr/lib/x86_64-linux-gnu/xfce4/panel/wrapper-2.0
	User: kali
Event SYSMONEVENT_PROCESS_TERMINATE
	RuleName: -
	UtcTime: 2023-10-20 15:00:08.529
	ProcessGuid: {76062d67-947f-6532-214e-f7d948560000}
	ProcessId: 1358
	Image: /usr/lib/x86_64-linux-gnu/xfce4/panel/wrapper-2.0
	User: kali
Event SYSMONEVENT_PROCESS_TERMINATE
	RuleName: -
	UtcTime: 2023-10-20 15:00:08.530
	ProcessGuid: {76062d67-947f-6532-214e-f7d948560000}
	ProcessId: 1358
	Image: /usr/lib/x86_64-linux-gnu/xfce4/panel/wrapper-2.0
	User: kali
Event SYSMONEVENT_PROCESS_TERMINATE
	RuleName: -
	UtcTime: 2023-10-20 15:00:08.530
	ProcessGuid: {76062d67-947f-6532-214e-f7d948560000}
	ProcessId: 1358
	Image: /usr/lib/x86_64-linux-gnu/xfce4/panel/wrapper-2.0
	User: kali
Event SYSMONEVENT_PROCESS_TERMINATE
	RuleName: -
	UtcTime: 2023-10-20 15:00:08.540
	ProcessGuid: {76062d67-947f-6532-214e-f7d948560000}
	ProcessId: 1358
	Image: /usr/lib/x86_64-linux-gnu/xfce4/panel/wrapper-2.0
	User: kali
Event SYSMONEVENT_PROCESS_TERMINATE
	RuleName: -
	UtcTime: 2023-10-20 15:00:08.540
	ProcessGuid: {76062d67-947f-6532-214e-f7d948560000}
	ProcessId: 1358
	Image: /usr/lib/x86_64-linux-gnu/xfce4/panel/wrapper-2.0
	User: kali
Event SYSMONEVENT_CREATE_PROCESS
	RuleName: -
	UtcTime: 2023-10-20 15:00:08.940
	ProcessGuid: {76062d67-95f8-6532-b91b-4947f3550000}
	ProcessId: 5481
	Image: /usr/bin/dash
	FileVersion: -
	Description: -
	Product: -
	Company: -
	OriginalFileName: -
	CommandLine: /bin/sh /usr/share/kali-themes/xfce4-panel-genmon-vpnip.sh
	CurrentDirectory: /home/kali
	User: kali
	LogonGuid: {76062d67-0000-0000-e803-000000000000}
	LogonId: 1000
	TerminalSessionId: 2
	IntegrityLevel: no level
	Hashes: -
	ParentProcessGuid: {00000000-0000-0000-0000-000000000000}
	ParentProcessId: 1364
	ParentImage: -
	ParentCommandLine: -
	ParentUser: -
Event SYSMONEVENT_CREATE_PROCESS
	RuleName: -
	UtcTime: 2023-10-20 15:00:08.942
	ProcessGuid: {76062d67-95f8-6532-1de6-5be693550000}
	ProcessId: 5483
	Image: /usr/bin/ip
	FileVersion: -
	Description: -
	Product: -
	Company: -
	OriginalFileName: -
	CommandLine: ip tuntap show
	CurrentDirectory: /home/kali
	User: kali
	LogonGuid: {76062d67-0000-0000-e803-000000000000}
	LogonId: 1000
	TerminalSessionId: 2
	IntegrityLevel: no level
	Hashes: -
	ParentProcessGuid: {00000000-0000-0000-0000-000000000000}
	ParentProcessId: 5482
	ParentImage: -
	ParentCommandLine: -
	ParentUser: -
Event SYSMONEVENT_CREATE_PROCESS
	RuleName: -
	UtcTime: 2023-10-20 15:00:08.942
	ProcessGuid: {76062d67-95f8-6532-d968-9de748560000}
	ProcessId: 5484
	Image: /usr/bin/cut
	FileVersion: -
	Description: -
	Product: -
	Company: -
	OriginalFileName: -
	CommandLine: cut -d : -f1
	CurrentDirectory: /home/kali
	User: kali
	LogonGuid: {76062d67-0000-0000-e803-000000000000}
	LogonId: 1000
	TerminalSessionId: 2
	IntegrityLevel: no level
	Hashes: -
	ParentProcessGuid: {00000000-0000-0000-0000-000000000000}
	ParentProcessId: 5482
	ParentImage: -
	ParentCommandLine: -
	ParentUser: -
Event SYSMONEVENT_CREATE_PROCESS
	RuleName: -
	UtcTime: 2023-10-20 15:00:08.942
	ProcessGuid: {76062d67-95f8-6532-296e-7b6406560000}
	ProcessId: 5485
	Image: /usr/bin/head
	FileVersion: -
	Description: -
	Product: -
	Company: -
	OriginalFileName: -
	CommandLine: head -n 1
	CurrentDirectory: /home/kali
	User: kali
	LogonGuid: {76062d67-0000-0000-e803-000000000000}
	LogonId: 1000
	TerminalSessionId: 2
	IntegrityLevel: no level
	Hashes: -
	ParentProcessGuid: {00000000-0000-0000-0000-000000000000}
	ParentProcessId: 5482
	ParentImage: -
	ParentCommandLine: -
	ParentUser: -
Event SYSMONEVENT_NETWORK_CONNECT
	RuleName: -
	UtcTime: 2023-10-20 15:00:08.943
	ProcessGuid: {76062d67-95f8-6532-1de6-5be693550000}
	ProcessId: 5483
	Image: /usr/bin/ip
	User: kali
	Protocol: udp
	Initiated: true
	SourceIsIpv6: true
	SourceIp: 0:0:0:0:0:0:0:0
	SourceHostname: -
	SourcePort: 0
	SourcePortName: -
	DestinationIsIpv6: true
	DestinationIp: 0:0:0:0:0:0:0:0
	DestinationHostname: -
	DestinationPort: 0
	DestinationPortName: -
Event SYSMONEVENT_PROCESS_TERMINATE
	RuleName: -
	UtcTime: 2023-10-20 15:00:08.943
	ProcessGuid: {76062d67-95f8-6532-1de6-5be693550000}
	ProcessId: 5483
	Image: /usr/bin/ip
	User: kali
Event SYSMONEVENT_PROCESS_TERMINATE
	RuleName: -
	UtcTime: 2023-10-20 15:00:08.944
	ProcessGuid: {76062d67-95f8-6532-d968-9de748560000}
	ProcessId: 5484
	Image: /usr/bin/cut
	User: kali
Event SYSMONEVENT_PROCESS_TERMINATE
	RuleName: -
	UtcTime: 2023-10-20 15:00:08.944
	ProcessGuid: {76062d67-95f8-6532-296e-7b6406560000}
	ProcessId: 5485
	Image: /usr/bin/head
	User: kali
Event SYSMONEVENT_PROCESS_TERMINATE
	RuleName: -
	UtcTime: 2023-10-20 15:00:08.944
	ProcessGuid: {76062d67-947f-6532-214e-f7d948560000}
	ProcessId: 5482
	Image: -
	User: kali
Event SYSMONEVENT_CREATE_PROCESS
	RuleName: -
	UtcTime: 2023-10-20 15:00:08.945
	ProcessGuid: {76062d67-95f8-6532-1d06-e475cc550000}
	ProcessId: 5487
	Image: /usr/bin/ip
	FileVersion: -
	Description: -
	Product: -
	Company: -
	OriginalFileName: -
	CommandLine: ip a s 
	CurrentDirectory: /home/kali
	User: kali
	LogonGuid: {76062d67-0000-0000-e803-000000000000}
	LogonId: 1000
	TerminalSessionId: 2
	IntegrityLevel: no level
	Hashes: -
	ParentProcessGuid: {00000000-0000-0000-0000-000000000000}
	ParentProcessId: 5486
	ParentImage: -
	ParentCommandLine: -
	ParentUser: -
Event SYSMONEVENT_CREATE_PROCESS
	RuleName: -
	UtcTime: 2023-10-20 15:00:08.946
	ProcessGuid: {76062d67-95f8-6532-5913-30a64e560000}
	ProcessId: 5488
	Image: /usr/bin/grep
	FileVersion: -
	Description: -
	Product: -
	Company: -
	OriginalFileName: -
	CommandLine: grep -o -P (?<=inet )[0-9]{1,3}(\.[0-9]{1,3}){3}
	CurrentDirectory: /home/kali
	User: kali
	LogonGuid: {76062d67-0000-0000-e803-000000000000}
	LogonId: 1000
	TerminalSessionId: 2
	IntegrityLevel: no level
	Hashes: -
	ParentProcessGuid: {00000000-0000-0000-0000-000000000000}
	ParentProcessId: 5486
	ParentImage: -
	ParentCommandLine: -
	ParentUser: -
Event SYSMONEVENT_PROCESS_TERMINATE
	RuleName: -
	UtcTime: 2023-10-20 15:00:08.947
	ProcessGuid: {76062d67-95f8-6532-1d06-e475cc550000}
	ProcessId: 5487
	Image: /usr/bin/ip
	User: kali
Event SYSMONEVENT_PROCESS_TERMINATE
	RuleName: -
	UtcTime: 2023-10-20 15:00:08.947
	ProcessGuid: {76062d67-95f8-6532-5913-30a64e560000}
	ProcessId: 5488
	Image: /usr/bin/grep
	User: kali
Event SYSMONEVENT_PROCESS_TERMINATE
	RuleName: -
	UtcTime: 2023-10-20 15:00:08.947
	ProcessGuid: {00000000-0000-0000-0000-000000000000}
	ProcessId: 5486
	Image: <unknown process>
	User: kali
Event SYSMONEVENT_PROCESS_TERMINATE
	RuleName: -
	UtcTime: 2023-10-20 15:00:08.947
	ProcessGuid: {76062d67-95f8-6532-b91b-4947f3550000}
	ProcessId: 5481
	Image: /usr/bin/dash
	User: kali
Event SYSMONEVENT_PROCESS_TERMINATE
	RuleName: -
	UtcTime: 2023-10-20 15:00:09.486
	ProcessGuid: {76062d67-95f6-6532-0000-000000000000}
	ProcessId: 5224
	Image: -
	User: root
Event SYSMONEVENT_FILE_DELETE
	RuleName: -
	UtcTime: 2023-10-20 15:00:09.493
	ProcessGuid: {76062d67-945b-6532-d51e-1372ab550000}
	ProcessId: 450
	User: -
	Image: /usr/bin/udevadm
	TargetFilename: /run/udev/links/dri\x2fby-path\x2fpci-0000:00:0f.0-card/.lock
	Hashes: -
	IsExecutable: -
	Archived: -
Event SYSMONEVENT_CREATE_PROCESS
	RuleName: -
	UtcTime: 2023-10-20 15:00:09.942
	ProcessGuid: {76062d67-95f9-6532-b97b-15eb96550000}
	ProcessId: 5489
	Image: /usr/bin/dash
	FileVersion: -
	Description: -
	Product: -
	Company: -
	OriginalFileName: -
	CommandLine: /bin/sh /usr/share/kali-themes/xfce4-panel-genmon-vpnip.sh
	CurrentDirectory: /home/kali
	User: kali
	LogonGuid: {76062d67-0000-0000-e803-000000000000}
	LogonId: 1000
	TerminalSessionId: 2
	IntegrityLevel: no level
	Hashes: -
	ParentProcessGuid: {00000000-0000-0000-0000-000000000000}
	ParentProcessId: 1364
	ParentImage: -
	ParentCommandLine: -
	ParentUser: -
Event SYSMONEVENT_CREATE_PROCESS
	RuleName: -
	UtcTime: 2023-10-20 15:00:09.945
	ProcessGuid: {76062d67-95f9-6532-1d26-748973550000}
	ProcessId: 5491
	Image: /usr/bin/ip
	FileVersion: -
	Description: -
	Product: -
	Company: -
	OriginalFileName: -
	CommandLine: ip tuntap show
	CurrentDirectory: /home/kali
	User: kali
	LogonGuid: {76062d67-0000-0000-e803-000000000000}
	LogonId: 1000
	TerminalSessionId: 2
	IntegrityLevel: no level
	Hashes: -
	ParentProcessGuid: {00000000-0000-0000-0000-000000000000}
	ParentProcessId: 5490
	ParentImage: -
	ParentCommandLine: -
	ParentUser: -
Event SYSMONEVENT_NETWORK_CONNECT
	RuleName: -
	UtcTime: 2023-10-20 15:00:09.947
	ProcessGuid: {76062d67-95f9-6532-1d26-748973550000}
	ProcessId: 5491
	Image: /usr/bin/ip
	User: kali
	Protocol: udp
	Initiated: true
	SourceIsIpv6: true
	SourceIp: 0:0:0:0:0:0:0:0
	SourceHostname: -
	SourcePort: 0
	SourcePortName: -
	DestinationIsIpv6: true
	DestinationIp: 0:0:0:0:0:0:0:0
	DestinationHostname: -
	DestinationPort: 0
	DestinationPortName: -
Event SYSMONEVENT_PROCESS_TERMINATE
	RuleName: -
	UtcTime: 2023-10-20 15:00:09.947
	ProcessGuid: {76062d67-95f9-6532-1d26-748973550000}
	ProcessId: 5491
	Image: /usr/bin/ip
	User: kali
Event SYSMONEVENT_CREATE_PROCESS
	RuleName: -
	UtcTime: 2023-10-20 15:00:09.948
	ProcessGuid: {76062d67-95f9-6532-d928-8a2138560000}
	ProcessId: 5492
	Image: /usr/bin/cut
	FileVersion: -
	Description: -
	Product: -
	Company: -
	OriginalFileName: -
	CommandLine: cut -d : -f1
	CurrentDirectory: /home/kali
	User: kali
	LogonGuid: {76062d67-0000-0000-e803-000000000000}
	LogonId: 1000
	TerminalSessionId: 2
	IntegrityLevel: no level
	Hashes: -
	ParentProcessGuid: {00000000-0000-0000-0000-000000000000}
	ParentProcessId: 5490
	ParentImage: -
	ParentCommandLine: -
	ParentUser: -
Event SYSMONEVENT_PROCESS_TERMINATE
	RuleName: -
	UtcTime: 2023-10-20 15:00:09.950
	ProcessGuid: {76062d67-95f9-6532-d928-8a2138560000}
	ProcessId: 5492
	Image: /usr/bin/cut
	User: kali
Event SYSMONEVENT_CREATE_PROCESS
	RuleName: -
	UtcTime: 2023-10-20 15:00:09.950
	ProcessGuid: {76062d67-95f9-6532-29ae-441f92550000}
	ProcessId: 5493
	Image: /usr/bin/head
	FileVersion: -
	Description: -
	Product: -
	Company: -
	OriginalFileName: -
	CommandLine: head -n 1
	CurrentDirectory: /home/kali
	User: kali
	LogonGuid: {76062d67-0000-0000-e803-000000000000}
	LogonId: 1000
	TerminalSessionId: 2
	IntegrityLevel: no level
	Hashes: -
	ParentProcessGuid: {00000000-0000-0000-0000-000000000000}
	ParentProcessId: 5490
	ParentImage: -
	ParentCommandLine: -
	ParentUser: -
Event SYSMONEVENT_PROCESS_TERMINATE
	RuleName: -
	UtcTime: 2023-10-20 15:00:09.951
	ProcessGuid: {76062d67-95f9-6532-29ae-441f92550000}
	ProcessId: 5493
	Image: /usr/bin/head
	User: kali
Event SYSMONEVENT_PROCESS_TERMINATE
	RuleName: -
	UtcTime: 2023-10-20 15:00:09.951
	ProcessGuid: {76062d67-95f6-6532-0000-000000000000}
	ProcessId: 5490
	Image: -
	User: kali
Event SYSMONEVENT_CREATE_PROCESS
	RuleName: -
	UtcTime: 2023-10-20 15:00:09.952
	ProcessGuid: {76062d67-95f9-6532-1d86-e0161a560000}
	ProcessId: 5495
	Image: /usr/bin/ip
	FileVersion: -
	Description: -
	Product: -
	Company: -
	OriginalFileName: -
	CommandLine: ip a s 
	CurrentDirectory: /home/kali
	User: kali
	LogonGuid: {76062d67-0000-0000-e803-000000000000}
	LogonId: 1000
	TerminalSessionId: 2
	IntegrityLevel: no level
	Hashes: -
	ParentProcessGuid: {00000000-0000-0000-0000-000000000000}
	ParentProcessId: 5494
	ParentImage: -
	ParentCommandLine: -
	ParentUser: -
Event SYSMONEVENT_CREATE_PROCESS
	RuleName: -
	UtcTime: 2023-10-20 15:00:09.953
	ProcessGuid: {76062d67-95f9-6532-5973-7e1c7b550000}
	ProcessId: 5496
	Image: /usr/bin/grep
	FileVersion: -
	Description: -
	Product: -
	Company: -
	OriginalFileName: -
	CommandLine: grep -o -P (?<=inet )[0-9]{1,3}(\.[0-9]{1,3}){3}
	CurrentDirectory: /home/kali
	User: kali
	LogonGuid: {76062d67-0000-0000-e803-000000000000}
	LogonId: 1000
	TerminalSessionId: 2
	IntegrityLevel: no level
	Hashes: -
	ParentProcessGuid: {00000000-0000-0000-0000-000000000000}
	ParentProcessId: 5494
	ParentImage: -
	ParentCommandLine: -
	ParentUser: -
Event SYSMONEVENT_PROCESS_TERMINATE
	RuleName: -
	UtcTime: 2023-10-20 15:00:09.955
	ProcessGuid: {76062d67-95f9-6532-1d86-e0161a560000}
	ProcessId: 5495
	Image: /usr/bin/ip
	User: kali
Event SYSMONEVENT_PROCESS_TERMINATE
	RuleName: -
	UtcTime: 2023-10-20 15:00:09.955
	ProcessGuid: {76062d67-95f9-6532-5973-7e1c7b550000}
	ProcessId: 5496
	Image: /usr/bin/grep
	User: kali
Event SYSMONEVENT_PROCESS_TERMINATE
	RuleName: -
	UtcTime: 2023-10-20 15:00:09.955
	ProcessGuid: {76062d67-95f6-6532-0000-000000000000}
	ProcessId: 5494
	Image: -
	User: kali
Event SYSMONEVENT_PROCESS_TERMINATE
	RuleName: -
	UtcTime: 2023-10-20 15:00:09.955
	ProcessGuid: {76062d67-95f9-6532-b97b-15eb96550000}
	ProcessId: 5489
	Image: /usr/bin/dash
	User: kali
Event SYSMONEVENT_CREATE_PROCESS
	RuleName: -
	UtcTime: 2023-10-20 15:00:10.117
	ProcessGuid: {76062d67-95fa-6532-b9ab-3bc441560000}
	ProcessId: 5497
	Image: /usr/bin/dash
	FileVersion: -
	Description: -
	Product: -
	Company: -
	OriginalFileName: -
	CommandLine: sh -c $(id -Gn | grep -q wireshark || echo pkexec) wireshark 
	CurrentDirectory: /home/kali
	User: kali
	LogonGuid: {76062d67-0000-0000-e803-000000000000}
	LogonId: 1000
	TerminalSessionId: 2
	IntegrityLevel: no level
	Hashes: -
	ParentProcessGuid: {00000000-0000-0000-0000-000000000000}
	ParentProcessId: 1358
	ParentImage: -
	ParentCommandLine: -
	ParentUser: -
Event SYSMONEVENT_CREATE_PROCESS
	RuleName: -
	UtcTime: 2023-10-20 15:00:10.120
	ProcessGuid: {76062d67-95fa-6532-5923-063567550000}
	ProcessId: 5500
	Image: /usr/bin/grep
	FileVersion: -
	Description: -
	Product: -
	Company: -
	OriginalFileName: -
	CommandLine: grep -q wireshark
	CurrentDirectory: /home/kali
	User: kali
	LogonGuid: {76062d67-0000-0000-e803-000000000000}
	LogonId: 1000
	TerminalSessionId: 2
	IntegrityLevel: no level
	Hashes: -
	ParentProcessGuid: {00000000-0000-0000-0000-000000000000}
	ParentProcessId: 5498
	ParentImage: -
	ParentCommandLine: -
	ParentUser: -
Event SYSMONEVENT_CREATE_PROCESS
	RuleName: -
	UtcTime: 2023-10-20 15:00:10.120
	ProcessGuid: {76062d67-95fa-6532-d91b-3ae590550000}
	ProcessId: 5499
	Image: /usr/bin/id
	FileVersion: -
	Description: -
	Product: -
	Company: -
	OriginalFileName: -
	CommandLine: id -Gn
	CurrentDirectory: /home/kali
	User: kali
	LogonGuid: {76062d67-0000-0000-e803-000000000000}
	LogonId: 1000
	TerminalSessionId: 2
	IntegrityLevel: no level
	Hashes: -
	ParentProcessGuid: {00000000-0000-0000-0000-000000000000}
	ParentProcessId: 5498
	ParentImage: -
	ParentCommandLine: -
	ParentUser: -
Event SYSMONEVENT_PROCESS_TERMINATE
	RuleName: -
	UtcTime: 2023-10-20 15:00:10.123
	ProcessGuid: {76062d67-95fa-6532-d91b-3ae590550000}
	ProcessId: 5499
	Image: /usr/bin/id
	User: kali
Event SYSMONEVENT_PROCESS_TERMINATE
	RuleName: -
	UtcTime: 2023-10-20 15:00:10.123
	ProcessGuid: {76062d67-95fa-6532-5923-063567550000}
	ProcessId: 5500
	Image: /usr/bin/grep
	User: kali
Event SYSMONEVENT_PROCESS_TERMINATE
	RuleName: -
	UtcTime: 2023-10-20 15:00:10.123
	ProcessGuid: {76062d67-95fa-6532-0000-000000000000}
	ProcessId: 5498
	Image: -
	User: kali
Event SYSMONEVENT_CREATE_PROCESS
	RuleName: -
	UtcTime: 2023-10-20 15:00:10.124
	ProcessGuid: {76062d67-95fa-6532-81b0-945fa8550000}
	ProcessId: 5501
	Image: /usr/bin/wireshark
	FileVersion: -
	Description: -
	Product: -
	Company: -
	OriginalFileName: -
	CommandLine: wireshark
	CurrentDirectory: /home/kali
	User: kali
	LogonGuid: {76062d67-0000-0000-e803-000000000000}
	LogonId: 1000
	TerminalSessionId: 2
	IntegrityLevel: no level
	Hashes: -
	ParentProcessGuid: {76062d67-95fa-6532-b9ab-3bc441560000}
	ParentProcessId: 5497
	ParentImage: /usr/bin/dash
	ParentCommandLine: sh
	ParentUser: kali
Event SYSMONEVENT_CREATE_PROCESS
	RuleName: -
	UtcTime: 2023-10-20 15:00:10.944
	ProcessGuid: {76062d67-95fa-6532-b91b-fab3a2550000}
	ProcessId: 5503
	Image: /usr/bin/dash
	FileVersion: -
	Description: -
	Product: -
	Company: -
	OriginalFileName: -
	CommandLine: /bin/sh /usr/share/kali-themes/xfce4-panel-genmon-vpnip.sh
	CurrentDirectory: /home/kali
	User: kali
	LogonGuid: {76062d67-0000-0000-e803-000000000000}
	LogonId: 1000
	TerminalSessionId: 2
	IntegrityLevel: no level
	Hashes: -
	ParentProcessGuid: {00000000-0000-0000-0000-000000000000}
	ParentProcessId: 1364
	ParentImage: -
	ParentCommandLine: -
	ParentUser: -
