Event SYSMONEVENT_CREATE_PROCESS
	RuleName: -
	UtcTime: 2023-10-20 15:00:56.037
	ProcessGuid: {76062d67-9628-6532-1d96-186699550000}
	ProcessId: 5979
	Image: /usr/bin/ip
	FileVersion: -
	Description: -
	Product: -
	Company: -
	OriginalFileName: -
	CommandLine: ip tuntap show
	CurrentDirectory: /home/kali
	User: kali
	LogonGuid: {76062d67-0000-0000-e803-000000000000}
	LogonId: 1000
	TerminalSessionId: 2
	IntegrityLevel: no level
	Hashes: -
	ParentProcessGuid: {00000000-0000-0000-0000-000000000000}
	ParentProcessId: 5978
	ParentImage: -
	ParentCommandLine: -
	ParentUser: -
Event SYSMONEVENT_CREATE_PROCESS
	RuleName: -
	UtcTime: 2023-10-20 15:00:56.037
	ProcessGuid: {76062d67-9628-6532-d948-50b3af550000}
	ProcessId: 5980
	Image: /usr/bin/cut
	FileVersion: -
	Description: -
	Product: -
	Company: -
	OriginalFileName: -
	CommandLine: cut -d : -f1
	CurrentDirectory: /home/kali
	User: kali
	LogonGuid: {76062d67-0000-0000-e803-000000000000}
	LogonId: 1000
	TerminalSessionId: 2
	IntegrityLevel: no level
	Hashes: -
	ParentProcessGuid: {00000000-0000-0000-0000-000000000000}
	ParentProcessId: 5978
	ParentImage: -
	ParentCommandLine: -
	ParentUser: -
Event SYSMONEVENT_CREATE_PROCESS
	RuleName: -
	UtcTime: 2023-10-20 15:00:56.038
	ProcessGuid: {76062d67-9628-6532-297e-2173b4550000}
	ProcessId: 5981
	Image: /usr/bin/head
	FileVersion: -
	Description: -
	Product: -
	Company: -
	OriginalFileName: -
	CommandLine: head -n 1
	CurrentDirectory: /home/kali
	User: kali
	LogonGuid: {76062d67-0000-0000-e803-000000000000}
	LogonId: 1000
	TerminalSessionId: 2
	IntegrityLevel: no level
	Hashes: -
	ParentProcessGuid: {00000000-0000-0000-0000-000000000000}
	ParentProcessId: 5978
	ParentImage: -
	ParentCommandLine: -
	ParentUser: -
Event SYSMONEVENT_NETWORK_CONNECT
	RuleName: -
	UtcTime: 2023-10-20 15:00:56.039
	ProcessGuid: {76062d67-9628-6532-1d96-186699550000}
	ProcessId: 5979
	Image: /usr/bin/ip
	User: kali
	Protocol: udp
	Initiated: true
	SourceIsIpv6: true
	SourceIp: 0:0:0:0:0:0:0:0
	SourceHostname: -
	SourcePort: 0
	SourcePortName: -
	DestinationIsIpv6: true
	DestinationIp: 0:0:0:0:0:0:0:0
	DestinationHostname: -
	DestinationPort: 0
	DestinationPortName: -
Event SYSMONEVENT_PROCESS_TERMINATE
	RuleName: -
	UtcTime: 2023-10-20 15:00:56.039
	ProcessGuid: {76062d67-9628-6532-1d96-186699550000}
	ProcessId: 5979
	Image: /usr/bin/ip
	User: kali
Event SYSMONEVENT_PROCESS_TERMINATE
	RuleName: -
	UtcTime: 2023-10-20 15:00:56.039
	ProcessGuid: {76062d67-9628-6532-d948-50b3af550000}
	ProcessId: 5980
	Image: /usr/bin/cut
	User: kali
Event SYSMONEVENT_PROCESS_TERMINATE
	RuleName: -
	UtcTime: 2023-10-20 15:00:56.039
	ProcessGuid: {76062d67-9628-6532-297e-2173b4550000}
	ProcessId: 5981
	Image: /usr/bin/head
	User: kali
Event SYSMONEVENT_PROCESS_TERMINATE
	RuleName: -
	UtcTime: 2023-10-20 15:00:56.040
	ProcessGuid: {00000000-0000-0000-0000-000000000000}
	ProcessId: 5978
	Image: <unknown process>
	User: kali
Event SYSMONEVENT_CREATE_PROCESS
	RuleName: -
	UtcTime: 2023-10-20 15:00:56.040
	ProcessGuid: {76062d67-9628-6532-1d26-c44d69550000}
	ProcessId: 5983
	Image: /usr/bin/ip
	FileVersion: -
	Description: -
	Product: -
	Company: -
	OriginalFileName: -
	CommandLine: ip a s 
	CurrentDirectory: /home/kali
	User: kali
	LogonGuid: {76062d67-0000-0000-e803-000000000000}
	LogonId: 1000
	TerminalSessionId: 2
	IntegrityLevel: no level
	Hashes: -
	ParentProcessGuid: {00000000-0000-0000-0000-000000000000}
	ParentProcessId: 5982
	ParentImage: -
	ParentCommandLine: -
	ParentUser: -
Event SYSMONEVENT_CREATE_PROCESS
	RuleName: -
	UtcTime: 2023-10-20 15:00:56.040
	ProcessGuid: {76062d67-9628-6532-5993-ccf27b550000}
	ProcessId: 5984
	Image: /usr/bin/grep
	FileVersion: -
	Description: -
	Product: -
	Company: -
	OriginalFileName: -
	CommandLine: grep -o -P (?<=inet )[0-9]{1,3}(\.[0-9]{1,3}){3}
	CurrentDirectory: /home/kali
	User: kali
	LogonGuid: {76062d67-0000-0000-e803-000000000000}
	LogonId: 1000
	TerminalSessionId: 2
	IntegrityLevel: no level
	Hashes: -
	ParentProcessGuid: {00000000-0000-0000-0000-000000000000}
	ParentProcessId: 5982
	ParentImage: -
	ParentCommandLine: -
	ParentUser: -
Event SYSMONEVENT_PROCESS_TERMINATE
	RuleName: -
	UtcTime: 2023-10-20 15:00:56.042
	ProcessGuid: {76062d67-9628-6532-1d26-c44d69550000}
	ProcessId: 5983
	Image: /usr/bin/ip
	User: kali
Event SYSMONEVENT_PROCESS_TERMINATE
	RuleName: -
	UtcTime: 2023-10-20 15:00:56.042
	ProcessGuid: {76062d67-9628-6532-5993-ccf27b550000}
	ProcessId: 5984
	Image: /usr/bin/grep
	User: kali
Event SYSMONEVENT_PROCESS_TERMINATE
	RuleName: -
	UtcTime: 2023-10-20 15:00:56.042
	ProcessGuid: {00000000-0000-0000-0000-000000000000}
	ProcessId: 5982
	Image: <unknown process>
	User: kali
Event SYSMONEVENT_PROCESS_TERMINATE
	RuleName: -
	UtcTime: 2023-10-20 15:00:56.042
	ProcessGuid: {76062d67-9628-6532-b99b-ffd411560000}
	ProcessId: 5977
	Image: /usr/bin/dash
	User: kali
Event SYSMONEVENT_CREATE_PROCESS
	RuleName: -
	UtcTime: 2023-10-20 15:00:57.036
	ProcessGuid: {76062d67-9629-6532-b93b-233b4f560000}
	ProcessId: 5985
	Image: /usr/bin/dash
	FileVersion: -
	Description: -
	Product: -
	Company: -
	OriginalFileName: -
	CommandLine: /bin/sh /usr/share/kali-themes/xfce4-panel-genmon-vpnip.sh
	CurrentDirectory: /home/kali
	User: kali
	LogonGuid: {76062d67-0000-0000-e803-000000000000}
	LogonId: 1000
	TerminalSessionId: 2
	IntegrityLevel: no level
	Hashes: -
	ParentProcessGuid: {00000000-0000-0000-0000-000000000000}
	ParentProcessId: 1364
	ParentImage: -
	ParentCommandLine: -
	ParentUser: -
Event SYSMONEVENT_CREATE_PROCESS
	RuleName: -
	UtcTime: 2023-10-20 15:00:57.038
	ProcessGuid: {76062d67-9629-6532-1d16-1c8fff550000}
	ProcessId: 5987
	Image: /usr/bin/ip
	FileVersion: -
	Description: -
	Product: -
	Company: -
	OriginalFileName: -
	CommandLine: ip tuntap show
	CurrentDirectory: /home/kali
	User: kali
	LogonGuid: {76062d67-0000-0000-e803-000000000000}
	LogonId: 1000
	TerminalSessionId: 2
	IntegrityLevel: no level
	Hashes: -
	ParentProcessGuid: {00000000-0000-0000-0000-000000000000}
	ParentProcessId: 5986
	ParentImage: -
	ParentCommandLine: -
	ParentUser: -
Event SYSMONEVENT_CREATE_PROCESS
	RuleName: -
	UtcTime: 2023-10-20 15:00:57.038
	ProcessGuid: {76062d67-9629-6532-294e-ee9ab2550000}
	ProcessId: 5989
	Image: /usr/bin/head
	FileVersion: -
	Description: -
	Product: -
	Company: -
	OriginalFileName: -
	CommandLine: head -n 1
	CurrentDirectory: /home/kali
	User: kali
	LogonGuid: {76062d67-0000-0000-e803-000000000000}
	LogonId: 1000
	TerminalSessionId: 2
	IntegrityLevel: no level
	Hashes: -
	ParentProcessGuid: {00000000-0000-0000-0000-000000000000}
	ParentProcessId: 5986
	ParentImage: -
	ParentCommandLine: -
	ParentUser: -
Event SYSMONEVENT_CREATE_PROCESS
	RuleName: -
	UtcTime: 2023-10-20 15:00:57.038
	ProcessGuid: {76062d67-9629-6532-d9f8-3932d7550000}
	ProcessId: 5988
	Image: /usr/bin/cut
	FileVersion: -
	Description: -
	Product: -
	Company: -
	OriginalFileName: -
	CommandLine: cut -d : -f1
	CurrentDirectory: /home/kali
	User: kali
	LogonGuid: {76062d67-0000-0000-e803-000000000000}
	LogonId: 1000
	TerminalSessionId: 2
	IntegrityLevel: no level
	Hashes: -
	ParentProcessGuid: {00000000-0000-0000-0000-000000000000}
	ParentProcessId: 5986
	ParentImage: -
	ParentCommandLine: -
	ParentUser: -
Event SYSMONEVENT_NETWORK_CONNECT
	RuleName: -
	UtcTime: 2023-10-20 15:00:57.039
	ProcessGuid: {76062d67-9629-6532-1d16-1c8fff550000}
	ProcessId: 5987
	Image: /usr/bin/ip
	User: kali
	Protocol: udp
	Initiated: true
	SourceIsIpv6: true
	SourceIp: 0:0:0:0:0:0:0:0
	SourceHostname: -
	SourcePort: 0
	SourcePortName: -
	DestinationIsIpv6: true
	DestinationIp: 0:0:0:0:0:0:0:0
	DestinationHostname: -
	DestinationPort: 0
	DestinationPortName: -
Event SYSMONEVENT_PROCESS_TERMINATE
	RuleName: -
	UtcTime: 2023-10-20 15:00:57.039
	ProcessGuid: {76062d67-9629-6532-1d16-1c8fff550000}
	ProcessId: 5987
	Image: /usr/bin/ip
	User: kali
Event SYSMONEVENT_PROCESS_TERMINATE
	RuleName: -
	UtcTime: 2023-10-20 15:00:57.040
	ProcessGuid: {76062d67-9629-6532-d9f8-3932d7550000}
	ProcessId: 5988
	Image: /usr/bin/cut
	User: kali
Event SYSMONEVENT_PROCESS_TERMINATE
	RuleName: -
	UtcTime: 2023-10-20 15:00:57.040
	ProcessGuid: {76062d67-9629-6532-294e-ee9ab2550000}
	ProcessId: 5989
	Image: /usr/bin/head
	User: kali
Event SYSMONEVENT_PROCESS_TERMINATE
	RuleName: -
	UtcTime: 2023-10-20 15:00:57.040
	ProcessGuid: {76062d67-9627-6532-0000-000000000000}
	ProcessId: 5986
	Image: -
	User: kali
Event SYSMONEVENT_CREATE_PROCESS
	RuleName: -
	UtcTime: 2023-10-20 15:00:57.040
	ProcessGuid: {76062d67-9629-6532-1d76-06960b560000}
	ProcessId: 5991
	Image: /usr/bin/ip
	FileVersion: -
	Description: -
	Product: -
	Company: -
	OriginalFileName: -
	CommandLine: ip a s 
	CurrentDirectory: /home/kali
	User: kali
	LogonGuid: {76062d67-0000-0000-e803-000000000000}
	LogonId: 1000
	TerminalSessionId: 2
	IntegrityLevel: no level
	Hashes: -
	ParentProcessGuid: {00000000-0000-0000-0000-000000000000}
	ParentProcessId: 5990
	ParentImage: -
	ParentCommandLine: -
	ParentUser: -
Event SYSMONEVENT_CREATE_PROCESS
	RuleName: -
	UtcTime: 2023-10-20 15:00:57.040
	ProcessGuid: {76062d67-9629-6532-59d3-499b6c550000}
	ProcessId: 5992
	Image: /usr/bin/grep
	FileVersion: -
	Description: -
	Product: -
	Company: -
	OriginalFileName: -
	CommandLine: grep -o -P (?<=inet )[0-9]{1,3}(\.[0-9]{1,3}){3}
	CurrentDirectory: /home/kali
	User: kali
	LogonGuid: {76062d67-0000-0000-e803-000000000000}
	LogonId: 1000
	TerminalSessionId: 2
	IntegrityLevel: no level
	Hashes: -
	ParentProcessGuid: {00000000-0000-0000-0000-000000000000}
	ParentProcessId: 5990
	ParentImage: -
	ParentCommandLine: -
	ParentUser: -
Event SYSMONEVENT_PROCESS_TERMINATE
	RuleName: -
	UtcTime: 2023-10-20 15:00:57.042
	ProcessGuid: {76062d67-9629-6532-1d76-06960b560000}
	ProcessId: 5991
	Image: /usr/bin/ip
	User: kali
Event SYSMONEVENT_PROCESS_TERMINATE
	RuleName: -
	UtcTime: 2023-10-20 15:00:57.042
	ProcessGuid: {76062d67-9629-6532-59d3-499b6c550000}
	ProcessId: 5992
	Image: /usr/bin/grep
	User: kali
Event SYSMONEVENT_PROCESS_TERMINATE
	RuleName: -
	UtcTime: 2023-10-20 15:00:57.042
	ProcessGuid: {00000000-0000-0000-0000-000000000000}
	ProcessId: 5990
	Image: <unknown process>
	User: kali
Event SYSMONEVENT_PROCESS_TERMINATE
	RuleName: -
	UtcTime: 2023-10-20 15:00:57.043
	ProcessGuid: {76062d67-9629-6532-b93b-233b4f560000}
	ProcessId: 5985
	Image: /usr/bin/dash
	User: kali
Event SYSMONEVENT_CREATE_PROCESS
	RuleName: -
	UtcTime: 2023-10-20 15:00:58.038
	ProcessGuid: {76062d67-962a-6532-b9db-c4c2c3550000}
	ProcessId: 5993
	Image: /usr/bin/dash
	FileVersion: -
	Description: -
	Product: -
	Company: -
	OriginalFileName: -
	CommandLine: /bin/sh /usr/share/kali-themes/xfce4-panel-genmon-vpnip.sh
	CurrentDirectory: /home/kali
	User: kali
	LogonGuid: {76062d67-0000-0000-e803-000000000000}
	LogonId: 1000
	TerminalSessionId: 2
	IntegrityLevel: no level
	Hashes: -
	ParentProcessGuid: {00000000-0000-0000-0000-000000000000}
	ParentProcessId: 1364
	ParentImage: -
	ParentCommandLine: -
	ParentUser: -
Event SYSMONEVENT_CREATE_PROCESS
	RuleName: -
	UtcTime: 2023-10-20 15:00:58.040
	ProcessGuid: {76062d67-962a-6532-1d56-086ead550000}
	ProcessId: 5995
	Image: /usr/bin/ip
	FileVersion: -
	Description: -
	Product: -
	Company: -
	OriginalFileName: -
	CommandLine: ip tuntap show
	CurrentDirectory: /home/kali
	User: kali
	LogonGuid: {76062d67-0000-0000-e803-000000000000}
	LogonId: 1000
	TerminalSessionId: 2
	IntegrityLevel: no level
	Hashes: -
	ParentProcessGuid: {00000000-0000-0000-0000-000000000000}
	ParentProcessId: 5994
	ParentImage: -
	ParentCommandLine: -
	ParentUser: -
Event SYSMONEVENT_CREATE_PROCESS
	RuleName: -
	UtcTime: 2023-10-20 15:00:58.040
	ProcessGuid: {76062d67-962a-6532-297e-28d944560000}
	ProcessId: 5997
	Image: /usr/bin/head
	FileVersion: -
	Description: -
	Product: -
	Company: -
	OriginalFileName: -
	CommandLine: head -n 1
	CurrentDirectory: /home/kali
	User: kali
	LogonGuid: {76062d67-0000-0000-e803-000000000000}
	LogonId: 1000
	TerminalSessionId: 2
	IntegrityLevel: no level
	Hashes: -
	ParentProcessGuid: {00000000-0000-0000-0000-000000000000}
	ParentProcessId: 5994
	ParentImage: -
	ParentCommandLine: -
	ParentUser: -
Event SYSMONEVENT_CREATE_PROCESS
	RuleName: -
	UtcTime: 2023-10-20 15:00:58.040
	ProcessGuid: {76062d67-962a-6532-d928-6c0957550000}
	ProcessId: 5996
	Image: /usr/bin/cut
	FileVersion: -
	Description: -
	Product: -
	Company: -
	OriginalFileName: -
	CommandLine: cut -d : -f1
	CurrentDirectory: /home/kali
	User: kali
	LogonGuid: {76062d67-0000-0000-e803-000000000000}
	LogonId: 1000
	TerminalSessionId: 2
	IntegrityLevel: no level
	Hashes: -
	ParentProcessGuid: {00000000-0000-0000-0000-000000000000}
	ParentProcessId: 5994
	ParentImage: -
	ParentCommandLine: -
	ParentUser: -
Event SYSMONEVENT_NETWORK_CONNECT
	RuleName: -
	UtcTime: 2023-10-20 15:00:58.042
	ProcessGuid: {76062d67-962a-6532-1d56-086ead550000}
	ProcessId: 5995
	Image: /usr/bin/ip
	User: kali
	Protocol: udp
	Initiated: true
	SourceIsIpv6: true
	SourceIp: 0:0:0:0:0:0:0:0
	SourceHostname: -
	SourcePort: 0
	SourcePortName: -
	DestinationIsIpv6: true
	DestinationIp: 0:0:0:0:0:0:0:0
	DestinationHostname: -
	DestinationPort: 0
	DestinationPortName: -
Event SYSMONEVENT_PROCESS_TERMINATE
	RuleName: -
	UtcTime: 2023-10-20 15:00:58.042
	ProcessGuid: {76062d67-962a-6532-1d56-086ead550000}
	ProcessId: 5995
	Image: /usr/bin/ip
	User: kali
Event SYSMONEVENT_PROCESS_TERMINATE
	RuleName: -
	UtcTime: 2023-10-20 15:00:58.042
	ProcessGuid: {76062d67-962a-6532-d928-6c0957550000}
	ProcessId: 5996
	Image: /usr/bin/cut
	User: kali
Event SYSMONEVENT_PROCESS_TERMINATE
	RuleName: -
	UtcTime: 2023-10-20 15:00:58.042
	ProcessGuid: {76062d67-962a-6532-297e-28d944560000}
	ProcessId: 5997
	Image: /usr/bin/head
	User: kali
Event SYSMONEVENT_PROCESS_TERMINATE
	RuleName: -
	UtcTime: 2023-10-20 15:00:58.042
	ProcessGuid: {00000000-0000-0000-0000-000000000000}
	ProcessId: 5994
	Image: <unknown process>
	User: kali
Event SYSMONEVENT_CREATE_PROCESS
	RuleName: -
	UtcTime: 2023-10-20 15:00:58.043
	ProcessGuid: {76062d67-962a-6532-1d06-7e1d58550000}
	ProcessId: 5999
	Image: /usr/bin/ip
	FileVersion: -
	Description: -
	Product: -
	Company: -
	OriginalFileName: -
	CommandLine: ip a s 
	CurrentDirectory: /home/kali
	User: kali
	LogonGuid: {76062d67-0000-0000-e803-000000000000}
	LogonId: 1000
	TerminalSessionId: 2
	IntegrityLevel: no level
	Hashes: -
	ParentProcessGuid: {00000000-0000-0000-0000-000000000000}
	ParentProcessId: 5998
	ParentImage: -
	ParentCommandLine: -
	ParentUser: -
Event SYSMONEVENT_CREATE_PROCESS
	RuleName: -
	UtcTime: 2023-10-20 15:00:58.043
	ProcessGuid: {76062d67-962a-6532-59f3-6c522d560000}
	ProcessId: 6000
	Image: /usr/bin/grep
	FileVersion: -
	Description: -
	Product: -
	Company: -
	OriginalFileName: -
	CommandLine: grep -o -P (?<=inet )[0-9]{1,3}(\.[0-9]{1,3}){3}
	CurrentDirectory: /home/kali
	User: kali
	LogonGuid: {76062d67-0000-0000-e803-000000000000}
	LogonId: 1000
	TerminalSessionId: 2
	IntegrityLevel: no level
	Hashes: -
	ParentProcessGuid: {00000000-0000-0000-0000-000000000000}
	ParentProcessId: 5998
	ParentImage: -
	ParentCommandLine: -
	ParentUser: -
Event SYSMONEVENT_PROCESS_TERMINATE
	RuleName: -
	UtcTime: 2023-10-20 15:00:58.044
	ProcessGuid: {76062d67-962a-6532-1d06-7e1d58550000}
	ProcessId: 5999
	Image: /usr/bin/ip
	User: kali
Event SYSMONEVENT_PROCESS_TERMINATE
	RuleName: -
	UtcTime: 2023-10-20 15:00:58.044
	ProcessGuid: {76062d67-962a-6532-59f3-6c522d560000}
	ProcessId: 6000
	Image: /usr/bin/grep
	User: kali
Event SYSMONEVENT_PROCESS_TERMINATE
	RuleName: -
	UtcTime: 2023-10-20 15:00:58.044
	ProcessGuid: {76062d67-9627-6532-0000-000000000000}
	ProcessId: 5998
	Image: -
	User: kali
Event SYSMONEVENT_PROCESS_TERMINATE
	RuleName: -
	UtcTime: 2023-10-20 15:00:58.044
	ProcessGuid: {76062d67-962a-6532-b9db-c4c2c3550000}
	ProcessId: 5993
	Image: /usr/bin/dash
	User: kali
Event SYSMONEVENT_CREATE_PROCESS
	RuleName: -
	UtcTime: 2023-10-20 15:00:59.041
	ProcessGuid: {76062d67-962b-6532-b9bb-06c3ed550000}
	ProcessId: 6001
	Image: /usr/bin/dash
	FileVersion: -
	Description: -
	Product: -
	Company: -
	OriginalFileName: -
	CommandLine: /bin/sh /usr/share/kali-themes/xfce4-panel-genmon-vpnip.sh
	CurrentDirectory: /home/kali
	User: kali
	LogonGuid: {76062d67-0000-0000-e803-000000000000}
	LogonId: 1000
	TerminalSessionId: 2
	IntegrityLevel: no level
	Hashes: -
	ParentProcessGuid: {00000000-0000-0000-0000-000000000000}
	ParentProcessId: 1364
	ParentImage: -
	ParentCommandLine: -
	ParentUser: -
Event SYSMONEVENT_CREATE_PROCESS
	RuleName: -
	UtcTime: 2023-10-20 15:00:59.043
	ProcessGuid: {76062d67-962b-6532-1d36-33045c550000}
	ProcessId: 6003
	Image: /usr/bin/ip
	FileVersion: -
	Description: -
	Product: -
	Company: -
	OriginalFileName: -
	CommandLine: ip tuntap show
	CurrentDirectory: /home/kali
	User: kali
	LogonGuid: {76062d67-0000-0000-e803-000000000000}
	LogonId: 1000
	TerminalSessionId: 2
	IntegrityLevel: no level
	Hashes: -
	ParentProcessGuid: {00000000-0000-0000-0000-000000000000}
	ParentProcessId: 6002
	ParentImage: -
	ParentCommandLine: -
	ParentUser: -
Event SYSMONEVENT_CREATE_PROCESS
	RuleName: -
	UtcTime: 2023-10-20 15:00:59.043
	ProcessGuid: {76062d67-962b-6532-29be-e93f19560000}
	ProcessId: 6005
	Image: /usr/bin/head
	FileVersion: -
	Description: -
	Product: -
	Company: -
	OriginalFileName: -
	CommandLine: head -n 1
	CurrentDirectory: /home/kali
	User: kali
	LogonGuid: {76062d67-0000-0000-e803-000000000000}
	LogonId: 1000
	TerminalSessionId: 2
	IntegrityLevel: no level
	Hashes: -
	ParentProcessGuid: {00000000-0000-0000-0000-000000000000}
	ParentProcessId: 6002
	ParentImage: -
	ParentCommandLine: -
	ParentUser: -
Event SYSMONEVENT_CREATE_PROCESS
	RuleName: -
	UtcTime: 2023-10-20 15:00:59.043
	ProcessGuid: {76062d67-962b-6532-d918-4d39bd550000}
	ProcessId: 6004
	Image: /usr/bin/cut
	FileVersion: -
	Description: -
	Product: -
	Company: -
	OriginalFileName: -
	CommandLine: cut -d : -f1
	CurrentDirectory: /home/kali
	User: kali
	LogonGuid: {76062d67-0000-0000-e803-000000000000}
	LogonId: 1000
	TerminalSessionId: 2
	IntegrityLevel: no level
	Hashes: -
	ParentProcessGuid: {00000000-0000-0000-0000-000000000000}
	ParentProcessId: 6002
	ParentImage: -
	ParentCommandLine: -
	ParentUser: -
Event SYSMONEVENT_NETWORK_CONNECT
	RuleName: -
	UtcTime: 2023-10-20 15:00:59.045
	ProcessGuid: {76062d67-962b-6532-1d36-33045c550000}
	ProcessId: 6003
	Image: /usr/bin/ip
	User: kali
	Protocol: udp
	Initiated: true
	SourceIsIpv6: true
	SourceIp: 0:0:0:0:0:0:0:0
	SourceHostname: -
	SourcePort: 0
	SourcePortName: -
	DestinationIsIpv6: true
	DestinationIp: 0:0:0:0:0:0:0:0
	DestinationHostname: -
	DestinationPort: 0
	DestinationPortName: -
Event SYSMONEVENT_PROCESS_TERMINATE
	RuleName: -
	UtcTime: 2023-10-20 15:00:59.045
	ProcessGuid: {76062d67-962b-6532-1d36-33045c550000}
	ProcessId: 6003
	Image: /usr/bin/ip
	User: kali
Event SYSMONEVENT_PROCESS_TERMINATE
	RuleName: -
	UtcTime: 2023-10-20 15:00:59.045
	ProcessGuid: {76062d67-962b-6532-d918-4d39bd550000}
	ProcessId: 6004
	Image: /usr/bin/cut
	User: kali
Event SYSMONEVENT_PROCESS_TERMINATE
	RuleName: -
	UtcTime: 2023-10-20 15:00:59.045
	ProcessGuid: {76062d67-962b-6532-29be-e93f19560000}
	ProcessId: 6005
	Image: /usr/bin/head
	User: kali
Event SYSMONEVENT_PROCESS_TERMINATE
	RuleName: -
	UtcTime: 2023-10-20 15:00:59.045
	ProcessGuid: {00000000-0000-0000-0000-000000000000}
	ProcessId: 6002
	Image: <unknown process>
	User: kali
Event SYSMONEVENT_CREATE_PROCESS
	RuleName: -
	UtcTime: 2023-10-20 15:00:59.046
	ProcessGuid: {76062d67-962b-6532-1d56-322719560000}
	ProcessId: 6007
	Image: /usr/bin/ip
	FileVersion: -
	Description: -
	Product: -
	Company: -
	OriginalFileName: -
	CommandLine: ip a s 
	CurrentDirectory: /home/kali
	User: kali
	LogonGuid: {76062d67-0000-0000-e803-000000000000}
	LogonId: 1000
	TerminalSessionId: 2
	IntegrityLevel: no level
	Hashes: -
	ParentProcessGuid: {00000000-0000-0000-0000-000000000000}
	ParentProcessId: 6006
	ParentImage: -
	ParentCommandLine: -
	ParentUser: -
Event SYSMONEVENT_CREATE_PROCESS
	RuleName: -
	UtcTime: 2023-10-20 15:00:59.046
	ProcessGuid: {76062d67-962b-6532-5943-3bba82550000}
	ProcessId: 6008
	Image: /usr/bin/grep
	FileVersion: -
	Description: -
	Product: -
	Company: -
	OriginalFileName: -
	CommandLine: grep -o -P (?<=inet )[0-9]{1,3}(\.[0-9]{1,3}){3}
	CurrentDirectory: /home/kali
	User: kali
	LogonGuid: {76062d67-0000-0000-e803-000000000000}
	LogonId: 1000
	TerminalSessionId: 2
	IntegrityLevel: no level
	Hashes: -
	ParentProcessGuid: {00000000-0000-0000-0000-000000000000}
	ParentProcessId: 6006
	ParentImage: -
	ParentCommandLine: -
	ParentUser: -
Event SYSMONEVENT_PROCESS_TERMINATE
	RuleName: -
	UtcTime: 2023-10-20 15:00:59.047
	ProcessGuid: {76062d67-962b-6532-1d56-322719560000}
	ProcessId: 6007
	Image: /usr/bin/ip
	User: kali
Event SYSMONEVENT_PROCESS_TERMINATE
	RuleName: -
	UtcTime: 2023-10-20 15:00:59.047
	ProcessGuid: {76062d67-962b-6532-5943-3bba82550000}
	ProcessId: 6008
	Image: /usr/bin/grep
	User: kali
Event SYSMONEVENT_PROCESS_TERMINATE
	RuleName: -
	UtcTime: 2023-10-20 15:00:59.047
	ProcessGuid: {00000000-0000-0000-0000-000000000000}
	ProcessId: 6006
	Image: <unknown process>
	User: kali
Event SYSMONEVENT_PROCESS_TERMINATE
	RuleName: -
	UtcTime: 2023-10-20 15:00:59.048
	ProcessGuid: {76062d67-962b-6532-b9bb-06c3ed550000}
	ProcessId: 6001
	Image: /usr/bin/dash
	User: kali
Event SYSMONEVENT_CREATE_PROCESS
	RuleName: -
	UtcTime: 2023-10-20 15:01:00.046
	ProcessGuid: {76062d67-962c-6532-b97b-b961f9550000}
	ProcessId: 6009
	Image: /usr/bin/dash
	FileVersion: -
	Description: -
	Product: -
	Company: -
	OriginalFileName: -
	CommandLine: /bin/sh /usr/share/kali-themes/xfce4-panel-genmon-vpnip.sh
	CurrentDirectory: /home/kali
	User: kali
	LogonGuid: {76062d67-0000-0000-e803-000000000000}
	LogonId: 1000
	TerminalSessionId: 2
	IntegrityLevel: no level
	Hashes: -
	ParentProcessGuid: {00000000-0000-0000-0000-000000000000}
	ParentProcessId: 1364
	ParentImage: -
	ParentCommandLine: -
	ParentUser: -
Event SYSMONEVENT_CREATE_PROCESS
	RuleName: -
	UtcTime: 2023-10-20 15:01:00.048
	ProcessGuid: {76062d67-962c-6532-1dc6-68036b550000}
	ProcessId: 6011
	Image: /usr/bin/ip
	FileVersion: -
	Description: -
	Product: -
	Company: -
	OriginalFileName: -
	CommandLine: ip tuntap show
	CurrentDirectory: /home/kali
	User: kali
	LogonGuid: {76062d67-0000-0000-e803-000000000000}
	LogonId: 1000
	TerminalSessionId: 2
	IntegrityLevel: no level
	Hashes: -
	ParentProcessGuid: {00000000-0000-0000-0000-000000000000}
	ParentProcessId: 6010
	ParentImage: -
	ParentCommandLine: -
	ParentUser: -
Event SYSMONEVENT_CREATE_PROCESS
	RuleName: -
	UtcTime: 2023-10-20 15:01:00.048
	ProcessGuid: {76062d67-962c-6532-d978-d34f21560000}
	ProcessId: 6012
	Image: /usr/bin/cut
	FileVersion: -
	Description: -
	Product: -
	Company: -
	OriginalFileName: -
	CommandLine: cut -d : -f1
	CurrentDirectory: /home/kali
	User: kali
	LogonGuid: {76062d67-0000-0000-e803-000000000000}
	LogonId: 1000
	TerminalSessionId: 2
	IntegrityLevel: no level
	Hashes: -
	ParentProcessGuid: {00000000-0000-0000-0000-000000000000}
	ParentProcessId: 6010
	ParentImage: -
	ParentCommandLine: -
	ParentUser: -
Event SYSMONEVENT_CREATE_PROCESS
	RuleName: -
	UtcTime: 2023-10-20 15:01:00.048
	ProcessGuid: {76062d67-962c-6532-290e-adeeaa550000}
	ProcessId: 6013
	Image: /usr/bin/head
	FileVersion: -
	Description: -
	Product: -
	Company: -
	OriginalFileName: -
	CommandLine: head -n 1
	CurrentDirectory: /home/kali
	User: kali
	LogonGuid: {76062d67-0000-0000-e803-000000000000}
	LogonId: 1000
	TerminalSessionId: 2
	IntegrityLevel: no level
	Hashes: -
	ParentProcessGuid: {00000000-0000-0000-0000-000000000000}
	ParentProcessId: 6010
	ParentImage: -
	ParentCommandLine: -
	ParentUser: -
Event SYSMONEVENT_NETWORK_CONNECT
	RuleName: -
	UtcTime: 2023-10-20 15:01:00.049
	ProcessGuid: {76062d67-962c-6532-1dc6-68036b550000}
	ProcessId: 6011
	Image: /usr/bin/ip
	User: kali
	Protocol: udp
	Initiated: true
	SourceIsIpv6: true
	SourceIp: 0:0:0:0:0:0:0:0
	SourceHostname: -
	SourcePort: 0
	SourcePortName: -
	DestinationIsIpv6: true
	DestinationIp: 0:0:0:0:0:0:0:0
	DestinationHostname: -
	DestinationPort: 0
	DestinationPortName: -
Event SYSMONEVENT_PROCESS_TERMINATE
	RuleName: -
	UtcTime: 2023-10-20 15:01:00.049
	ProcessGuid: {76062d67-962c-6532-1dc6-68036b550000}
	ProcessId: 6011
	Image: /usr/bin/ip
	User: kali
Event SYSMONEVENT_PROCESS_TERMINATE
	RuleName: -
	UtcTime: 2023-10-20 15:01:00.050
	ProcessGuid: {76062d67-962c-6532-d978-d34f21560000}
	ProcessId: 6012
	Image: /usr/bin/cut
	User: kali
Event SYSMONEVENT_PROCESS_TERMINATE
	RuleName: -
	UtcTime: 2023-10-20 15:01:00.050
	ProcessGuid: {76062d67-962c-6532-290e-adeeaa550000}
	ProcessId: 6013
	Image: /usr/bin/head
	User: kali
Event SYSMONEVENT_PROCESS_TERMINATE
	RuleName: -
	UtcTime: 2023-10-20 15:01:00.050
	ProcessGuid: {00000000-0000-0000-0000-000000000000}
	ProcessId: 6010
	Image: <unknown process>
	User: kali
Event SYSMONEVENT_CREATE_PROCESS
	RuleName: -
	UtcTime: 2023-10-20 15:01:00.050
	ProcessGuid: {76062d67-962c-6532-1dc6-d1a3bd550000}
	ProcessId: 6015
	Image: /usr/bin/ip
	FileVersion: -
	Description: -
	Product: -
	Company: -
	OriginalFileName: -
	CommandLine: ip a s 
	CurrentDirectory: /home/kali
	User: kali
	LogonGuid: {76062d67-0000-0000-e803-000000000000}
	LogonId: 1000
	TerminalSessionId: 2
	IntegrityLevel: no level
	Hashes: -
	ParentProcessGuid: {00000000-0000-0000-0000-000000000000}
	ParentProcessId: 6014
	ParentImage: -
	ParentCommandLine: -
	ParentUser: -
Event SYSMONEVENT_CREATE_PROCESS
	RuleName: -
	UtcTime: 2023-10-20 15:01:00.051
	ProcessGuid: {76062d67-962c-6532-5993-30c04a560000}
	ProcessId: 6016
	Image: /usr/bin/grep
	FileVersion: -
	Description: -
	Product: -
	Company: -
	OriginalFileName: -
	CommandLine: grep -o -P (?<=inet )[0-9]{1,3}(\.[0-9]{1,3}){3}
	CurrentDirectory: /home/kali
	User: kali
	LogonGuid: {76062d67-0000-0000-e803-000000000000}
	LogonId: 1000
	TerminalSessionId: 2
	IntegrityLevel: no level
	Hashes: -
	ParentProcessGuid: {00000000-0000-0000-0000-000000000000}
	ParentProcessId: 6014
	ParentImage: -
	ParentCommandLine: -
	ParentUser: -
Event SYSMONEVENT_PROCESS_TERMINATE
	RuleName: -
	UtcTime: 2023-10-20 15:01:00.052
	ProcessGuid: {76062d67-962c-6532-1dc6-d1a3bd550000}
	ProcessId: 6015
	Image: /usr/bin/ip
	User: kali
Event SYSMONEVENT_PROCESS_TERMINATE
	RuleName: -
	UtcTime: 2023-10-20 15:01:00.052
	ProcessGuid: {76062d67-962c-6532-5993-30c04a560000}
	ProcessId: 6016
	Image: /usr/bin/grep
	User: kali
Event SYSMONEVENT_PROCESS_TERMINATE
	RuleName: -
	UtcTime: 2023-10-20 15:01:00.052
	ProcessGuid: {76062d67-9627-6532-0000-000000000000}
	ProcessId: 6014
	Image: -
	User: kali
Event SYSMONEVENT_PROCESS_TERMINATE
	RuleName: -
	UtcTime: 2023-10-20 15:01:00.052
	ProcessGuid: {76062d67-962c-6532-b97b-b961f9550000}
	ProcessId: 6009
	Image: /usr/bin/dash
	User: kali
Event SYSMONEVENT_CREATE_PROCESS
	RuleName: -
	UtcTime: 2023-10-20 15:01:01.045
	ProcessGuid: {76062d67-962d-6532-b9fb-a847b5550000}
	ProcessId: 6017
	Image: /usr/bin/dash
	FileVersion: -
	Description: -
	Product: -
	Company: -
	OriginalFileName: -
	CommandLine: /bin/sh /usr/share/kali-themes/xfce4-panel-genmon-vpnip.sh
	CurrentDirectory: /home/kali
	User: kali
	LogonGuid: {76062d67-0000-0000-e803-000000000000}
	LogonId: 1000
	TerminalSessionId: 2
	IntegrityLevel: no level
	Hashes: -
	ParentProcessGuid: {00000000-0000-0000-0000-000000000000}
	ParentProcessId: 1364
	ParentImage: -
	ParentCommandLine: -
	ParentUser: -
Event SYSMONEVENT_CREATE_PROCESS
	RuleName: -
	UtcTime: 2023-10-20 15:01:01.047
	ProcessGuid: {76062d67-962d-6532-d978-077ada550000}
	ProcessId: 6020
	Image: /usr/bin/cut
	FileVersion: -
	Description: -
	Product: -
	Company: -
	OriginalFileName: -
	CommandLine: cut -d : -f1
	CurrentDirectory: /home/kali
	User: kali
	LogonGuid: {76062d67-0000-0000-e803-000000000000}
	LogonId: 1000
	TerminalSessionId: 2
	IntegrityLevel: no level
	Hashes: -
	ParentProcessGuid: {00000000-0000-0000-0000-000000000000}
	ParentProcessId: 6018
	ParentImage: -
	ParentCommandLine: -
	ParentUser: -
Event SYSMONEVENT_CREATE_PROCESS
	RuleName: -
	UtcTime: 2023-10-20 15:01:01.047
	ProcessGuid: {76062d67-962d-6532-1dd6-a03905560000}
	ProcessId: 6019
	Image: /usr/bin/ip
	FileVersion: -
	Description: -
	Product: -
	Company: -
	OriginalFileName: -
	CommandLine: ip tuntap show
	CurrentDirectory: /home/kali
	User: kali
	LogonGuid: {76062d67-0000-0000-e803-000000000000}
	LogonId: 1000
	TerminalSessionId: 2
	IntegrityLevel: no level
	Hashes: -
	ParentProcessGuid: {00000000-0000-0000-0000-000000000000}
	ParentProcessId: 6018
	ParentImage: -
	ParentCommandLine: -
	ParentUser: -
Event SYSMONEVENT_CREATE_PROCESS
	RuleName: -
	UtcTime: 2023-10-20 15:01:01.047
	ProcessGuid: {76062d67-962d-6532-29de-47fa27560000}
	ProcessId: 6021
	Image: /usr/bin/head
	FileVersion: -
	Description: -
	Product: -
	Company: -
	OriginalFileName: -
	CommandLine: head -n 1
	CurrentDirectory: /home/kali
	User: kali
	LogonGuid: {76062d67-0000-0000-e803-000000000000}
	LogonId: 1000
	TerminalSessionId: 2
	IntegrityLevel: no level
	Hashes: -
	ParentProcessGuid: {00000000-0000-0000-0000-000000000000}
	ParentProcessId: 6018
	ParentImage: -
	ParentCommandLine: -
	ParentUser: -
Event SYSMONEVENT_NETWORK_CONNECT
	RuleName: -
	UtcTime: 2023-10-20 15:01:01.048
	ProcessGuid: {76062d67-962d-6532-1dd6-a03905560000}
	ProcessId: 6019
	Image: /usr/bin/ip
	User: kali
	Protocol: udp
	Initiated: true
	SourceIsIpv6: true
	SourceIp: 0:0:0:0:0:0:0:0
	SourceHostname: -
	SourcePort: 0
	SourcePortName: -
	DestinationIsIpv6: true
	DestinationIp: 0:0:0:0:0:0:0:0
	DestinationHostname: -
	DestinationPort: 0
	DestinationPortName: -
Event SYSMONEVENT_PROCESS_TERMINATE
	RuleName: -
	UtcTime: 2023-10-20 15:01:01.049
	ProcessGuid: {76062d67-962d-6532-1dd6-a03905560000}
	ProcessId: 6019
	Image: /usr/bin/ip
	User: kali
Event SYSMONEVENT_PROCESS_TERMINATE
	RuleName: -
	UtcTime: 2023-10-20 15:01:01.049
	ProcessGuid: {76062d67-962d-6532-d978-077ada550000}
	ProcessId: 6020
	Image: /usr/bin/cut
	User: kali
Event SYSMONEVENT_PROCESS_TERMINATE
	RuleName: -
	UtcTime: 2023-10-20 15:01:01.049
	ProcessGuid: {76062d67-962d-6532-29de-47fa27560000}
	ProcessId: 6021
	Image: /usr/bin/head
	User: kali
Event SYSMONEVENT_PROCESS_TERMINATE
	RuleName: -
	UtcTime: 2023-10-20 15:01:01.049
	ProcessGuid: {76062d67-9627-6532-0000-000000000000}
	ProcessId: 6018
	Image: -
	User: kali
Event SYSMONEVENT_CREATE_PROCESS
	RuleName: -
	UtcTime: 2023-10-20 15:01:01.049
	ProcessGuid: {76062d67-962d-6532-1df6-8d3faf550000}
	ProcessId: 6023
	Image: /usr/bin/ip
	FileVersion: -
	Description: -
	Product: -
	Company: -
	OriginalFileName: -
	CommandLine: ip a s 
	CurrentDirectory: /home/kali
	User: kali
	LogonGuid: {76062d67-0000-0000-e803-000000000000}
	LogonId: 1000
	TerminalSessionId: 2
	IntegrityLevel: no level
	Hashes: -
	ParentProcessGuid: {00000000-0000-0000-0000-000000000000}
	ParentProcessId: 6022
	ParentImage: -
	ParentCommandLine: -
	ParentUser: -
Event SYSMONEVENT_CREATE_PROCESS
	RuleName: -
	UtcTime: 2023-10-20 15:01:01.050
	ProcessGuid: {76062d67-962d-6532-59a3-e6e546560000}
	ProcessId: 6024
	Image: /usr/bin/grep
	FileVersion: -
	Description: -
	Product: -
	Company: -
	OriginalFileName: -
	CommandLine: grep -o -P (?<=inet )[0-9]{1,3}(\.[0-9]{1,3}){3}
	CurrentDirectory: /home/kali
	User: kali
	LogonGuid: {76062d67-0000-0000-e803-000000000000}
	LogonId: 1000
	TerminalSessionId: 2
	IntegrityLevel: no level
	Hashes: -
	ParentProcessGuid: {00000000-0000-0000-0000-000000000000}
	ParentProcessId: 6022
	ParentImage: -
	ParentCommandLine: -
	ParentUser: -
Event SYSMONEVENT_PROCESS_TERMINATE
	RuleName: -
	UtcTime: 2023-10-20 15:01:01.051
	ProcessGuid: {76062d67-962d-6532-1df6-8d3faf550000}
	ProcessId: 6023
	Image: /usr/bin/ip
	User: kali
Event SYSMONEVENT_PROCESS_TERMINATE
	RuleName: -
	UtcTime: 2023-10-20 15:01:01.051
	ProcessGuid: {76062d67-962d-6532-59a3-e6e546560000}
	ProcessId: 6024
	Image: /usr/bin/grep
	User: kali
Event SYSMONEVENT_PROCESS_TERMINATE
	RuleName: -
	UtcTime: 2023-10-20 15:01:01.051
	ProcessGuid: {76062d67-9627-6532-0000-000000000000}
	ProcessId: 6022
	Image: -
	User: kali
Event SYSMONEVENT_PROCESS_TERMINATE
	RuleName: -
	UtcTime: 2023-10-20 15:01:01.051
	ProcessGuid: {76062d67-962d-6532-b9fb-a847b5550000}
	ProcessId: 6017
	Image: /usr/bin/dash
	User: kali
Event SYSMONEVENT_CREATE_PROCESS
	RuleName: -
	UtcTime: 2023-10-20 15:01:02.048
	ProcessGuid: {76062d67-962e-6532-b99b-4227d3550000}
	ProcessId: 6025
	Image: /usr/bin/dash
	FileVersion: -
	Description: -
	Product: -
	Company: -
	OriginalFileName: -
	CommandLine: /bin/sh /usr/share/kali-themes/xfce4-panel-genmon-vpnip.sh
	CurrentDirectory: /home/kali
	User: kali
	LogonGuid: {76062d67-0000-0000-e803-000000000000}
	LogonId: 1000
	TerminalSessionId: 2
	IntegrityLevel: no level
	Hashes: -
	ParentProcessGuid: {00000000-0000-0000-0000-000000000000}
	ParentProcessId: 1364
	ParentImage: -
	ParentCommandLine: -
	ParentUser: -
Event SYSMONEVENT_CREATE_PROCESS
	RuleName: -
	UtcTime: 2023-10-20 15:01:02.049
	ProcessGuid: {76062d67-962e-6532-1d26-0527a7550000}
	ProcessId: 6027
	Image: /usr/bin/ip
	FileVersion: -
	Description: -
	Product: -
	Company: -
	OriginalFileName: -
	CommandLine: ip tuntap show
	CurrentDirectory: /home/kali
	User: kali
	LogonGuid: {76062d67-0000-0000-e803-000000000000}
	LogonId: 1000
	TerminalSessionId: 2
	IntegrityLevel: no level
	Hashes: -
	ParentProcessGuid: {00000000-0000-0000-0000-000000000000}
	ParentProcessId: 6026
	ParentImage: -
	ParentCommandLine: -
	ParentUser: -
Event SYSMONEVENT_CREATE_PROCESS
	RuleName: -
	UtcTime: 2023-10-20 15:01:02.049
	ProcessGuid: {76062d67-962e-6532-d998-720507560000}
	ProcessId: 6028
	Image: /usr/bin/cut
	FileVersion: -
	Description: -
	Product: -
	Company: -
	OriginalFileName: -
	CommandLine: cut -d : -f1
	CurrentDirectory: /home/kali
	User: kali
	LogonGuid: {76062d67-0000-0000-e803-000000000000}
	LogonId: 1000
	TerminalSessionId: 2
	IntegrityLevel: no level
	Hashes: -
	ParentProcessGuid: {00000000-0000-0000-0000-000000000000}
	ParentProcessId: 6026
	ParentImage: -
	ParentCommandLine: -
	ParentUser: -
Event SYSMONEVENT_CREATE_PROCESS
	RuleName: -
	UtcTime: 2023-10-20 15:01:02.050
	ProcessGuid: {76062d67-962e-6532-293e-8fc5d2550000}
	ProcessId: 6029
	Image: /usr/bin/head
	FileVersion: -
	Description: -
	Product: -
	Company: -
	OriginalFileName: -
	CommandLine: head -n 1
	CurrentDirectory: /home/kali
	User: kali
	LogonGuid: {76062d67-0000-0000-e803-000000000000}
	LogonId: 1000
	TerminalSessionId: 2
	IntegrityLevel: no level
	Hashes: -
	ParentProcessGuid: {00000000-0000-0000-0000-000000000000}
	ParentProcessId: 6026
	ParentImage: -
	ParentCommandLine: -
	ParentUser: -
Event SYSMONEVENT_NETWORK_CONNECT
	RuleName: -
	UtcTime: 2023-10-20 15:01:02.051
	ProcessGuid: {76062d67-962e-6532-1d26-0527a7550000}
	ProcessId: 6027
	Image: /usr/bin/ip
	User: kali
	Protocol: udp
	Initiated: true
	SourceIsIpv6: true
	SourceIp: 0:0:0:0:0:0:0:0
	SourceHostname: -
	SourcePort: 0
	SourcePortName: -
	DestinationIsIpv6: true
	DestinationIp: 0:0:0:0:0:0:0:0
	DestinationHostname: -
	DestinationPort: 0
	DestinationPortName: -
Event SYSMONEVENT_PROCESS_TERMINATE
	RuleName: -
	UtcTime: 2023-10-20 15:01:02.051
	ProcessGuid: {76062d67-962e-6532-1d26-0527a7550000}
	ProcessId: 6027
	Image: /usr/bin/ip
	User: kali
Event SYSMONEVENT_PROCESS_TERMINATE
	RuleName: -
	UtcTime: 2023-10-20 15:01:02.051
	ProcessGuid: {76062d67-962e-6532-d998-720507560000}
	ProcessId: 6028
	Image: /usr/bin/cut
	User: kali
Event SYSMONEVENT_PROCESS_TERMINATE
	RuleName: -
	UtcTime: 2023-10-20 15:01:02.052
	ProcessGuid: {76062d67-962e-6532-293e-8fc5d2550000}
	ProcessId: 6029
	Image: /usr/bin/head
	User: kali
Event SYSMONEVENT_PROCESS_TERMINATE
	RuleName: -
	UtcTime: 2023-10-20 15:01:02.052
	ProcessGuid: {00000000-0000-0000-0000-000000000000}
	ProcessId: 6026
	Image: <unknown process>
	User: kali
Event SYSMONEVENT_CREATE_PROCESS
	RuleName: -
	UtcTime: 2023-10-20 15:01:02.052
	ProcessGuid: {76062d67-962e-6532-1de6-3987dd550000}
	ProcessId: 6031
	Image: /usr/bin/ip
	FileVersion: -
	Description: -
	Product: -
	Company: -
	OriginalFileName: -
	CommandLine: ip a s 
	CurrentDirectory: /home/kali
	User: kali
	LogonGuid: {76062d67-0000-0000-e803-000000000000}
	LogonId: 1000
	TerminalSessionId: 2
	IntegrityLevel: no level
	Hashes: -
	ParentProcessGuid: {00000000-0000-0000-0000-000000000000}
	ParentProcessId: 6030
	ParentImage: -
	ParentCommandLine: -
	ParentUser: -
Event SYSMONEVENT_CREATE_PROCESS
	RuleName: -
	UtcTime: 2023-10-20 15:01:02.052
	ProcessGuid: {76062d67-962e-6532-59e3-08c853560000}
	ProcessId: 6032
	Image: /usr/bin/grep
	FileVersion: -
	Description: -
	Product: -
	Company: -
	OriginalFileName: -
	CommandLine: grep -o -P (?<=inet )[0-9]{1,3}(\.[0-9]{1,3}){3}
	CurrentDirectory: /home/kali
	User: kali
	LogonGuid: {76062d67-0000-0000-e803-000000000000}
	LogonId: 1000
	TerminalSessionId: 2
	IntegrityLevel: no level
	Hashes: -
	ParentProcessGuid: {00000000-0000-0000-0000-000000000000}
	ParentProcessId: 6030
	ParentImage: -
	ParentCommandLine: -
	ParentUser: -
Event SYSMONEVENT_PROCESS_TERMINATE
	RuleName: -
	UtcTime: 2023-10-20 15:01:02.053
	ProcessGuid: {76062d67-962e-6532-1de6-3987dd550000}
	ProcessId: 6031
	Image: /usr/bin/ip
	User: kali
Event SYSMONEVENT_PROCESS_TERMINATE
	RuleName: -
	UtcTime: 2023-10-20 15:01:02.054
	ProcessGuid: {76062d67-962e-6532-59e3-08c853560000}
	ProcessId: 6032
	Image: /usr/bin/grep
	User: kali
Event SYSMONEVENT_PROCESS_TERMINATE
	RuleName: -
	UtcTime: 2023-10-20 15:01:02.054
	ProcessGuid: {00000000-0000-0000-0000-000000000000}
	ProcessId: 6030
	Image: <unknown process>
	User: kali
Event SYSMONEVENT_PROCESS_TERMINATE
	RuleName: -
	UtcTime: 2023-10-20 15:01:02.054
	ProcessGuid: {76062d67-962e-6532-b99b-4227d3550000}
	ProcessId: 6025
	Image: /usr/bin/dash
	User: kali
Event SYSMONEVENT_CREATE_PROCESS
	RuleName: -
	UtcTime: 2023-10-20 15:01:03.050
	ProcessGuid: {76062d67-962f-6532-b97b-fac15f550000}
	ProcessId: 6033
	Image: /usr/bin/dash
	FileVersion: -
	Description: -
	Product: -
	Company: -
	OriginalFileName: -
	CommandLine: /bin/sh /usr/share/kali-themes/xfce4-panel-genmon-vpnip.sh
	CurrentDirectory: /home/kali
	User: kali
	LogonGuid: {76062d67-0000-0000-e803-000000000000}
	LogonId: 1000
	TerminalSessionId: 2
	IntegrityLevel: no level
	Hashes: -
	ParentProcessGuid: {00000000-0000-0000-0000-000000000000}
	ParentProcessId: 1364
	ParentImage: -
	ParentCommandLine: -
	ParentUser: -
Event SYSMONEVENT_CREATE_PROCESS
	RuleName: -
	UtcTime: 2023-10-20 15:01:03.052
	ProcessGuid: {76062d67-962f-6532-1d36-a626d0550000}
	ProcessId: 6035
	Image: /usr/bin/ip
	FileVersion: -
	Description: -
	Product: -
	Company: -
	OriginalFileName: -
	CommandLine: ip tuntap show
	CurrentDirectory: /home/kali
	User: kali
	LogonGuid: {76062d67-0000-0000-e803-000000000000}
	LogonId: 1000
	TerminalSessionId: 2
	IntegrityLevel: no level
	Hashes: -
	ParentProcessGuid: {00000000-0000-0000-0000-000000000000}
	ParentProcessId: 6034
	ParentImage: -
	ParentCommandLine: -
	ParentUser: -
Event SYSMONEVENT_CREATE_PROCESS
	RuleName: -
	UtcTime: 2023-10-20 15:01:03.052
	ProcessGuid: {76062d67-962f-6532-d9b8-0a78de550000}
	ProcessId: 6036
	Image: /usr/bin/cut
	FileVersion: -
	Description: -
	Product: -
	Company: -
	OriginalFileName: -
	CommandLine: cut -d : -f1
	CurrentDirectory: /home/kali
	User: kali
	LogonGuid: {76062d67-0000-0000-e803-000000000000}
	LogonId: 1000
	TerminalSessionId: 2
	IntegrityLevel: no level
	Hashes: -
	ParentProcessGuid: {00000000-0000-0000-0000-000000000000}
	ParentProcessId: 6034
	ParentImage: -
	ParentCommandLine: -
	ParentUser: -
Event SYSMONEVENT_CREATE_PROCESS
	RuleName: -
	UtcTime: 2023-10-20 15:01:03.052
	ProcessGuid: {76062d67-962f-6532-299e-f8fd07560000}
	ProcessId: 6037
	Image: /usr/bin/head
	FileVersion: -
	Description: -
	Product: -
	Company: -
	OriginalFileName: -
	CommandLine: head -n 1
	CurrentDirectory: /home/kali
	User: kali
	LogonGuid: {76062d67-0000-0000-e803-000000000000}
	LogonId: 1000
	TerminalSessionId: 2
	IntegrityLevel: no level
	Hashes: -
	ParentProcessGuid: {00000000-0000-0000-0000-000000000000}
	ParentProcessId: 6034
	ParentImage: -
	ParentCommandLine: -
	ParentUser: -
Event SYSMONEVENT_NETWORK_CONNECT
	RuleName: -
	UtcTime: 2023-10-20 15:01:03.053
	ProcessGuid: {76062d67-962f-6532-1d36-a626d0550000}
	ProcessId: 6035
	Image: /usr/bin/ip
	User: kali
	Protocol: udp
	Initiated: true
	SourceIsIpv6: true
	SourceIp: 0:0:0:0:0:0:0:0
	SourceHostname: -
	SourcePort: 0
	SourcePortName: -
	DestinationIsIpv6: true
	DestinationIp: 0:0:0:0:0:0:0:0
	DestinationHostname: -
	DestinationPort: 0
	DestinationPortName: -
Event SYSMONEVENT_PROCESS_TERMINATE
	RuleName: -
	UtcTime: 2023-10-20 15:01:03.053
	ProcessGuid: {76062d67-962f-6532-1d36-a626d0550000}
	ProcessId: 6035
	Image: /usr/bin/ip
	User: kali
Event SYSMONEVENT_PROCESS_TERMINATE
	RuleName: -
	UtcTime: 2023-10-20 15:01:03.054
	ProcessGuid: {76062d67-962f-6532-d9b8-0a78de550000}
	ProcessId: 6036
	Image: /usr/bin/cut
	User: kali
Event SYSMONEVENT_PROCESS_TERMINATE
	RuleName: -
	UtcTime: 2023-10-20 15:01:03.054
	ProcessGuid: {76062d67-962f-6532-299e-f8fd07560000}
	ProcessId: 6037
	Image: /usr/bin/head
	User: kali
Event SYSMONEVENT_PROCESS_TERMINATE
	RuleName: -
	UtcTime: 2023-10-20 15:01:03.054
	ProcessGuid: {76062d67-962f-6532-0000-000000000000}
	ProcessId: 6034
	Image: -
	User: kali
Event SYSMONEVENT_CREATE_PROCESS
	RuleName: -
	UtcTime: 2023-10-20 15:01:03.054
	ProcessGuid: {76062d67-962f-6532-1de6-c35613560000}
	ProcessId: 6039
	Image: /usr/bin/ip
	FileVersion: -
	Description: -
	Product: -
	Company: -
	OriginalFileName: -
	CommandLine: ip a s 
	CurrentDirectory: /home/kali
	User: kali
	LogonGuid: {76062d67-0000-0000-e803-000000000000}
	LogonId: 1000
	TerminalSessionId: 2
	IntegrityLevel: no level
	Hashes: -
	ParentProcessGuid: {00000000-0000-0000-0000-000000000000}
	ParentProcessId: 6038
	ParentImage: -
	ParentCommandLine: -
	ParentUser: -
Event SYSMONEVENT_CREATE_PROCESS
	RuleName: -
	UtcTime: 2023-10-20 15:01:03.054
	ProcessGuid: {76062d67-962f-6532-59d3-5be1eb550000}
	ProcessId: 6040
	Image: /usr/bin/grep
	FileVersion: -
	Description: -
	Product: -
	Company: -
	OriginalFileName: -
	CommandLine: grep -o -P (?<=inet )[0-9]{1,3}(\.[0-9]{1,3}){3}
	CurrentDirectory: /home/kali
	User: kali
	LogonGuid: {76062d67-0000-0000-e803-000000000000}
	LogonId: 1000
	TerminalSessionId: 2
	IntegrityLevel: no level
	Hashes: -
	ParentProcessGuid: {00000000-0000-0000-0000-000000000000}
	ParentProcessId: 6038
	ParentImage: -
	ParentCommandLine: -
	ParentUser: -
Event SYSMONEVENT_PROCESS_TERMINATE
	RuleName: -
	UtcTime: 2023-10-20 15:01:03.056
	ProcessGuid: {76062d67-962f-6532-1de6-c35613560000}
	ProcessId: 6039
	Image: /usr/bin/ip
	User: kali
Event SYSMONEVENT_PROCESS_TERMINATE
	RuleName: -
	UtcTime: 2023-10-20 15:01:03.056
	ProcessGuid: {76062d67-962f-6532-59d3-5be1eb550000}
	ProcessId: 6040
	Image: /usr/bin/grep
	User: kali
Event SYSMONEVENT_PROCESS_TERMINATE
	RuleName: -
	UtcTime: 2023-10-20 15:01:03.056
	ProcessGuid: {76062d67-962f-6532-0000-000000000000}
	ProcessId: 6038
	Image: -
	User: kali
Event SYSMONEVENT_PROCESS_TERMINATE
	RuleName: -
	UtcTime: 2023-10-20 15:01:03.056
	ProcessGuid: {76062d67-962f-6532-b97b-fac15f550000}
	ProcessId: 6033
	Image: /usr/bin/dash
	User: kali
Event SYSMONEVENT_CREATE_PROCESS
	RuleName: -
	UtcTime: 2023-10-20 15:01:04.052
	ProcessGuid: {76062d67-9630-6532-b94b-27fb9a550000}
	ProcessId: 6041
	Image: /usr/bin/dash
	FileVersion: -
	Description: -
	Product: -
	Company: -
	OriginalFileName: -
	CommandLine: /bin/sh /usr/share/kali-themes/xfce4-panel-genmon-vpnip.sh
	CurrentDirectory: /home/kali
	User: kali
	LogonGuid: {76062d67-0000-0000-e803-000000000000}
	LogonId: 1000
	TerminalSessionId: 2
	IntegrityLevel: no level
	Hashes: -
	ParentProcessGuid: {00000000-0000-0000-0000-000000000000}
	ParentProcessId: 1364
	ParentImage: -
	ParentCommandLine: -
	ParentUser: -
Event SYSMONEVENT_CREATE_PROCESS
	RuleName: -
	UtcTime: 2023-10-20 15:01:04.054
	ProcessGuid: {76062d67-9630-6532-1d96-36ac41560000}
	ProcessId: 6043
	Image: /usr/bin/ip
	FileVersion: -
	Description: -
	Product: -
	Company: -
	OriginalFileName: -
	CommandLine: ip tuntap show
	CurrentDirectory: /home/kali
	User: kali
	LogonGuid: {76062d67-0000-0000-e803-000000000000}
	LogonId: 1000
	TerminalSessionId: 2
	IntegrityLevel: no level
	Hashes: -
	ParentProcessGuid: {00000000-0000-0000-0000-000000000000}
	ParentProcessId: 6042
	ParentImage: -
	ParentCommandLine: -
	ParentUser: -
Event SYSMONEVENT_CREATE_PROCESS
	RuleName: -
	UtcTime: 2023-10-20 15:01:04.054
	ProcessGuid: {76062d67-9630-6532-d9f8-017681550000}
	ProcessId: 6044
	Image: /usr/bin/cut
	FileVersion: -
	Description: -
	Product: -
	Company: -
	OriginalFileName: -
	CommandLine: cut -d : -f1
	CurrentDirectory: /home/kali
	User: kali
	LogonGuid: {76062d67-0000-0000-e803-000000000000}
	LogonId: 1000
	TerminalSessionId: 2
	IntegrityLevel: no level
	Hashes: -
	ParentProcessGuid: {00000000-0000-0000-0000-000000000000}
	ParentProcessId: 6042
	ParentImage: -
	ParentCommandLine: -
	ParentUser: -
Event SYSMONEVENT_CREATE_PROCESS
	RuleName: -
	UtcTime: 2023-10-20 15:01:04.054
	ProcessGuid: {76062d67-9630-6532-298e-430864550000}
	ProcessId: 6045
	Image: /usr/bin/head
	FileVersion: -
	Description: -
	Product: -
	Company: -
	OriginalFileName: -
	CommandLine: head -n 1
	CurrentDirectory: /home/kali
	User: kali
	LogonGuid: {76062d67-0000-0000-e803-000000000000}
	LogonId: 1000
	TerminalSessionId: 2
	IntegrityLevel: no level
	Hashes: -
	ParentProcessGuid: {00000000-0000-0000-0000-000000000000}
	ParentProcessId: 6042
	ParentImage: -
	ParentCommandLine: -
	ParentUser: -
Event SYSMONEVENT_NETWORK_CONNECT
	RuleName: -
	UtcTime: 2023-10-20 15:01:04.055
	ProcessGuid: {76062d67-9630-6532-1d96-36ac41560000}
	ProcessId: 6043
	Image: /usr/bin/ip
	User: kali
	Protocol: udp
	Initiated: true
	SourceIsIpv6: true
	SourceIp: 0:0:0:0:0:0:0:0
	SourceHostname: -
	SourcePort: 0
	SourcePortName: -
	DestinationIsIpv6: true
	DestinationIp: 0:0:0:0:0:0:0:0
	DestinationHostname: -
	DestinationPort: 0
	DestinationPortName: -
Event SYSMONEVENT_PROCESS_TERMINATE
	RuleName: -
	UtcTime: 2023-10-20 15:01:04.055
	ProcessGuid: {76062d67-9630-6532-1d96-36ac41560000}
	ProcessId: 6043
	Image: /usr/bin/ip
	User: kali
Event SYSMONEVENT_PROCESS_TERMINATE
	RuleName: -
	UtcTime: 2023-10-20 15:01:04.055
	ProcessGuid: {76062d67-9630-6532-d9f8-017681550000}
	ProcessId: 6044
	Image: /usr/bin/cut
	User: kali
Event SYSMONEVENT_PROCESS_TERMINATE
	RuleName: -
	UtcTime: 2023-10-20 15:01:04.056
	ProcessGuid: {76062d67-9630-6532-298e-430864550000}
	ProcessId: 6045
	Image: /usr/bin/head
	User: kali
Event SYSMONEVENT_PROCESS_TERMINATE
	RuleName: -
	UtcTime: 2023-10-20 15:01:04.056
	ProcessGuid: {76062d67-962f-6532-0000-000000000000}
	ProcessId: 6042
	Image: -
	User: kali
Event SYSMONEVENT_CREATE_PROCESS
	RuleName: -
	UtcTime: 2023-10-20 15:01:04.056
	ProcessGuid: {76062d67-9630-6532-1d96-c79bb6550000}
	ProcessId: 6047
	Image: /usr/bin/ip
	FileVersion: -
	Description: -
	Product: -
	Company: -
	OriginalFileName: -
	CommandLine: ip a s 
	CurrentDirectory: /home/kali
	User: kali
	LogonGuid: {76062d67-0000-0000-e803-000000000000}
	LogonId: 1000
	TerminalSessionId: 2
	IntegrityLevel: no level
	Hashes: -
	ParentProcessGuid: {00000000-0000-0000-0000-000000000000}
	ParentProcessId: 6046
	ParentImage: -
	ParentCommandLine: -
	ParentUser: -
Event SYSMONEVENT_CREATE_PROCESS
	RuleName: -
	UtcTime: 2023-10-20 15:01:04.056
	ProcessGuid: {76062d67-9630-6532-5943-dc45d7550000}
	ProcessId: 6048
	Image: /usr/bin/grep
	FileVersion: -
	Description: -
	Product: -
	Company: -
	OriginalFileName: -
	CommandLine: grep -o -P (?<=inet )[0-9]{1,3}(\.[0-9]{1,3}){3}
	CurrentDirectory: /home/kali
	User: kali
	LogonGuid: {76062d67-0000-0000-e803-000000000000}
	LogonId: 1000
	TerminalSessionId: 2
	IntegrityLevel: no level
	Hashes: -
	ParentProcessGuid: {00000000-0000-0000-0000-000000000000}
	ParentProcessId: 6046
	ParentImage: -
	ParentCommandLine: -
	ParentUser: -
Event SYSMONEVENT_PROCESS_TERMINATE
	RuleName: -
	UtcTime: 2023-10-20 15:01:04.058
	ProcessGuid: {76062d67-9630-6532-1d96-c79bb6550000}
	ProcessId: 6047
	Image: /usr/bin/ip
	User: kali
Event SYSMONEVENT_PROCESS_TERMINATE
	RuleName: -
	UtcTime: 2023-10-20 15:01:04.058
	ProcessGuid: {76062d67-9630-6532-5943-dc45d7550000}
	ProcessId: 6048
	Image: /usr/bin/grep
	User: kali
Event SYSMONEVENT_PROCESS_TERMINATE
	RuleName: -
	UtcTime: 2023-10-20 15:01:04.058
	ProcessGuid: {76062d67-962f-6532-0000-000000000000}
	ProcessId: 6046
	Image: -
	User: kali
Event SYSMONEVENT_PROCESS_TERMINATE
	RuleName: -
	UtcTime: 2023-10-20 15:01:04.059
	ProcessGuid: {76062d67-9630-6532-b94b-27fb9a550000}
	ProcessId: 6041
	Image: /usr/bin/dash
	User: kali
Event SYSMONEVENT_CREATE_PROCESS
	RuleName: -
	UtcTime: 2023-10-20 15:01:05.055
	ProcessGuid: {76062d67-9631-6532-b90b-312669550000}
	ProcessId: 6049
	Image: /usr/bin/dash
	FileVersion: -
	Description: -
	Product: -
	Company: -
	OriginalFileName: -
	CommandLine: /bin/sh /usr/share/kali-themes/xfce4-panel-genmon-vpnip.sh
	CurrentDirectory: /home/kali
	User: kali
	LogonGuid: {76062d67-0000-0000-e803-000000000000}
	LogonId: 1000
	TerminalSessionId: 2
	IntegrityLevel: no level
	Hashes: -
	ParentProcessGuid: {00000000-0000-0000-0000-000000000000}
	ParentProcessId: 1364
	ParentImage: -
	ParentCommandLine: -
	ParentUser: -
Event SYSMONEVENT_CREATE_PROCESS
	RuleName: -
	UtcTime: 2023-10-20 15:01:05.059
	ProcessGuid: {76062d67-9631-6532-1d56-83a7d8550000}
	ProcessId: 6051
	Image: /usr/bin/ip
	FileVersion: -
	Description: -
	Product: -
	Company: -
	OriginalFileName: -
	CommandLine: ip tuntap show
	CurrentDirectory: /home/kali
	User: kali
	LogonGuid: {76062d67-0000-0000-e803-000000000000}
	LogonId: 1000
	TerminalSessionId: 2
	IntegrityLevel: no level
	Hashes: -
	ParentProcessGuid: {00000000-0000-0000-0000-000000000000}
	ParentProcessId: 6050
	ParentImage: -
	ParentCommandLine: -
	ParentUser: -
