Event SYSMONEVENT_CREATE_PROCESS
	RuleName: -
	UtcTime: 2023-10-20 15:00:10.946
	ProcessGuid: {76062d67-95fa-6532-1d56-6437ec550000}
	ProcessId: 5505
	Image: /usr/bin/ip
	FileVersion: -
	Description: -
	Product: -
	Company: -
	OriginalFileName: -
	CommandLine: ip tuntap show
	CurrentDirectory: /home/kali
	User: kali
	LogonGuid: {76062d67-0000-0000-e803-000000000000}
	LogonId: 1000
	TerminalSessionId: 2
	IntegrityLevel: no level
	Hashes: -
	ParentProcessGuid: {00000000-0000-0000-0000-000000000000}
	ParentProcessId: 5504
	ParentImage: -
	ParentCommandLine: -
	ParentUser: -
Event SYSMONEVENT_CREATE_PROCESS
	RuleName: -
	UtcTime: 2023-10-20 15:00:10.946
	ProcessGuid: {76062d67-95fa-6532-d948-4284b7550000}
	ProcessId: 5506
	Image: /usr/bin/cut
	FileVersion: -
	Description: -
	Product: -
	Company: -
	OriginalFileName: -
	CommandLine: cut -d : -f1
	CurrentDirectory: /home/kali
	User: kali
	LogonGuid: {76062d67-0000-0000-e803-000000000000}
	LogonId: 1000
	TerminalSessionId: 2
	IntegrityLevel: no level
	Hashes: -
	ParentProcessGuid: {00000000-0000-0000-0000-000000000000}
	ParentProcessId: 5504
	ParentImage: -
	ParentCommandLine: -
	ParentUser: -
Event SYSMONEVENT_NETWORK_CONNECT
	RuleName: -
	UtcTime: 2023-10-20 15:00:10.947
	ProcessGuid: {76062d67-95fa-6532-1d56-6437ec550000}
	ProcessId: 5505
	Image: /usr/bin/ip
	User: kali
	Protocol: udp
	Initiated: true
	SourceIsIpv6: true
	SourceIp: 0:0:0:0:0:0:0:0
	SourceHostname: -
	SourcePort: 0
	SourcePortName: -
	DestinationIsIpv6: true
	DestinationIp: 0:0:0:0:0:0:0:0
	DestinationHostname: -
	DestinationPort: 0
	DestinationPortName: -
Event SYSMONEVENT_PROCESS_TERMINATE
	RuleName: -
	UtcTime: 2023-10-20 15:00:10.947
	ProcessGuid: {76062d67-95fa-6532-1d56-6437ec550000}
	ProcessId: 5505
	Image: /usr/bin/ip
	User: kali
Event SYSMONEVENT_PROCESS_TERMINATE
	RuleName: -
	UtcTime: 2023-10-20 15:00:10.948
	ProcessGuid: {76062d67-95fa-6532-d948-4284b7550000}
	ProcessId: 5506
	Image: /usr/bin/cut
	User: kali
Event SYSMONEVENT_CREATE_PROCESS
	RuleName: -
	UtcTime: 2023-10-20 15:00:10.948
	ProcessGuid: {76062d67-95fa-6532-292e-ac1f81550000}
	ProcessId: 5507
	Image: /usr/bin/head
	FileVersion: -
	Description: -
	Product: -
	Company: -
	OriginalFileName: -
	CommandLine: head -n 1
	CurrentDirectory: /home/kali
	User: kali
	LogonGuid: {76062d67-0000-0000-e803-000000000000}
	LogonId: 1000
	TerminalSessionId: 2
	IntegrityLevel: no level
	Hashes: -
	ParentProcessGuid: {00000000-0000-0000-0000-000000000000}
	ParentProcessId: 5504
	ParentImage: -
	ParentCommandLine: -
	ParentUser: -
Event SYSMONEVENT_PROCESS_TERMINATE
	RuleName: -
	UtcTime: 2023-10-20 15:00:10.949
	ProcessGuid: {76062d67-95fa-6532-292e-ac1f81550000}
	ProcessId: 5507
	Image: /usr/bin/head
	User: kali
Event SYSMONEVENT_PROCESS_TERMINATE
	RuleName: -
	UtcTime: 2023-10-20 15:00:10.949
	ProcessGuid: {76062d67-95fa-6532-0000-000000000000}
	ProcessId: 5504
	Image: -
	User: kali
Event SYSMONEVENT_CREATE_PROCESS
	RuleName: -
	UtcTime: 2023-10-20 15:00:10.950
	ProcessGuid: {76062d67-95fa-6532-1d36-eb024a560000}
	ProcessId: 5509
	Image: /usr/bin/ip
	FileVersion: -
	Description: -
	Product: -
	Company: -
	OriginalFileName: -
	CommandLine: ip a s 
	CurrentDirectory: /home/kali
	User: kali
	LogonGuid: {76062d67-0000-0000-e803-000000000000}
	LogonId: 1000
	TerminalSessionId: 2
	IntegrityLevel: no level
	Hashes: -
	ParentProcessGuid: {00000000-0000-0000-0000-000000000000}
	ParentProcessId: 5508
	ParentImage: -
	ParentCommandLine: -
	ParentUser: -
Event SYSMONEVENT_CREATE_PROCESS
	RuleName: -
	UtcTime: 2023-10-20 15:00:10.950
	ProcessGuid: {76062d67-95fa-6532-5953-776751560000}
	ProcessId: 5510
	Image: /usr/bin/grep
	FileVersion: -
	Description: -
	Product: -
	Company: -
	OriginalFileName: -
	CommandLine: grep -o -P (?<=inet )[0-9]{1,3}(\.[0-9]{1,3}){3}
	CurrentDirectory: /home/kali
	User: kali
	LogonGuid: {76062d67-0000-0000-e803-000000000000}
	LogonId: 1000
	TerminalSessionId: 2
	IntegrityLevel: no level
	Hashes: -
	ParentProcessGuid: {00000000-0000-0000-0000-000000000000}
	ParentProcessId: 5508
	ParentImage: -
	ParentCommandLine: -
	ParentUser: -
Event SYSMONEVENT_PROCESS_TERMINATE
	RuleName: -
	UtcTime: 2023-10-20 15:00:10.952
	ProcessGuid: {76062d67-95fa-6532-1d36-eb024a560000}
	ProcessId: 5509
	Image: /usr/bin/ip
	User: kali
Event SYSMONEVENT_PROCESS_TERMINATE
	RuleName: -
	UtcTime: 2023-10-20 15:00:10.953
	ProcessGuid: {76062d67-95fa-6532-5953-776751560000}
	ProcessId: 5510
	Image: /usr/bin/grep
	User: kali
Event SYSMONEVENT_PROCESS_TERMINATE
	RuleName: -
	UtcTime: 2023-10-20 15:00:10.953
	ProcessGuid: {76062d67-95fa-6532-0000-000000000000}
	ProcessId: 5508
	Image: -
	User: kali
Event SYSMONEVENT_PROCESS_TERMINATE
	RuleName: -
	UtcTime: 2023-10-20 15:00:10.953
	ProcessGuid: {76062d67-95fa-6532-b91b-fab3a2550000}
	ProcessId: 5503
	Image: /usr/bin/dash
	User: kali
Event SYSMONEVENT_PROCESS_TERMINATE
	RuleName: -
	UtcTime: 2023-10-20 15:00:11.648
	ProcessGuid: {00000000-0000-0000-0000-000000000000}
	ProcessId: 5515
	Image: <unknown process>
	User: -
Event SYSMONEVENT_FILE_DELETE
	RuleName: -
	UtcTime: 2023-10-20 15:00:11.666
	ProcessGuid: {76062d67-945b-6532-d51e-1372ab550000}
	ProcessId: 450
	User: -
	Image: /usr/bin/udevadm
	TargetFilename: /run/udev/queue
	Hashes: -
	IsExecutable: -
	Archived: -
Event SYSMONEVENT_CREATE_PROCESS
	RuleName: -
	UtcTime: 2023-10-20 15:00:11.946
	ProcessGuid: {76062d67-95fb-6532-b9eb-5e51dc550000}
	ProcessId: 5527
	Image: /usr/bin/dash
	FileVersion: -
	Description: -
	Product: -
	Company: -
	OriginalFileName: -
	CommandLine: /bin/sh /usr/share/kali-themes/xfce4-panel-genmon-vpnip.sh
	CurrentDirectory: /home/kali
	User: kali
	LogonGuid: {76062d67-0000-0000-e803-000000000000}
	LogonId: 1000
	TerminalSessionId: 2
	IntegrityLevel: no level
	Hashes: -
	ParentProcessGuid: {00000000-0000-0000-0000-000000000000}
	ParentProcessId: 1364
	ParentImage: -
	ParentCommandLine: -
	ParentUser: -
Event SYSMONEVENT_CREATE_PROCESS
	RuleName: -
	UtcTime: 2023-10-20 15:00:11.948
	ProcessGuid: {76062d67-95fb-6532-1d26-6708c3550000}
	ProcessId: 5529
	Image: /usr/bin/ip
	FileVersion: -
	Description: -
	Product: -
	Company: -
	OriginalFileName: -
	CommandLine: ip tuntap show
	CurrentDirectory: /home/kali
	User: kali
	LogonGuid: {76062d67-0000-0000-e803-000000000000}
	LogonId: 1000
	TerminalSessionId: 2
	IntegrityLevel: no level
	Hashes: -
	ParentProcessGuid: {00000000-0000-0000-0000-000000000000}
	ParentProcessId: 5528
	ParentImage: -
	ParentCommandLine: -
	ParentUser: -
Event SYSMONEVENT_CREATE_PROCESS
	RuleName: -
	UtcTime: 2023-10-20 15:00:11.950
	ProcessGuid: {76062d67-95fb-6532-d988-2482eb550000}
	ProcessId: 5530
	Image: /usr/bin/cut
	FileVersion: -
	Description: -
	Product: -
	Company: -
	OriginalFileName: -
	CommandLine: cut -d : -f1
	CurrentDirectory: /home/kali
	User: kali
	LogonGuid: {76062d67-0000-0000-e803-000000000000}
	LogonId: 1000
	TerminalSessionId: 2
	IntegrityLevel: no level
	Hashes: -
	ParentProcessGuid: {00000000-0000-0000-0000-000000000000}
	ParentProcessId: 5528
	ParentImage: -
	ParentCommandLine: -
	ParentUser: -
Event SYSMONEVENT_NETWORK_CONNECT
	RuleName: -
	UtcTime: 2023-10-20 15:00:11.951
	ProcessGuid: {76062d67-95fb-6532-1d26-6708c3550000}
	ProcessId: 5529
	Image: /usr/bin/ip
	User: kali
	Protocol: udp
	Initiated: true
	SourceIsIpv6: true
	SourceIp: 0:0:0:0:0:0:0:0
	SourceHostname: -
	SourcePort: 0
	SourcePortName: -
	DestinationIsIpv6: true
	DestinationIp: 0:0:0:0:0:0:0:0
	DestinationHostname: -
	DestinationPort: 0
	DestinationPortName: -
Event SYSMONEVENT_PROCESS_TERMINATE
	RuleName: -
	UtcTime: 2023-10-20 15:00:11.951
	ProcessGuid: {76062d67-95fb-6532-1d26-6708c3550000}
	ProcessId: 5529
	Image: /usr/bin/ip
	User: kali
Event SYSMONEVENT_PROCESS_TERMINATE
	RuleName: -
	UtcTime: 2023-10-20 15:00:11.951
	ProcessGuid: {76062d67-95fb-6532-d988-2482eb550000}
	ProcessId: 5530
	Image: /usr/bin/cut
	User: kali
Event SYSMONEVENT_CREATE_PROCESS
	RuleName: -
	UtcTime: 2023-10-20 15:00:11.951
	ProcessGuid: {76062d67-95fb-6532-29de-351db7550000}
	ProcessId: 5531
	Image: /usr/bin/head
	FileVersion: -
	Description: -
	Product: -
	Company: -
	OriginalFileName: -
	CommandLine: head -n 1
	CurrentDirectory: /home/kali
	User: kali
	LogonGuid: {76062d67-0000-0000-e803-000000000000}
	LogonId: 1000
	TerminalSessionId: 2
	IntegrityLevel: no level
	Hashes: -
	ParentProcessGuid: {00000000-0000-0000-0000-000000000000}
	ParentProcessId: 5528
	ParentImage: -
	ParentCommandLine: -
	ParentUser: -
Event SYSMONEVENT_PROCESS_TERMINATE
	RuleName: -
	UtcTime: 2023-10-20 15:00:11.953
	ProcessGuid: {76062d67-95fb-6532-29de-351db7550000}
	ProcessId: 5531
	Image: /usr/bin/head
	User: kali
Event SYSMONEVENT_PROCESS_TERMINATE
	RuleName: -
	UtcTime: 2023-10-20 15:00:11.953
	ProcessGuid: {00000000-0000-0000-0000-000000000000}
	ProcessId: 5528
	Image: <unknown process>
	User: kali
Event SYSMONEVENT_CREATE_PROCESS
	RuleName: -
	UtcTime: 2023-10-20 15:00:11.954
	ProcessGuid: {76062d67-95fb-6532-1d96-c34688550000}
	ProcessId: 5533
	Image: /usr/bin/ip
	FileVersion: -
	Description: -
	Product: -
	Company: -
	OriginalFileName: -
	CommandLine: ip a s 
	CurrentDirectory: /home/kali
	User: kali
	LogonGuid: {76062d67-0000-0000-e803-000000000000}
	LogonId: 1000
	TerminalSessionId: 2
	IntegrityLevel: no level
	Hashes: -
	ParentProcessGuid: {00000000-0000-0000-0000-000000000000}
	ParentProcessId: 5532
	ParentImage: -
	ParentCommandLine: -
	ParentUser: -
Event SYSMONEVENT_CREATE_PROCESS
	RuleName: -
	UtcTime: 2023-10-20 15:00:11.954
	ProcessGuid: {76062d67-95fb-6532-5933-3bf270550000}
	ProcessId: 5534
	Image: /usr/bin/grep
	FileVersion: -
	Description: -
	Product: -
	Company: -
	OriginalFileName: -
	CommandLine: grep -o -P (?<=inet )[0-9]{1,3}(\.[0-9]{1,3}){3}
	CurrentDirectory: /home/kali
	User: kali
	LogonGuid: {76062d67-0000-0000-e803-000000000000}
	LogonId: 1000
	TerminalSessionId: 2
	IntegrityLevel: no level
	Hashes: -
	ParentProcessGuid: {00000000-0000-0000-0000-000000000000}
	ParentProcessId: 5532
	ParentImage: -
	ParentCommandLine: -
	ParentUser: -
Event SYSMONEVENT_PROCESS_TERMINATE
	RuleName: -
	UtcTime: 2023-10-20 15:00:11.956
	ProcessGuid: {76062d67-95fb-6532-1d96-c34688550000}
	ProcessId: 5533
	Image: /usr/bin/ip
	User: kali
Event SYSMONEVENT_PROCESS_TERMINATE
	RuleName: -
	UtcTime: 2023-10-20 15:00:11.956
	ProcessGuid: {76062d67-95fb-6532-5933-3bf270550000}
	ProcessId: 5534
	Image: /usr/bin/grep
	User: kali
Event SYSMONEVENT_PROCESS_TERMINATE
	RuleName: -
	UtcTime: 2023-10-20 15:00:11.956
	ProcessGuid: {00000000-0000-0000-0000-000000000000}
	ProcessId: 5532
	Image: <unknown process>
	User: kali
Event SYSMONEVENT_PROCESS_TERMINATE
	RuleName: -
	UtcTime: 2023-10-20 15:00:11.957
	ProcessGuid: {76062d67-95fb-6532-b9eb-5e51dc550000}
	ProcessId: 5527
	Image: /usr/bin/dash
	User: kali
Event SYSMONEVENT_PROCESS_TERMINATE
	RuleName: -
	UtcTime: 2023-10-20 15:00:12.887
	ProcessGuid: {76062d67-95fa-6532-81b0-945fa8550000}
	ProcessId: 5501
	Image: /usr/bin/wireshark
	User: kali
Event SYSMONEVENT_PROCESS_TERMINATE
	RuleName: -
	UtcTime: 2023-10-20 15:00:12.923
	ProcessGuid: {76062d67-95fa-6532-81b0-945fa8550000}
	ProcessId: 5501
	Image: /usr/bin/wireshark
	User: kali
Event SYSMONEVENT_CREATE_PROCESS
	RuleName: -
	UtcTime: 2023-10-20 15:00:12.953
	ProcessGuid: {76062d67-95fc-6532-b90b-faadbe550000}
	ProcessId: 5537
	Image: /usr/bin/dash
	FileVersion: -
	Description: -
	Product: -
	Company: -
	OriginalFileName: -
	CommandLine: /bin/sh /usr/share/kali-themes/xfce4-panel-genmon-vpnip.sh
	CurrentDirectory: /home/kali
	User: kali
	LogonGuid: {76062d67-0000-0000-e803-000000000000}
	LogonId: 1000
	TerminalSessionId: 2
	IntegrityLevel: no level
	Hashes: -
	ParentProcessGuid: {00000000-0000-0000-0000-000000000000}
	ParentProcessId: 1364
	ParentImage: -
	ParentCommandLine: -
	ParentUser: -
Event SYSMONEVENT_CREATE_PROCESS
	RuleName: -
	UtcTime: 2023-10-20 15:00:12.956
	ProcessGuid: {76062d67-95fc-6532-1d26-a556a7550000}
	ProcessId: 5539
	Image: /usr/bin/ip
	FileVersion: -
	Description: -
	Product: -
	Company: -
	OriginalFileName: -
	CommandLine: ip tuntap show
	CurrentDirectory: /home/kali
	User: kali
	LogonGuid: {76062d67-0000-0000-e803-000000000000}
	LogonId: 1000
	TerminalSessionId: 2
	IntegrityLevel: no level
	Hashes: -
	ParentProcessGuid: {00000000-0000-0000-0000-000000000000}
	ParentProcessId: 5538
	ParentImage: -
	ParentCommandLine: -
	ParentUser: -
Event SYSMONEVENT_CREATE_PROCESS
	RuleName: -
	UtcTime: 2023-10-20 15:00:12.956
	ProcessGuid: {76062d67-95fc-6532-d958-a5ed40560000}
	ProcessId: 5540
	Image: /usr/bin/cut
	FileVersion: -
	Description: -
	Product: -
	Company: -
	OriginalFileName: -
	CommandLine: cut -d : -f1
	CurrentDirectory: /home/kali
	User: kali
	LogonGuid: {76062d67-0000-0000-e803-000000000000}
	LogonId: 1000
	TerminalSessionId: 2
	IntegrityLevel: no level
	Hashes: -
	ParentProcessGuid: {00000000-0000-0000-0000-000000000000}
	ParentProcessId: 5538
	ParentImage: -
	ParentCommandLine: -
	ParentUser: -
Event SYSMONEVENT_CREATE_PROCESS
	RuleName: -
	UtcTime: 2023-10-20 15:00:12.956
	ProcessGuid: {76062d67-95fc-6532-295e-44d82e560000}
	ProcessId: 5541
	Image: /usr/bin/head
	FileVersion: -
	Description: -
	Product: -
	Company: -
	OriginalFileName: -
	CommandLine: head -n 1
	CurrentDirectory: /home/kali
	User: kali
	LogonGuid: {76062d67-0000-0000-e803-000000000000}
	LogonId: 1000
	TerminalSessionId: 2
	IntegrityLevel: no level
	Hashes: -
	ParentProcessGuid: {00000000-0000-0000-0000-000000000000}
	ParentProcessId: 5538
	ParentImage: -
	ParentCommandLine: -
	ParentUser: -
Event SYSMONEVENT_NETWORK_CONNECT
	RuleName: -
	UtcTime: 2023-10-20 15:00:12.958
	ProcessGuid: {76062d67-95fc-6532-1d26-a556a7550000}
	ProcessId: 5539
	Image: /usr/bin/ip
	User: kali
	Protocol: udp
	Initiated: true
	SourceIsIpv6: true
	SourceIp: 0:0:0:0:0:0:0:0
	SourceHostname: -
	SourcePort: 0
	SourcePortName: -
	DestinationIsIpv6: true
	DestinationIp: 0:0:0:0:0:0:0:0
	DestinationHostname: -
	DestinationPort: 0
	DestinationPortName: -
Event SYSMONEVENT_PROCESS_TERMINATE
	RuleName: -
	UtcTime: 2023-10-20 15:00:12.958
	ProcessGuid: {76062d67-95fc-6532-1d26-a556a7550000}
	ProcessId: 5539
	Image: /usr/bin/ip
	User: kali
Event SYSMONEVENT_PROCESS_TERMINATE
	RuleName: -
	UtcTime: 2023-10-20 15:00:12.958
	ProcessGuid: {76062d67-95fc-6532-d958-a5ed40560000}
	ProcessId: 5540
	Image: /usr/bin/cut
	User: kali
Event SYSMONEVENT_PROCESS_TERMINATE
	RuleName: -
	UtcTime: 2023-10-20 15:00:12.958
	ProcessGuid: {76062d67-95fc-6532-295e-44d82e560000}
	ProcessId: 5541
	Image: /usr/bin/head
	User: kali
Event SYSMONEVENT_PROCESS_TERMINATE
	RuleName: -
	UtcTime: 2023-10-20 15:00:12.958
	ProcessGuid: {76062d67-95fa-6532-0000-000000000000}
	ProcessId: 5538
	Image: -
	User: kali
Event SYSMONEVENT_CREATE_PROCESS
	RuleName: -
	UtcTime: 2023-10-20 15:00:12.959
	ProcessGuid: {76062d67-95fc-6532-1dc6-46624e560000}
	ProcessId: 5547
	Image: /usr/bin/ip
	FileVersion: -
	Description: -
	Product: -
	Company: -
	OriginalFileName: -
	CommandLine: ip a s 
	CurrentDirectory: /home/kali
	User: kali
	LogonGuid: {76062d67-0000-0000-e803-000000000000}
	LogonId: 1000
	TerminalSessionId: 2
	IntegrityLevel: no level
	Hashes: -
	ParentProcessGuid: {00000000-0000-0000-0000-000000000000}
	ParentProcessId: 5546
	ParentImage: -
	ParentCommandLine: -
	ParentUser: -
Event SYSMONEVENT_CREATE_PROCESS
	RuleName: -
	UtcTime: 2023-10-20 15:00:12.959
	ProcessGuid: {76062d67-95fc-6532-59d3-320e1e560000}
	ProcessId: 5548
	Image: /usr/bin/grep
	FileVersion: -
	Description: -
	Product: -
	Company: -
	OriginalFileName: -
	CommandLine: grep -o -P (?<=inet )[0-9]{1,3}(\.[0-9]{1,3}){3}
	CurrentDirectory: /home/kali
	User: kali
	LogonGuid: {76062d67-0000-0000-e803-000000000000}
	LogonId: 1000
	TerminalSessionId: 2
	IntegrityLevel: no level
	Hashes: -
	ParentProcessGuid: {00000000-0000-0000-0000-000000000000}
	ParentProcessId: 5546
	ParentImage: -
	ParentCommandLine: -
	ParentUser: -
Event SYSMONEVENT_PROCESS_TERMINATE
	RuleName: -
	UtcTime: 2023-10-20 15:00:12.962
	ProcessGuid: {76062d67-95fc-6532-1dc6-46624e560000}
	ProcessId: 5547
	Image: /usr/bin/ip
	User: kali
Event SYSMONEVENT_PROCESS_TERMINATE
	RuleName: -
	UtcTime: 2023-10-20 15:00:12.962
	ProcessGuid: {76062d67-95fc-6532-59d3-320e1e560000}
	ProcessId: 5548
	Image: /usr/bin/grep
	User: kali
Event SYSMONEVENT_PROCESS_TERMINATE
	RuleName: -
	UtcTime: 2023-10-20 15:00:12.962
	ProcessGuid: {00000000-0000-0000-0000-000000000000}
	ProcessId: 5546
	Image: <unknown process>
	User: kali
Event SYSMONEVENT_PROCESS_TERMINATE
	RuleName: -
	UtcTime: 2023-10-20 15:00:12.962
	ProcessGuid: {76062d67-95fc-6532-b90b-faadbe550000}
	ProcessId: 5537
	Image: /usr/bin/dash
	User: kali
Event SYSMONEVENT_CREATE_PROCESS
	RuleName: -
	UtcTime: 2023-10-20 15:00:12.968
	ProcessGuid: {76062d67-95fc-6532-cd7f-ed397f550000}
	ProcessId: 5550
	Image: /usr/lib/x86_64-linux-gnu/wireshark/extcap/sshdump
	FileVersion: -
	Description: -
	Product: -
	Company: -
	OriginalFileName: -
	CommandLine: /usr/lib/x86_64-linux-gnu/wireshark/extcap/sshdump --extcap-interfaces --extcap-version=4.0
	CurrentDirectory: /usr/lib/x86_64-linux-gnu/wireshark/extcap
	User: kali
	LogonGuid: {76062d67-0000-0000-e803-000000000000}
	LogonId: 1000
	TerminalSessionId: 2
	IntegrityLevel: no level
	Hashes: -
	ParentProcessGuid: {00000000-0000-0000-0000-000000000000}
	ParentProcessId: 5549
	ParentImage: -
	ParentCommandLine: -
	ParentUser: -
Event SYSMONEVENT_PROCESS_TERMINATE
	RuleName: -
	UtcTime: 2023-10-20 15:00:12.985
	ProcessGuid: {76062d67-95fc-6532-cd7f-ed397f550000}
	ProcessId: 5550
	Image: /usr/lib/x86_64-linux-gnu/wireshark/extcap/sshdump
	User: kali
Event SYSMONEVENT_CREATE_PROCESS
	RuleName: -
	UtcTime: 2023-10-20 15:00:12.987
	ProcessGuid: {76062d67-95fc-6532-159f-4c32ff550000}
	ProcessId: 5555
	Image: /usr/lib/x86_64-linux-gnu/wireshark/extcap/randpktdump
	FileVersion: -
	Description: -
	Product: -
	Company: -
	OriginalFileName: -
	CommandLine: /usr/lib/x86_64-linux-gnu/wireshark/extcap/randpktdump --extcap-interfaces --extcap-version=4.0
	CurrentDirectory: /usr/lib/x86_64-linux-gnu/wireshark/extcap
	User: kali
	LogonGuid: {76062d67-0000-0000-e803-000000000000}
	LogonId: 1000
	TerminalSessionId: 2
	IntegrityLevel: no level
	Hashes: -
	ParentProcessGuid: {00000000-0000-0000-0000-000000000000}
	ParentProcessId: 5551
	ParentImage: -
	ParentCommandLine: -
	ParentUser: -
Event SYSMONEVENT_CREATE_PROCESS
	RuleName: -
	UtcTime: 2023-10-20 15:00:12.993
	ProcessGuid: {76062d67-95fc-6532-45e0-824e5c550000}
	ProcessId: 5556
	Image: /usr/lib/x86_64-linux-gnu/wireshark/extcap/androiddump
	FileVersion: -
	Description: -
	Product: -
	Company: -
	OriginalFileName: -
	CommandLine: /usr/lib/x86_64-linux-gnu/wireshark/extcap/androiddump --extcap-interfaces --extcap-version=4.0
	CurrentDirectory: /usr/lib/x86_64-linux-gnu/wireshark/extcap
	User: kali
	LogonGuid: {76062d67-0000-0000-e803-000000000000}
	LogonId: 1000
	TerminalSessionId: 2
	IntegrityLevel: no level
	Hashes: -
	ParentProcessGuid: {00000000-0000-0000-0000-000000000000}
	ParentProcessId: 5552
	ParentImage: -
	ParentCommandLine: -
	ParentUser: -
Event SYSMONEVENT_PROCESS_TERMINATE
	RuleName: -
	UtcTime: 2023-10-20 15:00:12.996
	ProcessGuid: {76062d67-95fc-6532-159f-4c32ff550000}
	ProcessId: 5555
	Image: /usr/lib/x86_64-linux-gnu/wireshark/extcap/randpktdump
	User: kali
Event SYSMONEVENT_CREATE_PROCESS
	RuleName: -
	UtcTime: 2023-10-20 15:00:12.995
	ProcessGuid: {76062d67-95fc-6532-bd5e-f930da550000}
	ProcessId: 5557
	Image: /usr/lib/x86_64-linux-gnu/wireshark/extcap/wifidump
	FileVersion: -
	Description: -
	Product: -
	Company: -
	OriginalFileName: -
	CommandLine: /usr/lib/x86_64-linux-gnu/wireshark/extcap/wifidump --extcap-interfaces --extcap-version=4.0
	CurrentDirectory: /usr/lib/x86_64-linux-gnu/wireshark/extcap
	User: kali
	LogonGuid: {76062d67-0000-0000-e803-000000000000}
	LogonId: 1000
	TerminalSessionId: 2
	IntegrityLevel: no level
	Hashes: -
	ParentProcessGuid: {00000000-0000-0000-0000-000000000000}
	ParentProcessId: 5544
	ParentImage: -
	ParentCommandLine: -
	ParentUser: -
Event SYSMONEVENT_CREATE_PROCESS
	RuleName: -
	UtcTime: 2023-10-20 15:00:12.998
	ProcessGuid: {76062d67-95fc-6532-5dc2-5d9e2d560000}
	ProcessId: 5558
	Image: /usr/lib/x86_64-linux-gnu/wireshark/extcap/udpdump
	FileVersion: -
	Description: -
	Product: -
	Company: -
	OriginalFileName: -
	CommandLine: /usr/lib/x86_64-linux-gnu/wireshark/extcap/udpdump --extcap-interfaces --extcap-version=4.0
	CurrentDirectory: /usr/lib/x86_64-linux-gnu/wireshark/extcap
	User: kali
	LogonGuid: {76062d67-0000-0000-e803-000000000000}
	LogonId: 1000
	TerminalSessionId: 2
	IntegrityLevel: no level
	Hashes: -
	ParentProcessGuid: {00000000-0000-0000-0000-000000000000}
	ParentProcessId: 5545
	ParentImage: -
	ParentCommandLine: -
	ParentUser: -
Event SYSMONEVENT_PROCESS_TERMINATE
	RuleName: -
	UtcTime: 2023-10-20 15:00:13.009
	ProcessGuid: {76062d67-95fc-6532-5dc2-5d9e2d560000}
	ProcessId: 5558
	Image: /usr/lib/x86_64-linux-gnu/wireshark/extcap/udpdump
	User: kali
Event SYSMONEVENT_CREATE_PROCESS
	RuleName: -
	UtcTime: 2023-10-20 15:00:13.003
	ProcessGuid: {76062d67-95fd-6532-cdda-79bce6550000}
	ProcessId: 5559
	Image: /usr/lib/x86_64-linux-gnu/wireshark/extcap/dpauxmon
	FileVersion: -
	Description: -
	Product: -
	Company: -
	OriginalFileName: -
	CommandLine: /usr/lib/x86_64-linux-gnu/wireshark/extcap/dpauxmon --extcap-interfaces --extcap-version=4.0
	CurrentDirectory: /usr/lib/x86_64-linux-gnu/wireshark/extcap
	User: kali
	LogonGuid: {76062d67-0000-0000-e803-000000000000}
	LogonId: 1000
	TerminalSessionId: 2
	IntegrityLevel: no level
	Hashes: -
	ParentProcessGuid: {00000000-0000-0000-0000-000000000000}
	ParentProcessId: 5543
	ParentImage: -
	ParentCommandLine: -
	ParentUser: -
Event SYSMONEVENT_PROCESS_TERMINATE
	RuleName: -
	UtcTime: 2023-10-20 15:00:13.010
	ProcessGuid: {76062d67-95fc-6532-bd5e-f930da550000}
	ProcessId: 5557
	Image: /usr/lib/x86_64-linux-gnu/wireshark/extcap/wifidump
	User: kali
Event SYSMONEVENT_CREATE_PROCESS
	RuleName: -
	UtcTime: 2023-10-20 15:00:13.006
	ProcessGuid: {76062d67-95fd-6532-fd17-774d9b550000}
	ProcessId: 5560
	Image: /usr/lib/x86_64-linux-gnu/wireshark/extcap/ciscodump
	FileVersion: -
	Description: -
	Product: -
	Company: -
	OriginalFileName: -
	CommandLine: /usr/lib/x86_64-linux-gnu/wireshark/extcap/ciscodump --extcap-interfaces --extcap-version=4.0
	CurrentDirectory: /usr/lib/x86_64-linux-gnu/wireshark/extcap
	User: kali
	LogonGuid: {76062d67-0000-0000-e803-000000000000}
	LogonId: 1000
	TerminalSessionId: 2
	IntegrityLevel: no level
	Hashes: -
	ParentProcessGuid: {00000000-0000-0000-0000-000000000000}
	ParentProcessId: 5553
	ParentImage: -
	ParentCommandLine: -
	ParentUser: -
Event SYSMONEVENT_PROCESS_TERMINATE
	RuleName: -
	UtcTime: 2023-10-20 15:00:13.015
	ProcessGuid: {76062d67-95fd-6532-cdda-79bce6550000}
	ProcessId: 5559
	Image: /usr/lib/x86_64-linux-gnu/wireshark/extcap/dpauxmon
	User: kali
Event SYSMONEVENT_CREATE_PROCESS
	RuleName: -
	UtcTime: 2023-10-20 15:00:13.010
	ProcessGuid: {76062d67-95fd-6532-159f-578b15560000}
	ProcessId: 5561
	Image: /usr/lib/x86_64-linux-gnu/wireshark/extcap/randpktdump
	FileVersion: -
	Description: -
	Product: -
	Company: -
	OriginalFileName: -
	CommandLine: /usr/lib/x86_64-linux-gnu/wireshark/extcap/randpktdump --extcap-config --extcap-interface randpkt
	CurrentDirectory: /usr/lib/x86_64-linux-gnu/wireshark/extcap
	User: kali
	LogonGuid: {76062d67-0000-0000-e803-000000000000}
	LogonId: 1000
	TerminalSessionId: 2
	IntegrityLevel: no level
	Hashes: -
	ParentProcessGuid: {00000000-0000-0000-0000-000000000000}
	ParentProcessId: 5549
	ParentImage: -
	ParentCommandLine: -
	ParentUser: -
Event SYSMONEVENT_CREATE_PROCESS
	RuleName: -
	UtcTime: 2023-10-20 15:00:13.013
	ProcessGuid: {76062d67-95fd-6532-bd4e-471cc8550000}
	ProcessId: 5562
	Image: /usr/lib/x86_64-linux-gnu/wireshark/extcap/wifidump
	FileVersion: -
	Description: -
	Product: -
	Company: -
	OriginalFileName: -
	CommandLine: /usr/lib/x86_64-linux-gnu/wireshark/extcap/wifidump --extcap-config --extcap-interface wifidump
	CurrentDirectory: /usr/lib/x86_64-linux-gnu/wireshark/extcap
	User: kali
	LogonGuid: {76062d67-0000-0000-e803-000000000000}
	LogonId: 1000
	TerminalSessionId: 2
	IntegrityLevel: no level
	Hashes: -
	ParentProcessGuid: {00000000-0000-0000-0000-000000000000}
	ParentProcessId: 5544
	ParentImage: -
	ParentCommandLine: -
	ParentUser: -
Event SYSMONEVENT_PROCESS_TERMINATE
	RuleName: -
	UtcTime: 2023-10-20 15:00:13.016
	ProcessGuid: {76062d67-95fd-6532-fd17-774d9b550000}
	ProcessId: 5560
	Image: /usr/lib/x86_64-linux-gnu/wireshark/extcap/ciscodump
	User: kali
Event SYSMONEVENT_PROCESS_TERMINATE
	RuleName: -
	UtcTime: 2023-10-20 15:00:13.019
	ProcessGuid: {76062d67-95fd-6532-159f-578b15560000}
	ProcessId: 5561
	Image: /usr/lib/x86_64-linux-gnu/wireshark/extcap/randpktdump
	User: kali
Event SYSMONEVENT_CREATE_PROCESS
	RuleName: -
	UtcTime: 2023-10-20 15:00:13.015
	ProcessGuid: {76062d67-95fd-6532-6d56-0889c2550000}
	ProcessId: 5563
	Image: /usr/lib/x86_64-linux-gnu/wireshark/extcap/sdjournal
	FileVersion: -
	Description: -
	Product: -
	Company: -
	OriginalFileName: -
	CommandLine: /usr/lib/x86_64-linux-gnu/wireshark/extcap/sdjournal --extcap-interfaces --extcap-version=4.0
	CurrentDirectory: /usr/lib/x86_64-linux-gnu/wireshark/extcap
	User: kali
	LogonGuid: {76062d67-0000-0000-e803-000000000000}
	LogonId: 1000
	TerminalSessionId: 2
	IntegrityLevel: no level
	Hashes: -
	ParentProcessGuid: {00000000-0000-0000-0000-000000000000}
	ParentProcessId: 5554
	ParentImage: -
	ParentCommandLine: -
	ParentUser: -
Event SYSMONEVENT_CREATE_PROCESS
	RuleName: -
	UtcTime: 2023-10-20 15:00:13.017
	ProcessGuid: {76062d67-95fd-6532-cd3f-00fc87550000}
	ProcessId: 5564
	Image: /usr/lib/x86_64-linux-gnu/wireshark/extcap/sshdump
	FileVersion: -
	Description: -
	Product: -
	Company: -
	OriginalFileName: -
	CommandLine: /usr/lib/x86_64-linux-gnu/wireshark/extcap/sshdump --extcap-config --extcap-interface sshdump
	CurrentDirectory: /usr/lib/x86_64-linux-gnu/wireshark/extcap
	User: kali
	LogonGuid: {76062d67-0000-0000-e803-000000000000}
	LogonId: 1000
	TerminalSessionId: 2
	IntegrityLevel: no level
	Hashes: -
	ParentProcessGuid: {00000000-0000-0000-0000-000000000000}
	ParentProcessId: 5551
	ParentImage: -
	ParentCommandLine: -
	ParentUser: -
Event SYSMONEVENT_PROCESS_TERMINATE
	RuleName: -
	UtcTime: 2023-10-20 15:00:13.023
	ProcessGuid: {76062d67-95fd-6532-6d56-0889c2550000}
	ProcessId: 5563
	Image: /usr/lib/x86_64-linux-gnu/wireshark/extcap/sdjournal
	User: kali
Event SYSMONEVENT_CREATE_PROCESS
	RuleName: -
	UtcTime: 2023-10-20 15:00:13.019
	ProcessGuid: {76062d67-95fd-6532-5da2-7caba6550000}
	ProcessId: 5565
	Image: /usr/lib/x86_64-linux-gnu/wireshark/extcap/udpdump
	FileVersion: -
	Description: -
	Product: -
	Company: -
	OriginalFileName: -
	CommandLine: /usr/lib/x86_64-linux-gnu/wireshark/extcap/udpdump --extcap-config --extcap-interface udpdump
	CurrentDirectory: /usr/lib/x86_64-linux-gnu/wireshark/extcap
	User: kali
	LogonGuid: {76062d67-0000-0000-e803-000000000000}
	LogonId: 1000
	TerminalSessionId: 2
	IntegrityLevel: no level
	Hashes: -
	ParentProcessGuid: {00000000-0000-0000-0000-000000000000}
	ParentProcessId: 5545
	ParentImage: -
	ParentCommandLine: -
	ParentUser: -
Event SYSMONEVENT_PROCESS_TERMINATE
	RuleName: -
	UtcTime: 2023-10-20 15:00:13.024
	ProcessGuid: {76062d67-95fd-6532-bd4e-471cc8550000}
	ProcessId: 5562
	Image: /usr/lib/x86_64-linux-gnu/wireshark/extcap/wifidump
	User: kali
Event SYSMONEVENT_PROCESS_TERMINATE
	RuleName: -
	UtcTime: 2023-10-20 15:00:13.025
	ProcessGuid: {76062d67-95fd-6532-cd3f-00fc87550000}
	ProcessId: 5564
	Image: /usr/lib/x86_64-linux-gnu/wireshark/extcap/sshdump
	User: kali
Event SYSMONEVENT_CREATE_PROCESS
	RuleName: -
	UtcTime: 2023-10-20 15:00:13.023
	ProcessGuid: {76062d67-95fd-6532-fd27-462178550000}
	ProcessId: 5566
	Image: /usr/lib/x86_64-linux-gnu/wireshark/extcap/ciscodump
	FileVersion: -
	Description: -
	Product: -
	Company: -
	OriginalFileName: -
	CommandLine: /usr/lib/x86_64-linux-gnu/wireshark/extcap/ciscodump --extcap-config --extcap-interface ciscodump
	CurrentDirectory: /usr/lib/x86_64-linux-gnu/wireshark/extcap
	User: kali
	LogonGuid: {76062d67-0000-0000-e803-000000000000}
	LogonId: 1000
	TerminalSessionId: 2
	IntegrityLevel: no level
	Hashes: -
	ParentProcessGuid: {00000000-0000-0000-0000-000000000000}
	ParentProcessId: 5553
	ParentImage: -
	ParentCommandLine: -
	ParentUser: -
Event SYSMONEVENT_PROCESS_TERMINATE
	RuleName: -
	UtcTime: 2023-10-20 15:00:13.027
	ProcessGuid: {76062d67-95fd-6532-5da2-7caba6550000}
	ProcessId: 5565
	Image: /usr/lib/x86_64-linux-gnu/wireshark/extcap/udpdump
	User: kali
Event SYSMONEVENT_CREATE_PROCESS
	RuleName: -
	UtcTime: 2023-10-20 15:00:13.027
	ProcessGuid: {76062d67-95fd-6532-cdaa-a643ff550000}
	ProcessId: 5567
	Image: /usr/lib/x86_64-linux-gnu/wireshark/extcap/dpauxmon
	FileVersion: -
	Description: -
	Product: -
	Company: -
	OriginalFileName: -
	CommandLine: /usr/lib/x86_64-linux-gnu/wireshark/extcap/dpauxmon --extcap-config --extcap-interface dpauxmon
	CurrentDirectory: /usr/lib/x86_64-linux-gnu/wireshark/extcap
	User: kali
	LogonGuid: {76062d67-0000-0000-e803-000000000000}
	LogonId: 1000
	TerminalSessionId: 2
	IntegrityLevel: no level
	Hashes: -
	ParentProcessGuid: {00000000-0000-0000-0000-000000000000}
	ParentProcessId: 5543
	ParentImage: -
	ParentCommandLine: -
	ParentUser: -
Event SYSMONEVENT_PROCESS_TERMINATE
	RuleName: -
	UtcTime: 2023-10-20 15:00:13.030
	ProcessGuid: {76062d67-95fc-6532-45e0-824e5c550000}
	ProcessId: 5556
	Image: /usr/lib/x86_64-linux-gnu/wireshark/extcap/androiddump
	User: kali
Event SYSMONEVENT_CREATE_PROCESS
	RuleName: -
	UtcTime: 2023-10-20 15:00:13.030
	ProcessGuid: {76062d67-95fd-6532-6d06-60e43b560000}
	ProcessId: 5568
	Image: /usr/lib/x86_64-linux-gnu/wireshark/extcap/sdjournal
	FileVersion: -
	Description: -
	Product: -
	Company: -
	OriginalFileName: -
	CommandLine: /usr/lib/x86_64-linux-gnu/wireshark/extcap/sdjournal --extcap-config --extcap-interface sdjournal
	CurrentDirectory: /usr/lib/x86_64-linux-gnu/wireshark/extcap
	User: kali
	LogonGuid: {76062d67-0000-0000-e803-000000000000}
	LogonId: 1000
	TerminalSessionId: 2
	IntegrityLevel: no level
	Hashes: -
	ParentProcessGuid: {00000000-0000-0000-0000-000000000000}
	ParentProcessId: 5549
	ParentImage: -
	ParentCommandLine: -
	ParentUser: -
Event SYSMONEVENT_PROCESS_TERMINATE
	RuleName: -
	UtcTime: 2023-10-20 15:00:13.034
	ProcessGuid: {76062d67-95fd-6532-cdaa-a643ff550000}
	ProcessId: 5567
	Image: /usr/lib/x86_64-linux-gnu/wireshark/extcap/dpauxmon
	User: kali
Event SYSMONEVENT_PROCESS_TERMINATE
	RuleName: -
	UtcTime: 2023-10-20 15:00:13.034
	ProcessGuid: {76062d67-95fd-6532-fd27-462178550000}
	ProcessId: 5566
	Image: /usr/lib/x86_64-linux-gnu/wireshark/extcap/ciscodump
	User: kali
Event SYSMONEVENT_PROCESS_TERMINATE
	RuleName: -
	UtcTime: 2023-10-20 15:00:13.035
	ProcessGuid: {76062d67-95fd-6532-6d06-60e43b560000}
	ProcessId: 5568
	Image: /usr/lib/x86_64-linux-gnu/wireshark/extcap/sdjournal
	User: kali
Event SYSMONEVENT_PROCESS_TERMINATE
	RuleName: -
	UtcTime: 2023-10-20 15:00:13.035
	ProcessGuid: {76062d67-95fa-6532-81b0-945fa8550000}
	ProcessId: 5501
	Image: /usr/bin/wireshark
	User: kali
Event SYSMONEVENT_PROCESS_TERMINATE
	RuleName: -
	UtcTime: 2023-10-20 15:00:13.035
	ProcessGuid: {76062d67-95fa-6532-81b0-945fa8550000}
	ProcessId: 5501
	Image: /usr/bin/wireshark
	User: kali
Event SYSMONEVENT_PROCESS_TERMINATE
	RuleName: -
	UtcTime: 2023-10-20 15:00:13.035
	ProcessGuid: {76062d67-95fa-6532-81b0-945fa8550000}
	ProcessId: 5501
	Image: /usr/bin/wireshark
	User: kali
Event SYSMONEVENT_PROCESS_TERMINATE
	RuleName: -
	UtcTime: 2023-10-20 15:00:13.035
	ProcessGuid: {76062d67-95fa-6532-81b0-945fa8550000}
	ProcessId: 5501
	Image: /usr/bin/wireshark
	User: kali
Event SYSMONEVENT_PROCESS_TERMINATE
	RuleName: -
	UtcTime: 2023-10-20 15:00:13.035
	ProcessGuid: {76062d67-95fa-6532-81b0-945fa8550000}
	ProcessId: 5501
	Image: /usr/bin/wireshark
	User: kali
Event SYSMONEVENT_PROCESS_TERMINATE
	RuleName: -
	UtcTime: 2023-10-20 15:00:13.036
	ProcessGuid: {76062d67-95fa-6532-81b0-945fa8550000}
	ProcessId: 5501
	Image: /usr/bin/wireshark
	User: kali
Event SYSMONEVENT_PROCESS_TERMINATE
	RuleName: -
	UtcTime: 2023-10-20 15:00:13.036
	ProcessGuid: {76062d67-95fa-6532-81b0-945fa8550000}
	ProcessId: 5501
	Image: /usr/bin/wireshark
	User: kali
Event SYSMONEVENT_CREATE_PROCESS
	RuleName: -
	UtcTime: 2023-10-20 15:00:13.049
	ProcessGuid: {76062d67-95fd-6532-61bd-75e52c560000}
	ProcessId: 5569
	Image: /usr/bin/dumpcap
	FileVersion: -
	Description: -
	Product: -
	Company: -
	OriginalFileName: -
	CommandLine: /usr/bin/dumpcap -D -Z none
	CurrentDirectory: /home/kali
	User: kali
	LogonGuid: {76062d67-0000-0000-e803-000000000000}
	LogonId: 1000
	TerminalSessionId: 2
	IntegrityLevel: no level
	Hashes: -
	ParentProcessGuid: {00000000-0000-0000-0000-000000000000}
	ParentProcessId: 5501
	ParentImage: -
	ParentCommandLine: -
	ParentUser: -
Event SYSMONEVENT_FILE_DELETE
	RuleName: -
	UtcTime: 2023-10-20 15:00:13.068
	ProcessGuid: {76062d67-945b-6532-d51e-1372ab550000}
	ProcessId: 450
	User: -
	Image: /usr/bin/udevadm
	TargetFilename: /run/udev/queue
	Hashes: -
	IsExecutable: -
	Archived: -
Event SYSMONEVENT_PROCESS_TERMINATE
	RuleName: -
	UtcTime: 2023-10-20 15:00:13.071
	ProcessGuid: {00000000-0000-0000-0000-000000000000}
	ProcessId: 5571
	Image: <unknown process>
	User: root
Event SYSMONEVENT_PROCESS_TERMINATE
	RuleName: -
	UtcTime: 2023-10-20 15:00:13.085
	ProcessGuid: {00000000-0000-0000-0000-000000000000}
	ProcessId: 5574
	Image: <unknown process>
	User: root
Event SYSMONEVENT_FILE_DELETE
	RuleName: -
	UtcTime: 2023-10-20 15:00:13.086
	ProcessGuid: {76062d67-945b-6532-d51e-1372ab550000}
	ProcessId: 450
	User: -
	Image: /usr/bin/udevadm
	TargetFilename: /run/udev/queue
	Hashes: -
	IsExecutable: -
	Archived: -
Event SYSMONEVENT_PROCESS_TERMINATE
	RuleName: -
	UtcTime: 2023-10-20 15:00:13.091
	ProcessGuid: {00000000-0000-0000-0000-000000000000}
	ProcessId: 5576
	Image: <unknown process>
	User: -
Event SYSMONEVENT_PROCESS_TERMINATE
	RuleName: -
	UtcTime: 2023-10-20 15:00:13.091
	ProcessGuid: {00000000-0000-0000-0000-000000000000}
	ProcessId: 5577
	Image: <unknown process>
	User: -
Event SYSMONEVENT_PROCESS_TERMINATE
	RuleName: -
	UtcTime: 2023-10-20 15:00:13.091
	ProcessGuid: {00000000-0000-0000-0000-000000000000}
	ProcessId: 5578
	Image: <unknown process>
	User: -
Event SYSMONEVENT_PROCESS_TERMINATE
	RuleName: -
	UtcTime: 2023-10-20 15:00:13.092
	ProcessGuid: {00000000-0000-0000-0000-000000000000}
	ProcessId: 5579
	Image: <unknown process>
	User: -
Event SYSMONEVENT_PROCESS_TERMINATE
	RuleName: -
	UtcTime: 2023-10-20 15:00:13.092
	ProcessGuid: {00000000-0000-0000-0000-000000000000}
	ProcessId: 5580
	Image: <unknown process>
	User: -
Event SYSMONEVENT_PROCESS_TERMINATE
	RuleName: -
	UtcTime: 2023-10-20 15:00:13.092
	ProcessGuid: {00000000-0000-0000-0000-000000000000}
	ProcessId: 5581
	Image: <unknown process>
	User: -
Event SYSMONEVENT_PROCESS_TERMINATE
	RuleName: -
	UtcTime: 2023-10-20 15:00:13.093
	ProcessGuid: {00000000-0000-0000-0000-000000000000}
	ProcessId: 5582
	Image: <unknown process>
	User: -
Event SYSMONEVENT_PROCESS_TERMINATE
	RuleName: -
	UtcTime: 2023-10-20 15:00:13.107
	ProcessGuid: {00000000-0000-0000-0000-000000000000}
	ProcessId: 5583
	Image: <unknown process>
	User: root
Event SYSMONEVENT_PROCESS_TERMINATE
	RuleName: -
	UtcTime: 2023-10-20 15:00:13.107
	ProcessGuid: {00000000-0000-0000-0000-000000000000}
	ProcessId: 5584
	Image: <unknown process>
	User: root
Event SYSMONEVENT_PROCESS_TERMINATE
	RuleName: -
	UtcTime: 2023-10-20 15:00:13.172
	ProcessGuid: {00000000-0000-0000-0000-000000000000}
	ProcessId: 5585
	Image: <unknown process>
	User: root
Event SYSMONEVENT_PROCESS_TERMINATE
	RuleName: -
	UtcTime: 2023-10-20 15:00:13.172
	ProcessGuid: {00000000-0000-0000-0000-000000000000}
	ProcessId: 5586
	Image: <unknown process>
	User: -
Event SYSMONEVENT_PROCESS_TERMINATE
	RuleName: -
	UtcTime: 2023-10-20 15:00:13.233
	ProcessGuid: {00000000-0000-0000-0000-000000000000}
	ProcessId: 5587
	Image: <unknown process>
	User: -
Event SYSMONEVENT_PROCESS_TERMINATE
	RuleName: -
	UtcTime: 2023-10-20 15:00:13.234
	ProcessGuid: {00000000-0000-0000-0000-000000000000}
	ProcessId: 5588
	Image: <unknown process>
	User: -
Event SYSMONEVENT_PROCESS_TERMINATE
	RuleName: -
	UtcTime: 2023-10-20 15:00:13.235
	ProcessGuid: {00000000-0000-0000-0000-000000000000}
	ProcessId: 5589
	Image: <unknown process>
	User: -
Event SYSMONEVENT_PROCESS_TERMINATE
	RuleName: -
	UtcTime: 2023-10-20 15:00:13.235
	ProcessGuid: {00000000-0000-0000-0000-000000000000}
	ProcessId: 5590
	Image: <unknown process>
	User: root
Event SYSMONEVENT_PROCESS_TERMINATE
	RuleName: -
	UtcTime: 2023-10-20 15:00:13.235
	ProcessGuid: {00000000-0000-0000-0000-000000000000}
	ProcessId: 5591
	Image: <unknown process>
	User: -
Event SYSMONEVENT_PROCESS_TERMINATE
	RuleName: -
	UtcTime: 2023-10-20 15:00:13.235
	ProcessGuid: {00000000-0000-0000-0000-000000000000}
	ProcessId: 5592
	Image: <unknown process>
	User: -
Event SYSMONEVENT_PROCESS_TERMINATE
	RuleName: -
	UtcTime: 2023-10-20 15:00:13.236
	ProcessGuid: {00000000-0000-0000-0000-000000000000}
	ProcessId: 5593
	Image: <unknown process>
	User: -
Event SYSMONEVENT_PROCESS_TERMINATE
	RuleName: -
	UtcTime: 2023-10-20 15:00:13.236
	ProcessGuid: {00000000-0000-0000-0000-000000000000}
	ProcessId: 5594
	Image: <unknown process>
	User: root
Event SYSMONEVENT_PROCESS_TERMINATE
	RuleName: -
	UtcTime: 2023-10-20 15:00:13.236
	ProcessGuid: {00000000-0000-0000-0000-000000000000}
	ProcessId: 5595
	Image: <unknown process>
	User: -
Event SYSMONEVENT_PROCESS_TERMINATE
	RuleName: -
	UtcTime: 2023-10-20 15:00:13.237
	ProcessGuid: {00000000-0000-0000-0000-000000000000}
	ProcessId: 5596
	Image: <unknown process>
	User: root
Event SYSMONEVENT_PROCESS_TERMINATE
	RuleName: -
	UtcTime: 2023-10-20 15:00:13.243
	ProcessGuid: {00000000-0000-0000-0000-000000000000}
	ProcessId: 5598
	Image: <unknown process>
	User: root
Event SYSMONEVENT_PROCESS_TERMINATE
	RuleName: -
	UtcTime: 2023-10-20 15:00:13.246
	ProcessGuid: {00000000-0000-0000-0000-000000000000}
	ProcessId: 5599
	Image: <unknown process>
	User: root
Event SYSMONEVENT_PROCESS_TERMINATE
	RuleName: -
	UtcTime: 2023-10-20 15:00:13.249
	ProcessGuid: {00000000-0000-0000-0000-000000000000}
	ProcessId: 5601
	Image: <unknown process>
	User: root
Event SYSMONEVENT_PROCESS_TERMINATE
	RuleName: -
	UtcTime: 2023-10-20 15:00:13.249
	ProcessGuid: {00000000-0000-0000-0000-000000000000}
	ProcessId: 5600
	Image: <unknown process>
	User: root
Event SYSMONEVENT_PROCESS_TERMINATE
	RuleName: -
	UtcTime: 2023-10-20 15:00:13.249
	ProcessGuid: {00000000-0000-0000-0000-000000000000}
	ProcessId: 5597
	Image: <unknown process>
	User: -
Event SYSMONEVENT_PROCESS_TERMINATE
	RuleName: -
	UtcTime: 2023-10-20 15:00:13.250
	ProcessGuid: {00000000-0000-0000-0000-000000000000}
	ProcessId: 5573
	Image: <unknown process>
	User: -
Event SYSMONEVENT_FILE_DELETE
	RuleName: -
	UtcTime: 2023-10-20 15:00:13.250
	ProcessGuid: {76062d67-945b-6532-d51e-1372ab550000}
	ProcessId: 450
	User: -
	Image: /usr/bin/udevadm
	TargetFilename: /run/udev/queue
	Hashes: -
	IsExecutable: -
	Archived: -
Event SYSMONEVENT_PROCESS_TERMINATE
	RuleName: -
	UtcTime: 2023-10-20 15:00:13.252
	ProcessGuid: {76062d67-95fa-6532-81b0-945fa8550000}
	ProcessId: 5602
	Image: -
	User: root
Event SYSMONEVENT_PROCESS_TERMINATE
	RuleName: -
	UtcTime: 2023-10-20 15:00:13.259
	ProcessGuid: {00000000-0000-0000-0000-000000000000}
	ProcessId: 5604
	Image: <unknown process>
	User: root
Event SYSMONEVENT_PROCESS_TERMINATE
	RuleName: -
	UtcTime: 2023-10-20 15:00:13.259
	ProcessGuid: {00000000-0000-0000-0000-000000000000}
	ProcessId: 5603
	Image: <unknown process>
	User: root
Event SYSMONEVENT_FILE_DELETE
	RuleName: -
	UtcTime: 2023-10-20 15:00:13.260
	ProcessGuid: {76062d67-945b-6532-d51e-1372ab550000}
	ProcessId: 450
	User: -
	Image: /usr/bin/udevadm
	TargetFilename: /run/udev/queue
	Hashes: -
	IsExecutable: -
	Archived: -
Event SYSMONEVENT_PROCESS_TERMINATE
	RuleName: -
	UtcTime: 2023-10-20 15:00:13.261
	ProcessGuid: {00000000-0000-0000-0000-000000000000}
	ProcessId: 5606
	Image: <unknown process>
	User: root
Event SYSMONEVENT_PROCESS_TERMINATE
	RuleName: -
	UtcTime: 2023-10-20 15:00:13.264
	ProcessGuid: {00000000-0000-0000-0000-000000000000}
	ProcessId: 5572
	Image: <unknown process>
	User: root
Event SYSMONEVENT_PROCESS_TERMINATE
	RuleName: -
	UtcTime: 2023-10-20 15:00:13.267
	ProcessGuid: {00000000-0000-0000-0000-000000000000}
	ProcessId: 5607
	Image: <unknown process>
	User: -
Event SYSMONEVENT_FILE_DELETE
	RuleName: -
	UtcTime: 2023-10-20 15:00:13.268
	ProcessGuid: {76062d67-945b-6532-d51e-1372ab550000}
	ProcessId: 450
	User: -
	Image: /usr/bin/udevadm
	TargetFilename: /run/udev/queue
	Hashes: -
	IsExecutable: -
	Archived: -
Event SYSMONEVENT_PROCESS_TERMINATE
	RuleName: -
	UtcTime: 2023-10-20 15:00:13.311
	ProcessGuid: {00000000-0000-0000-0000-000000000000}
	ProcessId: 5570
	Image: <unknown process>
	User: root
Event SYSMONEVENT_FILE_DELETE
	RuleName: -
	UtcTime: 2023-10-20 15:00:13.311
	ProcessGuid: {76062d67-945b-6532-d51e-1372ab550000}
	ProcessId: 450
	User: -
	Image: /usr/bin/udevadm
	TargetFilename: /run/udev/queue
	Hashes: -
	IsExecutable: -
	Archived: -
Event SYSMONEVENT_PROCESS_TERMINATE
	RuleName: -
	UtcTime: 2023-10-20 15:00:13.323
	ProcessGuid: {00000000-0000-0000-0000-000000000000}
	ProcessId: 5608
	Image: <unknown process>
	User: root
Event SYSMONEVENT_FILE_DELETE
	RuleName: -
	UtcTime: 2023-10-20 15:00:13.323
	ProcessGuid: {76062d67-945b-6532-d51e-1372ab550000}
	ProcessId: 450
	User: -
	Image: /usr/bin/udevadm
	TargetFilename: /run/udev/queue
	Hashes: -
	IsExecutable: -
	Archived: -
Event SYSMONEVENT_PROCESS_TERMINATE
	RuleName: -
	UtcTime: 2023-10-20 15:00:13.324
	ProcessGuid: {76062d67-95fd-6532-61bd-75e52c560000}
	ProcessId: 5569
	Image: /usr/bin/dumpcap
	User: kali
Event SYSMONEVENT_CREATE_PROCESS
	RuleName: -
	UtcTime: 2023-10-20 15:00:13.326
	ProcessGuid: {76062d67-95fd-6532-619d-41b735560000}
	ProcessId: 5609
	Image: /usr/bin/dumpcap
	FileVersion: -
	Description: -
	Product: -
	Company: -
	OriginalFileName: -
	CommandLine: /usr/bin/dumpcap -i eth0 -L --list-time-stamp-types -Z none
	CurrentDirectory: /home/kali
	User: kali
	LogonGuid: {76062d67-0000-0000-e803-000000000000}
	LogonId: 1000
	TerminalSessionId: 2
	IntegrityLevel: no level
	Hashes: -
	ParentProcessGuid: {00000000-0000-0000-0000-000000000000}
	ParentProcessId: 5501
	ParentImage: -
	ParentCommandLine: -
	ParentUser: -
Event SYSMONEVENT_PROCESS_TERMINATE
	RuleName: -
	UtcTime: 2023-10-20 15:00:13.397
	ProcessGuid: {76062d67-95fd-6532-619d-41b735560000}
	ProcessId: 5609
	Image: /usr/bin/dumpcap
	User: kali
Event SYSMONEVENT_CREATE_PROCESS
	RuleName: -
	UtcTime: 2023-10-20 15:00:13.399
	ProcessGuid: {76062d67-95fd-6532-615d-693029560000}
	ProcessId: 5610
	Image: /usr/bin/dumpcap
	FileVersion: -
	Description: -
	Product: -
	Company: -
	OriginalFileName: -
	CommandLine: /usr/bin/dumpcap -i any -L --list-time-stamp-types -Z none
	CurrentDirectory: /home/kali
	User: kali
	LogonGuid: {76062d67-0000-0000-e803-000000000000}
	LogonId: 1000
	TerminalSessionId: 2
	IntegrityLevel: no level
	Hashes: -
	ParentProcessGuid: {00000000-0000-0000-0000-000000000000}
	ParentProcessId: 5501
	ParentImage: -
	ParentCommandLine: -
	ParentUser: -
Event SYSMONEVENT_PROCESS_TERMINATE
	RuleName: -
	UtcTime: 2023-10-20 15:00:13.408
	ProcessGuid: {76062d67-95fa-6532-81b0-945fa8550000}
	ProcessId: 5611
	Image: -
	User: root
Event SYSMONEVENT_PROCESS_TERMINATE
	RuleName: -
	UtcTime: 2023-10-20 15:00:13.481
	ProcessGuid: {76062d67-95fd-6532-615d-693029560000}
	ProcessId: 5610
	Image: /usr/bin/dumpcap
	User: kali
Event SYSMONEVENT_CREATE_PROCESS
	RuleName: -
	UtcTime: 2023-10-20 15:00:13.483
	ProcessGuid: {76062d67-95fd-6532-61ad-36fab1550000}
	ProcessId: 5612
	Image: /usr/bin/dumpcap
	FileVersion: -
	Description: -
	Product: -
	Company: -
	OriginalFileName: -
	CommandLine: /usr/bin/dumpcap -i lo -L --list-time-stamp-types -Z none
	CurrentDirectory: /home/kali
	User: kali
	LogonGuid: {76062d67-0000-0000-e803-000000000000}
	LogonId: 1000
	TerminalSessionId: 2
	IntegrityLevel: no level
	Hashes: -
	ParentProcessGuid: {00000000-0000-0000-0000-000000000000}
	ParentProcessId: 5501
	ParentImage: -
	ParentCommandLine: -
	ParentUser: -
Event SYSMONEVENT_PROCESS_TERMINATE
	RuleName: -
	UtcTime: 2023-10-20 15:00:13.545
	ProcessGuid: {76062d67-95fd-6532-61ad-36fab1550000}
	ProcessId: 5612
	Image: /usr/bin/dumpcap
	User: kali
Event SYSMONEVENT_CREATE_PROCESS
	RuleName: -
	UtcTime: 2023-10-20 15:00:13.548
	ProcessGuid: {76062d67-95fd-6532-612d-b142c9550000}
	ProcessId: 5613
	Image: /usr/bin/dumpcap
	FileVersion: -
	Description: -
	Product: -
	Company: -
	OriginalFileName: -
	CommandLine: /usr/bin/dumpcap -i bluetooth-monitor -L --list-time-stamp-types -Z none
	CurrentDirectory: /home/kali
	User: kali
	LogonGuid: {76062d67-0000-0000-e803-000000000000}
	LogonId: 1000
	TerminalSessionId: 2
	IntegrityLevel: no level
	Hashes: -
	ParentProcessGuid: {00000000-0000-0000-0000-000000000000}
	ParentProcessId: 5501
	ParentImage: -
	ParentCommandLine: -
	ParentUser: -
Event SYSMONEVENT_PROCESS_TERMINATE
	RuleName: -
	UtcTime: 2023-10-20 15:00:13.557
	ProcessGuid: {00000000-0000-0000-0000-000000000000}
	ProcessId: 5614
	Image: <unknown process>
	User: root
Event SYSMONEVENT_PROCESS_TERMINATE
	RuleName: -
	UtcTime: 2023-10-20 15:00:13.558
	ProcessGuid: {76062d67-95fd-6532-612d-b142c9550000}
	ProcessId: 5613
	Image: /usr/bin/dumpcap
	User: kali
Event SYSMONEVENT_CREATE_PROCESS
	RuleName: -
	UtcTime: 2023-10-20 15:00:13.560
	ProcessGuid: {76062d67-95fd-6532-615d-2eae49560000}
	ProcessId: 5615
	Image: /usr/bin/dumpcap
	FileVersion: -
	Description: -
	Product: -
	Company: -
	OriginalFileName: -
	CommandLine: /usr/bin/dumpcap -i nflog -L --list-time-stamp-types -Z none
	CurrentDirectory: /home/kali
	User: kali
	LogonGuid: {76062d67-0000-0000-e803-000000000000}
	LogonId: 1000
	TerminalSessionId: 2
	IntegrityLevel: no level
	Hashes: -
	ParentProcessGuid: {00000000-0000-0000-0000-000000000000}
	ParentProcessId: 5501
	ParentImage: -
	ParentCommandLine: -
	ParentUser: -
Event SYSMONEVENT_PROCESS_TERMINATE
	RuleName: -
	UtcTime: 2023-10-20 15:00:13.567
	ProcessGuid: {00000000-0000-0000-0000-000000000000}
	ProcessId: 5616
	Image: <unknown process>
	User: root
Event SYSMONEVENT_PROCESS_TERMINATE
	RuleName: -
	UtcTime: 2023-10-20 15:00:13.576
	ProcessGuid: {00000000-0000-0000-0000-000000000000}
	ProcessId: 5617
	Image: <unknown process>
	User: root
Event SYSMONEVENT_FILE_DELETE
	RuleName: -
	UtcTime: 2023-10-20 15:00:13.577
	ProcessGuid: {76062d67-945b-6532-d51e-1372ab550000}
	ProcessId: 450
	User: -
	Image: /usr/bin/udevadm
	TargetFilename: /run/udev/queue
	Hashes: -
	IsExecutable: -
	Archived: -
Event SYSMONEVENT_PROCESS_TERMINATE
	RuleName: -
	UtcTime: 2023-10-20 15:00:13.577
	ProcessGuid: {76062d67-95fd-6532-615d-2eae49560000}
	ProcessId: 5615
	Image: /usr/bin/dumpcap
	User: kali
Event SYSMONEVENT_CREATE_PROCESS
	RuleName: -
	UtcTime: 2023-10-20 15:00:13.579
	ProcessGuid: {76062d67-95fd-6532-61ed-a115e8550000}
	ProcessId: 5618
	Image: /usr/bin/dumpcap
	FileVersion: -
	Description: -
	Product: -
	Company: -
	OriginalFileName: -
	CommandLine: /usr/bin/dumpcap -i nfqueue -L --list-time-stamp-types -Z none
	CurrentDirectory: /home/kali
	User: kali
	LogonGuid: {76062d67-0000-0000-e803-000000000000}
	LogonId: 1000
	TerminalSessionId: 2
	IntegrityLevel: no level
	Hashes: -
	ParentProcessGuid: {00000000-0000-0000-0000-000000000000}
	ParentProcessId: 5501
	ParentImage: -
	ParentCommandLine: -
	ParentUser: -
Event SYSMONEVENT_PROCESS_TERMINATE
	RuleName: -
	UtcTime: 2023-10-20 15:00:13.587
	ProcessGuid: {00000000-0000-0000-0000-000000000000}
	ProcessId: 5619
	Image: <unknown process>
	User: root
Event SYSMONEVENT_PROCESS_TERMINATE
	RuleName: -
	UtcTime: 2023-10-20 15:00:13.594
	ProcessGuid: {00000000-0000-0000-0000-000000000000}
	ProcessId: 5620
	Image: <unknown process>
	User: root
Event SYSMONEVENT_FILE_DELETE
	RuleName: -
	UtcTime: 2023-10-20 15:00:13.594
	ProcessGuid: {76062d67-945b-6532-d51e-1372ab550000}
	ProcessId: 450
	User: -
	Image: /usr/bin/udevadm
	TargetFilename: /run/udev/queue
	Hashes: -
	IsExecutable: -
	Archived: -
Event SYSMONEVENT_PROCESS_TERMINATE
	RuleName: -
	UtcTime: 2023-10-20 15:00:13.594
	ProcessGuid: {76062d67-95fd-6532-61ed-a115e8550000}
	ProcessId: 5618
	Image: /usr/bin/dumpcap
	User: kali
Event SYSMONEVENT_CREATE_PROCESS
	RuleName: -
	UtcTime: 2023-10-20 15:00:13.596
	ProcessGuid: {76062d67-95fd-6532-61fd-93fb00560000}
	ProcessId: 5621
	Image: /usr/bin/dumpcap
	FileVersion: -
	Description: -
	Product: -
	Company: -
	OriginalFileName: -
	CommandLine: /usr/bin/dumpcap -i dbus-system -L --list-time-stamp-types -Z none
	CurrentDirectory: /home/kali
	User: kali
	LogonGuid: {76062d67-0000-0000-e803-000000000000}
	LogonId: 1000
	TerminalSessionId: 2
	IntegrityLevel: no level
	Hashes: -
	ParentProcessGuid: {00000000-0000-0000-0000-000000000000}
	ParentProcessId: 5501
	ParentImage: -
	ParentCommandLine: -
	ParentUser: -
Event SYSMONEVENT_PROCESS_TERMINATE
	RuleName: -
	UtcTime: 2023-10-20 15:00:13.603
	ProcessGuid: {00000000-0000-0000-0000-000000000000}
	ProcessId: 5622
	Image: <unknown process>
	User: root
Event SYSMONEVENT_PROCESS_TERMINATE
	RuleName: -
	UtcTime: 2023-10-20 15:00:13.607
	ProcessGuid: {76062d67-95fd-6532-61fd-93fb00560000}
	ProcessId: 5621
	Image: /usr/bin/dumpcap
	User: kali
