Event SYSMONEVENT_CREATE_PROCESS
	RuleName: -
	UtcTime: 2023-10-20 15:00:06.199
	ProcessGuid: {76062d67-95f6-6532-b91b-cb136f550000}
	ProcessId: 5181
	Image: /usr/bin/dash
	FileVersion: -
	Description: -
	Product: -
	Company: -
	OriginalFileName: -
	CommandLine: sh -c /usr/bin/lsb_release -si 2>/dev/null
	CurrentDirectory: /
	User: root
	LogonGuid: {76062d67-0000-0000-0000-000000000000}
	LogonId: 0
	TerminalSessionId: 4294967295
	IntegrityLevel: no level
	Hashes: -
	ParentProcessGuid: {76062d67-95f5-6532-29f7-3aa9aa550000}
	ParentProcessId: 5131
	ParentImage: /usr/bin/vmware-toolbox-cmd
	ParentCommandLine: vmware-toolbox-cmd
	ParentUser: root
Event SYSMONEVENT_CREATE_PROCESS
	RuleName: -
	UtcTime: 2023-10-20 15:00:06.201
	ProcessGuid: {76062d67-95f6-6532-b94b-f0e367550000}
	ProcessId: 5182
	Image: /usr/bin/dash
	FileVersion: -
	Description: -
	Product: -
	Company: -
	OriginalFileName: -
	CommandLine: /bin/sh /usr/bin/lsb_release -si
	CurrentDirectory: /
	User: root
	LogonGuid: {76062d67-0000-0000-0000-000000000000}
	LogonId: 0
	TerminalSessionId: 4294967295
	IntegrityLevel: no level
	Hashes: -
	ParentProcessGuid: {76062d67-95f6-6532-b91b-cb136f550000}
	ParentProcessId: 5181
	ParentImage: /usr/bin/dash
	ParentCommandLine: sh
	ParentUser: root
Event SYSMONEVENT_PROCESS_TERMINATE
	RuleName: -
	UtcTime: 2023-10-20 15:00:06.202
	ProcessGuid: {76062d67-95f6-6532-5909-e524bc550000}
	ProcessId: 5170
	Image: /usr/usr/bin/find
	User: root
Event SYSMONEVENT_PROCESS_TERMINATE
	RuleName: -
	UtcTime: 2023-10-20 15:00:06.203
	ProcessGuid: {00000000-0000-0000-0000-000000000000}
	ProcessId: 5167
	Image: <unknown process>
	User: root
Event SYSMONEVENT_CREATE_PROCESS
	RuleName: -
	UtcTime: 2023-10-20 15:00:06.203
	ProcessGuid: {76062d67-95f6-6532-3975-ba0b1e560000}
	ProcessId: 5183
	Image: /usr/bin/getopt
	FileVersion: -
	Description: -
	Product: -
	Company: -
	OriginalFileName: -
	CommandLine: getopt --name lsb_release -o hvidrcas -l help,version,id,description,release,codename,all,short -- -si
	CurrentDirectory: /
	User: root
	LogonGuid: {76062d67-0000-0000-0000-000000000000}
	LogonId: 0
	TerminalSessionId: 4294967295
	IntegrityLevel: no level
	Hashes: -
	ParentProcessGuid: {76062d67-95f6-6532-b94b-f0e367550000}
	ParentProcessId: 5182
	ParentImage: /usr/bin/dash
	ParentCommandLine: /bin/sh
	ParentUser: root
Event SYSMONEVENT_PROCESS_TERMINATE
	RuleName: -
	UtcTime: 2023-10-20 15:00:06.203
	ProcessGuid: {76062d67-95f6-6532-0000-000000000000}
	ProcessId: 5162
	Image: -
	User: root
Event SYSMONEVENT_PROCESS_TERMINATE
	RuleName: -
	UtcTime: 2023-10-20 15:00:06.204
	ProcessGuid: {76062d67-95f6-6532-3975-ba0b1e560000}
	ProcessId: 5183
	Image: /usr/bin/getopt
	User: root
Event SYSMONEVENT_PROCESS_TERMINATE
	RuleName: -
	UtcTime: 2023-10-20 15:00:06.212
	ProcessGuid: {76062d67-95f6-6532-0000-000000000000}
	ProcessId: 5185
	Image: -
	User: -
Event SYSMONEVENT_CREATE_PROCESS
	RuleName: -
	UtcTime: 2023-10-20 15:00:06.213
	ProcessGuid: {76062d67-95f6-6532-19a9-3a063b560000}
	ProcessId: 5187
	Image: /usr/bin/tr
	FileVersion: -
	Description: -
	Product: -
	Company: -
	OriginalFileName: -
	CommandLine: tr [:lower:] [:upper:]
	CurrentDirectory: /
	User: root
	LogonGuid: {76062d67-0000-0000-0000-000000000000}
	LogonId: 0
	TerminalSessionId: 4294967295
	IntegrityLevel: no level
	Hashes: -
	ParentProcessGuid: {00000000-0000-0000-0000-000000000000}
	ParentProcessId: 5184
	ParentImage: -
	ParentCommandLine: -
	ParentUser: -
Event SYSMONEVENT_CREATE_PROCESS
	RuleName: -
	UtcTime: 2023-10-20 15:00:06.213
	ProcessGuid: {76062d67-95f6-6532-d948-276354560000}
	ProcessId: 5186
	Image: /usr/bin/cut
	FileVersion: -
	Description: -
	Product: -
	Company: -
	OriginalFileName: -
	CommandLine: cut -c1
	CurrentDirectory: /
	User: root
	LogonGuid: {76062d67-0000-0000-0000-000000000000}
	LogonId: 0
	TerminalSessionId: 4294967295
	IntegrityLevel: no level
	Hashes: -
	ParentProcessGuid: {00000000-0000-0000-0000-000000000000}
	ParentProcessId: 5184
	ParentImage: -
	ParentCommandLine: -
	ParentUser: -
Event SYSMONEVENT_PROCESS_TERMINATE
	RuleName: -
	UtcTime: 2023-10-20 15:00:06.223
	ProcessGuid: {76062d67-95f6-6532-19a9-3a063b560000}
	ProcessId: 5187
	Image: /usr/bin/tr
	User: root
Event SYSMONEVENT_PROCESS_TERMINATE
	RuleName: -
	UtcTime: 2023-10-20 15:00:06.223
	ProcessGuid: {76062d67-95f6-6532-d948-276354560000}
	ProcessId: 5186
	Image: /usr/bin/cut
	User: root
Event SYSMONEVENT_PROCESS_TERMINATE
	RuleName: -
	UtcTime: 2023-10-20 15:00:06.223
	ProcessGuid: {76062d67-95f6-6532-0000-000000000000}
	ProcessId: 5184
	Image: -
	User: -
Event SYSMONEVENT_PROCESS_TERMINATE
	RuleName: -
	UtcTime: 2023-10-20 15:00:06.224
	ProcessGuid: {76062d67-95f6-6532-499b-73bd32560000}
	ProcessId: 5163
	Image: /usr/usr/bin/sort
	User: -
Event SYSMONEVENT_PROCESS_TERMINATE
	RuleName: -
	UtcTime: 2023-10-20 15:00:06.224
	ProcessGuid: {76062d67-95f6-6532-b9ab-653200560000}
	ProcessId: 5151
	Image: /usr/usr/bin/dash
	User: root
Event SYSMONEVENT_PROCESS_TERMINATE
	RuleName: -
	UtcTime: 2023-10-20 15:00:06.226
	ProcessGuid: {76062d67-95f6-6532-0000-000000000000}
	ProcessId: 5189
	Image: -
	User: -
Event SYSMONEVENT_CREATE_PROCESS
	RuleName: -
	UtcTime: 2023-10-20 15:00:06.226
	ProcessGuid: {76062d67-95f6-6532-d918-152afb550000}
	ProcessId: 5190
	Image: /usr/bin/cut
	FileVersion: -
	Description: -
	Product: -
	Company: -
	OriginalFileName: -
	CommandLine: cut -c2-
	CurrentDirectory: /
	User: root
	LogonGuid: {76062d67-0000-0000-0000-000000000000}
	LogonId: 0
	TerminalSessionId: 4294967295
	IntegrityLevel: no level
	Hashes: -
	ParentProcessGuid: {00000000-0000-0000-0000-000000000000}
	ParentProcessId: 5188
	ParentImage: -
	ParentCommandLine: -
	ParentUser: -
Event SYSMONEVENT_PROCESS_TERMINATE
	RuleName: -
	UtcTime: 2023-10-20 15:00:06.228
	ProcessGuid: {76062d67-95f6-6532-d918-152afb550000}
	ProcessId: 5190
	Image: /usr/bin/cut
	User: root
Event SYSMONEVENT_PROCESS_TERMINATE
	RuleName: -
	UtcTime: 2023-10-20 15:00:06.228
	ProcessGuid: {00000000-0000-0000-0000-000000000000}
	ProcessId: 5188
	Image: <unknown process>
	User: root
Event SYSMONEVENT_CREATE_PROCESS
	RuleName: -
	UtcTime: 2023-10-20 15:00:06.229
	ProcessGuid: {76062d67-95f6-6532-19e9-45bc42560000}
	ProcessId: 5193
	Image: /usr/bin/tr
	FileVersion: -
	Description: -
	Product: -
	Company: -
	OriginalFileName: -
	CommandLine: tr [:upper:] [:lower:]
	CurrentDirectory: /
	User: root
	LogonGuid: {76062d67-0000-0000-0000-000000000000}
	LogonId: 0
	TerminalSessionId: 4294967295
	IntegrityLevel: no level
	Hashes: -
	ParentProcessGuid: {00000000-0000-0000-0000-000000000000}
	ParentProcessId: 5191
	ParentImage: -
	ParentCommandLine: -
	ParentUser: -
Event SYSMONEVENT_PROCESS_TERMINATE
	RuleName: -
	UtcTime: 2023-10-20 15:00:06.230
	ProcessGuid: {76062d67-95f6-6532-0000-000000000000}
	ProcessId: 5192
	Image: -
	User: -
Event SYSMONEVENT_PROCESS_TERMINATE
	RuleName: -
	UtcTime: 2023-10-20 15:00:06.232
	ProcessGuid: {76062d67-95f6-6532-19e9-45bc42560000}
	ProcessId: 5193
	Image: /usr/bin/tr
	User: root
Event SYSMONEVENT_PROCESS_TERMINATE
	RuleName: -
	UtcTime: 2023-10-20 15:00:06.232
	ProcessGuid: {76062d67-95f6-6532-0000-000000000000}
	ProcessId: 5191
	Image: -
	User: -
Event SYSMONEVENT_CREATE_PROCESS
	RuleName: -
	UtcTime: 2023-10-20 15:00:06.234
	ProcessGuid: {76062d67-95f6-6532-1949-185302560000}
	ProcessId: 5196
	Image: /usr/bin/tr
	FileVersion: -
	Description: -
	Product: -
	Company: -
	OriginalFileName: -
	CommandLine: tr [:upper:] [:lower:]
	CurrentDirectory: /
	User: root
	LogonGuid: {76062d67-0000-0000-0000-000000000000}
	LogonId: 0
	TerminalSessionId: 4294967295
	IntegrityLevel: no level
	Hashes: -
	ParentProcessGuid: {00000000-0000-0000-0000-000000000000}
	ParentProcessId: 5194
	ParentImage: -
	ParentCommandLine: -
	ParentUser: -
Event SYSMONEVENT_PROCESS_TERMINATE
	RuleName: -
	UtcTime: 2023-10-20 15:00:06.235
	ProcessGuid: {00000000-0000-0000-0000-000000000000}
	ProcessId: 5195
	Image: <unknown process>
	User: root
Event SYSMONEVENT_PROCESS_TERMINATE
	RuleName: -
	UtcTime: 2023-10-20 15:00:06.236
	ProcessGuid: {76062d67-95f6-6532-1949-185302560000}
	ProcessId: 5196
	Image: /usr/bin/tr
	User: root
Event SYSMONEVENT_PROCESS_TERMINATE
	RuleName: -
	UtcTime: 2023-10-20 15:00:06.236
	ProcessGuid: {76062d67-95f6-6532-0000-000000000000}
	ProcessId: 5194
	Image: -
	User: root
Event SYSMONEVENT_PROCESS_TERMINATE
	RuleName: -
	UtcTime: 2023-10-20 15:00:06.237
	ProcessGuid: {76062d67-95f6-6532-b94b-f0e367550000}
	ProcessId: 5182
	Image: /usr/bin/dash
	User: root
Event SYSMONEVENT_PROCESS_TERMINATE
	RuleName: -
	UtcTime: 2023-10-20 15:00:06.239
	ProcessGuid: {76062d67-95f6-6532-b91b-cb136f550000}
	ProcessId: 5181
	Image: /usr/bin/dash
	User: root
Event SYSMONEVENT_CREATE_PROCESS
	RuleName: -
	UtcTime: 2023-10-20 15:00:06.240
	ProcessGuid: {76062d67-95f6-6532-b91b-da5aa0550000}
	ProcessId: 5197
	Image: /usr/bin/dash
	FileVersion: -
	Description: -
	Product: -
	Company: -
	OriginalFileName: -
	CommandLine: sh -c /usr/bin/lsb_release -sr 2>/dev/null
	CurrentDirectory: /
	User: root
	LogonGuid: {76062d67-0000-0000-0000-000000000000}
	LogonId: 0
	TerminalSessionId: 4294967295
	IntegrityLevel: no level
	Hashes: -
	ParentProcessGuid: {76062d67-95f5-6532-29f7-3aa9aa550000}
	ParentProcessId: 5131
	ParentImage: /usr/bin/vmware-toolbox-cmd
	ParentCommandLine: vmware-toolbox-cmd
	ParentUser: root
Event SYSMONEVENT_CREATE_PROCESS
	RuleName: -
	UtcTime: 2023-10-20 15:00:06.122
	ProcessGuid: {76062d67-95f6-6532-7d4c-a2cd6a550000}
	ProcessId: 5146
	Image: /usr/usr/sbin/logrotate
	FileVersion: -
	Description: -
	Product: -
	Company: -
	OriginalFileName: -
	CommandLine: /usr/sbin/logrotate /etc/logrotate.conf
	CurrentDirectory: /
	User: root
	LogonGuid: {76062d67-0000-0000-0000-000000000000}
	LogonId: 0
	TerminalSessionId: 4294967295
	IntegrityLevel: no level
	Hashes: -
	ParentProcessGuid: {76062d67-9458-6532-dda0-ac474c560000}
	ParentProcessId: 1
	ParentImage: /usr/lib/systemd/systemd
	ParentCommandLine: /sbin/init splash
	ParentUser: root
Event SYSMONEVENT_CREATE_PROCESS
	RuleName: -
	UtcTime: 2023-10-20 15:00:06.243
	ProcessGuid: {76062d67-95f6-6532-b9ab-d3e791550000}
	ProcessId: 5198
	Image: /usr/bin/dash
	FileVersion: -
	Description: -
	Product: -
	Company: -
	OriginalFileName: -
	CommandLine: /bin/sh /usr/bin/lsb_release -sr
	CurrentDirectory: /
	User: root
	LogonGuid: {76062d67-0000-0000-0000-000000000000}
	LogonId: 0
	TerminalSessionId: 4294967295
	IntegrityLevel: no level
	Hashes: -
	ParentProcessGuid: {76062d67-95f6-6532-b91b-da5aa0550000}
	ParentProcessId: 5197
	ParentImage: /usr/bin/dash
	ParentCommandLine: sh
	ParentUser: root
Event SYSMONEVENT_CREATE_PROCESS
	RuleName: -
	UtcTime: 2023-10-20 15:00:06.245
	ProcessGuid: {76062d67-95f6-6532-3935-a1b24f560000}
	ProcessId: 5199
	Image: /usr/bin/getopt
	FileVersion: -
	Description: -
	Product: -
	Company: -
	OriginalFileName: -
	CommandLine: getopt --name lsb_release -o hvidrcas -l help,version,id,description,release,codename,all,short -- -sr
	CurrentDirectory: /
	User: root
	LogonGuid: {76062d67-0000-0000-0000-000000000000}
	LogonId: 0
	TerminalSessionId: 4294967295
	IntegrityLevel: no level
	Hashes: -
	ParentProcessGuid: {76062d67-95f6-6532-b9ab-d3e791550000}
	ParentProcessId: 5198
	ParentImage: /usr/bin/dash
	ParentCommandLine: /bin/sh
	ParentUser: root
Event SYSMONEVENT_PROCESS_TERMINATE
	RuleName: -
	UtcTime: 2023-10-20 15:00:06.247
	ProcessGuid: {76062d67-95f6-6532-3935-a1b24f560000}
	ProcessId: 5199
	Image: /usr/bin/getopt
	User: root
Event SYSMONEVENT_CREATE_PROCESS
	RuleName: -
	UtcTime: 2023-10-20 15:00:06.247
	ProcessGuid: {76062d67-95f6-6532-4de6-a42dbb550000}
	ProcessId: 5200
	Image: /usr/usr/bin/php8.2
	FileVersion: -
	Description: -
	Product: -
	Company: -
	OriginalFileName: -
	CommandLine: /usr/bin/php8.2 -c /etc/php/8.2/apache2/php.ini -d error_reporting='~E_ALL' -r foreach(ini_get_all("session") as $k => $v) echo "$k=".$v["local_value"]."\n";
	CurrentDirectory: /
	User: root
	LogonGuid: {76062d67-0000-0000-0000-000000000000}
	LogonId: 0
	TerminalSessionId: 4294967295
	IntegrityLevel: no level
	Hashes: -
	ParentProcessGuid: {00000000-0000-0000-0000-000000000000}
	ParentProcessId: 5149
	ParentImage: -
	ParentCommandLine: -
	ParentUser: -
Event SYSMONEVENT_PROCESS_TERMINATE
	RuleName: -
	UtcTime: 2023-10-20 15:00:06.253
	ProcessGuid: {76062d67-95f6-6532-0000-000000000000}
	ProcessId: 5202
	Image: -
	User: root
Event SYSMONEVENT_CREATE_PROCESS
	RuleName: -
	UtcTime: 2023-10-20 15:00:06.254
	ProcessGuid: {76062d67-95f6-6532-1909-9177ac550000}
	ProcessId: 5204
	Image: /usr/bin/tr
	FileVersion: -
	Description: -
	Product: -
	Company: -
	OriginalFileName: -
	CommandLine: tr [:lower:] [:upper:]
	CurrentDirectory: /
	User: root
	LogonGuid: {76062d67-0000-0000-0000-000000000000}
	LogonId: 0
	TerminalSessionId: 4294967295
	IntegrityLevel: no level
	Hashes: -
	ParentProcessGuid: {00000000-0000-0000-0000-000000000000}
	ParentProcessId: 5201
	ParentImage: -
	ParentCommandLine: -
	ParentUser: -
Event SYSMONEVENT_CREATE_PROCESS
	RuleName: -
	UtcTime: 2023-10-20 15:00:06.253
	ProcessGuid: {76062d67-95f6-6532-d908-28a565550000}
	ProcessId: 5203
	Image: /usr/bin/cut
	FileVersion: -
	Description: -
	Product: -
	Company: -
	OriginalFileName: -
	CommandLine: cut -c1
	CurrentDirectory: /
	User: root
	LogonGuid: {76062d67-0000-0000-0000-000000000000}
	LogonId: 0
	TerminalSessionId: 4294967295
	IntegrityLevel: no level
	Hashes: -
	ParentProcessGuid: {00000000-0000-0000-0000-000000000000}
	ParentProcessId: 5201
	ParentImage: -
	ParentCommandLine: -
	ParentUser: -
Event SYSMONEVENT_PROCESS_TERMINATE
	RuleName: -
	UtcTime: 2023-10-20 15:00:06.257
	ProcessGuid: {76062d67-95f6-6532-d908-28a565550000}
	ProcessId: 5203
	Image: /usr/bin/cut
	User: root
Event SYSMONEVENT_PROCESS_TERMINATE
	RuleName: -
	UtcTime: 2023-10-20 15:00:06.258
	ProcessGuid: {76062d67-95f6-6532-1909-9177ac550000}
	ProcessId: 5204
	Image: /usr/bin/tr
	User: root
Event SYSMONEVENT_PROCESS_TERMINATE
	RuleName: -
	UtcTime: 2023-10-20 15:00:06.258
	ProcessGuid: {00000000-0000-0000-0000-000000000000}
	ProcessId: 5201
	Image: <unknown process>
	User: -
Event SYSMONEVENT_PROCESS_TERMINATE
	RuleName: -
	UtcTime: 2023-10-20 15:00:06.259
	ProcessGuid: {76062d67-95f6-6532-0000-000000000000}
	ProcessId: 5206
	Image: -
	User: root
Event SYSMONEVENT_CREATE_PROCESS
	RuleName: -
	UtcTime: 2023-10-20 15:00:06.261
	ProcessGuid: {76062d67-95f6-6532-d9b8-5bb020560000}
	ProcessId: 5207
	Image: /usr/bin/cut
	FileVersion: -
	Description: -
	Product: -
	Company: -
	OriginalFileName: -
	CommandLine: cut -c2-
	CurrentDirectory: /
	User: root
	LogonGuid: {76062d67-0000-0000-0000-000000000000}
	LogonId: 0
	TerminalSessionId: 4294967295
	IntegrityLevel: no level
	Hashes: -
	ParentProcessGuid: {00000000-0000-0000-0000-000000000000}
	ParentProcessId: 5205
	ParentImage: -
	ParentCommandLine: -
	ParentUser: -
Event SYSMONEVENT_PROCESS_TERMINATE
	RuleName: -
	UtcTime: 2023-10-20 15:00:06.263
	ProcessGuid: {76062d67-95f6-6532-d9b8-5bb020560000}
	ProcessId: 5207
	Image: /usr/bin/cut
	User: root
Event SYSMONEVENT_PROCESS_TERMINATE
	RuleName: -
	UtcTime: 2023-10-20 15:00:06.263
	ProcessGuid: {00000000-0000-0000-0000-000000000000}
	ProcessId: 5205
	Image: <unknown process>
	User: -
Event SYSMONEVENT_PROCESS_TERMINATE
	RuleName: -
	UtcTime: 2023-10-20 15:00:06.264
	ProcessGuid: {76062d67-95f6-6532-0000-000000000000}
	ProcessId: 5209
	Image: -
	User: -
Event SYSMONEVENT_CREATE_PROCESS
	RuleName: -
	UtcTime: 2023-10-20 15:00:06.267
	ProcessGuid: {76062d67-95f6-6532-19d9-57ff59550000}
	ProcessId: 5210
	Image: /usr/bin/tr
	FileVersion: -
	Description: -
	Product: -
	Company: -
	OriginalFileName: -
	CommandLine: tr [:upper:] [:lower:]
	CurrentDirectory: /
	User: root
	LogonGuid: {76062d67-0000-0000-0000-000000000000}
	LogonId: 0
	TerminalSessionId: 4294967295
	IntegrityLevel: no level
	Hashes: -
	ParentProcessGuid: {00000000-0000-0000-0000-000000000000}
	ParentProcessId: 5208
	ParentImage: -
	ParentCommandLine: -
	ParentUser: -
Event SYSMONEVENT_PROCESS_TERMINATE
	RuleName: -
	UtcTime: 2023-10-20 15:00:06.270
	ProcessGuid: {76062d67-95f6-6532-19d9-57ff59550000}
	ProcessId: 5210
	Image: /usr/bin/tr
	User: root
Event SYSMONEVENT_PROCESS_TERMINATE
	RuleName: -
	UtcTime: 2023-10-20 15:00:06.271
	ProcessGuid: {00000000-0000-0000-0000-000000000000}
	ProcessId: 5208
	Image: <unknown process>
	User: root
Event SYSMONEVENT_PROCESS_TERMINATE
	RuleName: -
	UtcTime: 2023-10-20 15:00:06.273
	ProcessGuid: {76062d67-95f6-6532-79ed-41c762550000}
	ProcessId: 5179
	Image: /usr/bin/cp
	User: root
Event SYSMONEVENT_CREATE_PROCESS
	RuleName: -
	UtcTime: 2023-10-20 15:00:06.273
	ProcessGuid: {76062d67-95f6-6532-b99b-d7baff550000}
	ProcessId: 5211
	Image: /usr/bin/dash
	FileVersion: -
	Description: -
	Product: -
	Company: -
	OriginalFileName: -
	CommandLine: /bin/sh /usr/bin/savelog -c 7 dpkg.status
	CurrentDirectory: /var/backups
	User: root
	LogonGuid: {76062d67-0000-0000-0000-000000000000}
	LogonId: 0
	TerminalSessionId: 4294967295
	IntegrityLevel: no level
	Hashes: -
	ParentProcessGuid: {76062d67-95f5-6532-b9eb-8d1fae550000}
	ParentProcessId: 5127
	ParentImage: /usr/bin/dash
	ParentCommandLine: /bin/sh
	ParentUser: root
Event SYSMONEVENT_PROCESS_TERMINATE
	RuleName: -
	UtcTime: 2023-10-20 15:00:06.273
	ProcessGuid: {76062d67-95f6-6532-0000-000000000000}
	ProcessId: 5213
	Image: -
	User: root
Event SYSMONEVENT_CREATE_PROCESS
	RuleName: -
	UtcTime: 2023-10-20 15:00:06.274
	ProcessGuid: {76062d67-95f6-6532-1939-aa0e21560000}
	ProcessId: 5214
	Image: /usr/bin/tr
	FileVersion: -
	Description: -
	Product: -
	Company: -
	OriginalFileName: -
	CommandLine: tr [:upper:] [:lower:]
	CurrentDirectory: /
	User: root
	LogonGuid: {76062d67-0000-0000-0000-000000000000}
	LogonId: 0
	TerminalSessionId: 4294967295
	IntegrityLevel: no level
	Hashes: -
	ParentProcessGuid: {00000000-0000-0000-0000-000000000000}
	ParentProcessId: 5212
	ParentImage: -
	ParentCommandLine: -
	ParentUser: -
Event SYSMONEVENT_CREATE_PROCESS
	RuleName: -
	UtcTime: 2023-10-20 15:00:06.275
	ProcessGuid: {76062d67-95f6-6532-4921-b62629560000}
	ProcessId: 5215
	Image: /usr/bin/date
	FileVersion: -
	Description: -
	Product: -
	Company: -
	OriginalFileName: -
	CommandLine: date +%Y%m%d%H%M%S
	CurrentDirectory: /var/backups
	User: root
	LogonGuid: {76062d67-0000-0000-0000-000000000000}
	LogonId: 0
	TerminalSessionId: 4294967295
	IntegrityLevel: no level
	Hashes: -
	ParentProcessGuid: {76062d67-95f6-6532-b99b-d7baff550000}
	ParentProcessId: 5211
	ParentImage: /usr/bin/dash
	ParentCommandLine: /bin/sh
	ParentUser: root
Event SYSMONEVENT_PROCESS_TERMINATE
	RuleName: -
	UtcTime: 2023-10-20 15:00:06.277
	ProcessGuid: {76062d67-95f6-6532-1939-aa0e21560000}
	ProcessId: 5214
	Image: /usr/bin/tr
	User: root
Event SYSMONEVENT_PROCESS_TERMINATE
	RuleName: -
	UtcTime: 2023-10-20 15:00:06.278
	ProcessGuid: {76062d67-95f6-6532-0000-000000000000}
	ProcessId: 5212
	Image: -
	User: root
Event SYSMONEVENT_PROCESS_TERMINATE
	RuleName: -
	UtcTime: 2023-10-20 15:00:06.278
	ProcessGuid: {76062d67-95f6-6532-4921-b62629560000}
	ProcessId: 5215
	Image: /usr/bin/date
	User: root
Event SYSMONEVENT_PROCESS_TERMINATE
	RuleName: -
	UtcTime: 2023-10-20 15:00:06.278
	ProcessGuid: {76062d67-95f6-6532-b9ab-d3e791550000}
	ProcessId: 5198
	Image: /usr/bin/dash
	User: root
Event SYSMONEVENT_PROCESS_TERMINATE
	RuleName: -
	UtcTime: 2023-10-20 15:00:06.279
	ProcessGuid: {76062d67-95f6-6532-b91b-da5aa0550000}
	ProcessId: 5197
	Image: /usr/bin/dash
	User: -
Event SYSMONEVENT_PROCESS_TERMINATE
	RuleName: -
	UtcTime: 2023-10-20 15:00:06.280
	ProcessGuid: {76062d67-95f6-6532-3951-e4ad49560000}
	ProcessId: 5216
	Image: /usr/bin/basename
	User: root
Event SYSMONEVENT_PROCESS_TERMINATE
	RuleName: -
	UtcTime: 2023-10-20 15:00:06.280
	ProcessGuid: {76062d67-95f6-6532-0000-000000000000}
	ProcessId: 5217
	Image: -
	User: root
Event SYSMONEVENT_CREATE_PROCESS
	RuleName: -
	UtcTime: 2023-10-20 15:00:06.281
	ProcessGuid: {76062d67-95f6-6532-59a0-21f711560000}
	ProcessId: 5218
	Image: /usr/bin/dirname
	FileVersion: -
	Description: -
	Product: -
	Company: -
	OriginalFileName: -
	CommandLine: dirname -- dpkg.status
	CurrentDirectory: /var/backups
	User: root
	LogonGuid: {76062d67-0000-0000-0000-000000000000}
	LogonId: 0
	TerminalSessionId: 4294967295
	IntegrityLevel: no level
	Hashes: -
	ParentProcessGuid: {76062d67-95f6-6532-b99b-d7baff550000}
	ParentProcessId: 5211
	ParentImage: /usr/bin/dash
	ParentCommandLine: /bin/sh
	ParentUser: root
Event SYSMONEVENT_PROCESS_TERMINATE
	RuleName: -
	UtcTime: 2023-10-20 15:00:06.284
	ProcessGuid: {76062d67-95f6-6532-59a0-21f711560000}
	ProcessId: 5218
	Image: /usr/bin/dirname
	User: root
Event SYSMONEVENT_PROCESS_TERMINATE
	RuleName: -
	UtcTime: 2023-10-20 15:00:06.284
	ProcessGuid: {76062d67-95f5-6532-29f7-3aa9aa550000}
	ProcessId: 5131
	Image: /usr/bin/vmware-toolbox-cmd
	User: root
Event SYSMONEVENT_PROCESS_TERMINATE
	RuleName: -
	UtcTime: 2023-10-20 15:00:06.285
	ProcessGuid: {76062d67-95f5-6532-1949-6bd226560000}
	ProcessId: 5132
	Image: /usr/bin/sed
	User: root
Event SYSMONEVENT_PROCESS_TERMINATE
	RuleName: -
	UtcTime: 2023-10-20 15:00:06.285
	ProcessGuid: {00000000-0000-0000-0000-000000000000}
	ProcessId: 5129
	Image: <unknown process>
	User: root
Event SYSMONEVENT_CREATE_PROCESS
	RuleName: -
	UtcTime: 2023-10-20 15:00:06.286
	ProcessGuid: {76062d67-95f6-6532-29b7-1fabd6550000}
	ProcessId: 5220
	Image: /usr/bin/vmware-toolbox-cmd
	FileVersion: -
	Description: -
	Product: -
	Company: -
	OriginalFileName: -
	CommandLine: vmware-toolbox-cmd config get logging network.maxOldLogFiles
	CurrentDirectory: /
	User: root
	LogonGuid: {76062d67-0000-0000-0000-000000000000}
	LogonId: 0
	TerminalSessionId: 4294967295
	IntegrityLevel: no level
	Hashes: -
	ParentProcessGuid: {00000000-0000-0000-0000-000000000000}
	ParentProcessId: 5219
	ParentImage: -
	ParentCommandLine: -
	ParentUser: -
Event SYSMONEVENT_CREATE_PROCESS
	RuleName: -
	UtcTime: 2023-10-20 15:00:06.287
	ProcessGuid: {76062d67-95f6-6532-1979-3d331e560000}
	ProcessId: 5221
	Image: /usr/bin/sed
	FileVersion: -
	Description: -
	Product: -
	Company: -
	OriginalFileName: -
	CommandLine: sed -e s/.*= *// -e s/ *$//
	CurrentDirectory: /
	User: root
	LogonGuid: {76062d67-0000-0000-0000-000000000000}
	LogonId: 0
	TerminalSessionId: 4294967295
	IntegrityLevel: no level
	Hashes: -
	ParentProcessGuid: {00000000-0000-0000-0000-000000000000}
	ParentProcessId: 5219
	ParentImage: -
	ParentCommandLine: -
	ParentUser: -
Event SYSMONEVENT_PROCESS_TERMINATE
	RuleName: -
	UtcTime: 2023-10-20 15:00:06.289
	ProcessGuid: {76062d67-95f6-6532-39b1-daf57d550000}
	ProcessId: 5222
	Image: /usr/bin/basename
	User: root
Event SYSMONEVENT_CREATE_PROCESS
	RuleName: -
	UtcTime: 2023-10-20 15:00:06.290
	ProcessGuid: {76062d67-95f6-6532-19ea-a4b316560000}
	ProcessId: 5223
	Image: /usr/bin/rm
	FileVersion: -
	Description: -
	Product: -
	Company: -
	OriginalFileName: -
	CommandLine: rm -f -- .//dpkg.status.6 .//dpkg.status.6.gz
	CurrentDirectory: /var/backups
	User: root
	LogonGuid: {76062d67-0000-0000-0000-000000000000}
	LogonId: 0
	TerminalSessionId: 4294967295
	IntegrityLevel: no level
	Hashes: -
	ParentProcessGuid: {76062d67-95f6-6532-b99b-d7baff550000}
	ParentProcessId: 5211
	ParentImage: /usr/bin/dash
	ParentCommandLine: /bin/sh
	ParentUser: root
Event SYSMONEVENT_PROCESS_TERMINATE
	RuleName: -
	UtcTime: 2023-10-20 15:00:06.291
	ProcessGuid: {76062d67-95f6-6532-19ea-a4b316560000}
	ProcessId: 5223
	Image: /usr/bin/rm
	User: root
Event SYSMONEVENT_CREATE_PROCESS
	RuleName: -
	UtcTime: 2023-10-20 15:00:06.293
	ProcessGuid: {76062d67-95f6-6532-493d-73233d560000}
	ProcessId: 5225
	Image: /usr/bin/mv
	FileVersion: -
	Description: -
	Product: -
	Company: -
	OriginalFileName: -
	CommandLine: mv -f -- .//dpkg.status.4.gz .//dpkg.status.5.gz
	CurrentDirectory: /var/backups
	User: root
	LogonGuid: {76062d67-0000-0000-0000-000000000000}
	LogonId: 0
	TerminalSessionId: 4294967295
	IntegrityLevel: no level
	Hashes: -
	ParentProcessGuid: {76062d67-95f6-6532-b99b-d7baff550000}
	ParentProcessId: 5211
	ParentImage: /usr/bin/dash
	ParentCommandLine: /bin/sh
	ParentUser: root
Event SYSMONEVENT_CREATE_PROCESS
	RuleName: -
	UtcTime: 2023-10-20 15:00:06.293
	ProcessGuid: {76062d67-95f6-6532-b97b-2f2c76550000}
	ProcessId: 5226
	Image: /usr/bin/dash
	FileVersion: -
	Description: -
	Product: -
	Company: -
	OriginalFileName: -
	CommandLine: sh -c /usr/bin/lsb_release -sd 2>/dev/null
	CurrentDirectory: /
	User: root
	LogonGuid: {76062d67-0000-0000-0000-000000000000}
	LogonId: 0
	TerminalSessionId: 4294967295
	IntegrityLevel: no level
	Hashes: -
	ParentProcessGuid: {76062d67-95f6-6532-29b7-1fabd6550000}
	ParentProcessId: 5220
	ParentImage: /usr/bin/vmware-toolbox-cmd
	ParentCommandLine: vmware-toolbox-cmd
	ParentUser: root
Event SYSMONEVENT_PROCESS_TERMINATE
	RuleName: -
	UtcTime: 2023-10-20 15:00:06.294
	ProcessGuid: {76062d67-95f6-6532-493d-73233d560000}
	ProcessId: 5225
	Image: /usr/bin/mv
	User: root
Event SYSMONEVENT_CREATE_PROCESS
	RuleName: -
	UtcTime: 2023-10-20 15:00:06.295
	ProcessGuid: {76062d67-95f6-6532-b99b-8e3843560000}
	ProcessId: 5227
	Image: /usr/bin/dash
	FileVersion: -
	Description: -
	Product: -
	Company: -
	OriginalFileName: -
	CommandLine: /bin/sh /usr/bin/lsb_release -sd
	CurrentDirectory: /
	User: root
	LogonGuid: {76062d67-0000-0000-0000-000000000000}
	LogonId: 0
	TerminalSessionId: 4294967295
	IntegrityLevel: no level
	Hashes: -
	ParentProcessGuid: {76062d67-95f6-6532-b97b-2f2c76550000}
	ParentProcessId: 5226
	ParentImage: /usr/bin/dash
	ParentCommandLine: sh
	ParentUser: root
Event SYSMONEVENT_CREATE_PROCESS
	RuleName: -
	UtcTime: 2023-10-20 15:00:06.295
	ProcessGuid: {76062d67-95f6-6532-493d-9281a2550000}
	ProcessId: 5228
	Image: /usr/bin/mv
	FileVersion: -
	Description: -
	Product: -
	Company: -
	OriginalFileName: -
	CommandLine: mv -f -- .//dpkg.status.3.gz .//dpkg.status.4.gz
	CurrentDirectory: /var/backups
	User: root
	LogonGuid: {76062d67-0000-0000-0000-000000000000}
	LogonId: 0
	TerminalSessionId: 4294967295
	IntegrityLevel: no level
	Hashes: -
	ParentProcessGuid: {76062d67-95f6-6532-b99b-d7baff550000}
	ParentProcessId: 5211
	ParentImage: /usr/bin/dash
	ParentCommandLine: /bin/sh
	ParentUser: root
Event SYSMONEVENT_CREATE_PROCESS
	RuleName: -
	UtcTime: 2023-10-20 15:00:06.297
	ProcessGuid: {76062d67-95f6-6532-39c5-5a71ee550000}
	ProcessId: 5229
	Image: /usr/bin/getopt
	FileVersion: -
	Description: -
	Product: -
	Company: -
	OriginalFileName: -
	CommandLine: getopt --name lsb_release -o hvidrcas -l help,version,id,description,release,codename,all,short -- -sd
	CurrentDirectory: /
	User: root
	LogonGuid: {76062d67-0000-0000-0000-000000000000}
	LogonId: 0
	TerminalSessionId: 4294967295
	IntegrityLevel: no level
	Hashes: -
	ParentProcessGuid: {76062d67-95f6-6532-b99b-8e3843560000}
	ParentProcessId: 5227
	ParentImage: /usr/bin/dash
	ParentCommandLine: /bin/sh
	ParentUser: root
Event SYSMONEVENT_PROCESS_TERMINATE
	RuleName: -
	UtcTime: 2023-10-20 15:00:06.300
	ProcessGuid: {76062d67-95f6-6532-39c5-5a71ee550000}
	ProcessId: 5229
	Image: /usr/bin/getopt
	User: root
Event SYSMONEVENT_PROCESS_TERMINATE
	RuleName: -
	UtcTime: 2023-10-20 15:00:06.301
	ProcessGuid: {76062d67-95f6-6532-493d-9281a2550000}
	ProcessId: 5228
	Image: /usr/bin/mv
	User: root
Event SYSMONEVENT_CREATE_PROCESS
	RuleName: -
	UtcTime: 2023-10-20 15:00:06.302
	ProcessGuid: {76062d67-95f6-6532-49ad-f62391550000}
	ProcessId: 5231
	Image: /usr/bin/mv
	FileVersion: -
	Description: -
	Product: -
	Company: -
	OriginalFileName: -
	CommandLine: mv -f -- .//dpkg.status.2.gz .//dpkg.status.3.gz
	CurrentDirectory: /var/backups
	User: root
	LogonGuid: {76062d67-0000-0000-0000-000000000000}
	LogonId: 0
	TerminalSessionId: 4294967295
	IntegrityLevel: no level
	Hashes: -
	ParentProcessGuid: {76062d67-95f6-6532-b99b-d7baff550000}
	ParentProcessId: 5211
	ParentImage: /usr/bin/dash
	ParentCommandLine: /bin/sh
	ParentUser: root
Event SYSMONEVENT_PROCESS_TERMINATE
	RuleName: -
	UtcTime: 2023-10-20 15:00:06.303
	ProcessGuid: {76062d67-95f6-6532-0000-000000000000}
	ProcessId: 5232
	Image: -
	User: -
Event SYSMONEVENT_PROCESS_TERMINATE
	RuleName: -
	UtcTime: 2023-10-20 15:00:06.304
	ProcessGuid: {76062d67-95f6-6532-49ad-f62391550000}
	ProcessId: 5231
	Image: /usr/bin/mv
	User: root
Event SYSMONEVENT_CREATE_PROCESS
	RuleName: -
	UtcTime: 2023-10-20 15:00:06.305
	ProcessGuid: {76062d67-95f6-6532-498d-072cf9550000}
	ProcessId: 5234
	Image: /usr/bin/mv
	FileVersion: -
	Description: -
	Product: -
	Company: -
	OriginalFileName: -
	CommandLine: mv -f -- .//dpkg.status.1.gz .//dpkg.status.2.gz
	CurrentDirectory: /var/backups
	User: root
	LogonGuid: {76062d67-0000-0000-0000-000000000000}
	LogonId: 0
	TerminalSessionId: 4294967295
	IntegrityLevel: no level
	Hashes: -
	ParentProcessGuid: {76062d67-95f6-6532-b99b-d7baff550000}
	ParentProcessId: 5211
	ParentImage: /usr/bin/dash
	ParentCommandLine: /bin/sh
	ParentUser: root
Event SYSMONEVENT_CREATE_PROCESS
	RuleName: -
	UtcTime: 2023-10-20 15:00:06.304
	ProcessGuid: {76062d67-95f6-6532-d9f8-e8b538560000}
	ProcessId: 5233
	Image: /usr/bin/cut
	FileVersion: -
	Description: -
	Product: -
	Company: -
	OriginalFileName: -
	CommandLine: cut -c1
	CurrentDirectory: /
	User: root
	LogonGuid: {76062d67-0000-0000-0000-000000000000}
	LogonId: 0
	TerminalSessionId: 4294967295
	IntegrityLevel: no level
	Hashes: -
	ParentProcessGuid: {00000000-0000-0000-0000-000000000000}
	ParentProcessId: 5230
	ParentImage: -
	ParentCommandLine: -
	ParentUser: -
Event SYSMONEVENT_PROCESS_TERMINATE
	RuleName: -
	UtcTime: 2023-10-20 15:00:06.306
	ProcessGuid: {76062d67-95f6-6532-d9f8-e8b538560000}
	ProcessId: 5233
	Image: /usr/bin/cut
	User: root
Event SYSMONEVENT_PROCESS_TERMINATE
	RuleName: -
	UtcTime: 2023-10-20 15:00:06.306
	ProcessGuid: {76062d67-95f6-6532-498d-072cf9550000}
	ProcessId: 5234
	Image: /usr/bin/mv
	User: root
Event SYSMONEVENT_CREATE_PROCESS
	RuleName: -
	UtcTime: 2023-10-20 15:00:06.307
	ProcessGuid: {76062d67-95f6-6532-7de6-50d220560000}
	ProcessId: 5235
	Image: /usr/bin/gzip
	FileVersion: -
	Description: -
	Product: -
	Company: -
	OriginalFileName: -
	CommandLine: gzip -f -9 .//dpkg.status.0
	CurrentDirectory: /var/backups
	User: root
	LogonGuid: {76062d67-0000-0000-0000-000000000000}
	LogonId: 0
	TerminalSessionId: 4294967295
	IntegrityLevel: no level
	Hashes: -
	ParentProcessGuid: {76062d67-95f6-6532-b99b-d7baff550000}
	ParentProcessId: 5211
	ParentImage: /usr/bin/dash
	ParentCommandLine: /bin/sh
	ParentUser: root
Event SYSMONEVENT_CREATE_PROCESS
	RuleName: -
	UtcTime: 2023-10-20 15:00:06.308
	ProcessGuid: {76062d67-95f6-6532-19e9-238bba550000}
	ProcessId: 5236
	Image: /usr/bin/tr
	FileVersion: -
	Description: -
	Product: -
	Company: -
	OriginalFileName: -
	CommandLine: tr [:lower:] [:upper:]
	CurrentDirectory: /
	User: root
	LogonGuid: {76062d67-0000-0000-0000-000000000000}
	LogonId: 0
	TerminalSessionId: 4294967295
	IntegrityLevel: no level
	Hashes: -
	ParentProcessGuid: {00000000-0000-0000-0000-000000000000}
	ParentProcessId: 5230
	ParentImage: -
	ParentCommandLine: -
	ParentUser: -
Event SYSMONEVENT_PROCESS_TERMINATE
	RuleName: -
	UtcTime: 2023-10-20 15:00:06.310
	ProcessGuid: {76062d67-95f6-6532-19e9-238bba550000}
	ProcessId: 5236
	Image: /usr/bin/tr
	User: root
Event SYSMONEVENT_PROCESS_TERMINATE
	RuleName: -
	UtcTime: 2023-10-20 15:00:06.310
	ProcessGuid: {00000000-0000-0000-0000-000000000000}
	ProcessId: 5230
	Image: <unknown process>
	User: root
Event SYSMONEVENT_PROCESS_TERMINATE
	RuleName: -
	UtcTime: 2023-10-20 15:00:06.312
	ProcessGuid: {76062d67-95f6-6532-0000-000000000000}
	ProcessId: 5238
	Image: -
	User: root
Event SYSMONEVENT_CREATE_PROCESS
	RuleName: -
	UtcTime: 2023-10-20 15:00:06.313
	ProcessGuid: {76062d67-95f6-6532-7d36-582051560000}
	ProcessId: 5239
	Image: /usr/usr/bin/gzip
	FileVersion: -
	Description: -
	Product: -
	Company: -
	OriginalFileName: -
	CommandLine: /bin/gzip
	CurrentDirectory: /
	User: root
	LogonGuid: {76062d67-0000-0000-0000-000000000000}
	LogonId: 0
	TerminalSessionId: 4294967295
	IntegrityLevel: no level
	Hashes: -
	ParentProcessGuid: {76062d67-95f6-6532-7d4c-a2cd6a550000}
	ParentProcessId: 5146
	ParentImage: /usr/usr/sbin/logrotate
	ParentCommandLine: /usr/sbin/logrotate
	ParentUser: root
Event SYSMONEVENT_CREATE_PROCESS
	RuleName: -
	UtcTime: 2023-10-20 15:00:06.314
	ProcessGuid: {76062d67-95f6-6532-d968-c467dd550000}
	ProcessId: 5240
	Image: /usr/bin/cut
	FileVersion: -
	Description: -
	Product: -
	Company: -
	OriginalFileName: -
	CommandLine: cut -c2-
	CurrentDirectory: /
	User: root
	LogonGuid: {76062d67-0000-0000-0000-000000000000}
	LogonId: 0
	TerminalSessionId: 4294967295
	IntegrityLevel: no level
	Hashes: -
	ParentProcessGuid: {00000000-0000-0000-0000-000000000000}
	ParentProcessId: 5237
	ParentImage: -
	ParentCommandLine: -
	ParentUser: -
Event SYSMONEVENT_PROCESS_TERMINATE
	RuleName: -
	UtcTime: 2023-10-20 15:00:06.316
	ProcessGuid: {76062d67-95f6-6532-7d36-582051560000}
	ProcessId: 5239
	Image: /usr/usr/bin/gzip
	User: root
Event SYSMONEVENT_PROCESS_TERMINATE
	RuleName: -
	UtcTime: 2023-10-20 15:00:06.318
	ProcessGuid: {76062d67-95f6-6532-d968-c467dd550000}
	ProcessId: 5240
	Image: /usr/bin/cut
	User: root
Event SYSMONEVENT_PROCESS_TERMINATE
	RuleName: -
	UtcTime: 2023-10-20 15:00:06.319
	ProcessGuid: {00000000-0000-0000-0000-000000000000}
	ProcessId: 5237
	Image: <unknown process>
	User: root
Event SYSMONEVENT_PROCESS_TERMINATE
	RuleName: -
	UtcTime: 2023-10-20 15:00:06.319
	ProcessGuid: {00000000-0000-0000-0000-000000000000}
	ProcessId: 5242
	Image: <unknown process>
	User: root
Event SYSMONEVENT_CREATE_PROCESS
	RuleName: -
	UtcTime: 2023-10-20 15:00:06.319
	ProcessGuid: {76062d67-95f6-6532-1969-e5cddc550000}
	ProcessId: 5243
	Image: /usr/bin/tr
	FileVersion: -
	Description: -
	Product: -
	Company: -
	OriginalFileName: -
	CommandLine: tr [:upper:] [:lower:]
	CurrentDirectory: /
	User: root
	LogonGuid: {76062d67-0000-0000-0000-000000000000}
	LogonId: 0
	TerminalSessionId: 4294967295
	IntegrityLevel: no level
	Hashes: -
	ParentProcessGuid: {00000000-0000-0000-0000-000000000000}
	ParentProcessId: 5241
	ParentImage: -
	ParentCommandLine: -
	ParentUser: -
Event SYSMONEVENT_PROCESS_TERMINATE
	RuleName: -
	UtcTime: 2023-10-20 15:00:06.322
	ProcessGuid: {76062d67-95f6-6532-1969-e5cddc550000}
	ProcessId: 5243
	Image: /usr/bin/tr
	User: root
Event SYSMONEVENT_PROCESS_TERMINATE
	RuleName: -
	UtcTime: 2023-10-20 15:00:06.322
	ProcessGuid: {00000000-0000-0000-0000-000000000000}
	ProcessId: 5241
	Image: <unknown process>
	User: root
Event SYSMONEVENT_PROCESS_TERMINATE
	RuleName: -
	UtcTime: 2023-10-20 15:00:06.322
	ProcessGuid: {76062d67-95f6-6532-0000-000000000000}
	ProcessId: 5245
	Image: -
	User: root
Event SYSMONEVENT_CREATE_PROCESS
	RuleName: -
	UtcTime: 2023-10-20 15:00:06.323
	ProcessGuid: {76062d67-95f6-6532-1929-c5c29a550000}
	ProcessId: 5246
	Image: /usr/bin/tr
	FileVersion: -
	Description: -
	Product: -
	Company: -
	OriginalFileName: -
	CommandLine: tr [:upper:] [:lower:]
	CurrentDirectory: /
	User: root
	LogonGuid: {76062d67-0000-0000-0000-000000000000}
	LogonId: 0
	TerminalSessionId: 4294967295
	IntegrityLevel: no level
	Hashes: -
	ParentProcessGuid: {00000000-0000-0000-0000-000000000000}
	ParentProcessId: 5244
	ParentImage: -
	ParentCommandLine: -
	ParentUser: -
Event SYSMONEVENT_PROCESS_TERMINATE
	RuleName: -
	UtcTime: 2023-10-20 15:00:06.325
	ProcessGuid: {76062d67-95f6-6532-1929-c5c29a550000}
	ProcessId: 5246
	Image: /usr/bin/tr
	User: root
Event SYSMONEVENT_PROCESS_TERMINATE
	RuleName: -
	UtcTime: 2023-10-20 15:00:06.325
	ProcessGuid: {76062d67-95f6-6532-0000-000000000000}
	ProcessId: 5244
	Image: -
	User: root
Event SYSMONEVENT_PROCESS_TERMINATE
	RuleName: -
	UtcTime: 2023-10-20 15:00:06.326
	ProcessGuid: {76062d67-95f6-6532-b99b-8e3843560000}
	ProcessId: 5227
	Image: /usr/bin/dash
	User: root
Event SYSMONEVENT_PROCESS_TERMINATE
	RuleName: -
	UtcTime: 2023-10-20 15:00:06.326
	ProcessGuid: {76062d67-95f6-6532-b97b-2f2c76550000}
	ProcessId: 5226
	Image: /usr/bin/dash
	User: root
Event SYSMONEVENT_CREATE_PROCESS
	RuleName: -
	UtcTime: 2023-10-20 15:00:06.326
	ProcessGuid: {76062d67-95f6-6532-b96b-528123560000}
	ProcessId: 5247
	Image: /usr/bin/dash
	FileVersion: -
	Description: -
	Product: -
	Company: -
	OriginalFileName: -
	CommandLine: sh -c /usr/bin/lsb_release -si 2>/dev/null
	CurrentDirectory: /
	User: root
	LogonGuid: {76062d67-0000-0000-0000-000000000000}
	LogonId: 0
	TerminalSessionId: 4294967295
	IntegrityLevel: no level
	Hashes: -
	ParentProcessGuid: {76062d67-95f6-6532-29b7-1fabd6550000}
	ParentProcessId: 5220
	ParentImage: /usr/bin/vmware-toolbox-cmd
	ParentCommandLine: vmware-toolbox-cmd
	ParentUser: root
Event SYSMONEVENT_FILE_DELETE
	RuleName: -
	UtcTime: 2023-10-20 15:00:06.328
	ProcessGuid: {76062d67-95f6-6532-7d4c-a2cd6a550000}
	ProcessId: 5146
	User: -
	Image: /usr/usr/sbin/logrotate
	TargetFilename: /var/log/apt/term.log.1
	Hashes: -
	IsExecutable: -
	Archived: -
Event SYSMONEVENT_CREATE_PROCESS
	RuleName: -
	UtcTime: 2023-10-20 15:00:06.328
	ProcessGuid: {76062d67-95f6-6532-b9cb-96008c550000}
	ProcessId: 5248
	Image: /usr/bin/dash
	FileVersion: -
	Description: -
	Product: -
	Company: -
	OriginalFileName: -
	CommandLine: /bin/sh /usr/bin/lsb_release -si
	CurrentDirectory: /
	User: root
	LogonGuid: {76062d67-0000-0000-0000-000000000000}
	LogonId: 0
	TerminalSessionId: 4294967295
	IntegrityLevel: no level
	Hashes: -
	ParentProcessGuid: {76062d67-95f6-6532-b96b-528123560000}
	ParentProcessId: 5247
	ParentImage: /usr/bin/dash
	ParentCommandLine: sh
	ParentUser: root
Event SYSMONEVENT_CREATE_PROCESS
	RuleName: -
	UtcTime: 2023-10-20 15:00:06.329
	ProcessGuid: {76062d67-95f6-6532-7dd6-e494c7550000}
	ProcessId: 5249
	Image: /usr/usr/bin/gzip
	FileVersion: -
	Description: -
	Product: -
	Company: -
	OriginalFileName: -
	CommandLine: /bin/gzip
	CurrentDirectory: /
	User: root
	LogonGuid: {76062d67-0000-0000-0000-000000000000}
	LogonId: 0
	TerminalSessionId: 4294967295
	IntegrityLevel: no level
	Hashes: -
	ParentProcessGuid: {76062d67-95f6-6532-7d4c-a2cd6a550000}
	ParentProcessId: 5146
	ParentImage: /usr/usr/sbin/logrotate
	ParentCommandLine: /usr/sbin/logrotate
	ParentUser: root
Event SYSMONEVENT_PROCESS_TERMINATE
	RuleName: -
	UtcTime: 2023-10-20 15:00:06.333
	ProcessGuid: {76062d67-95f6-6532-7dd6-e494c7550000}
	ProcessId: 5249
	Image: /usr/usr/bin/gzip
	User: root
Event SYSMONEVENT_FILE_DELETE
	RuleName: -
	UtcTime: 2023-10-20 15:00:06.334
	ProcessGuid: {76062d67-945b-6532-d51e-1372ab550000}
	ProcessId: 450
	User: -
	Image: /usr/bin/udevadm
	TargetFilename: /run/udev/queue
	Hashes: -
	IsExecutable: -
	Archived: -
Event SYSMONEVENT_CREATE_PROCESS
	RuleName: -
	UtcTime: 2023-10-20 15:00:06.334
	ProcessGuid: {76062d67-95f6-6532-3925-8d9bae550000}
	ProcessId: 5250
	Image: /usr/bin/getopt
	FileVersion: -
	Description: -
	Product: -
	Company: -
	OriginalFileName: -
	CommandLine: getopt --name lsb_release -o hvidrcas -l help,version,id,description,release,codename,all,short -- -si
	CurrentDirectory: /
	User: root
	LogonGuid: {76062d67-0000-0000-0000-000000000000}
	LogonId: 0
	TerminalSessionId: 4294967295
	IntegrityLevel: no level
	Hashes: -
	ParentProcessGuid: {76062d67-95f6-6532-b9cb-96008c550000}
	ParentProcessId: 5248
	ParentImage: /usr/bin/dash
	ParentCommandLine: /bin/sh
	ParentUser: root
Event SYSMONEVENT_PROCESS_TERMINATE
	RuleName: -
	UtcTime: 2023-10-20 15:00:06.336
	ProcessGuid: {76062d67-95f6-6532-3925-8d9bae550000}
	ProcessId: 5250
	Image: /usr/bin/getopt
	User: root
Event SYSMONEVENT_PROCESS_TERMINATE
	RuleName: -
	UtcTime: 2023-10-20 15:00:06.337
	ProcessGuid: {76062d67-95f6-6532-0000-000000000000}
	ProcessId: 5252
	Image: -
	User: -
Event SYSMONEVENT_FILE_DELETE
	RuleName: -
	UtcTime: 2023-10-20 15:00:06.337
	ProcessGuid: {76062d67-95f6-6532-7d4c-a2cd6a550000}
	ProcessId: 5146
	User: -
	Image: /usr/usr/sbin/logrotate
	TargetFilename: /var/log/apt/history.log.1
	Hashes: -
	IsExecutable: -
	Archived: -
Event SYSMONEVENT_CREATE_PROCESS
	RuleName: -
	UtcTime: 2023-10-20 15:00:06.337
	ProcessGuid: {76062d67-95f6-6532-d9d8-f28507560000}
	ProcessId: 5253
	Image: /usr/bin/cut
	FileVersion: -
	Description: -
	Product: -
	Company: -
	OriginalFileName: -
	CommandLine: cut -c1
	CurrentDirectory: /
	User: root
	LogonGuid: {76062d67-0000-0000-0000-000000000000}
	LogonId: 0
	TerminalSessionId: 4294967295
	IntegrityLevel: no level
	Hashes: -
	ParentProcessGuid: {00000000-0000-0000-0000-000000000000}
	ParentProcessId: 5251
	ParentImage: -
	ParentCommandLine: -
	ParentUser: -
Event SYSMONEVENT_CREATE_PROCESS
	RuleName: -
	UtcTime: 2023-10-20 15:00:06.341
	ProcessGuid: {76062d67-95f6-6532-1959-3f2469550000}
	ProcessId: 5254
	Image: /usr/bin/tr
	FileVersion: -
	Description: -
	Product: -
	Company: -
	OriginalFileName: -
	CommandLine: tr [:lower:] [:upper:]
	CurrentDirectory: /
	User: root
	LogonGuid: {76062d67-0000-0000-0000-000000000000}
	LogonId: 0
	TerminalSessionId: 4294967295
	IntegrityLevel: no level
	Hashes: -
	ParentProcessGuid: {00000000-0000-0000-0000-000000000000}
	ParentProcessId: 5251
	ParentImage: -
	ParentCommandLine: -
	ParentUser: -
Event SYSMONEVENT_PROCESS_TERMINATE
	RuleName: -
	UtcTime: 2023-10-20 15:00:06.342
	ProcessGuid: {76062d67-95f6-6532-d9d8-f28507560000}
	ProcessId: 5253
	Image: /usr/bin/cut
	User: root
Event SYSMONEVENT_PROCESS_TERMINATE
	RuleName: -
	UtcTime: 2023-10-20 15:00:06.342
	ProcessGuid: {76062d67-95f6-6532-1959-3f2469550000}
	ProcessId: 5254
	Image: /usr/bin/tr
	User: root
Event SYSMONEVENT_PROCESS_TERMINATE
	RuleName: -
	UtcTime: 2023-10-20 15:00:06.343
	ProcessGuid: {76062d67-95f6-6532-0000-000000000000}
	ProcessId: 5251
	Image: -
	User: root
Event SYSMONEVENT_PROCESS_TERMINATE
	RuleName: -
	UtcTime: 2023-10-20 15:00:06.345
	ProcessGuid: {00000000-0000-0000-0000-000000000000}
	ProcessId: 5256
	Image: <unknown process>
	User: root
Event SYSMONEVENT_CREATE_PROCESS
	RuleName: -
	UtcTime: 2023-10-20 15:00:06.345
	ProcessGuid: {76062d67-95f6-6532-d968-4d24da550000}
	ProcessId: 5257
	Image: /usr/bin/cut
	FileVersion: -
	Description: -
	Product: -
	Company: -
	OriginalFileName: -
	CommandLine: cut -c2-
	CurrentDirectory: /
	User: root
	LogonGuid: {76062d67-0000-0000-0000-000000000000}
	LogonId: 0
	TerminalSessionId: 4294967295
	IntegrityLevel: no level
	Hashes: -
	ParentProcessGuid: {00000000-0000-0000-0000-000000000000}
	ParentProcessId: 5255
	ParentImage: -
	ParentCommandLine: -
	ParentUser: -
Event SYSMONEVENT_PROCESS_TERMINATE
	RuleName: -
	UtcTime: 2023-10-20 15:00:06.349
	ProcessGuid: {76062d67-95f6-6532-d968-4d24da550000}
	ProcessId: 5257
	Image: /usr/bin/cut
	User: root
Event SYSMONEVENT_PROCESS_TERMINATE
	RuleName: -
	UtcTime: 2023-10-20 15:00:06.349
	ProcessGuid: {00000000-0000-0000-0000-000000000000}
	ProcessId: 5255
	Image: <unknown process>
	User: root
Event SYSMONEVENT_PROCESS_TERMINATE
	RuleName: -
	UtcTime: 2023-10-20 15:00:06.350
	ProcessGuid: {76062d67-95f6-6532-0000-000000000000}
	ProcessId: 5259
	Image: -
	User: root
Event SYSMONEVENT_CREATE_PROCESS
	RuleName: -
	UtcTime: 2023-10-20 15:00:06.350
	ProcessGuid: {76062d67-95f6-6532-19a9-055fd2550000}
	ProcessId: 5260
	Image: /usr/bin/tr
	FileVersion: -
	Description: -
	Product: -
	Company: -
	OriginalFileName: -
	CommandLine: tr [:upper:] [:lower:]
	CurrentDirectory: /
	User: root
	LogonGuid: {76062d67-0000-0000-0000-000000000000}
	LogonId: 0
	TerminalSessionId: 4294967295
	IntegrityLevel: no level
	Hashes: -
	ParentProcessGuid: {00000000-0000-0000-0000-000000000000}
	ParentProcessId: 5258
	ParentImage: -
	ParentCommandLine: -
	ParentUser: -
Event SYSMONEVENT_PROCESS_TERMINATE
	RuleName: -
	UtcTime: 2023-10-20 15:00:06.352
	ProcessGuid: {76062d67-95f6-6532-19a9-055fd2550000}
	ProcessId: 5260
	Image: /usr/bin/tr
	User: root
Event SYSMONEVENT_PROCESS_TERMINATE
	RuleName: -
	UtcTime: 2023-10-20 15:00:06.352
	ProcessGuid: {00000000-0000-0000-0000-000000000000}
	ProcessId: 5258
	Image: <unknown process>
	User: root
Event SYSMONEVENT_PROCESS_TERMINATE
	RuleName: -
	UtcTime: 2023-10-20 15:00:06.353
	ProcessGuid: {76062d67-95f6-6532-0000-000000000000}
	ProcessId: 5262
	Image: -
	User: root
Event SYSMONEVENT_CREATE_PROCESS
	RuleName: -
	UtcTime: 2023-10-20 15:00:06.353
	ProcessGuid: {76062d67-95f6-6532-1949-8f2f0e560000}
	ProcessId: 5263
	Image: /usr/bin/tr
	FileVersion: -
	Description: -
	Product: -
	Company: -
	OriginalFileName: -
	CommandLine: tr [:upper:] [:lower:]
	CurrentDirectory: /
	User: root
	LogonGuid: {76062d67-0000-0000-0000-000000000000}
	LogonId: 0
	TerminalSessionId: 4294967295
	IntegrityLevel: no level
	Hashes: -
	ParentProcessGuid: {00000000-0000-0000-0000-000000000000}
	ParentProcessId: 5261
	ParentImage: -
	ParentCommandLine: -
	ParentUser: -
Event SYSMONEVENT_PROCESS_TERMINATE
	RuleName: -
	UtcTime: 2023-10-20 15:00:06.354
	ProcessGuid: {76062d67-95f6-6532-1949-8f2f0e560000}
	ProcessId: 5263
	Image: /usr/bin/tr
	User: root
Event SYSMONEVENT_PROCESS_TERMINATE
	RuleName: -
	UtcTime: 2023-10-20 15:00:06.354
	ProcessGuid: {76062d67-95f6-6532-0000-000000000000}
	ProcessId: 5261
	Image: -
	User: root
Event SYSMONEVENT_PROCESS_TERMINATE
	RuleName: -
	UtcTime: 2023-10-20 15:00:06.355
	ProcessGuid: {76062d67-95f6-6532-b9cb-96008c550000}
	ProcessId: 5248
	Image: /usr/bin/dash
	User: root
Event SYSMONEVENT_PROCESS_TERMINATE
	RuleName: -
	UtcTime: 2023-10-20 15:00:06.355
	ProcessGuid: {76062d67-95f6-6532-b96b-528123560000}
	ProcessId: 5247
	Image: /usr/bin/dash
	User: root
Event SYSMONEVENT_CREATE_PROCESS
	RuleName: -
	UtcTime: 2023-10-20 15:00:06.356
	ProcessGuid: {76062d67-95f6-6532-b91b-dddaed550000}
	ProcessId: 5264
	Image: /usr/bin/dash
	FileVersion: -
	Description: -
	Product: -
	Company: -
	OriginalFileName: -
	CommandLine: sh -c /usr/bin/lsb_release -sr 2>/dev/null
	CurrentDirectory: /
	User: root
	LogonGuid: {76062d67-0000-0000-0000-000000000000}
	LogonId: 0
	TerminalSessionId: 4294967295
	IntegrityLevel: no level
	Hashes: -
	ParentProcessGuid: {76062d67-95f6-6532-29b7-1fabd6550000}
	ParentProcessId: 5220
	ParentImage: /usr/bin/vmware-toolbox-cmd
	ParentCommandLine: vmware-toolbox-cmd
	ParentUser: root
Event SYSMONEVENT_CREATE_PROCESS
	RuleName: -
	UtcTime: 2023-10-20 15:00:06.357
	ProcessGuid: {76062d67-95f6-6532-b98b-8b6f28560000}
	ProcessId: 5265
	Image: /usr/bin/dash
	FileVersion: -
	Description: -
	Product: -
	Company: -
	OriginalFileName: -
	CommandLine: /bin/sh /usr/bin/lsb_release -sr
	CurrentDirectory: /
	User: root
	LogonGuid: {76062d67-0000-0000-0000-000000000000}
	LogonId: 0
	TerminalSessionId: 4294967295
	IntegrityLevel: no level
	Hashes: -
	ParentProcessGuid: {76062d67-95f6-6532-b91b-dddaed550000}
	ParentProcessId: 5264
	ParentImage: /usr/bin/dash
	ParentCommandLine: sh
	ParentUser: root
Event SYSMONEVENT_CREATE_PROCESS
	RuleName: -
	UtcTime: 2023-10-20 15:00:06.359
	ProcessGuid: {76062d67-95f6-6532-39b5-5a18f8550000}
	ProcessId: 5267
	Image: /usr/bin/getopt
	FileVersion: -
	Description: -
	Product: -
	Company: -
	OriginalFileName: -
	CommandLine: getopt --name lsb_release -o hvidrcas -l help,version,id,description,release,codename,all,short -- -sr
	CurrentDirectory: /
	User: root
	LogonGuid: {76062d67-0000-0000-0000-000000000000}
	LogonId: 0
	TerminalSessionId: 4294967295
	IntegrityLevel: no level
	Hashes: -
	ParentProcessGuid: {76062d67-95f6-6532-b98b-8b6f28560000}
	ParentProcessId: 5265
	ParentImage: /usr/bin/dash
	ParentCommandLine: /bin/sh
	ParentUser: root
Event SYSMONEVENT_CREATE_PROCESS
	RuleName: -
	UtcTime: 2023-10-20 15:00:06.359
	ProcessGuid: {76062d67-95f6-6532-7df6-cdaae3550000}
	ProcessId: 5266
	Image: /usr/usr/bin/gzip
	FileVersion: -
	Description: -
	Product: -
	Company: -
	OriginalFileName: -
	CommandLine: /bin/gzip
	CurrentDirectory: /
	User: root
	LogonGuid: {76062d67-0000-0000-0000-000000000000}
	LogonId: 0
	TerminalSessionId: 4294967295
	IntegrityLevel: no level
	Hashes: -
	ParentProcessGuid: {76062d67-95f6-6532-7d4c-a2cd6a550000}
	ParentProcessId: 5146
	ParentImage: /usr/usr/sbin/logrotate
	ParentCommandLine: /usr/sbin/logrotate
	ParentUser: root
Event SYSMONEVENT_PROCESS_TERMINATE
	RuleName: -
	UtcTime: 2023-10-20 15:00:06.360
	ProcessGuid: {76062d67-95f6-6532-39b5-5a18f8550000}
	ProcessId: 5267
	Image: /usr/bin/getopt
	User: root
Event SYSMONEVENT_PROCESS_TERMINATE
	RuleName: -
	UtcTime: 2023-10-20 15:00:06.362
	ProcessGuid: {76062d67-95f6-6532-0000-000000000000}
	ProcessId: 5269
	Image: -
	User: -
Event SYSMONEVENT_CREATE_PROCESS
	RuleName: -
	UtcTime: 2023-10-20 15:00:06.362
	ProcessGuid: {76062d67-95f6-6532-d9b8-b85b29560000}
	ProcessId: 5270
	Image: /usr/bin/cut
	FileVersion: -
	Description: -
	Product: -
	Company: -
	OriginalFileName: -
	CommandLine: cut -c1
	CurrentDirectory: /
	User: root
	LogonGuid: {76062d67-0000-0000-0000-000000000000}
	LogonId: 0
	TerminalSessionId: 4294967295
	IntegrityLevel: no level
	Hashes: -
	ParentProcessGuid: {00000000-0000-0000-0000-000000000000}
	ParentProcessId: 5268
	ParentImage: -
	ParentCommandLine: -
	ParentUser: -
Event SYSMONEVENT_PROCESS_TERMINATE
	RuleName: -
	UtcTime: 2023-10-20 15:00:06.366
	ProcessGuid: {76062d67-95f6-6532-d9b8-b85b29560000}
	ProcessId: 5270
	Image: /usr/bin/cut
	User: root
Event SYSMONEVENT_CREATE_PROCESS
	RuleName: -
	UtcTime: 2023-10-20 15:00:06.362
	ProcessGuid: {76062d67-95f6-6532-1999-767c62550000}
	ProcessId: 5271
	Image: /usr/bin/tr
	FileVersion: -
	Description: -
	Product: -
	Company: -
	OriginalFileName: -
	CommandLine: tr [:lower:] [:upper:]
	CurrentDirectory: /
	User: root
	LogonGuid: {76062d67-0000-0000-0000-000000000000}
	LogonId: 0
	TerminalSessionId: 4294967295
	IntegrityLevel: no level
	Hashes: -
	ParentProcessGuid: {00000000-0000-0000-0000-000000000000}
	ParentProcessId: 5268
	ParentImage: -
	ParentCommandLine: -
	ParentUser: -
Event SYSMONEVENT_PROCESS_TERMINATE
	RuleName: -
	UtcTime: 2023-10-20 15:00:06.368
	ProcessGuid: {76062d67-95f6-6532-1999-767c62550000}
	ProcessId: 5271
	Image: /usr/bin/tr
	User: root
Event SYSMONEVENT_PROCESS_TERMINATE
	RuleName: -
	UtcTime: 2023-10-20 15:00:06.368
	ProcessGuid: {76062d67-95f6-6532-0000-000000000000}
	ProcessId: 5268
	Image: -
	User: -
