Event SYSMONEVENT_FILE_DELETE
	RuleName: -
	UtcTime: 2023-10-20 15:00:06.593
	ProcessGuid: {76062d67-95f6-6532-7da6-774072550000}
	ProcessId: 5342
	User: -
	Image: /usr/bin/gzip
	TargetFilename: /var/backups/dpkg.statoverride.0
	Hashes: -
	IsExecutable: -
	Archived: -
Event SYSMONEVENT_PROCESS_TERMINATE
	RuleName: -
	UtcTime: 2023-10-20 15:00:06.593
	ProcessGuid: {76062d67-95f6-6532-7da6-774072550000}
	ProcessId: 5342
	Image: /usr/bin/gzip
	User: -
Event SYSMONEVENT_CREATE_PROCESS
	RuleName: -
	UtcTime: 2023-10-20 15:00:06.594
	ProcessGuid: {76062d67-95f6-6532-496d-8e554c560000}
	ProcessId: 5343
	Image: /usr/bin/mv
	FileVersion: -
	Description: -
	Product: -
	Company: -
	OriginalFileName: -
	CommandLine: mv -f -- .//dpkg.statoverride.0.gz .//dpkg.statoverride.1.gz
	CurrentDirectory: /var/backups
	User: root
	LogonGuid: {76062d67-0000-0000-0000-000000000000}
	LogonId: 0
	TerminalSessionId: 4294967295
	IntegrityLevel: no level
	Hashes: -
	ParentProcessGuid: {76062d67-95f6-6532-b9cb-0f8220560000}
	ParentProcessId: 5327
	ParentImage: /usr/bin/dash
	ParentCommandLine: /bin/sh
	ParentUser: root
Event SYSMONEVENT_PROCESS_TERMINATE
	RuleName: -
	UtcTime: 2023-10-20 15:00:06.597
	ProcessGuid: {76062d67-95f6-6532-496d-8e554c560000}
	ProcessId: 5343
	Image: /usr/bin/mv
	User: root
Event SYSMONEVENT_CREATE_PROCESS
	RuleName: -
	UtcTime: 2023-10-20 15:00:06.597
	ProcessGuid: {76062d67-95f6-6532-492d-e53cf5550000}
	ProcessId: 5344
	Image: /usr/bin/mv
	FileVersion: -
	Description: -
	Product: -
	Company: -
	OriginalFileName: -
	CommandLine: mv -f -- dpkg.statoverride .//dpkg.statoverride.0
	CurrentDirectory: /var/backups
	User: root
	LogonGuid: {76062d67-0000-0000-0000-000000000000}
	LogonId: 0
	TerminalSessionId: 4294967295
	IntegrityLevel: no level
	Hashes: -
	ParentProcessGuid: {76062d67-95f6-6532-b9cb-0f8220560000}
	ParentProcessId: 5327
	ParentImage: /usr/bin/dash
	ParentCommandLine: /bin/sh
	ParentUser: root
Event SYSMONEVENT_PROCESS_TERMINATE
	RuleName: -
	UtcTime: 2023-10-20 15:00:06.606
	ProcessGuid: {76062d67-95f6-6532-492d-e53cf5550000}
	ProcessId: 5344
	Image: /usr/bin/mv
	User: root
Event SYSMONEVENT_CREATE_PROCESS
	RuleName: -
	UtcTime: 2023-10-20 15:00:06.606
	ProcessGuid: {76062d67-95f6-6532-49f1-34bfaf550000}
	ProcessId: 5345
	Image: /usr/bin/date
	FileVersion: -
	Description: -
	Product: -
	Company: -
	OriginalFileName: -
	CommandLine: date
	CurrentDirectory: /var/backups
	User: root
	LogonGuid: {76062d67-0000-0000-0000-000000000000}
	LogonId: 0
	TerminalSessionId: 4294967295
	IntegrityLevel: no level
	Hashes: -
	ParentProcessGuid: {76062d67-95f6-6532-b9cb-0f8220560000}
	ParentProcessId: 5327
	ParentImage: /usr/bin/dash
	ParentCommandLine: /bin/sh
	ParentUser: root
Event SYSMONEVENT_PROCESS_TERMINATE
	RuleName: -
	UtcTime: 2023-10-20 15:00:06.608
	ProcessGuid: {76062d67-95f6-6532-49f1-34bfaf550000}
	ProcessId: 5345
	Image: /usr/bin/date
	User: root
Event SYSMONEVENT_PROCESS_TERMINATE
	RuleName: -
	UtcTime: 2023-10-20 15:00:06.608
	ProcessGuid: {76062d67-95f6-6532-b9cb-0f8220560000}
	ProcessId: 5327
	Image: /usr/bin/dash
	User: root
Event SYSMONEVENT_CREATE_PROCESS
	RuleName: -
	UtcTime: 2023-10-20 15:00:06.609
	ProcessGuid: {76062d67-95f6-6532-9924-401097550000}
	ProcessId: 5346
	Image: /usr/bin/tar
	FileVersion: -
	Description: -
	Product: -
	Company: -
	OriginalFileName: -
	CommandLine: tar -df alternatives.tar.0 -C /var/lib/dpkg alternatives
	CurrentDirectory: /var/backups
	User: root
	LogonGuid: {76062d67-0000-0000-0000-000000000000}
	LogonId: 0
	TerminalSessionId: 4294967295
	IntegrityLevel: no level
	Hashes: -
	ParentProcessGuid: {76062d67-95f5-6532-b9eb-8d1fae550000}
	ParentProcessId: 5127
	ParentImage: /usr/bin/dash
	ParentCommandLine: /bin/sh
	ParentUser: root
Event SYSMONEVENT_PROCESS_TERMINATE
	RuleName: -
	UtcTime: 2023-10-20 15:00:06.706
	ProcessGuid: {76062d67-95f6-6532-9924-401097550000}
	ProcessId: 5346
	Image: /usr/bin/tar
	User: root
Event SYSMONEVENT_PROCESS_TERMINATE
	RuleName: -
	UtcTime: 2023-10-20 15:00:06.706
	ProcessGuid: {76062d67-95f5-6532-b9eb-8d1fae550000}
	ProcessId: 5127
	Image: /usr/bin/dash
	User: root
Event SYSMONEVENT_FILE_DELETE
	RuleName: -
	UtcTime: 2023-10-20 15:00:06.707
	ProcessGuid: {76062d67-9458-6532-dda0-ac474c560000}
	ProcessId: 1
	User: -
	Image: /usr/lib/systemd/systemd
	TargetFilename: /run/systemd/units/invocation:dpkg-db-backup.service
	Hashes: -
	IsExecutable: -
	Archived: -
Event SYSMONEVENT_FILE_DELETE
	RuleName: -
	UtcTime: 2023-10-20 15:00:06.708
	ProcessGuid: {76062d67-945b-6532-194b-185ab2550000}
	ProcessId: 424
	User: -
	Image: /usr/lib/systemd/systemd-journald
	TargetFilename: /run/systemd/journal/streams/8:30308
	Hashes: -
	IsExecutable: -
	Archived: -
Event SYSMONEVENT_PROCESS_TERMINATE
	RuleName: -
	UtcTime: 2023-10-20 15:00:06.756
	ProcessGuid: {76062d67-95f6-6532-4d4b-b6017b550000}
	ProcessId: 5338
	Image: /usr/bin/dbus-send
	User: root
Event SYSMONEVENT_CREATE_PROCESS
	RuleName: -
	UtcTime: 2023-10-20 15:00:06.757
	ProcessGuid: {76062d67-95f6-6532-1975-955932560000}
	ProcessId: 5348
	Image: /usr/bin/df
	FileVersion: -
	Description: -
	Product: -
	Company: -
	OriginalFileName: -
	CommandLine: df -k /var/log
	CurrentDirectory: /
	User: root
	LogonGuid: {76062d67-0000-0000-0000-000000000000}
	LogonId: 0
	TerminalSessionId: 4294967295
	IntegrityLevel: no level
	Hashes: -
	ParentProcessGuid: {00000000-0000-0000-0000-000000000000}
	ParentProcessId: 5347
	ParentImage: -
	ParentCommandLine: -
	ParentUser: -
Event SYSMONEVENT_CREATE_PROCESS
	RuleName: -
	UtcTime: 2023-10-20 15:00:06.757
	ProcessGuid: {76062d67-95f6-6532-1189-480000000000}
	ProcessId: 5349
	Image: /usr/bin/gawk
	FileVersion: -
	Description: -
	Product: -
	Company: -
	OriginalFileName: -
	CommandLine: awk NR == 2 { print $4 }
	CurrentDirectory: /
	User: root
	LogonGuid: {76062d67-0000-0000-0000-000000000000}
	LogonId: 0
	TerminalSessionId: 4294967295
	IntegrityLevel: no level
	Hashes: -
	ParentProcessGuid: {00000000-0000-0000-0000-000000000000}
	ParentProcessId: 5347
	ParentImage: -
	ParentCommandLine: -
	ParentUser: -
Event SYSMONEVENT_PROCESS_TERMINATE
	RuleName: -
	UtcTime: 2023-10-20 15:00:06.759
	ProcessGuid: {76062d67-95f6-6532-1975-955932560000}
	ProcessId: 5348
	Image: /usr/bin/df
	User: -
Event SYSMONEVENT_PROCESS_TERMINATE
	RuleName: -
	UtcTime: 2023-10-20 15:00:06.761
	ProcessGuid: {76062d67-95f6-6532-1189-480000000000}
	ProcessId: 5349
	Image: /usr/bin/gawk
	User: root
Event SYSMONEVENT_PROCESS_TERMINATE
	RuleName: -
	UtcTime: 2023-10-20 15:00:06.761
	ProcessGuid: {76062d67-95f6-6532-0000-000000000000}
	ProcessId: 5347
	Image: -
	User: root
Event SYSMONEVENT_CREATE_PROCESS
	RuleName: -
	UtcTime: 2023-10-20 15:00:06.762
	ProcessGuid: {76062d67-95f6-6532-4901-0a89c3550000}
	ProcessId: 5350
	Image: /usr/bin/date
	FileVersion: -
	Description: -
	Product: -
	Company: -
	OriginalFileName: -
	CommandLine: date
	CurrentDirectory: /
	User: root
	LogonGuid: {76062d67-0000-0000-0000-000000000000}
	LogonId: 0
	TerminalSessionId: 4294967295
	IntegrityLevel: no level
	Hashes: -
	ParentProcessGuid: {76062d67-95f5-6532-b9ab-2e6a64550000}
	ParentProcessId: 5128
	ParentImage: /usr/bin/dash
	ParentCommandLine: /bin/sh
	ParentUser: root
Event SYSMONEVENT_PROCESS_TERMINATE
	RuleName: -
	UtcTime: 2023-10-20 15:00:06.763
	ProcessGuid: {76062d67-95f6-6532-4901-0a89c3550000}
	ProcessId: 5350
	Image: /usr/bin/date
	User: root
Event SYSMONEVENT_PROCESS_TERMINATE
	RuleName: -
	UtcTime: 2023-10-20 15:00:06.763
	ProcessGuid: {76062d67-95f5-6532-b9ab-2e6a64550000}
	ProcessId: 5128
	Image: /usr/bin/dash
	User: root
Event SYSMONEVENT_CREATE_PROCESS
	RuleName: -
	UtcTime: 2023-10-20 15:00:06.765
	ProcessGuid: {76062d67-95f6-6532-c9dc-2d34b0550000}
	ProcessId: 5351
	Image: /usr/bin/expr
	FileVersion: -
	Description: -
	Product: -
	Company: -
	OriginalFileName: -
	CommandLine: expr 0 | 0
	CurrentDirectory: /
	User: root
	LogonGuid: {76062d67-0000-0000-0000-000000000000}
	LogonId: 0
	TerminalSessionId: 4294967295
	IntegrityLevel: no level
	Hashes: -
	ParentProcessGuid: {76062d67-95f5-6532-b94b-bd49c5550000}
	ParentProcessId: 5114
	ParentImage: /usr/bin/dash
	ParentCommandLine: /bin/sh
	ParentUser: root
Event SYSMONEVENT_PROCESS_TERMINATE
	RuleName: -
	UtcTime: 2023-10-20 15:00:06.766
	ProcessGuid: {76062d67-95f6-6532-4de6-a42dbb550000}
	ProcessId: 5200
	Image: /usr/usr/bin/php8.2
	User: root
Event SYSMONEVENT_PROCESS_TERMINATE
	RuleName: -
	UtcTime: 2023-10-20 15:00:06.766
	ProcessGuid: {76062d67-95f6-6532-c9dc-2d34b0550000}
	ProcessId: 5351
	Image: /usr/bin/expr
	User: root
Event SYSMONEVENT_PROCESS_TERMINATE
	RuleName: -
	UtcTime: 2023-10-20 15:00:06.767
	ProcessGuid: {00000000-0000-0000-0000-000000000000}
	ProcessId: 5353
	Image: <unknown process>
	User: root
Event SYSMONEVENT_PROCESS_TERMINATE
	RuleName: -
	UtcTime: 2023-10-20 15:00:06.767
	ProcessGuid: {76062d67-95f5-6532-b94b-bd49c5550000}
	ProcessId: 5114
	Image: /usr/bin/dash
	User: root
Event SYSMONEVENT_CREATE_PROCESS
	RuleName: -
	UtcTime: 2023-10-20 15:00:06.767
	ProcessGuid: {76062d67-95f6-6532-19b9-2e117c550000}
	ProcessId: 5354
	Image: /usr/usr/bin/sed
	FileVersion: -
	Description: -
	Product: -
	Company: -
	OriginalFileName: -
	CommandLine: sed -ne s/^session\.save_handler=\(.*\)$/\1/p
	CurrentDirectory: /
	User: root
	LogonGuid: {76062d67-0000-0000-0000-000000000000}
	LogonId: 0
	TerminalSessionId: 4294967295
	IntegrityLevel: no level
	Hashes: -
	ParentProcessGuid: {00000000-0000-0000-0000-000000000000}
	ParentProcessId: 5352
	ParentImage: -
	ParentCommandLine: -
	ParentUser: -
Event SYSMONEVENT_PROCESS_TERMINATE
	RuleName: -
	UtcTime: 2023-10-20 15:00:06.769
	ProcessGuid: {76062d67-95f6-6532-19b9-2e117c550000}
	ProcessId: 5354
	Image: /usr/usr/bin/sed
	User: -
Event SYSMONEVENT_PROCESS_TERMINATE
	RuleName: -
	UtcTime: 2023-10-20 15:00:06.769
	ProcessGuid: {00000000-0000-0000-0000-000000000000}
	ProcessId: 5352
	Image: <unknown process>
	User: root
Event SYSMONEVENT_PROCESS_TERMINATE
	RuleName: -
	UtcTime: 2023-10-20 15:00:06.770
	ProcessGuid: {00000000-0000-0000-0000-000000000000}
	ProcessId: 5356
	Image: <unknown process>
	User: root
Event SYSMONEVENT_CREATE_PROCESS
	RuleName: -
	UtcTime: 2023-10-20 15:00:06.770
	ProcessGuid: {76062d67-95f6-6532-1969-a765d5550000}
	ProcessId: 5357
	Image: /usr/usr/bin/sed
	FileVersion: -
	Description: -
	Product: -
	Company: -
	OriginalFileName: -
	CommandLine: sed -ne s/^session\.save_path=\(.*;\)\?\(.*\)$/\2/p
	CurrentDirectory: /
	User: root
	LogonGuid: {76062d67-0000-0000-0000-000000000000}
	LogonId: 0
	TerminalSessionId: 4294967295
	IntegrityLevel: no level
	Hashes: -
	ParentProcessGuid: {00000000-0000-0000-0000-000000000000}
	ParentProcessId: 5355
	ParentImage: -
	ParentCommandLine: -
	ParentUser: -
Event SYSMONEVENT_PROCESS_TERMINATE
	RuleName: -
	UtcTime: 2023-10-20 15:00:06.772
	ProcessGuid: {76062d67-95f6-6532-1969-a765d5550000}
	ProcessId: 5357
	Image: /usr/usr/bin/sed
	User: -
Event SYSMONEVENT_PROCESS_TERMINATE
	RuleName: -
	UtcTime: 2023-10-20 15:00:06.773
	ProcessGuid: {00000000-0000-0000-0000-000000000000}
	ProcessId: 5355
	Image: <unknown process>
	User: root
Event SYSMONEVENT_PROCESS_TERMINATE
	RuleName: -
	UtcTime: 2023-10-20 15:00:06.773
	ProcessGuid: {00000000-0000-0000-0000-000000000000}
	ProcessId: 5359
	Image: <unknown process>
	User: root
Event SYSMONEVENT_CREATE_PROCESS
	RuleName: -
	UtcTime: 2023-10-20 15:00:06.773
	ProcessGuid: {76062d67-95f6-6532-19f9-e31b5f550000}
	ProcessId: 5360
	Image: /usr/usr/bin/sed
	FileVersion: -
	Description: -
	Product: -
	Company: -
	OriginalFileName: -
	CommandLine: sed -ne s/^session\.gc_maxlifetime=\(.*\)$/\1/p
	CurrentDirectory: /
	User: root
	LogonGuid: {76062d67-0000-0000-0000-000000000000}
	LogonId: 0
	TerminalSessionId: 4294967295
	IntegrityLevel: no level
	Hashes: -
	ParentProcessGuid: {00000000-0000-0000-0000-000000000000}
	ParentProcessId: 5358
	ParentImage: -
	ParentCommandLine: -
	ParentUser: -
Event SYSMONEVENT_PROCESS_TERMINATE
	RuleName: -
	UtcTime: 2023-10-20 15:00:06.775
	ProcessGuid: {76062d67-95f6-6532-19f9-e31b5f550000}
	ProcessId: 5360
	Image: /usr/usr/bin/sed
	User: -
Event SYSMONEVENT_PROCESS_TERMINATE
	RuleName: -
	UtcTime: 2023-10-20 15:00:06.775
	ProcessGuid: {76062d67-95f6-6532-0000-000000000000}
	ProcessId: 5358
	Image: -
	User: root
Event SYSMONEVENT_PROCESS_TERMINATE
	RuleName: -
	UtcTime: 2023-10-20 15:00:06.777
	ProcessGuid: {00000000-0000-0000-0000-000000000000}
	ProcessId: 5362
	Image: <unknown process>
	User: -
Event SYSMONEVENT_CREATE_PROCESS
	RuleName: -
	UtcTime: 2023-10-20 15:00:06.777
	ProcessGuid: {76062d67-95f6-6532-19b9-876592550000}
	ProcessId: 5363
	Image: /usr/usr/bin/sed
	FileVersion: -
	Description: -
	Product: -
	Company: -
	OriginalFileName: -
	CommandLine: sed -e s,@VERSION@,8.2,
	CurrentDirectory: /
	User: root
	LogonGuid: {76062d67-0000-0000-0000-000000000000}
	LogonId: 0
	TerminalSessionId: 4294967295
	IntegrityLevel: no level
	Hashes: -
	ParentProcessGuid: {00000000-0000-0000-0000-000000000000}
	ParentProcessId: 5361
	ParentImage: -
	ParentCommandLine: -
	ParentUser: -
Event SYSMONEVENT_PROCESS_TERMINATE
	RuleName: -
	UtcTime: 2023-10-20 15:00:06.779
	ProcessGuid: {76062d67-95f6-6532-19b9-876592550000}
	ProcessId: 5363
	Image: /usr/usr/bin/sed
	User: -
Event SYSMONEVENT_PROCESS_TERMINATE
	RuleName: -
	UtcTime: 2023-10-20 15:00:06.779
	ProcessGuid: {00000000-0000-0000-0000-000000000000}
	ProcessId: 5361
	Image: <unknown process>
	User: -
Event SYSMONEVENT_CREATE_PROCESS
	RuleName: -
	UtcTime: 2023-10-20 15:00:06.781
	ProcessGuid: {76062d67-95f6-6532-4d06-2fc23d560000}
	ProcessId: 5364
	Image: /usr/usr/bin/php8.2
	FileVersion: -
	Description: -
	Product: -
	Company: -
	OriginalFileName: -
	CommandLine: /usr/bin/php8.2 -c /etc/php/8.2/cli/php.ini -d error_reporting='~E_ALL' -r foreach(ini_get_all("session") as $k => $v) echo "$k=".$v["local_value"]."\n";
	CurrentDirectory: /
	User: root
	LogonGuid: {76062d67-0000-0000-0000-000000000000}
	LogonId: 0
	TerminalSessionId: 4294967295
	IntegrityLevel: no level
	Hashes: -
	ParentProcessGuid: {00000000-0000-0000-0000-000000000000}
	ParentProcessId: 5149
	ParentImage: -
	ParentCommandLine: -
	ParentUser: -
Event SYSMONEVENT_NETWORK_CONNECT
	RuleName: -
	UtcTime: 2023-10-20 15:00:06.803
	ProcessGuid: {76062d67-945c-6532-c5aa-3d252a560000}
	ProcessId: 845
	Image: /usr/sbin/NetworkManager
	User: root
	Protocol: udp
	Initiated: true
	SourceIsIpv6: false
	SourceIp: 0.0.0.0
	SourceHostname: -
	SourcePort: 68
	SourcePortName: -
	DestinationIsIpv6: false
	DestinationIp: 255.255.255.255
	DestinationHostname: -
	DestinationPort: 67
	DestinationPortName: -
Event SYSMONEVENT_NETWORK_CONNECT
	RuleName: -
	UtcTime: 2023-10-20 15:00:06.805
	ProcessGuid: {76062d67-95f4-6532-3945-a664a1550000}
	ProcessId: 5081
	Image: /usr/lib/NetworkManager/nm-dispatcher
	User: root
	Protocol: udp
	Initiated: true
	SourceIsIpv6: false
	SourceIp: 0.0.0.0
	SourceHostname: -
	SourcePort: 68
	SourcePortName: -
	DestinationIsIpv6: false
	DestinationIp: 255.255.255.255
	DestinationHostname: -
	DestinationPort: 67
	DestinationPortName: -
Event SYSMONEVENT_CREATE_PROCESS
	RuleName: -
	UtcTime: 2023-10-20 15:00:06.815
	ProcessGuid: {76062d67-95f6-6532-b92b-00aeaf550000}
	ProcessId: 5365
	Image: /usr/bin/dash
	FileVersion: -
	Description: -
	Product: -
	Company: -
	OriginalFileName: -
	CommandLine: /bin/sh -e /etc/NetworkManager/dispatcher.d/01-ifupdown lo up
	CurrentDirectory: /
	User: root
	LogonGuid: {76062d67-0000-0000-0000-000000000000}
	LogonId: 0
	TerminalSessionId: 4294967295
	IntegrityLevel: no level
	Hashes: -
	ParentProcessGuid: {76062d67-95f4-6532-3945-a664a1550000}
	ParentProcessId: 5081
	ParentImage: /usr/lib/NetworkManager/nm-dispatcher
	ParentCommandLine: /usr/lib/NetworkManager/nm-dispatcher
	ParentUser: root
Event SYSMONEVENT_CREATE_PROCESS
	RuleName: -
	UtcTime: 2023-10-20 15:00:06.820
	ProcessGuid: {76062d67-95f6-6532-1989-ad907f550000}
	ProcessId: 5366
	Image: /usr/bin/run-parts
	FileVersion: -
	Description: -
	Product: -
	Company: -
	OriginalFileName: -
	CommandLine: run-parts /etc/network/if-up.d
	CurrentDirectory: /
	User: root
	LogonGuid: {76062d67-0000-0000-0000-000000000000}
	LogonId: 0
	TerminalSessionId: 4294967295
	IntegrityLevel: no level
	Hashes: -
	ParentProcessGuid: {76062d67-95f6-6532-b92b-00aeaf550000}
	ParentProcessId: 5365
	ParentImage: /usr/bin/dash
	ParentCommandLine: /bin/sh
	ParentUser: root
Event SYSMONEVENT_CREATE_PROCESS
	RuleName: -
	UtcTime: 2023-10-20 15:00:06.823
	ProcessGuid: {76062d67-95f6-6532-b97b-b51ec3550000}
	ProcessId: 5367
	Image: /usr/bin/dash
	FileVersion: -
	Description: -
	Product: -
	Company: -
	OriginalFileName: -
	CommandLine: /bin/sh /etc/network/if-up.d/ethtool
	CurrentDirectory: /
	User: root
	LogonGuid: {76062d67-0000-0000-0000-000000000000}
	LogonId: 0
	TerminalSessionId: 4294967295
	IntegrityLevel: no level
	Hashes: -
	ParentProcessGuid: {76062d67-95f6-6532-1989-ad907f550000}
	ParentProcessId: 5366
	ParentImage: /usr/bin/run-parts
	ParentCommandLine: run-parts
	ParentUser: root
Event SYSMONEVENT_PROCESS_TERMINATE
	RuleName: -
	UtcTime: 2023-10-20 15:00:06.825
	ProcessGuid: {76062d67-95f6-6532-b97b-b51ec3550000}
	ProcessId: 5367
	Image: /usr/bin/dash
	User: -
Event SYSMONEVENT_CREATE_PROCESS
	RuleName: -
	UtcTime: 2023-10-20 15:00:06.826
	ProcessGuid: {76062d67-95f6-6532-b9fb-30d4c2550000}
	ProcessId: 5368
	Image: /usr/bin/dash
	FileVersion: -
	Description: -
	Product: -
	Company: -
	OriginalFileName: -
	CommandLine: /bin/sh /etc/network/if-up.d/ifenslave
	CurrentDirectory: /
	User: root
	LogonGuid: {76062d67-0000-0000-0000-000000000000}
	LogonId: 0
	TerminalSessionId: 4294967295
	IntegrityLevel: no level
	Hashes: -
	ParentProcessGuid: {76062d67-95f6-6532-1989-ad907f550000}
	ParentProcessId: 5366
	ParentImage: /usr/bin/run-parts
	ParentCommandLine: run-parts
	ParentUser: root
Event SYSMONEVENT_PROCESS_TERMINATE
	RuleName: -
	UtcTime: 2023-10-20 15:00:06.828
	ProcessGuid: {76062d67-95f6-6532-b9fb-30d4c2550000}
	ProcessId: 5368
	Image: /usr/bin/dash
	User: -
Event SYSMONEVENT_CREATE_PROCESS
	RuleName: -
	UtcTime: 2023-10-20 15:00:06.828
	ProcessGuid: {76062d67-95f6-6532-b99b-94c908560000}
	ProcessId: 5369
	Image: /usr/bin/dash
	FileVersion: -
	Description: -
	Product: -
	Company: -
	OriginalFileName: -
	CommandLine: /bin/sh /etc/network/if-up.d/ip
	CurrentDirectory: /
	User: root
	LogonGuid: {76062d67-0000-0000-0000-000000000000}
	LogonId: 0
	TerminalSessionId: 4294967295
	IntegrityLevel: no level
	Hashes: -
	ParentProcessGuid: {76062d67-95f6-6532-1989-ad907f550000}
	ParentProcessId: 5366
	ParentImage: /usr/bin/run-parts
	ParentCommandLine: run-parts
	ParentUser: root
Event SYSMONEVENT_PROCESS_TERMINATE
	RuleName: -
	UtcTime: 2023-10-20 15:00:06.831
	ProcessGuid: {76062d67-95f6-6532-b99b-94c908560000}
	ProcessId: 5369
	Image: /usr/bin/dash
	User: -
Event SYSMONEVENT_CREATE_PROCESS
	RuleName: -
	UtcTime: 2023-10-20 15:00:06.834
	ProcessGuid: {76062d67-95f6-6532-b93b-2c880d560000}
	ProcessId: 5370
	Image: /usr/bin/dash
	FileVersion: -
	Description: -
	Product: -
	Company: -
	OriginalFileName: -
	CommandLine: /bin/sh /etc/network/if-up.d/miredo
	CurrentDirectory: /
	User: root
	LogonGuid: {76062d67-0000-0000-0000-000000000000}
	LogonId: 0
	TerminalSessionId: 4294967295
	IntegrityLevel: no level
	Hashes: -
	ParentProcessGuid: {76062d67-95f6-6532-1989-ad907f550000}
	ParentProcessId: 5366
	ParentImage: /usr/bin/run-parts
	ParentCommandLine: run-parts
	ParentUser: root
Event SYSMONEVENT_PROCESS_TERMINATE
	RuleName: -
	UtcTime: 2023-10-20 15:00:06.835
	ProcessGuid: {76062d67-95f6-6532-b93b-2c880d560000}
	ProcessId: 5370
	Image: /usr/bin/dash
	User: -
Event SYSMONEVENT_PROCESS_TERMINATE
	RuleName: -
	UtcTime: 2023-10-20 15:00:06.838
	ProcessGuid: {76062d67-95f6-6532-4d06-2fc23d560000}
	ProcessId: 5364
	Image: /usr/usr/bin/php8.2
	User: root
Event SYSMONEVENT_CREATE_PROCESS
	RuleName: -
	UtcTime: 2023-10-20 15:00:06.838
	ProcessGuid: {76062d67-95f6-6532-b95b-90bf49560000}
	ProcessId: 5371
	Image: /usr/bin/dash
	FileVersion: -
	Description: -
	Product: -
	Company: -
	OriginalFileName: -
	CommandLine: /bin/sh /etc/network/if-up.d/openvpn
	CurrentDirectory: /
	User: root
	LogonGuid: {76062d67-0000-0000-0000-000000000000}
	LogonId: 0
	TerminalSessionId: 4294967295
	IntegrityLevel: no level
	Hashes: -
	ParentProcessGuid: {76062d67-95f6-6532-1989-ad907f550000}
	ParentProcessId: 5366
	ParentImage: /usr/bin/run-parts
	ParentCommandLine: run-parts
	ParentUser: root
Event SYSMONEVENT_PROCESS_TERMINATE
	RuleName: -
	UtcTime: 2023-10-20 15:00:06.840
	ProcessGuid: {76062d67-95f6-6532-b95b-90bf49560000}
	ProcessId: 5371
	Image: /usr/bin/dash
	User: -
Event SYSMONEVENT_PROCESS_TERMINATE
	RuleName: -
	UtcTime: 2023-10-20 15:00:06.841
	ProcessGuid: {00000000-0000-0000-0000-000000000000}
	ProcessId: 5373
	Image: <unknown process>
	User: -
Event SYSMONEVENT_CREATE_PROCESS
	RuleName: -
	UtcTime: 2023-10-20 15:00:06.841
	ProcessGuid: {76062d67-95f6-6532-1979-f6e025560000}
	ProcessId: 5374
	Image: /usr/usr/bin/sed
	FileVersion: -
	Description: -
	Product: -
	Company: -
	OriginalFileName: -
	CommandLine: sed -ne s/^session\.save_handler=\(.*\)$/\1/p
	CurrentDirectory: /
	User: root
	LogonGuid: {76062d67-0000-0000-0000-000000000000}
	LogonId: 0
	TerminalSessionId: 4294967295
	IntegrityLevel: no level
	Hashes: -
	ParentProcessGuid: {00000000-0000-0000-0000-000000000000}
	ParentProcessId: 5372
	ParentImage: -
	ParentCommandLine: -
	ParentUser: -
Event SYSMONEVENT_PROCESS_TERMINATE
	RuleName: -
	UtcTime: 2023-10-20 15:00:06.843
	ProcessGuid: {76062d67-95f6-6532-1979-f6e025560000}
	ProcessId: 5374
	Image: /usr/usr/bin/sed
	User: -
Event SYSMONEVENT_PROCESS_TERMINATE
	RuleName: -
	UtcTime: 2023-10-20 15:00:06.843
	ProcessGuid: {00000000-0000-0000-0000-000000000000}
	ProcessId: 5372
	Image: <unknown process>
	User: root
Event SYSMONEVENT_CREATE_PROCESS
	RuleName: -
	UtcTime: 2023-10-20 15:00:06.843
	ProcessGuid: {76062d67-95f6-6532-b9db-801999550000}
	ProcessId: 5375
	Image: /usr/bin/dash
	FileVersion: -
	Description: -
	Product: -
	Company: -
	OriginalFileName: -
	CommandLine: /bin/sh /etc/network/if-up.d/resolved
	CurrentDirectory: /
	User: root
	LogonGuid: {76062d67-0000-0000-0000-000000000000}
	LogonId: 0
	TerminalSessionId: 4294967295
	IntegrityLevel: no level
	Hashes: -
	ParentProcessGuid: {76062d67-95f6-6532-1989-ad907f550000}
	ParentProcessId: 5366
	ParentImage: /usr/bin/run-parts
	ParentCommandLine: run-parts
	ParentUser: root
Event SYSMONEVENT_PROCESS_TERMINATE
	RuleName: -
	UtcTime: 2023-10-20 15:00:06.844
	ProcessGuid: {00000000-0000-0000-0000-000000000000}
	ProcessId: 5377
	Image: <unknown process>
	User: root
Event SYSMONEVENT_CREATE_PROCESS
	RuleName: -
	UtcTime: 2023-10-20 15:00:06.844
	ProcessGuid: {76062d67-95f6-6532-19a9-2ec803560000}
	ProcessId: 5378
	Image: /usr/usr/bin/sed
	FileVersion: -
	Description: -
	Product: -
	Company: -
	OriginalFileName: -
	CommandLine: sed -ne s/^session\.save_path=\(.*;\)\?\(.*\)$/\2/p
	CurrentDirectory: /
	User: root
	LogonGuid: {76062d67-0000-0000-0000-000000000000}
	LogonId: 0
	TerminalSessionId: 4294967295
	IntegrityLevel: no level
	Hashes: -
	ParentProcessGuid: {00000000-0000-0000-0000-000000000000}
	ParentProcessId: 5376
	ParentImage: -
	ParentCommandLine: -
	ParentUser: -
Event SYSMONEVENT_CREATE_PROCESS
	RuleName: -
	UtcTime: 2023-10-20 15:00:06.845
	ProcessGuid: {76062d67-95f6-6532-250e-75116e550000}
	ProcessId: 5379
	Image: /usr/bin/systemctl
	FileVersion: -
	Description: -
	Product: -
	Company: -
	OriginalFileName: -
	CommandLine: systemctl is-enabled systemd-resolved
	CurrentDirectory: /
	User: root
	LogonGuid: {76062d67-0000-0000-0000-000000000000}
	LogonId: 0
	TerminalSessionId: 4294967295
	IntegrityLevel: no level
	Hashes: -
	ParentProcessGuid: {76062d67-95f6-6532-b9db-801999550000}
	ParentProcessId: 5375
	ParentImage: /usr/bin/dash
	ParentCommandLine: /bin/sh
	ParentUser: root
Event SYSMONEVENT_PROCESS_TERMINATE
	RuleName: -
	UtcTime: 2023-10-20 15:00:06.846
	ProcessGuid: {76062d67-95f6-6532-19a9-2ec803560000}
	ProcessId: 5378
	Image: /usr/usr/bin/sed
	User: -
Event SYSMONEVENT_PROCESS_TERMINATE
	RuleName: -
	UtcTime: 2023-10-20 15:00:06.847
	ProcessGuid: {00000000-0000-0000-0000-000000000000}
	ProcessId: 5376
	Image: <unknown process>
	User: root
Event SYSMONEVENT_PROCESS_TERMINATE
	RuleName: -
	UtcTime: 2023-10-20 15:00:06.848
	ProcessGuid: {76062d67-95f6-6532-0000-000000000000}
	ProcessId: 5381
	Image: -
	User: root
Event SYSMONEVENT_CREATE_PROCESS
	RuleName: -
	UtcTime: 2023-10-20 15:00:06.848
	ProcessGuid: {76062d67-95f6-6532-1989-bee1d0550000}
	ProcessId: 5382
	Image: /usr/usr/bin/sed
	FileVersion: -
	Description: -
	Product: -
	Company: -
	OriginalFileName: -
	CommandLine: sed -ne s/^session\.gc_maxlifetime=\(.*\)$/\1/p
	CurrentDirectory: /
	User: root
	LogonGuid: {76062d67-0000-0000-0000-000000000000}
	LogonId: 0
	TerminalSessionId: 4294967295
	IntegrityLevel: no level
	Hashes: -
	ParentProcessGuid: {00000000-0000-0000-0000-000000000000}
	ParentProcessId: 5380
	ParentImage: -
	ParentCommandLine: -
	ParentUser: -
Event SYSMONEVENT_PROCESS_TERMINATE
	RuleName: -
	UtcTime: 2023-10-20 15:00:06.850
	ProcessGuid: {76062d67-95f6-6532-1989-bee1d0550000}
	ProcessId: 5382
	Image: /usr/usr/bin/sed
	User: -
Event SYSMONEVENT_PROCESS_TERMINATE
	RuleName: -
	UtcTime: 2023-10-20 15:00:06.850
	ProcessGuid: {00000000-0000-0000-0000-000000000000}
	ProcessId: 5380
	Image: <unknown process>
	User: root
Event SYSMONEVENT_PROCESS_TERMINATE
	RuleName: -
	UtcTime: 2023-10-20 15:00:06.851
	ProcessGuid: {00000000-0000-0000-0000-000000000000}
	ProcessId: 5384
	Image: <unknown process>
	User: -
Event SYSMONEVENT_CREATE_PROCESS
	RuleName: -
	UtcTime: 2023-10-20 15:00:06.851
	ProcessGuid: {76062d67-95f6-6532-1959-7cf1a6550000}
	ProcessId: 5385
	Image: /usr/usr/bin/sed
	FileVersion: -
	Description: -
	Product: -
	Company: -
	OriginalFileName: -
	CommandLine: sed -e s,@VERSION@,8.2,
	CurrentDirectory: /
	User: root
	LogonGuid: {76062d67-0000-0000-0000-000000000000}
	LogonId: 0
	TerminalSessionId: 4294967295
	IntegrityLevel: no level
	Hashes: -
	ParentProcessGuid: {00000000-0000-0000-0000-000000000000}
	ParentProcessId: 5383
	ParentImage: -
	ParentCommandLine: -
	ParentUser: -
Event SYSMONEVENT_PROCESS_TERMINATE
	RuleName: -
	UtcTime: 2023-10-20 15:00:06.853
	ProcessGuid: {76062d67-95f6-6532-1959-7cf1a6550000}
	ProcessId: 5385
	Image: /usr/usr/bin/sed
	User: -
Event SYSMONEVENT_PROCESS_TERMINATE
	RuleName: -
	UtcTime: 2023-10-20 15:00:06.853
	ProcessGuid: {00000000-0000-0000-0000-000000000000}
	ProcessId: 5383
	Image: <unknown process>
	User: root
Event SYSMONEVENT_CREATE_PROCESS
	RuleName: -
	UtcTime: 2023-10-20 15:00:06.853
	ProcessGuid: {76062d67-95f6-6532-39c6-0148aa550000}
	ProcessId: 5386
	Image: /usr/usr/sbin/killall5
	FileVersion: -
	Description: -
	Product: -
	Company: -
	OriginalFileName: -
	CommandLine: pidof apache2 php8.2
	CurrentDirectory: /
	User: root
	LogonGuid: {76062d67-0000-0000-0000-000000000000}
	LogonId: 0
	TerminalSessionId: 4294967295
	IntegrityLevel: no level
	Hashes: -
	ParentProcessGuid: {00000000-0000-0000-0000-000000000000}
	ParentProcessId: 5149
	ParentImage: -
	ParentCommandLine: -
	ParentUser: -
Event SYSMONEVENT_PROCESS_TERMINATE
	RuleName: -
	UtcTime: 2023-10-20 15:00:06.876
	ProcessGuid: {76062d67-95f6-6532-250e-75116e550000}
	ProcessId: 5379
	Image: /usr/bin/systemctl
	User: -
Event SYSMONEVENT_PROCESS_TERMINATE
	RuleName: -
	UtcTime: 2023-10-20 15:00:06.876
	ProcessGuid: {76062d67-95f6-6532-b9db-801999550000}
	ProcessId: 5375
	Image: /usr/bin/dash
	User: root
Event SYSMONEVENT_CREATE_PROCESS
	RuleName: -
	UtcTime: 2023-10-20 15:00:06.879
	ProcessGuid: {76062d67-95f6-6532-b92b-e93046560000}
	ProcessId: 5387
	Image: /usr/bin/dash
	FileVersion: -
	Description: -
	Product: -
	Company: -
	OriginalFileName: -
	CommandLine: /bin/sh /etc/network/if-up.d/wpasupplicant
	CurrentDirectory: /
	User: root
	LogonGuid: {76062d67-0000-0000-0000-000000000000}
	LogonId: 0
	TerminalSessionId: 4294967295
	IntegrityLevel: no level
	Hashes: -
	ParentProcessGuid: {76062d67-95f6-6532-1989-ad907f550000}
	ParentProcessId: 5366
	ParentImage: /usr/bin/run-parts
	ParentCommandLine: run-parts
	ParentUser: root
Event SYSMONEVENT_PROCESS_TERMINATE
	RuleName: -
	UtcTime: 2023-10-20 15:00:06.881
	ProcessGuid: {76062d67-95f6-6532-b92b-e93046560000}
	ProcessId: 5387
	Image: /usr/bin/dash
	User: -
Event SYSMONEVENT_PROCESS_TERMINATE
	RuleName: -
	UtcTime: 2023-10-20 15:00:06.881
	ProcessGuid: {76062d67-95f6-6532-1989-ad907f550000}
	ProcessId: 5366
	Image: /usr/bin/run-parts
	User: root
Event SYSMONEVENT_PROCESS_TERMINATE
	RuleName: -
	UtcTime: 2023-10-20 15:00:06.882
	ProcessGuid: {76062d67-95f6-6532-b92b-00aeaf550000}
	ProcessId: 5365
	Image: /usr/bin/dash
	User: root
Event SYSMONEVENT_CREATE_PROCESS
	RuleName: -
	UtcTime: 2023-10-20 15:00:06.884
	ProcessGuid: {76062d67-95f6-6532-b9fb-983910560000}
	ProcessId: 5388
	Image: /usr/bin/dash
	FileVersion: -
	Description: -
	Product: -
	Company: -
	OriginalFileName: -
	CommandLine: /bin/sh /etc/NetworkManager/dispatcher.d/ntpsec lo up
	CurrentDirectory: /
	User: root
	LogonGuid: {76062d67-0000-0000-0000-000000000000}
	LogonId: 0
	TerminalSessionId: 4294967295
	IntegrityLevel: no level
	Hashes: -
	ParentProcessGuid: {76062d67-95f4-6532-3945-a664a1550000}
	ParentProcessId: 5081
	ParentImage: /usr/lib/NetworkManager/nm-dispatcher
	ParentCommandLine: /usr/lib/NetworkManager/nm-dispatcher
	ParentUser: root
Event SYSMONEVENT_PROCESS_TERMINATE
	RuleName: -
	UtcTime: 2023-10-20 15:00:06.886
	ProcessGuid: {76062d67-95f6-6532-b9fb-983910560000}
	ProcessId: 5388
	Image: /usr/bin/dash
	User: -
Event SYSMONEVENT_CREATE_PROCESS
	RuleName: -
	UtcTime: 2023-10-20 15:00:06.953
	ProcessGuid: {76062d67-95f6-6532-b94b-2714be550000}
	ProcessId: 5389
	Image: /usr/bin/dash
	FileVersion: -
	Description: -
	Product: -
	Company: -
	OriginalFileName: -
	CommandLine: /bin/sh /usr/share/kali-themes/xfce4-panel-genmon-vpnip.sh
	CurrentDirectory: /home/kali
	User: kali
	LogonGuid: {76062d67-0000-0000-e803-000000000000}
	LogonId: 1000
	TerminalSessionId: 2
	IntegrityLevel: no level
	Hashes: -
	ParentProcessGuid: {00000000-0000-0000-0000-000000000000}
	ParentProcessId: 1364
	ParentImage: -
	ParentCommandLine: -
	ParentUser: -
Event SYSMONEVENT_CREATE_PROCESS
	RuleName: -
	UtcTime: 2023-10-20 15:00:06.977
	ProcessGuid: {76062d67-95f6-6532-1de6-2f8cb9550000}
	ProcessId: 5391
	Image: /usr/bin/ip
	FileVersion: -
	Description: -
	Product: -
	Company: -
	OriginalFileName: -
	CommandLine: ip tuntap show
	CurrentDirectory: /home/kali
	User: kali
	LogonGuid: {76062d67-0000-0000-e803-000000000000}
	LogonId: 1000
	TerminalSessionId: 2
	IntegrityLevel: no level
	Hashes: -
	ParentProcessGuid: {00000000-0000-0000-0000-000000000000}
	ParentProcessId: 5390
	ParentImage: -
	ParentCommandLine: -
	ParentUser: -
Event SYSMONEVENT_CREATE_PROCESS
	RuleName: -
	UtcTime: 2023-10-20 15:00:06.978
	ProcessGuid: {76062d67-95f6-6532-297e-9f33fd550000}
	ProcessId: 5393
	Image: /usr/bin/head
	FileVersion: -
	Description: -
	Product: -
	Company: -
	OriginalFileName: -
	CommandLine: head -n 1
	CurrentDirectory: /home/kali
	User: kali
	LogonGuid: {76062d67-0000-0000-e803-000000000000}
	LogonId: 1000
	TerminalSessionId: 2
	IntegrityLevel: no level
	Hashes: -
	ParentProcessGuid: {00000000-0000-0000-0000-000000000000}
	ParentProcessId: 5390
	ParentImage: -
	ParentCommandLine: -
	ParentUser: -
Event SYSMONEVENT_NETWORK_CONNECT
	RuleName: -
	UtcTime: 2023-10-20 15:00:06.987
	ProcessGuid: {76062d67-95f6-6532-1de6-2f8cb9550000}
	ProcessId: 5391
	Image: /usr/bin/ip
	User: kali
	Protocol: udp
	Initiated: true
	SourceIsIpv6: true
	SourceIp: 0:0:0:0:0:0:0:0
	SourceHostname: -
	SourcePort: 0
	SourcePortName: -
	DestinationIsIpv6: true
	DestinationIp: 0:0:0:0:0:0:0:0
	DestinationHostname: -
	DestinationPort: 0
	DestinationPortName: -
Event SYSMONEVENT_PROCESS_TERMINATE
	RuleName: -
	UtcTime: 2023-10-20 15:00:06.987
	ProcessGuid: {76062d67-95f6-6532-1de6-2f8cb9550000}
	ProcessId: 5391
	Image: /usr/bin/ip
	User: kali
Event SYSMONEVENT_CREATE_PROCESS
	RuleName: -
	UtcTime: 2023-10-20 15:00:06.977
	ProcessGuid: {76062d67-95f6-6532-d938-c8c42f560000}
	ProcessId: 5392
	Image: /usr/bin/cut
	FileVersion: -
	Description: -
	Product: -
	Company: -
	OriginalFileName: -
	CommandLine: cut -d : -f1
	CurrentDirectory: /home/kali
	User: kali
	LogonGuid: {76062d67-0000-0000-e803-000000000000}
	LogonId: 1000
	TerminalSessionId: 2
	IntegrityLevel: no level
	Hashes: -
	ParentProcessGuid: {00000000-0000-0000-0000-000000000000}
	ParentProcessId: 5390
	ParentImage: -
	ParentCommandLine: -
	ParentUser: -
Event SYSMONEVENT_PROCESS_TERMINATE
	RuleName: -
	UtcTime: 2023-10-20 15:00:06.988
	ProcessGuid: {76062d67-95f6-6532-d938-c8c42f560000}
	ProcessId: 5392
	Image: /usr/bin/cut
	User: kali
Event SYSMONEVENT_PROCESS_TERMINATE
	RuleName: -
	UtcTime: 2023-10-20 15:00:06.988
	ProcessGuid: {76062d67-95f6-6532-297e-9f33fd550000}
	ProcessId: 5393
	Image: /usr/bin/head
	User: kali
Event SYSMONEVENT_PROCESS_TERMINATE
	RuleName: -
	UtcTime: 2023-10-20 15:00:06.988
	ProcessGuid: {76062d67-95f6-6532-0000-000000000000}
	ProcessId: 5390
	Image: -
	User: kali
Event SYSMONEVENT_CREATE_PROCESS
	RuleName: -
	UtcTime: 2023-10-20 15:00:07.005
	ProcessGuid: {76062d67-95f7-6532-59d3-81b18f550000}
	ProcessId: 5396
	Image: /usr/bin/grep
	FileVersion: -
	Description: -
	Product: -
	Company: -
	OriginalFileName: -
	CommandLine: grep -o -P (?<=inet )[0-9]{1,3}(\.[0-9]{1,3}){3}
	CurrentDirectory: /home/kali
	User: kali
	LogonGuid: {76062d67-0000-0000-e803-000000000000}
	LogonId: 1000
	TerminalSessionId: 2
	IntegrityLevel: no level
	Hashes: -
	ParentProcessGuid: {00000000-0000-0000-0000-000000000000}
	ParentProcessId: 5394
	ParentImage: -
	ParentCommandLine: -
	ParentUser: -
Event SYSMONEVENT_CREATE_PROCESS
	RuleName: -
	UtcTime: 2023-10-20 15:00:07.003
	ProcessGuid: {76062d67-95f7-6532-1da6-9ee3ef550000}
	ProcessId: 5395
	Image: /usr/bin/ip
	FileVersion: -
	Description: -
	Product: -
	Company: -
	OriginalFileName: -
	CommandLine: ip a s 
	CurrentDirectory: /home/kali
	User: kali
	LogonGuid: {76062d67-0000-0000-e803-000000000000}
	LogonId: 1000
	TerminalSessionId: 2
	IntegrityLevel: no level
	Hashes: -
	ParentProcessGuid: {00000000-0000-0000-0000-000000000000}
	ParentProcessId: 5394
	ParentImage: -
	ParentCommandLine: -
	ParentUser: -
Event SYSMONEVENT_PROCESS_TERMINATE
	RuleName: -
	UtcTime: 2023-10-20 15:00:07.038
	ProcessGuid: {76062d67-95f7-6532-1da6-9ee3ef550000}
	ProcessId: 5395
	Image: /usr/bin/ip
	User: kali
Event SYSMONEVENT_PROCESS_TERMINATE
	RuleName: -
	UtcTime: 2023-10-20 15:00:07.038
	ProcessGuid: {76062d67-95f7-6532-59d3-81b18f550000}
	ProcessId: 5396
	Image: /usr/bin/grep
	User: kali
Event SYSMONEVENT_PROCESS_TERMINATE
	RuleName: -
	UtcTime: 2023-10-20 15:00:07.039
	ProcessGuid: {00000000-0000-0000-0000-000000000000}
	ProcessId: 5394
	Image: <unknown process>
	User: kali
Event SYSMONEVENT_PROCESS_TERMINATE
	RuleName: -
	UtcTime: 2023-10-20 15:00:07.039
	ProcessGuid: {76062d67-95f6-6532-b94b-2714be550000}
	ProcessId: 5389
	Image: /usr/bin/dash
	User: kali
Event SYSMONEVENT_CREATE_PROCESS
	RuleName: -
	UtcTime: 2023-10-20 15:00:07.073
	ProcessGuid: {76062d67-95f7-6532-b9fb-b9e5b8550000}
	ProcessId: 5398
	Image: /usr/bin/dash
	FileVersion: -
	Description: -
	Product: -
	Company: -
	OriginalFileName: -
	CommandLine: /bin/sh -e /etc/NetworkManager/dispatcher.d/01-ifupdown eth0 dhcp4-change
	CurrentDirectory: /
	User: root
	LogonGuid: {76062d67-0000-0000-0000-000000000000}
	LogonId: 0
	TerminalSessionId: 4294967295
	IntegrityLevel: no level
	Hashes: -
	ParentProcessGuid: {76062d67-95f4-6532-3945-a664a1550000}
	ParentProcessId: 5081
	ParentImage: /usr/lib/NetworkManager/nm-dispatcher
	ParentCommandLine: /usr/lib/NetworkManager/nm-dispatcher
	ParentUser: root
Event SYSMONEVENT_PROCESS_TERMINATE
	RuleName: -
	UtcTime: 2023-10-20 15:00:07.075
	ProcessGuid: {76062d67-95f7-6532-b9fb-b9e5b8550000}
	ProcessId: 5398
	Image: /usr/bin/dash
	User: -
Event SYSMONEVENT_CREATE_PROCESS
	RuleName: -
	UtcTime: 2023-10-20 15:00:07.075
	ProcessGuid: {76062d67-95f7-6532-b99b-027921560000}
	ProcessId: 5399
	Image: /usr/bin/dash
	FileVersion: -
	Description: -
	Product: -
	Company: -
	OriginalFileName: -
	CommandLine: /bin/sh /etc/NetworkManager/dispatcher.d/ntpsec eth0 dhcp4-change
	CurrentDirectory: /
	User: root
	LogonGuid: {76062d67-0000-0000-0000-000000000000}
	LogonId: 0
	TerminalSessionId: 4294967295
	IntegrityLevel: no level
	Hashes: -
	ParentProcessGuid: {76062d67-95f4-6532-3945-a664a1550000}
	ParentProcessId: 5081
	ParentImage: /usr/lib/NetworkManager/nm-dispatcher
	ParentCommandLine: /usr/lib/NetworkManager/nm-dispatcher
	ParentUser: root
Event SYSMONEVENT_PROCESS_TERMINATE
	RuleName: -
	UtcTime: 2023-10-20 15:00:07.076
	ProcessGuid: {76062d67-95f7-6532-b99b-027921560000}
	ProcessId: 5399
	Image: /usr/bin/dash
	User: -
Event SYSMONEVENT_PROCESS_TERMINATE
	RuleName: -
	UtcTime: 2023-10-20 15:00:07.081
	ProcessGuid: {76062d67-95f6-6532-39c6-0148aa550000}
	ProcessId: 5386
	Image: /usr/usr/sbin/killall5
	User: -
Event SYSMONEVENT_PROCESS_TERMINATE
	RuleName: -
	UtcTime: 2023-10-20 15:00:07.081
	ProcessGuid: {00000000-0000-0000-0000-000000000000}
	ProcessId: 5149
	Image: <unknown process>
	User: root
Event SYSMONEVENT_CREATE_PROCESS
	RuleName: -
	UtcTime: 2023-10-20 15:00:07.081
	ProcessGuid: {76062d67-95f7-6532-b9fb-7426e6550000}
	ProcessId: 5400
	Image: /usr/bin/dash
	FileVersion: -
	Description: -
	Product: -
	Company: -
	OriginalFileName: -
	CommandLine: /bin/sh -e /etc/NetworkManager/dispatcher.d/01-ifupdown eth0 up
	CurrentDirectory: /
	User: root
	LogonGuid: {76062d67-0000-0000-0000-000000000000}
	LogonId: 0
	TerminalSessionId: 4294967295
	IntegrityLevel: no level
	Hashes: -
	ParentProcessGuid: {76062d67-95f4-6532-3945-a664a1550000}
	ParentProcessId: 5081
	ParentImage: /usr/lib/NetworkManager/nm-dispatcher
	ParentCommandLine: /usr/lib/NetworkManager/nm-dispatcher
	ParentUser: root
Event SYSMONEVENT_CREATE_PROCESS
	RuleName: -
	UtcTime: 2023-10-20 15:00:07.083
	ProcessGuid: {76062d67-95f7-6532-1989-a0df78550000}
	ProcessId: 5401
	Image: /usr/bin/run-parts
	FileVersion: -
	Description: -
	Product: -
	Company: -
	OriginalFileName: -
	CommandLine: run-parts /etc/network/if-up.d
	CurrentDirectory: /
	User: root
	LogonGuid: {76062d67-0000-0000-0000-000000000000}
	LogonId: 0
	TerminalSessionId: 4294967295
	IntegrityLevel: no level
	Hashes: -
	ParentProcessGuid: {76062d67-95f7-6532-b9fb-7426e6550000}
	ParentProcessId: 5400
	ParentImage: /usr/bin/dash
	ParentCommandLine: /bin/sh
	ParentUser: root
Event SYSMONEVENT_CREATE_PROCESS
	RuleName: -
	UtcTime: 2023-10-20 15:00:07.084
	ProcessGuid: {76062d67-95f7-6532-b95b-c10d8f550000}
	ProcessId: 5402
	Image: /usr/bin/dash
	FileVersion: -
	Description: -
	Product: -
	Company: -
	OriginalFileName: -
	CommandLine: /bin/sh /etc/network/if-up.d/ethtool
	CurrentDirectory: /
	User: root
	LogonGuid: {76062d67-0000-0000-0000-000000000000}
	LogonId: 0
	TerminalSessionId: 4294967295
	IntegrityLevel: no level
	Hashes: -
	ParentProcessGuid: {76062d67-95f7-6532-1989-a0df78550000}
	ParentProcessId: 5401
	ParentImage: /usr/bin/run-parts
	ParentCommandLine: run-parts
	ParentUser: root
Event SYSMONEVENT_PROCESS_TERMINATE
	RuleName: -
	UtcTime: 2023-10-20 15:00:07.085
	ProcessGuid: {00000000-0000-0000-0000-000000000000}
	ProcessId: 5404
	Image: <unknown process>
	User: root
Event SYSMONEVENT_CREATE_PROCESS
	RuleName: -
	UtcTime: 2023-10-20 15:00:07.085
	ProcessGuid: {76062d67-95f7-6532-19d9-208c96550000}
	ProcessId: 5405
	Image: /usr/bin/sed
	FileVersion: -
	Description: -
	Product: -
	Company: -
	OriginalFileName: -
	CommandLine: sed -n #012/^IF_ETHERNET_PAUSE_[A-Za-z0-9_]*=/ {#012    h;                             # hold line#012    s/^IF_ETHERNET_PAUSE_//; s/=.*//; s/_/-/g;  # get name without prefix#012    y/ABCDEFGHIJKLMNOPQRSTUVWXYZ/abcdefghijklmnopqrstuvwxyz/;  # lower-case#012    p;#012    g;                             # restore line#012    s/^[^=]*=//; s/^'\(.*\)'/\1/;  # get value#012    p;#012}
	CurrentDirectory: /
	User: root
	LogonGuid: {76062d67-0000-0000-0000-000000000000}
	LogonId: 0
	TerminalSessionId: 4294967295
	IntegrityLevel: no level
	Hashes: -
	ParentProcessGuid: {00000000-0000-0000-0000-000000000000}
	ParentProcessId: 5403
	ParentImage: -
	ParentCommandLine: -
	ParentUser: -
Event SYSMONEVENT_PROCESS_TERMINATE
	RuleName: -
	UtcTime: 2023-10-20 15:00:07.087
	ProcessGuid: {76062d67-95f7-6532-19d9-208c96550000}
	ProcessId: 5405
	Image: /usr/bin/sed
	User: root
Event SYSMONEVENT_PROCESS_TERMINATE
	RuleName: -
	UtcTime: 2023-10-20 15:00:07.087
	ProcessGuid: {76062d67-95f6-6532-0000-000000000000}
	ProcessId: 5403
	Image: -
	User: root
Event SYSMONEVENT_CREATE_PROCESS
	RuleName: -
	UtcTime: 2023-10-20 15:00:07.088
	ProcessGuid: {76062d67-95f7-6532-1929-d4be99550000}
	ProcessId: 5408
	Image: /usr/bin/sed
	FileVersion: -
	Description: -
	Product: -
	Company: -
	OriginalFileName: -
	CommandLine: sed -n #012/^IF_HARDWARE_IRQ_COALESCE_[A-Za-z0-9_]*=/ {#012    h;                             # hold line#012    s/^IF_HARDWARE_IRQ_COALESCE_//; s/=.*//; s/_/-/g;  # get name without prefix#012    y/ABCDEFGHIJKLMNOPQRSTUVWXYZ/abcdefghijklmnopqrstuvwxyz/;  # lower-case#012    p;#012    g;                             # restore line#012    s/^[^=]*=//; s/^'\(.*\)'/\1/;  # get value#012    p;#012}
	CurrentDirectory: /
	User: root
	LogonGuid: {76062d67-0000-0000-0000-000000000000}
	LogonId: 0
	TerminalSessionId: 4294967295
	IntegrityLevel: no level
	Hashes: -
	ParentProcessGuid: {00000000-0000-0000-0000-000000000000}
	ParentProcessId: 5406
	ParentImage: -
	ParentCommandLine: -
	ParentUser: -
Event SYSMONEVENT_PROCESS_TERMINATE
	RuleName: -
	UtcTime: 2023-10-20 15:00:07.088
	ProcessGuid: {00000000-0000-0000-0000-000000000000}
	ProcessId: 5407
	Image: <unknown process>
	User: root
Event SYSMONEVENT_PROCESS_TERMINATE
	RuleName: -
	UtcTime: 2023-10-20 15:00:07.089
	ProcessGuid: {76062d67-95f7-6532-1929-d4be99550000}
	ProcessId: 5408
	Image: /usr/bin/sed
	User: root
Event SYSMONEVENT_PROCESS_TERMINATE
	RuleName: -
	UtcTime: 2023-10-20 15:00:07.089
	ProcessGuid: {00000000-0000-0000-0000-000000000000}
	ProcessId: 5406
	Image: <unknown process>
	User: root
Event SYSMONEVENT_CREATE_PROCESS
	RuleName: -
	UtcTime: 2023-10-20 15:00:07.090
	ProcessGuid: {76062d67-95f7-6532-1989-2ba81d560000}
	ProcessId: 5411
	Image: /usr/bin/sed
	FileVersion: -
	Description: -
	Product: -
	Company: -
	OriginalFileName: -
	CommandLine: sed -n #012/^IF_HARDWARE_DMA_RING_[A-Za-z0-9_]*=/ {#012    h;                             # hold line#012    s/^IF_HARDWARE_DMA_RING_//; s/=.*//; s/_/-/g;  # get name without prefix#012    y/ABCDEFGHIJKLMNOPQRSTUVWXYZ/abcdefghijklmnopqrstuvwxyz/;  # lower-case#012    p;#012    g;                             # restore line#012    s/^[^=]*=//; s/^'\(.*\)'/\1/;  # get value#012    p;#012}
	CurrentDirectory: /
	User: root
	LogonGuid: {76062d67-0000-0000-0000-000000000000}
	LogonId: 0
	TerminalSessionId: 4294967295
	IntegrityLevel: no level
	Hashes: -
	ParentProcessGuid: {00000000-0000-0000-0000-000000000000}
	ParentProcessId: 5409
	ParentImage: -
	ParentCommandLine: -
	ParentUser: -
Event SYSMONEVENT_PROCESS_TERMINATE
	RuleName: -
	UtcTime: 2023-10-20 15:00:07.090
	ProcessGuid: {00000000-0000-0000-0000-000000000000}
	ProcessId: 5410
	Image: <unknown process>
	User: -
Event SYSMONEVENT_PROCESS_TERMINATE
	RuleName: -
	UtcTime: 2023-10-20 15:00:07.091
	ProcessGuid: {76062d67-95f7-6532-1989-2ba81d560000}
	ProcessId: 5411
	Image: /usr/bin/sed
	User: root
Event SYSMONEVENT_PROCESS_TERMINATE
	RuleName: -
	UtcTime: 2023-10-20 15:00:07.091
	ProcessGuid: {76062d67-95f6-6532-0000-000000000000}
	ProcessId: 5409
	Image: -
	User: root
Event SYSMONEVENT_PROCESS_TERMINATE
	RuleName: -
	UtcTime: 2023-10-20 15:00:07.092
	ProcessGuid: {76062d67-95f7-6532-0000-000000000000}
	ProcessId: 5413
	Image: -
	User: -
Event SYSMONEVENT_CREATE_PROCESS
	RuleName: -
	UtcTime: 2023-10-20 15:00:07.092
	ProcessGuid: {76062d67-95f7-6532-19d9-837093550000}
	ProcessId: 5414
	Image: /usr/bin/sed
	FileVersion: -
	Description: -
	Product: -
	Company: -
	OriginalFileName: -
	CommandLine: sed -n #012/^IF_OFFLOAD_[A-Za-z0-9_]*=/ {#012    h;                             # hold line#012    s/^IF_OFFLOAD_//; s/=.*//; s/_/-/g;  # get name without prefix#012    y/ABCDEFGHIJKLMNOPQRSTUVWXYZ/abcdefghijklmnopqrstuvwxyz/;  # lower-case#012    p;#012    g;                             # restore line#012    s/^[^=]*=//; s/^'\(.*\)'/\1/;  # get value#012    p;#012}
	CurrentDirectory: /
	User: root
	LogonGuid: {76062d67-0000-0000-0000-000000000000}
	LogonId: 0
	TerminalSessionId: 4294967295
	IntegrityLevel: no level
	Hashes: -
	ParentProcessGuid: {00000000-0000-0000-0000-000000000000}
	ParentProcessId: 5412
	ParentImage: -
	ParentCommandLine: -
	ParentUser: -
Event SYSMONEVENT_PROCESS_TERMINATE
	RuleName: -
	UtcTime: 2023-10-20 15:00:07.094
	ProcessGuid: {76062d67-95f7-6532-19d9-837093550000}
	ProcessId: 5414
	Image: /usr/bin/sed
	User: root
Event SYSMONEVENT_PROCESS_TERMINATE
	RuleName: -
	UtcTime: 2023-10-20 15:00:07.094
	ProcessGuid: {76062d67-95f7-6532-0000-000000000000}
	ProcessId: 5412
	Image: -
	User: root
Event SYSMONEVENT_PROCESS_TERMINATE
	RuleName: -
	UtcTime: 2023-10-20 15:00:07.094
	ProcessGuid: {76062d67-95f7-6532-b95b-c10d8f550000}
	ProcessId: 5402
	Image: /usr/bin/dash
	User: root
Event SYSMONEVENT_CREATE_PROCESS
	RuleName: -
	UtcTime: 2023-10-20 15:00:07.095
	ProcessGuid: {76062d67-95f7-6532-b98b-3f7cc2550000}
	ProcessId: 5415
	Image: /usr/bin/dash
	FileVersion: -
	Description: -
	Product: -
	Company: -
	OriginalFileName: -
	CommandLine: /bin/sh /etc/network/if-up.d/ifenslave
	CurrentDirectory: /
	User: root
	LogonGuid: {76062d67-0000-0000-0000-000000000000}
	LogonId: 0
	TerminalSessionId: 4294967295
	IntegrityLevel: no level
	Hashes: -
	ParentProcessGuid: {76062d67-95f7-6532-1989-a0df78550000}
	ParentProcessId: 5401
	ParentImage: /usr/bin/run-parts
	ParentCommandLine: run-parts
	ParentUser: root
Event SYSMONEVENT_PROCESS_TERMINATE
	RuleName: -
	UtcTime: 2023-10-20 15:00:07.096
	ProcessGuid: {76062d67-95f7-6532-b98b-3f7cc2550000}
	ProcessId: 5415
	Image: /usr/bin/dash
	User: -
Event SYSMONEVENT_CREATE_PROCESS
	RuleName: -
	UtcTime: 2023-10-20 15:00:07.096
	ProcessGuid: {76062d67-95f7-6532-b9ab-8c5527560000}
	ProcessId: 5416
	Image: /usr/bin/dash
	FileVersion: -
	Description: -
	Product: -
	Company: -
	OriginalFileName: -
	CommandLine: /bin/sh /etc/network/if-up.d/ip
	CurrentDirectory: /
	User: root
	LogonGuid: {76062d67-0000-0000-0000-000000000000}
	LogonId: 0
	TerminalSessionId: 4294967295
	IntegrityLevel: no level
	Hashes: -
	ParentProcessGuid: {76062d67-95f7-6532-1989-a0df78550000}
	ParentProcessId: 5401
	ParentImage: /usr/bin/run-parts
	ParentCommandLine: run-parts
	ParentUser: root
Event SYSMONEVENT_PROCESS_TERMINATE
	RuleName: -
	UtcTime: 2023-10-20 15:00:07.097
	ProcessGuid: {76062d67-95f6-6532-490b-9f482d560000}
	ProcessId: 5150
	Image: /usr/usr/bin/sort
	User: -
Event SYSMONEVENT_PROCESS_TERMINATE
	RuleName: -
	UtcTime: 2023-10-20 15:00:07.097
	ProcessGuid: {76062d67-95f7-6532-b9ab-8c5527560000}
	ProcessId: 5416
	Image: /usr/bin/dash
	User: -
Event SYSMONEVENT_CREATE_PROCESS
	RuleName: -
	UtcTime: 2023-10-20 15:00:07.097
	ProcessGuid: {76062d67-95f7-6532-b9db-73c3b9550000}
	ProcessId: 5417
	Image: /usr/bin/dash
	FileVersion: -
	Description: -
	Product: -
	Company: -
	OriginalFileName: -
	CommandLine: /bin/sh /etc/network/if-up.d/miredo
	CurrentDirectory: /
	User: root
	LogonGuid: {76062d67-0000-0000-0000-000000000000}
	LogonId: 0
	TerminalSessionId: 4294967295
	IntegrityLevel: no level
	Hashes: -
	ParentProcessGuid: {76062d67-95f7-6532-1989-a0df78550000}
	ParentProcessId: 5401
	ParentImage: /usr/bin/run-parts
	ParentCommandLine: run-parts
	ParentUser: root
Event SYSMONEVENT_PROCESS_TERMINATE
	RuleName: -
	UtcTime: 2023-10-20 15:00:07.098
	ProcessGuid: {76062d67-95f6-6532-49eb-6d544c560000}
	ProcessId: 5152
	Image: /usr/usr/bin/sort
	User: root
Event SYSMONEVENT_CREATE_PROCESS
	RuleName: -
	UtcTime: 2023-10-20 15:00:07.099
	ProcessGuid: {76062d67-95f7-6532-b9db-78125a550000}
	ProcessId: 5418
	Image: /usr/bin/dash
	FileVersion: -
	Description: -
	Product: -
	Company: -
	OriginalFileName: -
	CommandLine: /bin/sh /usr/sbin/invoke-rc.d --quiet miredo status
	CurrentDirectory: /
	User: root
	LogonGuid: {76062d67-0000-0000-0000-000000000000}
	LogonId: 0
	TerminalSessionId: 4294967295
	IntegrityLevel: no level
	Hashes: -
	ParentProcessGuid: {76062d67-95f7-6532-b9db-73c3b9550000}
	ParentProcessId: 5417
	ParentImage: /usr/bin/dash
	ParentCommandLine: /bin/sh
	ParentUser: root
Event SYSMONEVENT_CREATE_PROCESS
	RuleName: -
	UtcTime: 2023-10-20 15:00:07.100
	ProcessGuid: {76062d67-95f7-6532-25de-3ffb99550000}
	ProcessId: 5419
	Image: /usr/bin/systemctl
	FileVersion: -
	Description: -
	Product: -
	Company: -
	OriginalFileName: -
	CommandLine: /sbin/runlevel
	CurrentDirectory: /
	User: root
	LogonGuid: {76062d67-0000-0000-0000-000000000000}
	LogonId: 0
	TerminalSessionId: 4294967295
	IntegrityLevel: no level
	Hashes: -
	ParentProcessGuid: {76062d67-95f7-6532-b9db-78125a550000}
	ParentProcessId: 5418
	ParentImage: /usr/bin/dash
	ParentCommandLine: /bin/sh
	ParentUser: root
Event SYSMONEVENT_CREATE_PROCESS
	RuleName: -
	UtcTime: 2023-10-20 15:00:07.101
	ProcessGuid: {76062d67-95f7-6532-5929-a36946560000}
	ProcessId: 5420
	Image: /usr/usr/bin/find
	FileVersion: -
	Description: -
	Product: -
	Company: -
	OriginalFileName: -
	CommandLine: find -O3 /var/lib/php/sessions/ -ignore_readdir_race -depth -mindepth 1 -name sess_* -type f -cmin +24 -delete
	CurrentDirectory: /
	User: root
	LogonGuid: {76062d67-0000-0000-0000-000000000000}
	LogonId: 0
	TerminalSessionId: 4294967295
	IntegrityLevel: no level
	Hashes: -
	ParentProcessGuid: {00000000-0000-0000-0000-000000000000}
	ParentProcessId: 5156
	ParentImage: -
	ParentCommandLine: -
	ParentUser: -
