Event SYSMONEVENT_CREATE_PROCESS
	RuleName: -
	UtcTime: 2023-10-20 15:02:26.215
	ProcessGuid: {76062d67-9682-6532-b97b-08ea8a550000}
	ProcessId: 6708
	Image: /usr/bin/dash
	FileVersion: -
	Description: -
	Product: -
	Company: -
	OriginalFileName: -
	CommandLine: /bin/sh /usr/share/kali-themes/xfce4-panel-genmon-vpnip.sh
	CurrentDirectory: /home/kali
	User: kali
	LogonGuid: {76062d67-0000-0000-e803-000000000000}
	LogonId: 1000
	TerminalSessionId: 2
	IntegrityLevel: no level
	Hashes: -
	ParentProcessGuid: {00000000-0000-0000-0000-000000000000}
	ParentProcessId: 1364
	ParentImage: -
	ParentCommandLine: -
	ParentUser: -
Event SYSMONEVENT_CREATE_PROCESS
	RuleName: -
	UtcTime: 2023-10-20 15:02:26.217
	ProcessGuid: {76062d67-9682-6532-1db6-a18262550000}
	ProcessId: 6710
	Image: /usr/bin/ip
	FileVersion: -
	Description: -
	Product: -
	Company: -
	OriginalFileName: -
	CommandLine: ip tuntap show
	CurrentDirectory: /home/kali
	User: kali
	LogonGuid: {76062d67-0000-0000-e803-000000000000}
	LogonId: 1000
	TerminalSessionId: 2
	IntegrityLevel: no level
	Hashes: -
	ParentProcessGuid: {00000000-0000-0000-0000-000000000000}
	ParentProcessId: 6709
	ParentImage: -
	ParentCommandLine: -
	ParentUser: -
Event SYSMONEVENT_CREATE_PROCESS
	RuleName: -
	UtcTime: 2023-10-20 15:02:26.217
	ProcessGuid: {76062d67-9682-6532-d928-5bdef8550000}
	ProcessId: 6711
	Image: /usr/bin/cut
	FileVersion: -
	Description: -
	Product: -
	Company: -
	OriginalFileName: -
	CommandLine: cut -d : -f1
	CurrentDirectory: /home/kali
	User: kali
	LogonGuid: {76062d67-0000-0000-e803-000000000000}
	LogonId: 1000
	TerminalSessionId: 2
	IntegrityLevel: no level
	Hashes: -
	ParentProcessGuid: {00000000-0000-0000-0000-000000000000}
	ParentProcessId: 6709
	ParentImage: -
	ParentCommandLine: -
	ParentUser: -
Event SYSMONEVENT_CREATE_PROCESS
	RuleName: -
	UtcTime: 2023-10-20 15:02:26.217
	ProcessGuid: {76062d67-9682-6532-292e-f2fc2c560000}
	ProcessId: 6712
	Image: /usr/bin/head
	FileVersion: -
	Description: -
	Product: -
	Company: -
	OriginalFileName: -
	CommandLine: head -n 1
	CurrentDirectory: /home/kali
	User: kali
	LogonGuid: {76062d67-0000-0000-e803-000000000000}
	LogonId: 1000
	TerminalSessionId: 2
	IntegrityLevel: no level
	Hashes: -
	ParentProcessGuid: {00000000-0000-0000-0000-000000000000}
	ParentProcessId: 6709
	ParentImage: -
	ParentCommandLine: -
	ParentUser: -
Event SYSMONEVENT_NETWORK_CONNECT
	RuleName: -
	UtcTime: 2023-10-20 15:02:26.219
	ProcessGuid: {76062d67-9682-6532-1db6-a18262550000}
	ProcessId: 6710
	Image: /usr/bin/ip
	User: kali
	Protocol: udp
	Initiated: true
	SourceIsIpv6: true
	SourceIp: 0:0:0:0:0:0:0:0
	SourceHostname: -
	SourcePort: 0
	SourcePortName: -
	DestinationIsIpv6: true
	DestinationIp: 0:0:0:0:0:0:0:0
	DestinationHostname: -
	DestinationPort: 0
	DestinationPortName: -
Event SYSMONEVENT_PROCESS_TERMINATE
	RuleName: -
	UtcTime: 2023-10-20 15:02:26.219
	ProcessGuid: {76062d67-9682-6532-1db6-a18262550000}
	ProcessId: 6710
	Image: /usr/bin/ip
	User: kali
Event SYSMONEVENT_PROCESS_TERMINATE
	RuleName: -
	UtcTime: 2023-10-20 15:02:26.219
	ProcessGuid: {76062d67-9682-6532-d928-5bdef8550000}
	ProcessId: 6711
	Image: /usr/bin/cut
	User: kali
Event SYSMONEVENT_PROCESS_TERMINATE
	RuleName: -
	UtcTime: 2023-10-20 15:02:26.219
	ProcessGuid: {76062d67-9682-6532-292e-f2fc2c560000}
	ProcessId: 6712
	Image: /usr/bin/head
	User: kali
Event SYSMONEVENT_PROCESS_TERMINATE
	RuleName: -
	UtcTime: 2023-10-20 15:02:26.219
	ProcessGuid: {76062d67-9680-6532-0000-000000000000}
	ProcessId: 6709
	Image: -
	User: kali
Event SYSMONEVENT_CREATE_PROCESS
	RuleName: -
	UtcTime: 2023-10-20 15:02:26.219
	ProcessGuid: {76062d67-9682-6532-1d46-162f21560000}
	ProcessId: 6714
	Image: /usr/bin/ip
	FileVersion: -
	Description: -
	Product: -
	Company: -
	OriginalFileName: -
	CommandLine: ip a s 
	CurrentDirectory: /home/kali
	User: kali
	LogonGuid: {76062d67-0000-0000-e803-000000000000}
	LogonId: 1000
	TerminalSessionId: 2
	IntegrityLevel: no level
	Hashes: -
	ParentProcessGuid: {00000000-0000-0000-0000-000000000000}
	ParentProcessId: 6713
	ParentImage: -
	ParentCommandLine: -
	ParentUser: -
Event SYSMONEVENT_CREATE_PROCESS
	RuleName: -
	UtcTime: 2023-10-20 15:02:26.220
	ProcessGuid: {76062d67-9682-6532-59d3-b6ad89550000}
	ProcessId: 6715
	Image: /usr/bin/grep
	FileVersion: -
	Description: -
	Product: -
	Company: -
	OriginalFileName: -
	CommandLine: grep -o -P (?<=inet )[0-9]{1,3}(\.[0-9]{1,3}){3}
	CurrentDirectory: /home/kali
	User: kali
	LogonGuid: {76062d67-0000-0000-e803-000000000000}
	LogonId: 1000
	TerminalSessionId: 2
	IntegrityLevel: no level
	Hashes: -
	ParentProcessGuid: {00000000-0000-0000-0000-000000000000}
	ParentProcessId: 6713
	ParentImage: -
	ParentCommandLine: -
	ParentUser: -
Event SYSMONEVENT_PROCESS_TERMINATE
	RuleName: -
	UtcTime: 2023-10-20 15:02:26.221
	ProcessGuid: {76062d67-9682-6532-1d46-162f21560000}
	ProcessId: 6714
	Image: /usr/bin/ip
	User: kali
Event SYSMONEVENT_PROCESS_TERMINATE
	RuleName: -
	UtcTime: 2023-10-20 15:02:26.221
	ProcessGuid: {76062d67-9682-6532-59d3-b6ad89550000}
	ProcessId: 6715
	Image: /usr/bin/grep
	User: kali
Event SYSMONEVENT_PROCESS_TERMINATE
	RuleName: -
	UtcTime: 2023-10-20 15:02:26.221
	ProcessGuid: {76062d67-9680-6532-0000-000000000000}
	ProcessId: 6713
	Image: -
	User: kali
Event SYSMONEVENT_PROCESS_TERMINATE
	RuleName: -
	UtcTime: 2023-10-20 15:02:26.221
	ProcessGuid: {76062d67-9682-6532-b97b-08ea8a550000}
	ProcessId: 6708
	Image: /usr/bin/dash
	User: kali
Event SYSMONEVENT_CREATE_PROCESS
	RuleName: -
	UtcTime: 2023-10-20 15:02:27.217
	ProcessGuid: {76062d67-9683-6532-b96b-149cb3550000}
	ProcessId: 6716
	Image: /usr/bin/dash
	FileVersion: -
	Description: -
	Product: -
	Company: -
	OriginalFileName: -
	CommandLine: /bin/sh /usr/share/kali-themes/xfce4-panel-genmon-vpnip.sh
	CurrentDirectory: /home/kali
	User: kali
	LogonGuid: {76062d67-0000-0000-e803-000000000000}
	LogonId: 1000
	TerminalSessionId: 2
	IntegrityLevel: no level
	Hashes: -
	ParentProcessGuid: {00000000-0000-0000-0000-000000000000}
	ParentProcessId: 1364
	ParentImage: -
	ParentCommandLine: -
	ParentUser: -
Event SYSMONEVENT_CREATE_PROCESS
	RuleName: -
	UtcTime: 2023-10-20 15:02:27.219
	ProcessGuid: {76062d67-9683-6532-1d46-17960f560000}
	ProcessId: 6718
	Image: /usr/bin/ip
	FileVersion: -
	Description: -
	Product: -
	Company: -
	OriginalFileName: -
	CommandLine: ip tuntap show
	CurrentDirectory: /home/kali
	User: kali
	LogonGuid: {76062d67-0000-0000-e803-000000000000}
	LogonId: 1000
	TerminalSessionId: 2
	IntegrityLevel: no level
	Hashes: -
	ParentProcessGuid: {00000000-0000-0000-0000-000000000000}
	ParentProcessId: 6717
	ParentImage: -
	ParentCommandLine: -
	ParentUser: -
Event SYSMONEVENT_CREATE_PROCESS
	RuleName: -
	UtcTime: 2023-10-20 15:02:27.219
	ProcessGuid: {76062d67-9683-6532-294e-d5a003560000}
	ProcessId: 6720
	Image: /usr/bin/head
	FileVersion: -
	Description: -
	Product: -
	Company: -
	OriginalFileName: -
	CommandLine: head -n 1
	CurrentDirectory: /home/kali
	User: kali
	LogonGuid: {76062d67-0000-0000-e803-000000000000}
	LogonId: 1000
	TerminalSessionId: 2
	IntegrityLevel: no level
	Hashes: -
	ParentProcessGuid: {00000000-0000-0000-0000-000000000000}
	ParentProcessId: 6717
	ParentImage: -
	ParentCommandLine: -
	ParentUser: -
Event SYSMONEVENT_CREATE_PROCESS
	RuleName: -
	UtcTime: 2023-10-20 15:02:27.219
	ProcessGuid: {76062d67-9683-6532-d9b8-987f32560000}
	ProcessId: 6719
	Image: /usr/bin/cut
	FileVersion: -
	Description: -
	Product: -
	Company: -
	OriginalFileName: -
	CommandLine: cut -d : -f1
	CurrentDirectory: /home/kali
	User: kali
	LogonGuid: {76062d67-0000-0000-e803-000000000000}
	LogonId: 1000
	TerminalSessionId: 2
	IntegrityLevel: no level
	Hashes: -
	ParentProcessGuid: {00000000-0000-0000-0000-000000000000}
	ParentProcessId: 6717
	ParentImage: -
	ParentCommandLine: -
	ParentUser: -
Event SYSMONEVENT_NETWORK_CONNECT
	RuleName: -
	UtcTime: 2023-10-20 15:02:27.220
	ProcessGuid: {76062d67-9683-6532-1d46-17960f560000}
	ProcessId: 6718
	Image: /usr/bin/ip
	User: kali
	Protocol: udp
	Initiated: true
	SourceIsIpv6: true
	SourceIp: 0:0:0:0:0:0:0:0
	SourceHostname: -
	SourcePort: 0
	SourcePortName: -
	DestinationIsIpv6: true
	DestinationIp: 0:0:0:0:0:0:0:0
	DestinationHostname: -
	DestinationPort: 0
	DestinationPortName: -
Event SYSMONEVENT_PROCESS_TERMINATE
	RuleName: -
	UtcTime: 2023-10-20 15:02:27.220
	ProcessGuid: {76062d67-9683-6532-1d46-17960f560000}
	ProcessId: 6718
	Image: /usr/bin/ip
	User: kali
Event SYSMONEVENT_PROCESS_TERMINATE
	RuleName: -
	UtcTime: 2023-10-20 15:02:27.221
	ProcessGuid: {76062d67-9683-6532-d9b8-987f32560000}
	ProcessId: 6719
	Image: /usr/bin/cut
	User: kali
Event SYSMONEVENT_PROCESS_TERMINATE
	RuleName: -
	UtcTime: 2023-10-20 15:02:27.221
	ProcessGuid: {76062d67-9683-6532-294e-d5a003560000}
	ProcessId: 6720
	Image: /usr/bin/head
	User: kali
Event SYSMONEVENT_PROCESS_TERMINATE
	RuleName: -
	UtcTime: 2023-10-20 15:02:27.221
	ProcessGuid: {76062d67-9680-6532-0000-000000000000}
	ProcessId: 6717
	Image: -
	User: kali
Event SYSMONEVENT_CREATE_PROCESS
	RuleName: -
	UtcTime: 2023-10-20 15:02:27.221
	ProcessGuid: {76062d67-9683-6532-1d16-28b751560000}
	ProcessId: 6722
	Image: /usr/bin/ip
	FileVersion: -
	Description: -
	Product: -
	Company: -
	OriginalFileName: -
	CommandLine: ip a s 
	CurrentDirectory: /home/kali
	User: kali
	LogonGuid: {76062d67-0000-0000-e803-000000000000}
	LogonId: 1000
	TerminalSessionId: 2
	IntegrityLevel: no level
	Hashes: -
	ParentProcessGuid: {00000000-0000-0000-0000-000000000000}
	ParentProcessId: 6721
	ParentImage: -
	ParentCommandLine: -
	ParentUser: -
Event SYSMONEVENT_CREATE_PROCESS
	RuleName: -
	UtcTime: 2023-10-20 15:02:27.221
	ProcessGuid: {76062d67-9683-6532-5963-7f9004560000}
	ProcessId: 6723
	Image: /usr/bin/grep
	FileVersion: -
	Description: -
	Product: -
	Company: -
	OriginalFileName: -
	CommandLine: grep -o -P (?<=inet )[0-9]{1,3}(\.[0-9]{1,3}){3}
	CurrentDirectory: /home/kali
	User: kali
	LogonGuid: {76062d67-0000-0000-e803-000000000000}
	LogonId: 1000
	TerminalSessionId: 2
	IntegrityLevel: no level
	Hashes: -
	ParentProcessGuid: {00000000-0000-0000-0000-000000000000}
	ParentProcessId: 6721
	ParentImage: -
	ParentCommandLine: -
	ParentUser: -
Event SYSMONEVENT_PROCESS_TERMINATE
	RuleName: -
	UtcTime: 2023-10-20 15:02:27.223
	ProcessGuid: {76062d67-9683-6532-1d16-28b751560000}
	ProcessId: 6722
	Image: /usr/bin/ip
	User: kali
Event SYSMONEVENT_PROCESS_TERMINATE
	RuleName: -
	UtcTime: 2023-10-20 15:02:27.223
	ProcessGuid: {76062d67-9683-6532-5963-7f9004560000}
	ProcessId: 6723
	Image: /usr/bin/grep
	User: kali
Event SYSMONEVENT_PROCESS_TERMINATE
	RuleName: -
	UtcTime: 2023-10-20 15:02:27.223
	ProcessGuid: {76062d67-9680-6532-0000-000000000000}
	ProcessId: 6721
	Image: -
	User: kali
Event SYSMONEVENT_PROCESS_TERMINATE
	RuleName: -
	UtcTime: 2023-10-20 15:02:27.223
	ProcessGuid: {76062d67-9683-6532-b96b-149cb3550000}
	ProcessId: 6716
	Image: /usr/bin/dash
	User: kali
Event SYSMONEVENT_CREATE_PROCESS
	RuleName: -
	UtcTime: 2023-10-20 15:02:28.218
	ProcessGuid: {76062d67-9684-6532-b95b-2ce01a560000}
	ProcessId: 6724
	Image: /usr/bin/dash
	FileVersion: -
	Description: -
	Product: -
	Company: -
	OriginalFileName: -
	CommandLine: /bin/sh /usr/share/kali-themes/xfce4-panel-genmon-vpnip.sh
	CurrentDirectory: /home/kali
	User: kali
	LogonGuid: {76062d67-0000-0000-e803-000000000000}
	LogonId: 1000
	TerminalSessionId: 2
	IntegrityLevel: no level
	Hashes: -
	ParentProcessGuid: {00000000-0000-0000-0000-000000000000}
	ParentProcessId: 1364
	ParentImage: -
	ParentCommandLine: -
	ParentUser: -
Event SYSMONEVENT_CREATE_PROCESS
	RuleName: -
	UtcTime: 2023-10-20 15:02:28.220
	ProcessGuid: {76062d67-9684-6532-1dc6-be5e8a550000}
	ProcessId: 6726
	Image: /usr/bin/ip
	FileVersion: -
	Description: -
	Product: -
	Company: -
	OriginalFileName: -
	CommandLine: ip tuntap show
	CurrentDirectory: /home/kali
	User: kali
	LogonGuid: {76062d67-0000-0000-e803-000000000000}
	LogonId: 1000
	TerminalSessionId: 2
	IntegrityLevel: no level
	Hashes: -
	ParentProcessGuid: {00000000-0000-0000-0000-000000000000}
	ParentProcessId: 6725
	ParentImage: -
	ParentCommandLine: -
	ParentUser: -
Event SYSMONEVENT_CREATE_PROCESS
	RuleName: -
	UtcTime: 2023-10-20 15:02:28.220
	ProcessGuid: {76062d67-9684-6532-d948-17dfef550000}
	ProcessId: 6727
	Image: /usr/bin/cut
	FileVersion: -
	Description: -
	Product: -
	Company: -
	OriginalFileName: -
	CommandLine: cut -d : -f1
	CurrentDirectory: /home/kali
	User: kali
	LogonGuid: {76062d67-0000-0000-e803-000000000000}
	LogonId: 1000
	TerminalSessionId: 2
	IntegrityLevel: no level
	Hashes: -
	ParentProcessGuid: {00000000-0000-0000-0000-000000000000}
	ParentProcessId: 6725
	ParentImage: -
	ParentCommandLine: -
	ParentUser: -
Event SYSMONEVENT_CREATE_PROCESS
	RuleName: -
	UtcTime: 2023-10-20 15:02:28.220
	ProcessGuid: {76062d67-9684-6532-295e-afb703560000}
	ProcessId: 6728
	Image: /usr/bin/head
	FileVersion: -
	Description: -
	Product: -
	Company: -
	OriginalFileName: -
	CommandLine: head -n 1
	CurrentDirectory: /home/kali
	User: kali
	LogonGuid: {76062d67-0000-0000-e803-000000000000}
	LogonId: 1000
	TerminalSessionId: 2
	IntegrityLevel: no level
	Hashes: -
	ParentProcessGuid: {00000000-0000-0000-0000-000000000000}
	ParentProcessId: 6725
	ParentImage: -
	ParentCommandLine: -
	ParentUser: -
Event SYSMONEVENT_NETWORK_CONNECT
	RuleName: -
	UtcTime: 2023-10-20 15:02:28.221
	ProcessGuid: {76062d67-9684-6532-1dc6-be5e8a550000}
	ProcessId: 6726
	Image: /usr/bin/ip
	User: kali
	Protocol: udp
	Initiated: true
	SourceIsIpv6: true
	SourceIp: 0:0:0:0:0:0:0:0
	SourceHostname: -
	SourcePort: 0
	SourcePortName: -
	DestinationIsIpv6: true
	DestinationIp: 0:0:0:0:0:0:0:0
	DestinationHostname: -
	DestinationPort: 0
	DestinationPortName: -
Event SYSMONEVENT_PROCESS_TERMINATE
	RuleName: -
	UtcTime: 2023-10-20 15:02:28.221
	ProcessGuid: {76062d67-9684-6532-1dc6-be5e8a550000}
	ProcessId: 6726
	Image: /usr/bin/ip
	User: kali
Event SYSMONEVENT_PROCESS_TERMINATE
	RuleName: -
	UtcTime: 2023-10-20 15:02:28.221
	ProcessGuid: {76062d67-9684-6532-d948-17dfef550000}
	ProcessId: 6727
	Image: /usr/bin/cut
	User: kali
Event SYSMONEVENT_PROCESS_TERMINATE
	RuleName: -
	UtcTime: 2023-10-20 15:02:28.221
	ProcessGuid: {76062d67-9684-6532-295e-afb703560000}
	ProcessId: 6728
	Image: /usr/bin/head
	User: kali
Event SYSMONEVENT_PROCESS_TERMINATE
	RuleName: -
	UtcTime: 2023-10-20 15:02:28.222
	ProcessGuid: {76062d67-9684-6532-0000-000000000000}
	ProcessId: 6725
	Image: -
	User: kali
Event SYSMONEVENT_CREATE_PROCESS
	RuleName: -
	UtcTime: 2023-10-20 15:02:28.222
	ProcessGuid: {76062d67-9684-6532-59e3-5dd5cf550000}
	ProcessId: 6731
	Image: /usr/bin/grep
	FileVersion: -
	Description: -
	Product: -
	Company: -
	OriginalFileName: -
	CommandLine: grep -o -P (?<=inet )[0-9]{1,3}(\.[0-9]{1,3}){3}
	CurrentDirectory: /home/kali
	User: kali
	LogonGuid: {76062d67-0000-0000-e803-000000000000}
	LogonId: 1000
	TerminalSessionId: 2
	IntegrityLevel: no level
	Hashes: -
	ParentProcessGuid: {00000000-0000-0000-0000-000000000000}
	ParentProcessId: 6729
	ParentImage: -
	ParentCommandLine: -
	ParentUser: -
Event SYSMONEVENT_CREATE_PROCESS
	RuleName: -
	UtcTime: 2023-10-20 15:02:28.222
	ProcessGuid: {76062d67-9684-6532-1d26-c68c93550000}
	ProcessId: 6730
	Image: /usr/bin/ip
	FileVersion: -
	Description: -
	Product: -
	Company: -
	OriginalFileName: -
	CommandLine: ip a s 
	CurrentDirectory: /home/kali
	User: kali
	LogonGuid: {76062d67-0000-0000-e803-000000000000}
	LogonId: 1000
	TerminalSessionId: 2
	IntegrityLevel: no level
	Hashes: -
	ParentProcessGuid: {00000000-0000-0000-0000-000000000000}
	ParentProcessId: 6729
	ParentImage: -
	ParentCommandLine: -
	ParentUser: -
Event SYSMONEVENT_PROCESS_TERMINATE
	RuleName: -
	UtcTime: 2023-10-20 15:02:28.223
	ProcessGuid: {76062d67-9684-6532-1d26-c68c93550000}
	ProcessId: 6730
	Image: /usr/bin/ip
	User: kali
Event SYSMONEVENT_PROCESS_TERMINATE
	RuleName: -
	UtcTime: 2023-10-20 15:02:28.224
	ProcessGuid: {76062d67-9684-6532-59e3-5dd5cf550000}
	ProcessId: 6731
	Image: /usr/bin/grep
	User: kali
Event SYSMONEVENT_PROCESS_TERMINATE
	RuleName: -
	UtcTime: 2023-10-20 15:02:28.224
	ProcessGuid: {00000000-0000-0000-0000-000000000000}
	ProcessId: 6729
	Image: <unknown process>
	User: kali
Event SYSMONEVENT_PROCESS_TERMINATE
	RuleName: -
	UtcTime: 2023-10-20 15:02:28.224
	ProcessGuid: {76062d67-9684-6532-b95b-2ce01a560000}
	ProcessId: 6724
	Image: /usr/bin/dash
	User: kali
Event SYSMONEVENT_CREATE_PROCESS
	RuleName: -
	UtcTime: 2023-10-20 15:02:29.220
	ProcessGuid: {76062d67-9685-6532-b98b-1ecad4550000}
	ProcessId: 6732
	Image: /usr/bin/dash
	FileVersion: -
	Description: -
	Product: -
	Company: -
	OriginalFileName: -
	CommandLine: /bin/sh /usr/share/kali-themes/xfce4-panel-genmon-vpnip.sh
	CurrentDirectory: /home/kali
	User: kali
	LogonGuid: {76062d67-0000-0000-e803-000000000000}
	LogonId: 1000
	TerminalSessionId: 2
	IntegrityLevel: no level
	Hashes: -
	ParentProcessGuid: {00000000-0000-0000-0000-000000000000}
	ParentProcessId: 1364
	ParentImage: -
	ParentCommandLine: -
	ParentUser: -
Event SYSMONEVENT_CREATE_PROCESS
	RuleName: -
	UtcTime: 2023-10-20 15:02:29.222
	ProcessGuid: {76062d67-9685-6532-1d36-83b61e560000}
	ProcessId: 6734
	Image: /usr/bin/ip
	FileVersion: -
	Description: -
	Product: -
	Company: -
	OriginalFileName: -
	CommandLine: ip tuntap show
	CurrentDirectory: /home/kali
	User: kali
	LogonGuid: {76062d67-0000-0000-e803-000000000000}
	LogonId: 1000
	TerminalSessionId: 2
	IntegrityLevel: no level
	Hashes: -
	ParentProcessGuid: {00000000-0000-0000-0000-000000000000}
	ParentProcessId: 6733
	ParentImage: -
	ParentCommandLine: -
	ParentUser: -
Event SYSMONEVENT_CREATE_PROCESS
	RuleName: -
	UtcTime: 2023-10-20 15:02:29.222
	ProcessGuid: {76062d67-9685-6532-d9a8-8cb8f9550000}
	ProcessId: 6735
	Image: /usr/bin/cut
	FileVersion: -
	Description: -
	Product: -
	Company: -
	OriginalFileName: -
	CommandLine: cut -d : -f1
	CurrentDirectory: /home/kali
	User: kali
	LogonGuid: {76062d67-0000-0000-e803-000000000000}
	LogonId: 1000
	TerminalSessionId: 2
	IntegrityLevel: no level
	Hashes: -
	ParentProcessGuid: {00000000-0000-0000-0000-000000000000}
	ParentProcessId: 6733
	ParentImage: -
	ParentCommandLine: -
	ParentUser: -
Event SYSMONEVENT_CREATE_PROCESS
	RuleName: -
	UtcTime: 2023-10-20 15:02:29.222
	ProcessGuid: {76062d67-9685-6532-29fe-687352560000}
	ProcessId: 6736
	Image: /usr/bin/head
	FileVersion: -
	Description: -
	Product: -
	Company: -
	OriginalFileName: -
	CommandLine: head -n 1
	CurrentDirectory: /home/kali
	User: kali
	LogonGuid: {76062d67-0000-0000-e803-000000000000}
	LogonId: 1000
	TerminalSessionId: 2
	IntegrityLevel: no level
	Hashes: -
	ParentProcessGuid: {00000000-0000-0000-0000-000000000000}
	ParentProcessId: 6733
	ParentImage: -
	ParentCommandLine: -
	ParentUser: -
Event SYSMONEVENT_NETWORK_CONNECT
	RuleName: -
	UtcTime: 2023-10-20 15:02:29.223
	ProcessGuid: {76062d67-9685-6532-1d36-83b61e560000}
	ProcessId: 6734
	Image: /usr/bin/ip
	User: kali
	Protocol: udp
	Initiated: true
	SourceIsIpv6: true
	SourceIp: 0:0:0:0:0:0:0:0
	SourceHostname: -
	SourcePort: 0
	SourcePortName: -
	DestinationIsIpv6: true
	DestinationIp: 0:0:0:0:0:0:0:0
	DestinationHostname: -
	DestinationPort: 0
	DestinationPortName: -
Event SYSMONEVENT_PROCESS_TERMINATE
	RuleName: -
	UtcTime: 2023-10-20 15:02:29.223
	ProcessGuid: {76062d67-9685-6532-1d36-83b61e560000}
	ProcessId: 6734
	Image: /usr/bin/ip
	User: kali
Event SYSMONEVENT_PROCESS_TERMINATE
	RuleName: -
	UtcTime: 2023-10-20 15:02:29.223
	ProcessGuid: {76062d67-9685-6532-d9a8-8cb8f9550000}
	ProcessId: 6735
	Image: /usr/bin/cut
	User: kali
Event SYSMONEVENT_PROCESS_TERMINATE
	RuleName: -
	UtcTime: 2023-10-20 15:02:29.223
	ProcessGuid: {76062d67-9685-6532-29fe-687352560000}
	ProcessId: 6736
	Image: /usr/bin/head
	User: kali
Event SYSMONEVENT_PROCESS_TERMINATE
	RuleName: -
	UtcTime: 2023-10-20 15:02:29.224
	ProcessGuid: {76062d67-9684-6532-0000-000000000000}
	ProcessId: 6733
	Image: -
	User: kali
Event SYSMONEVENT_CREATE_PROCESS
	RuleName: -
	UtcTime: 2023-10-20 15:02:29.224
	ProcessGuid: {76062d67-9685-6532-1de6-3b56f2550000}
	ProcessId: 6738
	Image: /usr/bin/ip
	FileVersion: -
	Description: -
	Product: -
	Company: -
	OriginalFileName: -
	CommandLine: ip a s 
	CurrentDirectory: /home/kali
	User: kali
	LogonGuid: {76062d67-0000-0000-e803-000000000000}
	LogonId: 1000
	TerminalSessionId: 2
	IntegrityLevel: no level
	Hashes: -
	ParentProcessGuid: {00000000-0000-0000-0000-000000000000}
	ParentProcessId: 6737
	ParentImage: -
	ParentCommandLine: -
	ParentUser: -
Event SYSMONEVENT_CREATE_PROCESS
	RuleName: -
	UtcTime: 2023-10-20 15:02:29.224
	ProcessGuid: {76062d67-9685-6532-5923-c1c955550000}
	ProcessId: 6739
	Image: /usr/bin/grep
	FileVersion: -
	Description: -
	Product: -
	Company: -
	OriginalFileName: -
	CommandLine: grep -o -P (?<=inet )[0-9]{1,3}(\.[0-9]{1,3}){3}
	CurrentDirectory: /home/kali
	User: kali
	LogonGuid: {76062d67-0000-0000-e803-000000000000}
	LogonId: 1000
	TerminalSessionId: 2
	IntegrityLevel: no level
	Hashes: -
	ParentProcessGuid: {00000000-0000-0000-0000-000000000000}
	ParentProcessId: 6737
	ParentImage: -
	ParentCommandLine: -
	ParentUser: -
Event SYSMONEVENT_PROCESS_TERMINATE
	RuleName: -
	UtcTime: 2023-10-20 15:02:29.226
	ProcessGuid: {76062d67-9685-6532-1de6-3b56f2550000}
	ProcessId: 6738
	Image: /usr/bin/ip
	User: kali
Event SYSMONEVENT_PROCESS_TERMINATE
	RuleName: -
	UtcTime: 2023-10-20 15:02:29.226
	ProcessGuid: {76062d67-9685-6532-5923-c1c955550000}
	ProcessId: 6739
	Image: /usr/bin/grep
	User: kali
Event SYSMONEVENT_PROCESS_TERMINATE
	RuleName: -
	UtcTime: 2023-10-20 15:02:29.226
	ProcessGuid: {00000000-0000-0000-0000-000000000000}
	ProcessId: 6737
	Image: <unknown process>
	User: kali
Event SYSMONEVENT_PROCESS_TERMINATE
	RuleName: -
	UtcTime: 2023-10-20 15:02:29.226
	ProcessGuid: {76062d67-9685-6532-b98b-1ecad4550000}
	ProcessId: 6732
	Image: /usr/bin/dash
	User: kali
Event SYSMONEVENT_CREATE_PROCESS
	RuleName: -
	UtcTime: 2023-10-20 15:02:30.222
	ProcessGuid: {76062d67-9686-6532-b96b-198398550000}
	ProcessId: 6740
	Image: /usr/bin/dash
	FileVersion: -
	Description: -
	Product: -
	Company: -
	OriginalFileName: -
	CommandLine: /bin/sh /usr/share/kali-themes/xfce4-panel-genmon-vpnip.sh
	CurrentDirectory: /home/kali
	User: kali
	LogonGuid: {76062d67-0000-0000-e803-000000000000}
	LogonId: 1000
	TerminalSessionId: 2
	IntegrityLevel: no level
	Hashes: -
	ParentProcessGuid: {00000000-0000-0000-0000-000000000000}
	ParentProcessId: 1364
	ParentImage: -
	ParentCommandLine: -
	ParentUser: -
Event SYSMONEVENT_CREATE_PROCESS
	RuleName: -
	UtcTime: 2023-10-20 15:02:30.224
	ProcessGuid: {76062d67-9686-6532-d918-8726cb550000}
	ProcessId: 6743
	Image: /usr/bin/cut
	FileVersion: -
	Description: -
	Product: -
	Company: -
	OriginalFileName: -
	CommandLine: cut -d : -f1
	CurrentDirectory: /home/kali
	User: kali
	LogonGuid: {76062d67-0000-0000-e803-000000000000}
	LogonId: 1000
	TerminalSessionId: 2
	IntegrityLevel: no level
	Hashes: -
	ParentProcessGuid: {00000000-0000-0000-0000-000000000000}
	ParentProcessId: 6741
	ParentImage: -
	ParentCommandLine: -
	ParentUser: -
Event SYSMONEVENT_CREATE_PROCESS
	RuleName: -
	UtcTime: 2023-10-20 15:02:30.224
	ProcessGuid: {76062d67-9686-6532-1d16-24d1eb550000}
	ProcessId: 6742
	Image: /usr/bin/ip
	FileVersion: -
	Description: -
	Product: -
	Company: -
	OriginalFileName: -
	CommandLine: ip tuntap show
	CurrentDirectory: /home/kali
	User: kali
	LogonGuid: {76062d67-0000-0000-e803-000000000000}
	LogonId: 1000
	TerminalSessionId: 2
	IntegrityLevel: no level
	Hashes: -
	ParentProcessGuid: {00000000-0000-0000-0000-000000000000}
	ParentProcessId: 6741
	ParentImage: -
	ParentCommandLine: -
	ParentUser: -
Event SYSMONEVENT_CREATE_PROCESS
	RuleName: -
	UtcTime: 2023-10-20 15:02:30.224
	ProcessGuid: {76062d67-9686-6532-29be-4c0e13560000}
	ProcessId: 6744
	Image: /usr/bin/head
	FileVersion: -
	Description: -
	Product: -
	Company: -
	OriginalFileName: -
	CommandLine: head -n 1
	CurrentDirectory: /home/kali
	User: kali
	LogonGuid: {76062d67-0000-0000-e803-000000000000}
	LogonId: 1000
	TerminalSessionId: 2
	IntegrityLevel: no level
	Hashes: -
	ParentProcessGuid: {00000000-0000-0000-0000-000000000000}
	ParentProcessId: 6741
	ParentImage: -
	ParentCommandLine: -
	ParentUser: -
Event SYSMONEVENT_NETWORK_CONNECT
	RuleName: -
	UtcTime: 2023-10-20 15:02:30.225
	ProcessGuid: {76062d67-9686-6532-1d16-24d1eb550000}
	ProcessId: 6742
	Image: /usr/bin/ip
	User: kali
	Protocol: udp
	Initiated: true
	SourceIsIpv6: true
	SourceIp: 0:0:0:0:0:0:0:0
	SourceHostname: -
	SourcePort: 0
	SourcePortName: -
	DestinationIsIpv6: true
	DestinationIp: 0:0:0:0:0:0:0:0
	DestinationHostname: -
	DestinationPort: 0
	DestinationPortName: -
Event SYSMONEVENT_PROCESS_TERMINATE
	RuleName: -
	UtcTime: 2023-10-20 15:02:30.225
	ProcessGuid: {76062d67-9686-6532-1d16-24d1eb550000}
	ProcessId: 6742
	Image: /usr/bin/ip
	User: kali
Event SYSMONEVENT_PROCESS_TERMINATE
	RuleName: -
	UtcTime: 2023-10-20 15:02:30.226
	ProcessGuid: {76062d67-9686-6532-29be-4c0e13560000}
	ProcessId: 6744
	Image: /usr/bin/head
	User: kali
Event SYSMONEVENT_PROCESS_TERMINATE
	RuleName: -
	UtcTime: 2023-10-20 15:02:30.225
	ProcessGuid: {76062d67-9686-6532-d918-8726cb550000}
	ProcessId: 6743
	Image: /usr/bin/cut
	User: kali
Event SYSMONEVENT_PROCESS_TERMINATE
	RuleName: -
	UtcTime: 2023-10-20 15:02:30.226
	ProcessGuid: {76062d67-9686-6532-0000-000000000000}
	ProcessId: 6741
	Image: -
	User: kali
Event SYSMONEVENT_CREATE_PROCESS
	RuleName: -
	UtcTime: 2023-10-20 15:02:30.226
	ProcessGuid: {76062d67-9686-6532-1d76-a4601a560000}
	ProcessId: 6746
	Image: /usr/bin/ip
	FileVersion: -
	Description: -
	Product: -
	Company: -
	OriginalFileName: -
	CommandLine: ip a s 
	CurrentDirectory: /home/kali
	User: kali
	LogonGuid: {76062d67-0000-0000-e803-000000000000}
	LogonId: 1000
	TerminalSessionId: 2
	IntegrityLevel: no level
	Hashes: -
	ParentProcessGuid: {00000000-0000-0000-0000-000000000000}
	ParentProcessId: 6745
	ParentImage: -
	ParentCommandLine: -
	ParentUser: -
Event SYSMONEVENT_CREATE_PROCESS
	RuleName: -
	UtcTime: 2023-10-20 15:02:30.226
	ProcessGuid: {76062d67-9686-6532-59c3-e766de550000}
	ProcessId: 6747
	Image: /usr/bin/grep
	FileVersion: -
	Description: -
	Product: -
	Company: -
	OriginalFileName: -
	CommandLine: grep -o -P (?<=inet )[0-9]{1,3}(\.[0-9]{1,3}){3}
	CurrentDirectory: /home/kali
	User: kali
	LogonGuid: {76062d67-0000-0000-e803-000000000000}
	LogonId: 1000
	TerminalSessionId: 2
	IntegrityLevel: no level
	Hashes: -
	ParentProcessGuid: {00000000-0000-0000-0000-000000000000}
	ParentProcessId: 6745
	ParentImage: -
	ParentCommandLine: -
	ParentUser: -
Event SYSMONEVENT_PROCESS_TERMINATE
	RuleName: -
	UtcTime: 2023-10-20 15:02:30.228
	ProcessGuid: {76062d67-9686-6532-1d76-a4601a560000}
	ProcessId: 6746
	Image: /usr/bin/ip
	User: kali
Event SYSMONEVENT_PROCESS_TERMINATE
	RuleName: -
	UtcTime: 2023-10-20 15:02:30.228
	ProcessGuid: {76062d67-9686-6532-59c3-e766de550000}
	ProcessId: 6747
	Image: /usr/bin/grep
	User: kali
Event SYSMONEVENT_PROCESS_TERMINATE
	RuleName: -
	UtcTime: 2023-10-20 15:02:30.228
	ProcessGuid: {76062d67-9686-6532-0000-000000000000}
	ProcessId: 6745
	Image: -
	User: kali
Event SYSMONEVENT_PROCESS_TERMINATE
	RuleName: -
	UtcTime: 2023-10-20 15:02:30.229
	ProcessGuid: {76062d67-9686-6532-b96b-198398550000}
	ProcessId: 6740
	Image: /usr/bin/dash
	User: kali
Event SYSMONEVENT_CREATE_PROCESS
	RuleName: -
	UtcTime: 2023-10-20 15:02:31.224
	ProcessGuid: {76062d67-9687-6532-b9fb-a0749e550000}
	ProcessId: 6748
	Image: /usr/bin/dash
	FileVersion: -
	Description: -
	Product: -
	Company: -
	OriginalFileName: -
	CommandLine: /bin/sh /usr/share/kali-themes/xfce4-panel-genmon-vpnip.sh
	CurrentDirectory: /home/kali
	User: kali
	LogonGuid: {76062d67-0000-0000-e803-000000000000}
	LogonId: 1000
	TerminalSessionId: 2
	IntegrityLevel: no level
	Hashes: -
	ParentProcessGuid: {00000000-0000-0000-0000-000000000000}
	ParentProcessId: 1364
	ParentImage: -
	ParentCommandLine: -
	ParentUser: -
Event SYSMONEVENT_CREATE_PROCESS
	RuleName: -
	UtcTime: 2023-10-20 15:02:31.226
	ProcessGuid: {76062d67-9687-6532-1d86-e66cb2550000}
	ProcessId: 6750
	Image: /usr/bin/ip
	FileVersion: -
	Description: -
	Product: -
	Company: -
	OriginalFileName: -
	CommandLine: ip tuntap show
	CurrentDirectory: /home/kali
	User: kali
	LogonGuid: {76062d67-0000-0000-e803-000000000000}
	LogonId: 1000
	TerminalSessionId: 2
	IntegrityLevel: no level
	Hashes: -
	ParentProcessGuid: {00000000-0000-0000-0000-000000000000}
	ParentProcessId: 6749
	ParentImage: -
	ParentCommandLine: -
	ParentUser: -
Event SYSMONEVENT_CREATE_PROCESS
	RuleName: -
	UtcTime: 2023-10-20 15:02:31.227
	ProcessGuid: {76062d67-9687-6532-d998-efb0f6550000}
	ProcessId: 6751
	Image: /usr/bin/cut
	FileVersion: -
	Description: -
	Product: -
	Company: -
	OriginalFileName: -
	CommandLine: cut -d : -f1
	CurrentDirectory: /home/kali
	User: kali
	LogonGuid: {76062d67-0000-0000-e803-000000000000}
	LogonId: 1000
	TerminalSessionId: 2
	IntegrityLevel: no level
	Hashes: -
	ParentProcessGuid: {00000000-0000-0000-0000-000000000000}
	ParentProcessId: 6749
	ParentImage: -
	ParentCommandLine: -
	ParentUser: -
Event SYSMONEVENT_NETWORK_CONNECT
	RuleName: -
	UtcTime: 2023-10-20 15:02:31.227
	ProcessGuid: {76062d67-9687-6532-1d86-e66cb2550000}
	ProcessId: 6750
	Image: /usr/bin/ip
	User: kali
	Protocol: udp
	Initiated: true
	SourceIsIpv6: true
	SourceIp: 0:0:0:0:0:0:0:0
	SourceHostname: -
	SourcePort: 0
	SourcePortName: -
	DestinationIsIpv6: true
	DestinationIp: 0:0:0:0:0:0:0:0
	DestinationHostname: -
	DestinationPort: 0
	DestinationPortName: -
Event SYSMONEVENT_PROCESS_TERMINATE
	RuleName: -
	UtcTime: 2023-10-20 15:02:31.228
	ProcessGuid: {76062d67-9687-6532-1d86-e66cb2550000}
	ProcessId: 6750
	Image: /usr/bin/ip
	User: kali
Event SYSMONEVENT_CREATE_PROCESS
	RuleName: -
	UtcTime: 2023-10-20 15:02:31.227
	ProcessGuid: {76062d67-9687-6532-29be-1b80d0550000}
	ProcessId: 6752
	Image: /usr/bin/head
	FileVersion: -
	Description: -
	Product: -
	Company: -
	OriginalFileName: -
	CommandLine: head -n 1
	CurrentDirectory: /home/kali
	User: kali
	LogonGuid: {76062d67-0000-0000-e803-000000000000}
	LogonId: 1000
	TerminalSessionId: 2
	IntegrityLevel: no level
	Hashes: -
	ParentProcessGuid: {00000000-0000-0000-0000-000000000000}
	ParentProcessId: 6749
	ParentImage: -
	ParentCommandLine: -
	ParentUser: -
Event SYSMONEVENT_PROCESS_TERMINATE
	RuleName: -
	UtcTime: 2023-10-20 15:02:31.228
	ProcessGuid: {76062d67-9687-6532-d998-efb0f6550000}
	ProcessId: 6751
	Image: /usr/bin/cut
	User: kali
Event SYSMONEVENT_PROCESS_TERMINATE
	RuleName: -
	UtcTime: 2023-10-20 15:02:31.228
	ProcessGuid: {76062d67-9687-6532-29be-1b80d0550000}
	ProcessId: 6752
	Image: /usr/bin/head
	User: kali
Event SYSMONEVENT_PROCESS_TERMINATE
	RuleName: -
	UtcTime: 2023-10-20 15:02:31.228
	ProcessGuid: {76062d67-9687-6532-0000-000000000000}
	ProcessId: 6749
	Image: -
	User: kali
Event SYSMONEVENT_CREATE_PROCESS
	RuleName: -
	UtcTime: 2023-10-20 15:02:31.229
	ProcessGuid: {76062d67-9687-6532-59b3-58d2a6550000}
	ProcessId: 6755
	Image: /usr/bin/grep
	FileVersion: -
	Description: -
	Product: -
	Company: -
	OriginalFileName: -
	CommandLine: grep -o -P (?<=inet )[0-9]{1,3}(\.[0-9]{1,3}){3}
	CurrentDirectory: /home/kali
	User: kali
	LogonGuid: {76062d67-0000-0000-e803-000000000000}
	LogonId: 1000
	TerminalSessionId: 2
	IntegrityLevel: no level
	Hashes: -
	ParentProcessGuid: {00000000-0000-0000-0000-000000000000}
	ParentProcessId: 6753
	ParentImage: -
	ParentCommandLine: -
	ParentUser: -
Event SYSMONEVENT_CREATE_PROCESS
	RuleName: -
	UtcTime: 2023-10-20 15:02:31.229
	ProcessGuid: {76062d67-9687-6532-1d56-f8f645560000}
	ProcessId: 6754
	Image: /usr/bin/ip
	FileVersion: -
	Description: -
	Product: -
	Company: -
	OriginalFileName: -
	CommandLine: ip a s 
	CurrentDirectory: /home/kali
	User: kali
	LogonGuid: {76062d67-0000-0000-e803-000000000000}
	LogonId: 1000
	TerminalSessionId: 2
	IntegrityLevel: no level
	Hashes: -
	ParentProcessGuid: {00000000-0000-0000-0000-000000000000}
	ParentProcessId: 6753
	ParentImage: -
	ParentCommandLine: -
	ParentUser: -
Event SYSMONEVENT_PROCESS_TERMINATE
	RuleName: -
	UtcTime: 2023-10-20 15:02:31.231
	ProcessGuid: {76062d67-9687-6532-1d56-f8f645560000}
	ProcessId: 6754
	Image: /usr/bin/ip
	User: kali
Event SYSMONEVENT_PROCESS_TERMINATE
	RuleName: -
	UtcTime: 2023-10-20 15:02:31.231
	ProcessGuid: {76062d67-9687-6532-59b3-58d2a6550000}
	ProcessId: 6755
	Image: /usr/bin/grep
	User: kali
Event SYSMONEVENT_PROCESS_TERMINATE
	RuleName: -
	UtcTime: 2023-10-20 15:02:31.231
	ProcessGuid: {00000000-0000-0000-0000-000000000000}
	ProcessId: 6753
	Image: <unknown process>
	User: kali
Event SYSMONEVENT_PROCESS_TERMINATE
	RuleName: -
	UtcTime: 2023-10-20 15:02:31.232
	ProcessGuid: {76062d67-9687-6532-b9fb-a0749e550000}
	ProcessId: 6748
	Image: /usr/bin/dash
	User: kali
Event SYSMONEVENT_CREATE_PROCESS
	RuleName: -
	UtcTime: 2023-10-20 15:02:32.227
	ProcessGuid: {76062d67-9688-6532-b9db-6114fa550000}
	ProcessId: 6756
	Image: /usr/bin/dash
	FileVersion: -
	Description: -
	Product: -
	Company: -
	OriginalFileName: -
	CommandLine: /bin/sh /usr/share/kali-themes/xfce4-panel-genmon-vpnip.sh
	CurrentDirectory: /home/kali
	User: kali
	LogonGuid: {76062d67-0000-0000-e803-000000000000}
	LogonId: 1000
	TerminalSessionId: 2
	IntegrityLevel: no level
	Hashes: -
	ParentProcessGuid: {00000000-0000-0000-0000-000000000000}
	ParentProcessId: 1364
	ParentImage: -
	ParentCommandLine: -
	ParentUser: -
Event SYSMONEVENT_CREATE_PROCESS
	RuleName: -
	UtcTime: 2023-10-20 15:02:32.228
	ProcessGuid: {76062d67-9688-6532-1da6-99f5d0550000}
	ProcessId: 6758
	Image: /usr/bin/ip
	FileVersion: -
	Description: -
	Product: -
	Company: -
	OriginalFileName: -
	CommandLine: ip tuntap show
	CurrentDirectory: /home/kali
	User: kali
	LogonGuid: {76062d67-0000-0000-e803-000000000000}
	LogonId: 1000
	TerminalSessionId: 2
	IntegrityLevel: no level
	Hashes: -
	ParentProcessGuid: {00000000-0000-0000-0000-000000000000}
	ParentProcessId: 6757
	ParentImage: -
	ParentCommandLine: -
	ParentUser: -
Event SYSMONEVENT_CREATE_PROCESS
	RuleName: -
	UtcTime: 2023-10-20 15:02:32.229
	ProcessGuid: {76062d67-9688-6532-d908-52d4a3550000}
	ProcessId: 6759
	Image: /usr/bin/cut
	FileVersion: -
	Description: -
	Product: -
	Company: -
	OriginalFileName: -
	CommandLine: cut -d : -f1
	CurrentDirectory: /home/kali
	User: kali
	LogonGuid: {76062d67-0000-0000-e803-000000000000}
	LogonId: 1000
	TerminalSessionId: 2
	IntegrityLevel: no level
	Hashes: -
	ParentProcessGuid: {00000000-0000-0000-0000-000000000000}
	ParentProcessId: 6757
	ParentImage: -
	ParentCommandLine: -
	ParentUser: -
Event SYSMONEVENT_CREATE_PROCESS
	RuleName: -
	UtcTime: 2023-10-20 15:02:32.229
	ProcessGuid: {76062d67-9688-6532-292e-83bbf8550000}
	ProcessId: 6760
	Image: /usr/bin/head
	FileVersion: -
	Description: -
	Product: -
	Company: -
	OriginalFileName: -
	CommandLine: head -n 1
	CurrentDirectory: /home/kali
	User: kali
	LogonGuid: {76062d67-0000-0000-e803-000000000000}
	LogonId: 1000
	TerminalSessionId: 2
	IntegrityLevel: no level
	Hashes: -
	ParentProcessGuid: {00000000-0000-0000-0000-000000000000}
	ParentProcessId: 6757
	ParentImage: -
	ParentCommandLine: -
	ParentUser: -
Event SYSMONEVENT_NETWORK_CONNECT
	RuleName: -
	UtcTime: 2023-10-20 15:02:32.230
	ProcessGuid: {76062d67-9688-6532-1da6-99f5d0550000}
	ProcessId: 6758
	Image: /usr/bin/ip
	User: kali
	Protocol: udp
	Initiated: true
	SourceIsIpv6: true
	SourceIp: 0:0:0:0:0:0:0:0
	SourceHostname: -
	SourcePort: 0
	SourcePortName: -
	DestinationIsIpv6: true
	DestinationIp: 0:0:0:0:0:0:0:0
	DestinationHostname: -
	DestinationPort: 0
	DestinationPortName: -
Event SYSMONEVENT_PROCESS_TERMINATE
	RuleName: -
	UtcTime: 2023-10-20 15:02:32.230
	ProcessGuid: {76062d67-9688-6532-1da6-99f5d0550000}
	ProcessId: 6758
	Image: /usr/bin/ip
	User: kali
Event SYSMONEVENT_PROCESS_TERMINATE
	RuleName: -
	UtcTime: 2023-10-20 15:02:32.230
	ProcessGuid: {76062d67-9688-6532-d908-52d4a3550000}
	ProcessId: 6759
	Image: /usr/bin/cut
	User: kali
Event SYSMONEVENT_PROCESS_TERMINATE
	RuleName: -
	UtcTime: 2023-10-20 15:02:32.230
	ProcessGuid: {76062d67-9688-6532-292e-83bbf8550000}
	ProcessId: 6760
	Image: /usr/bin/head
	User: kali
Event SYSMONEVENT_PROCESS_TERMINATE
	RuleName: -
	UtcTime: 2023-10-20 15:02:32.230
	ProcessGuid: {00000000-0000-0000-0000-000000000000}
	ProcessId: 6757
	Image: <unknown process>
	User: kali
Event SYSMONEVENT_CREATE_PROCESS
	RuleName: -
	UtcTime: 2023-10-20 15:02:32.231
	ProcessGuid: {76062d67-9688-6532-1da6-c1e2f3550000}
	ProcessId: 6762
	Image: /usr/bin/ip
	FileVersion: -
	Description: -
	Product: -
	Company: -
	OriginalFileName: -
	CommandLine: ip a s 
	CurrentDirectory: /home/kali
	User: kali
	LogonGuid: {76062d67-0000-0000-e803-000000000000}
	LogonId: 1000
	TerminalSessionId: 2
	IntegrityLevel: no level
	Hashes: -
	ParentProcessGuid: {00000000-0000-0000-0000-000000000000}
	ParentProcessId: 6761
	ParentImage: -
	ParentCommandLine: -
	ParentUser: -
Event SYSMONEVENT_CREATE_PROCESS
	RuleName: -
	UtcTime: 2023-10-20 15:02:32.231
	ProcessGuid: {76062d67-9688-6532-5943-a5fea8550000}
	ProcessId: 6763
	Image: /usr/bin/grep
	FileVersion: -
	Description: -
	Product: -
	Company: -
	OriginalFileName: -
	CommandLine: grep -o -P (?<=inet )[0-9]{1,3}(\.[0-9]{1,3}){3}
	CurrentDirectory: /home/kali
	User: kali
	LogonGuid: {76062d67-0000-0000-e803-000000000000}
	LogonId: 1000
	TerminalSessionId: 2
	IntegrityLevel: no level
	Hashes: -
	ParentProcessGuid: {00000000-0000-0000-0000-000000000000}
	ParentProcessId: 6761
	ParentImage: -
	ParentCommandLine: -
	ParentUser: -
Event SYSMONEVENT_PROCESS_TERMINATE
	RuleName: -
	UtcTime: 2023-10-20 15:02:32.232
	ProcessGuid: {76062d67-9688-6532-1da6-c1e2f3550000}
	ProcessId: 6762
	Image: /usr/bin/ip
	User: kali
Event SYSMONEVENT_PROCESS_TERMINATE
	RuleName: -
	UtcTime: 2023-10-20 15:02:32.232
	ProcessGuid: {76062d67-9688-6532-5943-a5fea8550000}
	ProcessId: 6763
	Image: /usr/bin/grep
	User: kali
Event SYSMONEVENT_PROCESS_TERMINATE
	RuleName: -
	UtcTime: 2023-10-20 15:02:32.232
	ProcessGuid: {76062d67-9688-6532-0000-000000000000}
	ProcessId: 6761
	Image: -
	User: kali
Event SYSMONEVENT_PROCESS_TERMINATE
	RuleName: -
	UtcTime: 2023-10-20 15:02:32.232
	ProcessGuid: {76062d67-9688-6532-b9db-6114fa550000}
	ProcessId: 6756
	Image: /usr/bin/dash
	User: kali
Event SYSMONEVENT_NETWORK_CONNECT
	RuleName: -
	UtcTime: 2023-10-20 15:02:32.951
	ProcessGuid: {76062d67-95bd-6532-7916-6d0000000000}
	ProcessId: 4435
	Image: python
	User: kali
	Protocol: tcp
	Initiated: false
	SourceIsIpv6: false
	SourceIp: 192.168.1.227
	SourceHostname: -
	SourcePort: 33196
	SourcePortName: -
	DestinationIsIpv6: false
	DestinationIp: 192.168.1.183
	DestinationHostname: -
	DestinationPort: 5000
	DestinationPortName: -
Event SYSMONEVENT_PROCESS_TERMINATE
	RuleName: -
	UtcTime: 2023-10-20 15:02:32.960
	ProcessGuid: {76062d67-95bd-6532-7916-6d0000000000}
	ProcessId: 4435
	Image: /usr/bin/python3.11
	User: kali
Event SYSMONEVENT_CREATE_PROCESS
	RuleName: -
	UtcTime: 2023-10-20 15:02:33.228
	ProcessGuid: {76062d67-9689-6532-b92b-6116ba550000}
	ProcessId: 6765
	Image: /usr/bin/dash
	FileVersion: -
	Description: -
	Product: -
	Company: -
	OriginalFileName: -
	CommandLine: /bin/sh /usr/share/kali-themes/xfce4-panel-genmon-vpnip.sh
	CurrentDirectory: /home/kali
	User: kali
	LogonGuid: {76062d67-0000-0000-e803-000000000000}
	LogonId: 1000
	TerminalSessionId: 2
	IntegrityLevel: no level
	Hashes: -
	ParentProcessGuid: {00000000-0000-0000-0000-000000000000}
	ParentProcessId: 1364
	ParentImage: -
	ParentCommandLine: -
	ParentUser: -
Event SYSMONEVENT_CREATE_PROCESS
	RuleName: -
	UtcTime: 2023-10-20 15:02:33.230
	ProcessGuid: {76062d67-9689-6532-1d76-00a740560000}
	ProcessId: 6767
	Image: /usr/bin/ip
	FileVersion: -
	Description: -
	Product: -
	Company: -
	OriginalFileName: -
	CommandLine: ip tuntap show
	CurrentDirectory: /home/kali
	User: kali
	LogonGuid: {76062d67-0000-0000-e803-000000000000}
	LogonId: 1000
	TerminalSessionId: 2
	IntegrityLevel: no level
	Hashes: -
	ParentProcessGuid: {00000000-0000-0000-0000-000000000000}
	ParentProcessId: 6766
	ParentImage: -
	ParentCommandLine: -
	ParentUser: -
Event SYSMONEVENT_CREATE_PROCESS
	RuleName: -
	UtcTime: 2023-10-20 15:02:33.230
	ProcessGuid: {76062d67-9689-6532-d9f8-7a49ed550000}
	ProcessId: 6768
	Image: /usr/bin/cut
	FileVersion: -
	Description: -
	Product: -
	Company: -
	OriginalFileName: -
	CommandLine: cut -d : -f1
	CurrentDirectory: /home/kali
	User: kali
	LogonGuid: {76062d67-0000-0000-e803-000000000000}
	LogonId: 1000
	TerminalSessionId: 2
	IntegrityLevel: no level
	Hashes: -
	ParentProcessGuid: {00000000-0000-0000-0000-000000000000}
	ParentProcessId: 6766
	ParentImage: -
	ParentCommandLine: -
	ParentUser: -
Event SYSMONEVENT_CREATE_PROCESS
	RuleName: -
	UtcTime: 2023-10-20 15:02:33.230
	ProcessGuid: {76062d67-9689-6532-29fe-42a8e4550000}
	ProcessId: 6769
	Image: /usr/bin/head
	FileVersion: -
	Description: -
	Product: -
	Company: -
	OriginalFileName: -
	CommandLine: head -n 1
	CurrentDirectory: /home/kali
	User: kali
	LogonGuid: {76062d67-0000-0000-e803-000000000000}
	LogonId: 1000
	TerminalSessionId: 2
	IntegrityLevel: no level
	Hashes: -
	ParentProcessGuid: {00000000-0000-0000-0000-000000000000}
	ParentProcessId: 6766
	ParentImage: -
	ParentCommandLine: -
	ParentUser: -
Event SYSMONEVENT_NETWORK_CONNECT
	RuleName: -
	UtcTime: 2023-10-20 15:02:33.232
	ProcessGuid: {76062d67-9689-6532-1d76-00a740560000}
	ProcessId: 6767
	Image: /usr/bin/ip
	User: kali
	Protocol: udp
	Initiated: true
	SourceIsIpv6: true
	SourceIp: 0:0:0:0:0:0:0:0
	SourceHostname: -
	SourcePort: 0
	SourcePortName: -
	DestinationIsIpv6: true
	DestinationIp: 0:0:0:0:0:0:0:0
	DestinationHostname: -
	DestinationPort: 0
	DestinationPortName: -
Event SYSMONEVENT_PROCESS_TERMINATE
	RuleName: -
	UtcTime: 2023-10-20 15:02:33.232
	ProcessGuid: {76062d67-9689-6532-1d76-00a740560000}
	ProcessId: 6767
	Image: /usr/bin/ip
	User: kali
Event SYSMONEVENT_PROCESS_TERMINATE
	RuleName: -
	UtcTime: 2023-10-20 15:02:33.232
	ProcessGuid: {76062d67-9689-6532-d9f8-7a49ed550000}
	ProcessId: 6768
	Image: /usr/bin/cut
	User: kali
Event SYSMONEVENT_PROCESS_TERMINATE
	RuleName: -
	UtcTime: 2023-10-20 15:02:33.232
	ProcessGuid: {76062d67-9689-6532-29fe-42a8e4550000}
	ProcessId: 6769
	Image: /usr/bin/head
	User: kali
Event SYSMONEVENT_PROCESS_TERMINATE
	RuleName: -
	UtcTime: 2023-10-20 15:02:33.232
	ProcessGuid: {76062d67-9688-6532-0000-000000000000}
	ProcessId: 6766
	Image: -
	User: kali
Event SYSMONEVENT_CREATE_PROCESS
	RuleName: -
	UtcTime: 2023-10-20 15:02:33.233
	ProcessGuid: {76062d67-9689-6532-1d06-ebd08c550000}
	ProcessId: 6771
	Image: /usr/bin/ip
	FileVersion: -
	Description: -
	Product: -
	Company: -
	OriginalFileName: -
	CommandLine: ip a s 
	CurrentDirectory: /home/kali
	User: kali
	LogonGuid: {76062d67-0000-0000-e803-000000000000}
	LogonId: 1000
	TerminalSessionId: 2
	IntegrityLevel: no level
	Hashes: -
	ParentProcessGuid: {00000000-0000-0000-0000-000000000000}
	ParentProcessId: 6770
	ParentImage: -
	ParentCommandLine: -
	ParentUser: -
Event SYSMONEVENT_CREATE_PROCESS
	RuleName: -
	UtcTime: 2023-10-20 15:02:33.233
	ProcessGuid: {76062d67-9689-6532-5943-f6d4bf550000}
	ProcessId: 6772
	Image: /usr/bin/grep
	FileVersion: -
	Description: -
	Product: -
	Company: -
	OriginalFileName: -
	CommandLine: grep -o -P (?<=inet )[0-9]{1,3}(\.[0-9]{1,3}){3}
	CurrentDirectory: /home/kali
	User: kali
	LogonGuid: {76062d67-0000-0000-e803-000000000000}
	LogonId: 1000
	TerminalSessionId: 2
	IntegrityLevel: no level
	Hashes: -
	ParentProcessGuid: {00000000-0000-0000-0000-000000000000}
	ParentProcessId: 6770
	ParentImage: -
	ParentCommandLine: -
	ParentUser: -
Event SYSMONEVENT_PROCESS_TERMINATE
	RuleName: -
	UtcTime: 2023-10-20 15:02:33.234
	ProcessGuid: {76062d67-9689-6532-1d06-ebd08c550000}
	ProcessId: 6771
	Image: /usr/bin/ip
	User: kali
Event SYSMONEVENT_PROCESS_TERMINATE
	RuleName: -
	UtcTime: 2023-10-20 15:02:33.234
	ProcessGuid: {76062d67-9689-6532-5943-f6d4bf550000}
	ProcessId: 6772
	Image: /usr/bin/grep
	User: kali
Event SYSMONEVENT_PROCESS_TERMINATE
	RuleName: -
	UtcTime: 2023-10-20 15:02:33.235
	ProcessGuid: {76062d67-9689-6532-0000-000000000000}
	ProcessId: 6770
	Image: -
	User: kali
Event SYSMONEVENT_PROCESS_TERMINATE
	RuleName: -
	UtcTime: 2023-10-20 15:02:33.235
	ProcessGuid: {76062d67-9689-6532-b92b-6116ba550000}
	ProcessId: 6765
	Image: /usr/bin/dash
	User: kali
Event SYSMONEVENT_CREATE_PROCESS
	RuleName: -
	UtcTime: 2023-10-20 15:02:34.230
	ProcessGuid: {76062d67-968a-6532-b90b-a4b69d550000}
	ProcessId: 6773
	Image: /usr/bin/dash
	FileVersion: -
	Description: -
	Product: -
	Company: -
	OriginalFileName: -
	CommandLine: /bin/sh /usr/share/kali-themes/xfce4-panel-genmon-vpnip.sh
	CurrentDirectory: /home/kali
	User: kali
	LogonGuid: {76062d67-0000-0000-e803-000000000000}
	LogonId: 1000
	TerminalSessionId: 2
	IntegrityLevel: no level
	Hashes: -
	ParentProcessGuid: {00000000-0000-0000-0000-000000000000}
	ParentProcessId: 1364
	ParentImage: -
	ParentCommandLine: -
	ParentUser: -
Event SYSMONEVENT_CREATE_PROCESS
	RuleName: -
	UtcTime: 2023-10-20 15:02:34.232
	ProcessGuid: {76062d67-968a-6532-d9b8-ea058e550000}
	ProcessId: 6776
	Image: /usr/bin/cut
	FileVersion: -
	Description: -
	Product: -
	Company: -
	OriginalFileName: -
	CommandLine: cut -d : -f1
	CurrentDirectory: /home/kali
	User: kali
	LogonGuid: {76062d67-0000-0000-e803-000000000000}
	LogonId: 1000
	TerminalSessionId: 2
	IntegrityLevel: no level
	Hashes: -
	ParentProcessGuid: {00000000-0000-0000-0000-000000000000}
	ParentProcessId: 6774
	ParentImage: -
	ParentCommandLine: -
	ParentUser: -
Event SYSMONEVENT_CREATE_PROCESS
	RuleName: -
	UtcTime: 2023-10-20 15:02:34.232
	ProcessGuid: {76062d67-968a-6532-1dc6-6e4df8550000}
	ProcessId: 6775
	Image: /usr/bin/ip
	FileVersion: -
	Description: -
	Product: -
	Company: -
	OriginalFileName: -
	CommandLine: ip tuntap show
	CurrentDirectory: /home/kali
	User: kali
	LogonGuid: {76062d67-0000-0000-e803-000000000000}
	LogonId: 1000
	TerminalSessionId: 2
	IntegrityLevel: no level
	Hashes: -
	ParentProcessGuid: {00000000-0000-0000-0000-000000000000}
	ParentProcessId: 6774
	ParentImage: -
	ParentCommandLine: -
	ParentUser: -
Event SYSMONEVENT_CREATE_PROCESS
	RuleName: -
	UtcTime: 2023-10-20 15:02:34.232
	ProcessGuid: {76062d67-968a-6532-299e-1b8127560000}
	ProcessId: 6777
	Image: /usr/bin/head
	FileVersion: -
	Description: -
	Product: -
	Company: -
	OriginalFileName: -
	CommandLine: head -n 1
	CurrentDirectory: /home/kali
	User: kali
	LogonGuid: {76062d67-0000-0000-e803-000000000000}
	LogonId: 1000
	TerminalSessionId: 2
	IntegrityLevel: no level
	Hashes: -
	ParentProcessGuid: {00000000-0000-0000-0000-000000000000}
	ParentProcessId: 6774
	ParentImage: -
	ParentCommandLine: -
	ParentUser: -
Event SYSMONEVENT_NETWORK_CONNECT
	RuleName: -
	UtcTime: 2023-10-20 15:02:34.233
	ProcessGuid: {76062d67-968a-6532-1dc6-6e4df8550000}
	ProcessId: 6775
	Image: /usr/bin/ip
	User: kali
	Protocol: udp
	Initiated: true
	SourceIsIpv6: true
	SourceIp: 0:0:0:0:0:0:0:0
	SourceHostname: -
	SourcePort: 0
	SourcePortName: -
	DestinationIsIpv6: true
	DestinationIp: 0:0:0:0:0:0:0:0
	DestinationHostname: -
	DestinationPort: 0
	DestinationPortName: -
Event SYSMONEVENT_PROCESS_TERMINATE
	RuleName: -
	UtcTime: 2023-10-20 15:02:34.234
	ProcessGuid: {76062d67-968a-6532-1dc6-6e4df8550000}
	ProcessId: 6775
	Image: /usr/bin/ip
	User: kali
Event SYSMONEVENT_PROCESS_TERMINATE
	RuleName: -
	UtcTime: 2023-10-20 15:02:34.234
	ProcessGuid: {76062d67-968a-6532-d9b8-ea058e550000}
	ProcessId: 6776
	Image: /usr/bin/cut
	User: kali
Event SYSMONEVENT_PROCESS_TERMINATE
	RuleName: -
	UtcTime: 2023-10-20 15:02:34.234
	ProcessGuid: {76062d67-968a-6532-299e-1b8127560000}
	ProcessId: 6777
	Image: /usr/bin/head
	User: kali
Event SYSMONEVENT_PROCESS_TERMINATE
	RuleName: -
	UtcTime: 2023-10-20 15:02:34.234
	ProcessGuid: {76062d67-9689-6532-0000-000000000000}
	ProcessId: 6774
	Image: -
	User: kali
Event SYSMONEVENT_CREATE_PROCESS
	RuleName: -
	UtcTime: 2023-10-20 15:02:34.234
	ProcessGuid: {76062d67-968a-6532-1d56-4b2504560000}
	ProcessId: 6779
	Image: /usr/bin/ip
	FileVersion: -
	Description: -
	Product: -
	Company: -
	OriginalFileName: -
	CommandLine: ip a s 
	CurrentDirectory: /home/kali
	User: kali
	LogonGuid: {76062d67-0000-0000-e803-000000000000}
	LogonId: 1000
	TerminalSessionId: 2
	IntegrityLevel: no level
	Hashes: -
	ParentProcessGuid: {00000000-0000-0000-0000-000000000000}
	ParentProcessId: 6778
	ParentImage: -
	ParentCommandLine: -
	ParentUser: -
Event SYSMONEVENT_CREATE_PROCESS
	RuleName: -
	UtcTime: 2023-10-20 15:02:34.234
	ProcessGuid: {76062d67-968a-6532-5933-c11a84550000}
	ProcessId: 6780
	Image: /usr/bin/grep
	FileVersion: -
	Description: -
	Product: -
	Company: -
	OriginalFileName: -
	CommandLine: grep -o -P (?<=inet )[0-9]{1,3}(\.[0-9]{1,3}){3}
	CurrentDirectory: /home/kali
	User: kali
	LogonGuid: {76062d67-0000-0000-e803-000000000000}
	LogonId: 1000
	TerminalSessionId: 2
	IntegrityLevel: no level
	Hashes: -
	ParentProcessGuid: {00000000-0000-0000-0000-000000000000}
	ParentProcessId: 6778
	ParentImage: -
	ParentCommandLine: -
	ParentUser: -
Event SYSMONEVENT_PROCESS_TERMINATE
	RuleName: -
	UtcTime: 2023-10-20 15:02:34.236
	ProcessGuid: {76062d67-968a-6532-1d56-4b2504560000}
	ProcessId: 6779
	Image: /usr/bin/ip
	User: kali
Event SYSMONEVENT_PROCESS_TERMINATE
	RuleName: -
	UtcTime: 2023-10-20 15:02:34.236
	ProcessGuid: {76062d67-968a-6532-5933-c11a84550000}
	ProcessId: 6780
	Image: /usr/bin/grep
	User: kali
Event SYSMONEVENT_PROCESS_TERMINATE
	RuleName: -
	UtcTime: 2023-10-20 15:02:34.236
	ProcessGuid: {00000000-0000-0000-0000-000000000000}
	ProcessId: 6778
	Image: <unknown process>
	User: kali
Event SYSMONEVENT_PROCESS_TERMINATE
	RuleName: -
	UtcTime: 2023-10-20 15:02:34.236
	ProcessGuid: {76062d67-968a-6532-b90b-a4b69d550000}
	ProcessId: 6773
	Image: /usr/bin/dash
	User: kali
