Event SYSMONEVENT_PROCESS_TERMINATE
	RuleName: -
	UtcTime: 2023-10-20 15:00:06.370
	ProcessGuid: {76062d67-95f6-6532-0000-000000000000}
	ProcessId: 5273
	Image: -
	User: -
Event SYSMONEVENT_PROCESS_TERMINATE
	RuleName: -
	UtcTime: 2023-10-20 15:00:06.371
	ProcessGuid: {76062d67-95f6-6532-7df6-cdaae3550000}
	ProcessId: 5266
	Image: /usr/usr/bin/gzip
	User: root
Event SYSMONEVENT_CREATE_PROCESS
	RuleName: -
	UtcTime: 2023-10-20 15:00:06.370
	ProcessGuid: {76062d67-95f6-6532-d998-3e17a3550000}
	ProcessId: 5274
	Image: /usr/bin/cut
	FileVersion: -
	Description: -
	Product: -
	Company: -
	OriginalFileName: -
	CommandLine: cut -c2-
	CurrentDirectory: /
	User: root
	LogonGuid: {76062d67-0000-0000-0000-000000000000}
	LogonId: 0
	TerminalSessionId: 4294967295
	IntegrityLevel: no level
	Hashes: -
	ParentProcessGuid: {00000000-0000-0000-0000-000000000000}
	ParentProcessId: 5272
	ParentImage: -
	ParentCommandLine: -
	ParentUser: -
Event SYSMONEVENT_PROCESS_TERMINATE
	RuleName: -
	UtcTime: 2023-10-20 15:00:06.373
	ProcessGuid: {76062d67-95f6-6532-d998-3e17a3550000}
	ProcessId: 5274
	Image: /usr/bin/cut
	User: root
Event SYSMONEVENT_PROCESS_TERMINATE
	RuleName: -
	UtcTime: 2023-10-20 15:00:06.374
	ProcessGuid: {00000000-0000-0000-0000-000000000000}
	ProcessId: 5272
	Image: <unknown process>
	User: root
Event SYSMONEVENT_CREATE_PROCESS
	RuleName: -
	UtcTime: 2023-10-20 15:00:06.375
	ProcessGuid: {76062d67-95f6-6532-1979-3d66ba550000}
	ProcessId: 5277
	Image: /usr/bin/tr
	FileVersion: -
	Description: -
	Product: -
	Company: -
	OriginalFileName: -
	CommandLine: tr [:upper:] [:lower:]
	CurrentDirectory: /
	User: root
	LogonGuid: {76062d67-0000-0000-0000-000000000000}
	LogonId: 0
	TerminalSessionId: 4294967295
	IntegrityLevel: no level
	Hashes: -
	ParentProcessGuid: {00000000-0000-0000-0000-000000000000}
	ParentProcessId: 5275
	ParentImage: -
	ParentCommandLine: -
	ParentUser: -
Event SYSMONEVENT_FILE_DELETE
	RuleName: -
	UtcTime: 2023-10-20 15:00:06.378
	ProcessGuid: {76062d67-95f6-6532-7d4c-a2cd6a550000}
	ProcessId: 5146
	User: -
	Image: /usr/usr/sbin/logrotate
	TargetFilename: /var/log/dpkg.log.1
	Hashes: -
	IsExecutable: -
	Archived: -
Event SYSMONEVENT_PROCESS_TERMINATE
	RuleName: -
	UtcTime: 2023-10-20 15:00:06.379
	ProcessGuid: {76062d67-95f6-6532-0000-000000000000}
	ProcessId: 5276
	Image: -
	User: root
Event SYSMONEVENT_PROCESS_TERMINATE
	RuleName: -
	UtcTime: 2023-10-20 15:00:06.380
	ProcessGuid: {76062d67-95f6-6532-1979-3d66ba550000}
	ProcessId: 5277
	Image: /usr/bin/tr
	User: root
Event SYSMONEVENT_PROCESS_TERMINATE
	RuleName: -
	UtcTime: 2023-10-20 15:00:06.380
	ProcessGuid: {00000000-0000-0000-0000-000000000000}
	ProcessId: 5275
	Image: <unknown process>
	User: root
Event SYSMONEVENT_PROCESS_TERMINATE
	RuleName: -
	UtcTime: 2023-10-20 15:00:06.382
	ProcessGuid: {76062d67-95f6-6532-0000-000000000000}
	ProcessId: 5279
	Image: -
	User: root
Event SYSMONEVENT_CREATE_PROCESS
	RuleName: -
	UtcTime: 2023-10-20 15:00:06.382
	ProcessGuid: {76062d67-95f6-6532-19c9-89a6dd550000}
	ProcessId: 5280
	Image: /usr/bin/tr
	FileVersion: -
	Description: -
	Product: -
	Company: -
	OriginalFileName: -
	CommandLine: tr [:upper:] [:lower:]
	CurrentDirectory: /
	User: root
	LogonGuid: {76062d67-0000-0000-0000-000000000000}
	LogonId: 0
	TerminalSessionId: 4294967295
	IntegrityLevel: no level
	Hashes: -
	ParentProcessGuid: {00000000-0000-0000-0000-000000000000}
	ParentProcessId: 5278
	ParentImage: -
	ParentCommandLine: -
	ParentUser: -
Event SYSMONEVENT_PROCESS_TERMINATE
	RuleName: -
	UtcTime: 2023-10-20 15:00:06.388
	ProcessGuid: {76062d67-95f6-6532-7d4c-a2cd6a550000}
	ProcessId: 5146
	Image: /usr/usr/sbin/logrotate
	User: root
Event SYSMONEVENT_PROCESS_TERMINATE
	RuleName: -
	UtcTime: 2023-10-20 15:00:06.388
	ProcessGuid: {76062d67-95f6-6532-19c9-89a6dd550000}
	ProcessId: 5280
	Image: /usr/bin/tr
	User: root
Event SYSMONEVENT_FILE_DELETE
	RuleName: -
	UtcTime: 2023-10-20 15:00:06.392
	ProcessGuid: {76062d67-945b-6532-194b-185ab2550000}
	ProcessId: 424
	User: -
	Image: /usr/lib/systemd/systemd-journald
	TargetFilename: /run/systemd/journal/streams/8:29526
	Hashes: -
	IsExecutable: -
	Archived: -
Event SYSMONEVENT_PROCESS_TERMINATE
	RuleName: -
	UtcTime: 2023-10-20 15:00:06.395
	ProcessGuid: {76062d67-95f6-6532-0000-000000000000}
	ProcessId: 5278
	Image: -
	User: root
Event SYSMONEVENT_PROCESS_TERMINATE
	RuleName: -
	UtcTime: 2023-10-20 15:00:06.396
	ProcessGuid: {76062d67-95f6-6532-b98b-8b6f28560000}
	ProcessId: 5265
	Image: /usr/bin/dash
	User: root
Event SYSMONEVENT_FILE_DELETE
	RuleName: -
	UtcTime: 2023-10-20 15:00:06.398
	ProcessGuid: {76062d67-9458-6532-dda0-ac474c560000}
	ProcessId: 1
	User: -
	Image: /usr/lib/systemd/systemd
	TargetFilename: /run/systemd/units/invocation:logrotate.service
	Hashes: -
	IsExecutable: -
	Archived: -
Event SYSMONEVENT_PROCESS_TERMINATE
	RuleName: -
	UtcTime: 2023-10-20 15:00:06.402
	ProcessGuid: {76062d67-95f6-6532-b91b-dddaed550000}
	ProcessId: 5264
	Image: /usr/bin/dash
	User: root
Event SYSMONEVENT_PROCESS_TERMINATE
	RuleName: -
	UtcTime: 2023-10-20 15:00:06.408
	ProcessGuid: {76062d67-9458-6532-dda0-ac474c560000}
	ProcessId: 1
	Image: /usr/lib/systemd/systemd
	User: -
Event SYSMONEVENT_PROCESS_TERMINATE
	RuleName: -
	UtcTime: 2023-10-20 15:00:06.408
	ProcessGuid: {76062d67-9458-6532-dda0-ac474c560000}
	ProcessId: 1
	Image: /usr/lib/systemd/systemd
	User: -
Event SYSMONEVENT_PROCESS_TERMINATE
	RuleName: -
	UtcTime: 2023-10-20 15:00:06.409
	ProcessGuid: {76062d67-95f6-6532-29b7-1fabd6550000}
	ProcessId: 5220
	Image: /usr/bin/vmware-toolbox-cmd
	User: root
Event SYSMONEVENT_PROCESS_TERMINATE
	RuleName: -
	UtcTime: 2023-10-20 15:00:06.410
	ProcessGuid: {76062d67-95f6-6532-1979-3d331e560000}
	ProcessId: 5221
	Image: /usr/bin/sed
	User: -
Event SYSMONEVENT_PROCESS_TERMINATE
	RuleName: -
	UtcTime: 2023-10-20 15:00:06.414
	ProcessGuid: {76062d67-95f6-6532-0000-000000000000}
	ProcessId: 5219
	Image: -
	User: -
Event SYSMONEVENT_CREATE_PROCESS
	RuleName: -
	UtcTime: 2023-10-20 15:00:06.417
	ProcessGuid: {76062d67-95f6-6532-c9ac-eb6372550000}
	ProcessId: 5283
	Image: /usr/bin/expr
	FileVersion: -
	Description: -
	Product: -
	Company: -
	OriginalFileName: -
	CommandLine: expr [logging] network.maxOldLogFiles UNSET : [0-9]\+$
	CurrentDirectory: /
	User: root
	LogonGuid: {76062d67-0000-0000-0000-000000000000}
	LogonId: 0
	TerminalSessionId: 4294967295
	IntegrityLevel: no level
	Hashes: -
	ParentProcessGuid: {76062d67-95f5-6532-b9ab-2e6a64550000}
	ParentProcessId: 5128
	ParentImage: /usr/bin/dash
	ParentCommandLine: /bin/sh
	ParentUser: root
Event SYSMONEVENT_PROCESS_TERMINATE
	RuleName: -
	UtcTime: 2023-10-20 15:00:06.435
	ProcessGuid: {76062d67-95f6-6532-c9ac-eb6372550000}
	ProcessId: 5283
	Image: /usr/bin/expr
	User: root
Event SYSMONEVENT_CREATE_PROCESS
	RuleName: -
	UtcTime: 2023-10-20 15:00:06.435
	ProcessGuid: {76062d67-95f6-6532-c91c-86eec3550000}
	ProcessId: 5284
	Image: /usr/bin/expr
	FileVersion: -
	Description: -
	Product: -
	Company: -
	OriginalFileName: -
	CommandLine: expr 9 - 1
	CurrentDirectory: /
	User: root
	LogonGuid: {76062d67-0000-0000-0000-000000000000}
	LogonId: 0
	TerminalSessionId: 4294967295
	IntegrityLevel: no level
	Hashes: -
	ParentProcessGuid: {76062d67-95f5-6532-b9ab-2e6a64550000}
	ParentProcessId: 5128
	ParentImage: /usr/bin/dash
	ParentCommandLine: /bin/sh
	ParentUser: root
Event SYSMONEVENT_PROCESS_TERMINATE
	RuleName: -
	UtcTime: 2023-10-20 15:00:06.439
	ProcessGuid: {76062d67-95f6-6532-c91c-86eec3550000}
	ProcessId: 5284
	Image: /usr/bin/expr
	User: root
Event SYSMONEVENT_CREATE_PROCESS
	RuleName: -
	UtcTime: 2023-10-20 15:00:06.439
	ProcessGuid: {76062d67-95f6-6532-799c-5b6eb9550000}
	ProcessId: 5285
	Image: /usr/bin/seq
	FileVersion: -
	Description: -
	Product: -
	Company: -
	OriginalFileName: -
	CommandLine: seq 8 -1 1
	CurrentDirectory: /
	User: root
	LogonGuid: {76062d67-0000-0000-0000-000000000000}
	LogonId: 0
	TerminalSessionId: 4294967295
	IntegrityLevel: no level
	Hashes: -
	ParentProcessGuid: {76062d67-95f5-6532-b9ab-2e6a64550000}
	ParentProcessId: 5128
	ParentImage: /usr/bin/dash
	ParentCommandLine: /bin/sh
	ParentUser: root
Event SYSMONEVENT_PROCESS_TERMINATE
	RuleName: -
	UtcTime: 2023-10-20 15:00:06.452
	ProcessGuid: {76062d67-95f6-6532-799c-5b6eb9550000}
	ProcessId: 5285
	Image: /usr/bin/seq
	User: root
Event SYSMONEVENT_CREATE_PROCESS
	RuleName: -
	UtcTime: 2023-10-20 15:00:06.452
	ProcessGuid: {76062d67-95f6-6532-c95c-3e6382550000}
	ProcessId: 5286
	Image: /usr/bin/expr
	FileVersion: -
	Description: -
	Product: -
	Company: -
	OriginalFileName: -
	CommandLine: expr 8 + 1
	CurrentDirectory: /
	User: root
	LogonGuid: {76062d67-0000-0000-0000-000000000000}
	LogonId: 0
	TerminalSessionId: 4294967295
	IntegrityLevel: no level
	Hashes: -
	ParentProcessGuid: {76062d67-95f5-6532-b9ab-2e6a64550000}
	ParentProcessId: 5128
	ParentImage: /usr/bin/dash
	ParentCommandLine: /bin/sh
	ParentUser: root
Event SYSMONEVENT_PROCESS_TERMINATE
	RuleName: -
	UtcTime: 2023-10-20 15:00:06.454
	ProcessGuid: {76062d67-95f6-6532-c95c-3e6382550000}
	ProcessId: 5286
	Image: /usr/bin/expr
	User: root
Event SYSMONEVENT_CREATE_PROCESS
	RuleName: -
	UtcTime: 2023-10-20 15:00:06.455
	ProcessGuid: {76062d67-95f6-6532-49ad-ce8265550000}
	ProcessId: 5287
	Image: /usr/bin/mv
	FileVersion: -
	Description: -
	Product: -
	Company: -
	OriginalFileName: -
	CommandLine: mv -f /var/log/vmware-network.8.log /var/log/vmware-network.9.log
	CurrentDirectory: /
	User: root
	LogonGuid: {76062d67-0000-0000-0000-000000000000}
	LogonId: 0
	TerminalSessionId: 4294967295
	IntegrityLevel: no level
	Hashes: -
	ParentProcessGuid: {76062d67-95f5-6532-b9ab-2e6a64550000}
	ParentProcessId: 5128
	ParentImage: /usr/bin/dash
	ParentCommandLine: /bin/sh
	ParentUser: root
Event SYSMONEVENT_PROCESS_TERMINATE
	RuleName: -
	UtcTime: 2023-10-20 15:00:06.463
	ProcessGuid: {76062d67-95f6-6532-49ad-ce8265550000}
	ProcessId: 5287
	Image: /usr/bin/mv
	User: root
Event SYSMONEVENT_CREATE_PROCESS
	RuleName: -
	UtcTime: 2023-10-20 15:00:06.464
	ProcessGuid: {76062d67-95f6-6532-c92c-a213f1550000}
	ProcessId: 5288
	Image: /usr/bin/expr
	FileVersion: -
	Description: -
	Product: -
	Company: -
	OriginalFileName: -
	CommandLine: expr 7 + 1
	CurrentDirectory: /
	User: root
	LogonGuid: {76062d67-0000-0000-0000-000000000000}
	LogonId: 0
	TerminalSessionId: 4294967295
	IntegrityLevel: no level
	Hashes: -
	ParentProcessGuid: {76062d67-95f5-6532-b9ab-2e6a64550000}
	ParentProcessId: 5128
	ParentImage: /usr/bin/dash
	ParentCommandLine: /bin/sh
	ParentUser: root
Event SYSMONEVENT_PROCESS_TERMINATE
	RuleName: -
	UtcTime: 2023-10-20 15:00:06.470
	ProcessGuid: {76062d67-95f6-6532-c92c-a213f1550000}
	ProcessId: 5288
	Image: /usr/bin/expr
	User: root
Event SYSMONEVENT_CREATE_PROCESS
	RuleName: -
	UtcTime: 2023-10-20 15:00:06.470
	ProcessGuid: {76062d67-95f6-6532-492d-3b2268550000}
	ProcessId: 5289
	Image: /usr/bin/mv
	FileVersion: -
	Description: -
	Product: -
	Company: -
	OriginalFileName: -
	CommandLine: mv -f /var/log/vmware-network.7.log /var/log/vmware-network.8.log
	CurrentDirectory: /
	User: root
	LogonGuid: {76062d67-0000-0000-0000-000000000000}
	LogonId: 0
	TerminalSessionId: 4294967295
	IntegrityLevel: no level
	Hashes: -
	ParentProcessGuid: {76062d67-95f5-6532-b9ab-2e6a64550000}
	ParentProcessId: 5128
	ParentImage: /usr/bin/dash
	ParentCommandLine: /bin/sh
	ParentUser: root
Event SYSMONEVENT_PROCESS_TERMINATE
	RuleName: -
	UtcTime: 2023-10-20 15:00:06.475
	ProcessGuid: {76062d67-95f6-6532-492d-3b2268550000}
	ProcessId: 5289
	Image: /usr/bin/mv
	User: root
Event SYSMONEVENT_CREATE_PROCESS
	RuleName: -
	UtcTime: 2023-10-20 15:00:06.476
	ProcessGuid: {76062d67-95f6-6532-c94c-26c857550000}
	ProcessId: 5290
	Image: /usr/bin/expr
	FileVersion: -
	Description: -
	Product: -
	Company: -
	OriginalFileName: -
	CommandLine: expr 6 + 1
	CurrentDirectory: /
	User: root
	LogonGuid: {76062d67-0000-0000-0000-000000000000}
	LogonId: 0
	TerminalSessionId: 4294967295
	IntegrityLevel: no level
	Hashes: -
	ParentProcessGuid: {76062d67-95f5-6532-b9ab-2e6a64550000}
	ParentProcessId: 5128
	ParentImage: /usr/bin/dash
	ParentCommandLine: /bin/sh
	ParentUser: root
Event SYSMONEVENT_PROCESS_TERMINATE
	RuleName: -
	UtcTime: 2023-10-20 15:00:06.482
	ProcessGuid: {76062d67-95f6-6532-c94c-26c857550000}
	ProcessId: 5290
	Image: /usr/bin/expr
	User: root
Event SYSMONEVENT_CREATE_PROCESS
	RuleName: -
	UtcTime: 2023-10-20 15:00:06.482
	ProcessGuid: {76062d67-95f6-6532-499d-f3c0a0550000}
	ProcessId: 5292
	Image: /usr/bin/mv
	FileVersion: -
	Description: -
	Product: -
	Company: -
	OriginalFileName: -
	CommandLine: mv -f /var/log/vmware-network.6.log /var/log/vmware-network.7.log
	CurrentDirectory: /
	User: root
	LogonGuid: {76062d67-0000-0000-0000-000000000000}
	LogonId: 0
	TerminalSessionId: 4294967295
	IntegrityLevel: no level
	Hashes: -
	ParentProcessGuid: {76062d67-95f5-6532-b9ab-2e6a64550000}
	ParentProcessId: 5128
	ParentImage: /usr/bin/dash
	ParentCommandLine: /bin/sh
	ParentUser: root
Event SYSMONEVENT_PROCESS_TERMINATE
	RuleName: -
	UtcTime: 2023-10-20 15:00:06.484
	ProcessGuid: {76062d67-95f6-6532-499d-f3c0a0550000}
	ProcessId: 5292
	Image: /usr/bin/mv
	User: root
Event SYSMONEVENT_CREATE_PROCESS
	RuleName: -
	UtcTime: 2023-10-20 15:00:06.484
	ProcessGuid: {76062d67-95f6-6532-c95c-b5c374550000}
	ProcessId: 5293
	Image: /usr/bin/expr
	FileVersion: -
	Description: -
	Product: -
	Company: -
	OriginalFileName: -
	CommandLine: expr 5 + 1
	CurrentDirectory: /
	User: root
	LogonGuid: {76062d67-0000-0000-0000-000000000000}
	LogonId: 0
	TerminalSessionId: 4294967295
	IntegrityLevel: no level
	Hashes: -
	ParentProcessGuid: {76062d67-95f5-6532-b9ab-2e6a64550000}
	ParentProcessId: 5128
	ParentImage: /usr/bin/dash
	ParentCommandLine: /bin/sh
	ParentUser: root
Event SYSMONEVENT_PROCESS_TERMINATE
	RuleName: -
	UtcTime: 2023-10-20 15:00:06.503
	ProcessGuid: {76062d67-95f6-6532-c95c-b5c374550000}
	ProcessId: 5293
	Image: /usr/bin/expr
	User: -
Event SYSMONEVENT_CREATE_PROCESS
	RuleName: -
	UtcTime: 2023-10-20 15:00:06.503
	ProcessGuid: {76062d67-95f6-6532-49cd-2a65e1550000}
	ProcessId: 5294
	Image: /usr/bin/mv
	FileVersion: -
	Description: -
	Product: -
	Company: -
	OriginalFileName: -
	CommandLine: mv -f /var/log/vmware-network.5.log /var/log/vmware-network.6.log
	CurrentDirectory: /
	User: root
	LogonGuid: {76062d67-0000-0000-0000-000000000000}
	LogonId: 0
	TerminalSessionId: 4294967295
	IntegrityLevel: no level
	Hashes: -
	ParentProcessGuid: {76062d67-95f5-6532-b9ab-2e6a64550000}
	ParentProcessId: 5128
	ParentImage: /usr/bin/dash
	ParentCommandLine: /bin/sh
	ParentUser: root
Event SYSMONEVENT_PROCESS_TERMINATE
	RuleName: -
	UtcTime: 2023-10-20 15:00:06.505
	ProcessGuid: {76062d67-95f6-6532-49cd-2a65e1550000}
	ProcessId: 5294
	Image: /usr/bin/mv
	User: root
Event SYSMONEVENT_CREATE_PROCESS
	RuleName: -
	UtcTime: 2023-10-20 15:00:06.506
	ProcessGuid: {76062d67-95f6-6532-c95c-f1c6a2550000}
	ProcessId: 5295
	Image: /usr/bin/expr
	FileVersion: -
	Description: -
	Product: -
	Company: -
	OriginalFileName: -
	CommandLine: expr 4 + 1
	CurrentDirectory: /
	User: root
	LogonGuid: {76062d67-0000-0000-0000-000000000000}
	LogonId: 0
	TerminalSessionId: 4294967295
	IntegrityLevel: no level
	Hashes: -
	ParentProcessGuid: {76062d67-95f5-6532-b9ab-2e6a64550000}
	ParentProcessId: 5128
	ParentImage: /usr/bin/dash
	ParentCommandLine: /bin/sh
	ParentUser: root
Event SYSMONEVENT_PROCESS_TERMINATE
	RuleName: -
	UtcTime: 2023-10-20 15:00:06.508
	ProcessGuid: {76062d67-95f6-6532-c95c-f1c6a2550000}
	ProcessId: 5295
	Image: /usr/bin/expr
	User: root
Event SYSMONEVENT_FILE_DELETE
	RuleName: -
	UtcTime: 2023-10-20 15:00:06.515
	ProcessGuid: {76062d67-95f6-6532-7de6-50d220560000}
	ProcessId: 5235
	User: -
	Image: /usr/bin/gzip
	TargetFilename: /var/backups/dpkg.status.0
	Hashes: -
	IsExecutable: -
	Archived: -
Event SYSMONEVENT_PROCESS_TERMINATE
	RuleName: -
	UtcTime: 2023-10-20 15:00:06.515
	ProcessGuid: {76062d67-95f6-6532-7de6-50d220560000}
	ProcessId: 5235
	Image: /usr/bin/gzip
	User: -
Event SYSMONEVENT_CREATE_PROCESS
	RuleName: -
	UtcTime: 2023-10-20 15:00:06.508
	ProcessGuid: {76062d67-95f6-6532-497d-281400560000}
	ProcessId: 5296
	Image: /usr/bin/mv
	FileVersion: -
	Description: -
	Product: -
	Company: -
	OriginalFileName: -
	CommandLine: mv -f /var/log/vmware-network.4.log /var/log/vmware-network.5.log
	CurrentDirectory: /
	User: root
	LogonGuid: {76062d67-0000-0000-0000-000000000000}
	LogonId: 0
	TerminalSessionId: 4294967295
	IntegrityLevel: no level
	Hashes: -
	ParentProcessGuid: {76062d67-95f5-6532-b9ab-2e6a64550000}
	ParentProcessId: 5128
	ParentImage: /usr/bin/dash
	ParentCommandLine: /bin/sh
	ParentUser: root
Event SYSMONEVENT_CREATE_PROCESS
	RuleName: -
	UtcTime: 2023-10-20 15:00:06.515
	ProcessGuid: {76062d67-95f6-6532-49dd-5ae7aa550000}
	ProcessId: 5297
	Image: /usr/bin/mv
	FileVersion: -
	Description: -
	Product: -
	Company: -
	OriginalFileName: -
	CommandLine: mv -f -- .//dpkg.status.0.gz .//dpkg.status.1.gz
	CurrentDirectory: /var/backups
	User: root
	LogonGuid: {76062d67-0000-0000-0000-000000000000}
	LogonId: 0
	TerminalSessionId: 4294967295
	IntegrityLevel: no level
	Hashes: -
	ParentProcessGuid: {76062d67-95f6-6532-b99b-d7baff550000}
	ParentProcessId: 5211
	ParentImage: /usr/bin/dash
	ParentCommandLine: /bin/sh
	ParentUser: root
Event SYSMONEVENT_PROCESS_TERMINATE
	RuleName: -
	UtcTime: 2023-10-20 15:00:06.517
	ProcessGuid: {76062d67-95f6-6532-497d-281400560000}
	ProcessId: 5296
	Image: /usr/bin/mv
	User: root
Event SYSMONEVENT_PROCESS_TERMINATE
	RuleName: -
	UtcTime: 2023-10-20 15:00:06.518
	ProcessGuid: {76062d67-95f6-6532-49dd-5ae7aa550000}
	ProcessId: 5297
	Image: /usr/bin/mv
	User: root
Event SYSMONEVENT_CREATE_PROCESS
	RuleName: -
	UtcTime: 2023-10-20 15:00:06.518
	ProcessGuid: {76062d67-95f6-6532-493d-112de4550000}
	ProcessId: 5299
	Image: /usr/bin/mv
	FileVersion: -
	Description: -
	Product: -
	Company: -
	OriginalFileName: -
	CommandLine: mv -f -- dpkg.status .//dpkg.status.0
	CurrentDirectory: /var/backups
	User: root
	LogonGuid: {76062d67-0000-0000-0000-000000000000}
	LogonId: 0
	TerminalSessionId: 4294967295
	IntegrityLevel: no level
	Hashes: -
	ParentProcessGuid: {76062d67-95f6-6532-b99b-d7baff550000}
	ParentProcessId: 5211
	ParentImage: /usr/bin/dash
	ParentCommandLine: /bin/sh
	ParentUser: root
Event SYSMONEVENT_CREATE_PROCESS
	RuleName: -
	UtcTime: 2023-10-20 15:00:06.518
	ProcessGuid: {76062d67-95f6-6532-c9fc-16aa7c550000}
	ProcessId: 5298
	Image: /usr/bin/expr
	FileVersion: -
	Description: -
	Product: -
	Company: -
	OriginalFileName: -
	CommandLine: expr 3 + 1
	CurrentDirectory: /
	User: root
	LogonGuid: {76062d67-0000-0000-0000-000000000000}
	LogonId: 0
	TerminalSessionId: 4294967295
	IntegrityLevel: no level
	Hashes: -
	ParentProcessGuid: {76062d67-95f5-6532-b9ab-2e6a64550000}
	ParentProcessId: 5128
	ParentImage: /usr/bin/dash
	ParentCommandLine: /bin/sh
	ParentUser: root
Event SYSMONEVENT_PROCESS_TERMINATE
	RuleName: -
	UtcTime: 2023-10-20 15:00:06.519
	ProcessGuid: {76062d67-95f6-6532-c9fc-16aa7c550000}
	ProcessId: 5298
	Image: /usr/bin/expr
	User: root
Event SYSMONEVENT_CREATE_PROCESS
	RuleName: -
	UtcTime: 2023-10-20 15:00:06.519
	ProcessGuid: {76062d67-95f6-6532-491d-bf2bc0550000}
	ProcessId: 5300
	Image: /usr/bin/mv
	FileVersion: -
	Description: -
	Product: -
	Company: -
	OriginalFileName: -
	CommandLine: mv -f /var/log/vmware-network.3.log /var/log/vmware-network.4.log
	CurrentDirectory: /
	User: root
	LogonGuid: {76062d67-0000-0000-0000-000000000000}
	LogonId: 0
	TerminalSessionId: 4294967295
	IntegrityLevel: no level
	Hashes: -
	ParentProcessGuid: {76062d67-95f5-6532-b9ab-2e6a64550000}
	ParentProcessId: 5128
	ParentImage: /usr/bin/dash
	ParentCommandLine: /bin/sh
	ParentUser: root
Event SYSMONEVENT_PROCESS_TERMINATE
	RuleName: -
	UtcTime: 2023-10-20 15:00:06.519
	ProcessGuid: {76062d67-95f6-6532-493d-112de4550000}
	ProcessId: 5299
	Image: /usr/bin/mv
	User: root
Event SYSMONEVENT_CREATE_PROCESS
	RuleName: -
	UtcTime: 2023-10-20 15:00:06.519
	ProcessGuid: {76062d67-95f6-6532-4981-5938f1550000}
	ProcessId: 5301
	Image: /usr/bin/date
	FileVersion: -
	Description: -
	Product: -
	Company: -
	OriginalFileName: -
	CommandLine: date
	CurrentDirectory: /var/backups
	User: root
	LogonGuid: {76062d67-0000-0000-0000-000000000000}
	LogonId: 0
	TerminalSessionId: 4294967295
	IntegrityLevel: no level
	Hashes: -
	ParentProcessGuid: {76062d67-95f6-6532-b99b-d7baff550000}
	ParentProcessId: 5211
	ParentImage: /usr/bin/dash
	ParentCommandLine: /bin/sh
	ParentUser: root
Event SYSMONEVENT_PROCESS_TERMINATE
	RuleName: -
	UtcTime: 2023-10-20 15:00:06.521
	ProcessGuid: {76062d67-95f6-6532-491d-bf2bc0550000}
	ProcessId: 5300
	Image: /usr/bin/mv
	User: root
Event SYSMONEVENT_PROCESS_TERMINATE
	RuleName: -
	UtcTime: 2023-10-20 15:00:06.521
	ProcessGuid: {76062d67-95f6-6532-4981-5938f1550000}
	ProcessId: 5301
	Image: /usr/bin/date
	User: root
Event SYSMONEVENT_PROCESS_TERMINATE
	RuleName: -
	UtcTime: 2023-10-20 15:00:06.521
	ProcessGuid: {76062d67-95f6-6532-b99b-d7baff550000}
	ProcessId: 5211
	Image: /usr/bin/dash
	User: root
Event SYSMONEVENT_CREATE_PROCESS
	RuleName: -
	UtcTime: 2023-10-20 15:00:06.521
	ProcessGuid: {76062d67-95f6-6532-c9bc-abc1b6550000}
	ProcessId: 5302
	Image: /usr/bin/expr
	FileVersion: -
	Description: -
	Product: -
	Company: -
	OriginalFileName: -
	CommandLine: expr 2 + 1
	CurrentDirectory: /
	User: root
	LogonGuid: {76062d67-0000-0000-0000-000000000000}
	LogonId: 0
	TerminalSessionId: 4294967295
	IntegrityLevel: no level
	Hashes: -
	ParentProcessGuid: {76062d67-95f5-6532-b9ab-2e6a64550000}
	ParentProcessId: 5128
	ParentImage: /usr/bin/dash
	ParentCommandLine: /bin/sh
	ParentUser: root
Event SYSMONEVENT_CREATE_PROCESS
	RuleName: -
	UtcTime: 2023-10-20 15:00:06.522
	ProcessGuid: {76062d67-95f6-6532-799d-2ed5a5550000}
	ProcessId: 5303
	Image: /usr/bin/cp
	FileVersion: -
	Description: -
	Product: -
	Company: -
	OriginalFileName: -
	CommandLine: cp -p /var/lib/dpkg/diversions dpkg.diversions
	CurrentDirectory: /var/backups
	User: root
	LogonGuid: {76062d67-0000-0000-0000-000000000000}
	LogonId: 0
	TerminalSessionId: 4294967295
	IntegrityLevel: no level
	Hashes: -
	ParentProcessGuid: {76062d67-95f5-6532-b9eb-8d1fae550000}
	ParentProcessId: 5127
	ParentImage: /usr/bin/dash
	ParentCommandLine: /bin/sh
	ParentUser: root
Event SYSMONEVENT_PROCESS_TERMINATE
	RuleName: -
	UtcTime: 2023-10-20 15:00:06.523
	ProcessGuid: {76062d67-95f6-6532-c9bc-abc1b6550000}
	ProcessId: 5302
	Image: /usr/bin/expr
	User: root
Event SYSMONEVENT_CREATE_PROCESS
	RuleName: -
	UtcTime: 2023-10-20 15:00:06.524
	ProcessGuid: {76062d67-95f6-6532-496d-b534a8550000}
	ProcessId: 5304
	Image: /usr/bin/mv
	FileVersion: -
	Description: -
	Product: -
	Company: -
	OriginalFileName: -
	CommandLine: mv -f /var/log/vmware-network.2.log /var/log/vmware-network.3.log
	CurrentDirectory: /
	User: root
	LogonGuid: {76062d67-0000-0000-0000-000000000000}
	LogonId: 0
	TerminalSessionId: 4294967295
	IntegrityLevel: no level
	Hashes: -
	ParentProcessGuid: {76062d67-95f5-6532-b9ab-2e6a64550000}
	ParentProcessId: 5128
	ParentImage: /usr/bin/dash
	ParentCommandLine: /bin/sh
	ParentUser: root
Event SYSMONEVENT_PROCESS_TERMINATE
	RuleName: -
	UtcTime: 2023-10-20 15:00:06.525
	ProcessGuid: {76062d67-95f6-6532-496d-b534a8550000}
	ProcessId: 5304
	Image: /usr/bin/mv
	User: root
Event SYSMONEVENT_PROCESS_TERMINATE
	RuleName: -
	UtcTime: 2023-10-20 15:00:06.525
	ProcessGuid: {76062d67-95f6-6532-799d-2ed5a5550000}
	ProcessId: 5303
	Image: /usr/bin/cp
	User: -
Event SYSMONEVENT_CREATE_PROCESS
	RuleName: -
	UtcTime: 2023-10-20 15:00:06.526
	ProcessGuid: {76062d67-95f6-6532-b9ab-14af2d560000}
	ProcessId: 5305
	Image: /usr/bin/dash
	FileVersion: -
	Description: -
	Product: -
	Company: -
	OriginalFileName: -
	CommandLine: /bin/sh /usr/bin/savelog -c 7 dpkg.diversions
	CurrentDirectory: /var/backups
	User: root
	LogonGuid: {76062d67-0000-0000-0000-000000000000}
	LogonId: 0
	TerminalSessionId: 4294967295
	IntegrityLevel: no level
	Hashes: -
	ParentProcessGuid: {76062d67-95f5-6532-b9eb-8d1fae550000}
	ParentProcessId: 5127
	ParentImage: /usr/bin/dash
	ParentCommandLine: /bin/sh
	ParentUser: root
Event SYSMONEVENT_CREATE_PROCESS
	RuleName: -
	UtcTime: 2023-10-20 15:00:06.526
	ProcessGuid: {76062d67-95f6-6532-c9fc-3a669c550000}
	ProcessId: 5306
	Image: /usr/bin/expr
	FileVersion: -
	Description: -
	Product: -
	Company: -
	OriginalFileName: -
	CommandLine: expr 1 + 1
	CurrentDirectory: /
	User: root
	LogonGuid: {76062d67-0000-0000-0000-000000000000}
	LogonId: 0
	TerminalSessionId: 4294967295
	IntegrityLevel: no level
	Hashes: -
	ParentProcessGuid: {76062d67-95f5-6532-b9ab-2e6a64550000}
	ParentProcessId: 5128
	ParentImage: /usr/bin/dash
	ParentCommandLine: /bin/sh
	ParentUser: root
Event SYSMONEVENT_PROCESS_TERMINATE
	RuleName: -
	UtcTime: 2023-10-20 15:00:06.527
	ProcessGuid: {76062d67-95f6-6532-c9fc-3a669c550000}
	ProcessId: 5306
	Image: /usr/bin/expr
	User: root
Event SYSMONEVENT_CREATE_PROCESS
	RuleName: -
	UtcTime: 2023-10-20 15:00:06.527
	ProcessGuid: {76062d67-95f6-6532-491d-55ca94550000}
	ProcessId: 5307
	Image: /usr/bin/mv
	FileVersion: -
	Description: -
	Product: -
	Company: -
	OriginalFileName: -
	CommandLine: mv -f /var/log/vmware-network.1.log /var/log/vmware-network.2.log
	CurrentDirectory: /
	User: root
	LogonGuid: {76062d67-0000-0000-0000-000000000000}
	LogonId: 0
	TerminalSessionId: 4294967295
	IntegrityLevel: no level
	Hashes: -
	ParentProcessGuid: {76062d67-95f5-6532-b9ab-2e6a64550000}
	ParentProcessId: 5128
	ParentImage: /usr/bin/dash
	ParentCommandLine: /bin/sh
	ParentUser: root
Event SYSMONEVENT_CREATE_PROCESS
	RuleName: -
	UtcTime: 2023-10-20 15:00:06.528
	ProcessGuid: {76062d67-95f6-6532-49e1-0bc13f560000}
	ProcessId: 5308
	Image: /usr/bin/date
	FileVersion: -
	Description: -
	Product: -
	Company: -
	OriginalFileName: -
	CommandLine: date +%Y%m%d%H%M%S
	CurrentDirectory: /var/backups
	User: root
	LogonGuid: {76062d67-0000-0000-0000-000000000000}
	LogonId: 0
	TerminalSessionId: 4294967295
	IntegrityLevel: no level
	Hashes: -
	ParentProcessGuid: {76062d67-95f6-6532-b9ab-14af2d560000}
	ParentProcessId: 5305
	ParentImage: /usr/bin/dash
	ParentCommandLine: /bin/sh
	ParentUser: root
Event SYSMONEVENT_PROCESS_TERMINATE
	RuleName: -
	UtcTime: 2023-10-20 15:00:06.529
	ProcessGuid: {76062d67-95f6-6532-491d-55ca94550000}
	ProcessId: 5307
	Image: /usr/bin/mv
	User: root
Event SYSMONEVENT_CREATE_PROCESS
	RuleName: -
	UtcTime: 2023-10-20 15:00:06.529
	ProcessGuid: {76062d67-95f6-6532-493d-0d1792550000}
	ProcessId: 5309
	Image: /usr/bin/mv
	FileVersion: -
	Description: -
	Product: -
	Company: -
	OriginalFileName: -
	CommandLine: mv -f /var/log/vmware-network.log /var/log/vmware-network.1.log
	CurrentDirectory: /
	User: root
	LogonGuid: {76062d67-0000-0000-0000-000000000000}
	LogonId: 0
	TerminalSessionId: 4294967295
	IntegrityLevel: no level
	Hashes: -
	ParentProcessGuid: {76062d67-95f5-6532-b9ab-2e6a64550000}
	ParentProcessId: 5128
	ParentImage: /usr/bin/dash
	ParentCommandLine: /bin/sh
	ParentUser: root
Event SYSMONEVENT_PROCESS_TERMINATE
	RuleName: -
	UtcTime: 2023-10-20 15:00:06.530
	ProcessGuid: {76062d67-95f6-6532-49e1-0bc13f560000}
	ProcessId: 5308
	Image: /usr/bin/date
	User: root
Event SYSMONEVENT_PROCESS_TERMINATE
	RuleName: -
	UtcTime: 2023-10-20 15:00:06.531
	ProcessGuid: {76062d67-95f6-6532-493d-0d1792550000}
	ProcessId: 5309
	Image: /usr/bin/mv
	User: root
Event SYSMONEVENT_PROCESS_TERMINATE
	RuleName: -
	UtcTime: 2023-10-20 15:00:06.533
	ProcessGuid: {76062d67-95f6-6532-3991-2a7ea3550000}
	ProcessId: 5312
	Image: /usr/bin/basename
	User: root
Event SYSMONEVENT_CREATE_PROCESS
	RuleName: -
	UtcTime: 2023-10-20 15:00:06.532
	ProcessGuid: {76062d67-95f6-6532-1905-88fbb9550000}
	ProcessId: 5311
	Image: /usr/bin/df
	FileVersion: -
	Description: -
	Product: -
	Company: -
	OriginalFileName: -
	CommandLine: df -k /var/log
	CurrentDirectory: /
	User: root
	LogonGuid: {76062d67-0000-0000-0000-000000000000}
	LogonId: 0
	TerminalSessionId: 4294967295
	IntegrityLevel: no level
	Hashes: -
	ParentProcessGuid: {00000000-0000-0000-0000-000000000000}
	ParentProcessId: 5310
	ParentImage: -
	ParentCommandLine: -
	ParentUser: -
Event SYSMONEVENT_PROCESS_TERMINATE
	RuleName: -
	UtcTime: 2023-10-20 15:00:06.534
	ProcessGuid: {00000000-0000-0000-0000-000000000000}
	ProcessId: 5313
	Image: <unknown process>
	User: -
Event SYSMONEVENT_CREATE_PROCESS
	RuleName: -
	UtcTime: 2023-10-20 15:00:06.534
	ProcessGuid: {76062d67-95f6-6532-5980-5b59a2550000}
	ProcessId: 5315
	Image: /usr/bin/dirname
	FileVersion: -
	Description: -
	Product: -
	Company: -
	OriginalFileName: -
	CommandLine: dirname -- dpkg.diversions
	CurrentDirectory: /var/backups
	User: root
	LogonGuid: {76062d67-0000-0000-0000-000000000000}
	LogonId: 0
	TerminalSessionId: 4294967295
	IntegrityLevel: no level
	Hashes: -
	ParentProcessGuid: {76062d67-95f6-6532-b9ab-14af2d560000}
	ParentProcessId: 5305
	ParentImage: /usr/bin/dash
	ParentCommandLine: /bin/sh
	ParentUser: root
Event SYSMONEVENT_CREATE_PROCESS
	RuleName: -
	UtcTime: 2023-10-20 15:00:06.534
	ProcessGuid: {76062d67-95f6-6532-1189-480000000000}
	ProcessId: 5314
	Image: /usr/bin/gawk
	FileVersion: -
	Description: -
	Product: -
	Company: -
	OriginalFileName: -
	CommandLine: awk NR == 2 { print $4 }
	CurrentDirectory: /
	User: root
	LogonGuid: {76062d67-0000-0000-0000-000000000000}
	LogonId: 0
	TerminalSessionId: 4294967295
	IntegrityLevel: no level
	Hashes: -
	ParentProcessGuid: {00000000-0000-0000-0000-000000000000}
	ParentProcessId: 5310
	ParentImage: -
	ParentCommandLine: -
	ParentUser: -
Event SYSMONEVENT_PROCESS_TERMINATE
	RuleName: -
	UtcTime: 2023-10-20 15:00:06.535
	ProcessGuid: {76062d67-95f6-6532-5980-5b59a2550000}
	ProcessId: 5315
	Image: /usr/bin/dirname
	User: root
Event SYSMONEVENT_PROCESS_TERMINATE
	RuleName: -
	UtcTime: 2023-10-20 15:00:06.537
	ProcessGuid: {76062d67-95f6-6532-3921-8b006a550000}
	ProcessId: 5316
	Image: /usr/bin/basename
	User: root
Event SYSMONEVENT_CREATE_PROCESS
	RuleName: -
	UtcTime: 2023-10-20 15:00:06.537
	ProcessGuid: {76062d67-95f6-6532-196a-bc21cf550000}
	ProcessId: 5317
	Image: /usr/bin/rm
	FileVersion: -
	Description: -
	Product: -
	Company: -
	OriginalFileName: -
	CommandLine: rm -f -- .//dpkg.diversions.6 .//dpkg.diversions.6.gz
	CurrentDirectory: /var/backups
	User: root
	LogonGuid: {76062d67-0000-0000-0000-000000000000}
	LogonId: 0
	TerminalSessionId: 4294967295
	IntegrityLevel: no level
	Hashes: -
	ParentProcessGuid: {76062d67-95f6-6532-b9ab-14af2d560000}
	ParentProcessId: 5305
	ParentImage: /usr/bin/dash
	ParentCommandLine: /bin/sh
	ParentUser: root
Event SYSMONEVENT_PROCESS_TERMINATE
	RuleName: -
	UtcTime: 2023-10-20 15:00:06.539
	ProcessGuid: {76062d67-95f6-6532-1905-88fbb9550000}
	ProcessId: 5311
	Image: /usr/bin/df
	User: -
Event SYSMONEVENT_PROCESS_TERMINATE
	RuleName: -
	UtcTime: 2023-10-20 15:00:06.539
	ProcessGuid: {76062d67-95f6-6532-196a-bc21cf550000}
	ProcessId: 5317
	Image: /usr/bin/rm
	User: root
Event SYSMONEVENT_CREATE_PROCESS
	RuleName: -
	UtcTime: 2023-10-20 15:00:06.540
	ProcessGuid: {76062d67-95f6-6532-496d-f19d3a560000}
	ProcessId: 5318
	Image: /usr/bin/mv
	FileVersion: -
	Description: -
	Product: -
	Company: -
	OriginalFileName: -
	CommandLine: mv -f -- .//dpkg.diversions.4.gz .//dpkg.diversions.5.gz
	CurrentDirectory: /var/backups
	User: root
	LogonGuid: {76062d67-0000-0000-0000-000000000000}
	LogonId: 0
	TerminalSessionId: 4294967295
	IntegrityLevel: no level
	Hashes: -
	ParentProcessGuid: {76062d67-95f6-6532-b9ab-14af2d560000}
	ParentProcessId: 5305
	ParentImage: /usr/bin/dash
	ParentCommandLine: /bin/sh
	ParentUser: root
Event SYSMONEVENT_PROCESS_TERMINATE
	RuleName: -
	UtcTime: 2023-10-20 15:00:06.541
	ProcessGuid: {76062d67-95f6-6532-496d-f19d3a560000}
	ProcessId: 5318
	Image: /usr/bin/mv
	User: root
Event SYSMONEVENT_CREATE_PROCESS
	RuleName: -
	UtcTime: 2023-10-20 15:00:06.541
	ProcessGuid: {76062d67-95f6-6532-491d-1a453b560000}
	ProcessId: 5319
	Image: /usr/bin/mv
	FileVersion: -
	Description: -
	Product: -
	Company: -
	OriginalFileName: -
	CommandLine: mv -f -- .//dpkg.diversions.3.gz .//dpkg.diversions.4.gz
	CurrentDirectory: /var/backups
	User: root
	LogonGuid: {76062d67-0000-0000-0000-000000000000}
	LogonId: 0
	TerminalSessionId: 4294967295
	IntegrityLevel: no level
	Hashes: -
	ParentProcessGuid: {76062d67-95f6-6532-b9ab-14af2d560000}
	ParentProcessId: 5305
	ParentImage: /usr/bin/dash
	ParentCommandLine: /bin/sh
	ParentUser: root
Event SYSMONEVENT_PROCESS_TERMINATE
	RuleName: -
	UtcTime: 2023-10-20 15:00:06.543
	ProcessGuid: {76062d67-95f6-6532-491d-1a453b560000}
	ProcessId: 5319
	Image: /usr/bin/mv
	User: root
Event SYSMONEVENT_CREATE_PROCESS
	RuleName: -
	UtcTime: 2023-10-20 15:00:06.544
	ProcessGuid: {76062d67-95f6-6532-49ed-cfb547560000}
	ProcessId: 5320
	Image: /usr/bin/mv
	FileVersion: -
	Description: -
	Product: -
	Company: -
	OriginalFileName: -
	CommandLine: mv -f -- .//dpkg.diversions.2.gz .//dpkg.diversions.3.gz
	CurrentDirectory: /var/backups
	User: root
	LogonGuid: {76062d67-0000-0000-0000-000000000000}
	LogonId: 0
	TerminalSessionId: 4294967295
	IntegrityLevel: no level
	Hashes: -
	ParentProcessGuid: {76062d67-95f6-6532-b9ab-14af2d560000}
	ParentProcessId: 5305
	ParentImage: /usr/bin/dash
	ParentCommandLine: /bin/sh
	ParentUser: root
Event SYSMONEVENT_PROCESS_TERMINATE
	RuleName: -
	UtcTime: 2023-10-20 15:00:06.545
	ProcessGuid: {76062d67-95f6-6532-49ed-cfb547560000}
	ProcessId: 5320
	Image: /usr/bin/mv
	User: root
Event SYSMONEVENT_CREATE_PROCESS
	RuleName: -
	UtcTime: 2023-10-20 15:00:06.546
	ProcessGuid: {76062d67-95f6-6532-495d-5e4552560000}
	ProcessId: 5321
	Image: /usr/bin/mv
	FileVersion: -
	Description: -
	Product: -
	Company: -
	OriginalFileName: -
	CommandLine: mv -f -- .//dpkg.diversions.1.gz .//dpkg.diversions.2.gz
	CurrentDirectory: /var/backups
	User: root
	LogonGuid: {76062d67-0000-0000-0000-000000000000}
	LogonId: 0
	TerminalSessionId: 4294967295
	IntegrityLevel: no level
	Hashes: -
	ParentProcessGuid: {76062d67-95f6-6532-b9ab-14af2d560000}
	ParentProcessId: 5305
	ParentImage: /usr/bin/dash
	ParentCommandLine: /bin/sh
	ParentUser: root
Event SYSMONEVENT_PROCESS_TERMINATE
	RuleName: -
	UtcTime: 2023-10-20 15:00:06.548
	ProcessGuid: {76062d67-95f6-6532-495d-5e4552560000}
	ProcessId: 5321
	Image: /usr/bin/mv
	User: root
Event SYSMONEVENT_CREATE_PROCESS
	RuleName: -
	UtcTime: 2023-10-20 15:00:06.548
	ProcessGuid: {76062d67-95f6-6532-7d76-ecf59d550000}
	ProcessId: 5322
	Image: /usr/bin/gzip
	FileVersion: -
	Description: -
	Product: -
	Company: -
	OriginalFileName: -
	CommandLine: gzip -f -9 .//dpkg.diversions.0
	CurrentDirectory: /var/backups
	User: root
	LogonGuid: {76062d67-0000-0000-0000-000000000000}
	LogonId: 0
	TerminalSessionId: 4294967295
	IntegrityLevel: no level
	Hashes: -
	ParentProcessGuid: {76062d67-95f6-6532-b9ab-14af2d560000}
	ParentProcessId: 5305
	ParentImage: /usr/bin/dash
	ParentCommandLine: /bin/sh
	ParentUser: root
Event SYSMONEVENT_FILE_DELETE
	RuleName: -
	UtcTime: 2023-10-20 15:00:06.557
	ProcessGuid: {76062d67-95f6-6532-7d76-ecf59d550000}
	ProcessId: 5322
	User: -
	Image: /usr/bin/gzip
	TargetFilename: /var/backups/dpkg.diversions.0
	Hashes: -
	IsExecutable: -
	Archived: -
Event SYSMONEVENT_PROCESS_TERMINATE
	RuleName: -
	UtcTime: 2023-10-20 15:00:06.557
	ProcessGuid: {76062d67-95f6-6532-7d76-ecf59d550000}
	ProcessId: 5322
	Image: /usr/bin/gzip
	User: -
Event SYSMONEVENT_CREATE_PROCESS
	RuleName: -
	UtcTime: 2023-10-20 15:00:06.557
	ProcessGuid: {76062d67-95f6-6532-49cd-5d61b9550000}
	ProcessId: 5323
	Image: /usr/bin/mv
	FileVersion: -
	Description: -
	Product: -
	Company: -
	OriginalFileName: -
	CommandLine: mv -f -- .//dpkg.diversions.0.gz .//dpkg.diversions.1.gz
	CurrentDirectory: /var/backups
	User: root
	LogonGuid: {76062d67-0000-0000-0000-000000000000}
	LogonId: 0
	TerminalSessionId: 4294967295
	IntegrityLevel: no level
	Hashes: -
	ParentProcessGuid: {76062d67-95f6-6532-b9ab-14af2d560000}
	ParentProcessId: 5305
	ParentImage: /usr/bin/dash
	ParentCommandLine: /bin/sh
	ParentUser: root
Event SYSMONEVENT_PROCESS_TERMINATE
	RuleName: -
	UtcTime: 2023-10-20 15:00:06.559
	ProcessGuid: {76062d67-95f6-6532-49cd-5d61b9550000}
	ProcessId: 5323
	Image: /usr/bin/mv
	User: root
Event SYSMONEVENT_CREATE_PROCESS
	RuleName: -
	UtcTime: 2023-10-20 15:00:06.560
	ProcessGuid: {76062d67-95f6-6532-49ad-b6ee78550000}
	ProcessId: 5324
	Image: /usr/bin/mv
	FileVersion: -
	Description: -
	Product: -
	Company: -
	OriginalFileName: -
	CommandLine: mv -f -- dpkg.diversions .//dpkg.diversions.0
	CurrentDirectory: /var/backups
	User: root
	LogonGuid: {76062d67-0000-0000-0000-000000000000}
	LogonId: 0
	TerminalSessionId: 4294967295
	IntegrityLevel: no level
	Hashes: -
	ParentProcessGuid: {76062d67-95f6-6532-b9ab-14af2d560000}
	ParentProcessId: 5305
	ParentImage: /usr/bin/dash
	ParentCommandLine: /bin/sh
	ParentUser: root
Event SYSMONEVENT_PROCESS_TERMINATE
	RuleName: -
	UtcTime: 2023-10-20 15:00:06.562
	ProcessGuid: {76062d67-95f6-6532-49ad-b6ee78550000}
	ProcessId: 5324
	Image: /usr/bin/mv
	User: root
Event SYSMONEVENT_CREATE_PROCESS
	RuleName: -
	UtcTime: 2023-10-20 15:00:06.562
	ProcessGuid: {76062d67-95f6-6532-4901-e2bdca550000}
	ProcessId: 5325
	Image: /usr/bin/date
	FileVersion: -
	Description: -
	Product: -
	Company: -
	OriginalFileName: -
	CommandLine: date
	CurrentDirectory: /var/backups
	User: root
	LogonGuid: {76062d67-0000-0000-0000-000000000000}
	LogonId: 0
	TerminalSessionId: 4294967295
	IntegrityLevel: no level
	Hashes: -
	ParentProcessGuid: {76062d67-95f6-6532-b9ab-14af2d560000}
	ParentProcessId: 5305
	ParentImage: /usr/bin/dash
	ParentCommandLine: /bin/sh
	ParentUser: root
Event SYSMONEVENT_PROCESS_TERMINATE
	RuleName: -
	UtcTime: 2023-10-20 15:00:06.563
	ProcessGuid: {76062d67-95f6-6532-4901-e2bdca550000}
	ProcessId: 5325
	Image: /usr/bin/date
	User: root
Event SYSMONEVENT_PROCESS_TERMINATE
	RuleName: -
	UtcTime: 2023-10-20 15:00:06.564
	ProcessGuid: {76062d67-95f6-6532-b9ab-14af2d560000}
	ProcessId: 5305
	Image: /usr/bin/dash
	User: root
Event SYSMONEVENT_CREATE_PROCESS
	RuleName: -
	UtcTime: 2023-10-20 15:00:06.564
	ProcessGuid: {76062d67-95f6-6532-79bd-42dcda550000}
	ProcessId: 5326
	Image: /usr/bin/cp
	FileVersion: -
	Description: -
	Product: -
	Company: -
	OriginalFileName: -
	CommandLine: cp -p /var/lib/dpkg/statoverride dpkg.statoverride
	CurrentDirectory: /var/backups
	User: root
	LogonGuid: {76062d67-0000-0000-0000-000000000000}
	LogonId: 0
	TerminalSessionId: 4294967295
	IntegrityLevel: no level
	Hashes: -
	ParentProcessGuid: {76062d67-95f5-6532-b9eb-8d1fae550000}
	ParentProcessId: 5127
	ParentImage: /usr/bin/dash
	ParentCommandLine: /bin/sh
	ParentUser: root
Event SYSMONEVENT_PROCESS_TERMINATE
	RuleName: -
	UtcTime: 2023-10-20 15:00:06.568
	ProcessGuid: {76062d67-95f6-6532-79bd-42dcda550000}
	ProcessId: 5326
	Image: /usr/bin/cp
	User: root
Event SYSMONEVENT_CREATE_PROCESS
	RuleName: -
	UtcTime: 2023-10-20 15:00:06.568
	ProcessGuid: {76062d67-95f6-6532-b9cb-0f8220560000}
	ProcessId: 5327
	Image: /usr/bin/dash
	FileVersion: -
	Description: -
	Product: -
	Company: -
	OriginalFileName: -
	CommandLine: /bin/sh /usr/bin/savelog -c 7 dpkg.statoverride
	CurrentDirectory: /var/backups
	User: root
	LogonGuid: {76062d67-0000-0000-0000-000000000000}
	LogonId: 0
	TerminalSessionId: 4294967295
	IntegrityLevel: no level
	Hashes: -
	ParentProcessGuid: {76062d67-95f5-6532-b9eb-8d1fae550000}
	ParentProcessId: 5127
	ParentImage: /usr/bin/dash
	ParentCommandLine: /bin/sh
	ParentUser: root
Event SYSMONEVENT_CREATE_PROCESS
	RuleName: -
	UtcTime: 2023-10-20 15:00:06.569
	ProcessGuid: {76062d67-95f6-6532-49b1-203399550000}
	ProcessId: 5328
	Image: /usr/bin/date
	FileVersion: -
	Description: -
	Product: -
	Company: -
	OriginalFileName: -
	CommandLine: date +%Y%m%d%H%M%S
	CurrentDirectory: /var/backups
	User: root
	LogonGuid: {76062d67-0000-0000-0000-000000000000}
	LogonId: 0
	TerminalSessionId: 4294967295
	IntegrityLevel: no level
	Hashes: -
	ParentProcessGuid: {76062d67-95f6-6532-b9cb-0f8220560000}
	ParentProcessId: 5327
	ParentImage: /usr/bin/dash
	ParentCommandLine: /bin/sh
	ParentUser: root
Event SYSMONEVENT_PROCESS_TERMINATE
	RuleName: -
	UtcTime: 2023-10-20 15:00:06.570
	ProcessGuid: {76062d67-95f6-6532-49b1-203399550000}
	ProcessId: 5328
	Image: /usr/bin/date
	User: root
Event SYSMONEVENT_PROCESS_TERMINATE
	RuleName: -
	UtcTime: 2023-10-20 15:00:06.572
	ProcessGuid: {76062d67-95f6-6532-3941-c8fccd550000}
	ProcessId: 5329
	Image: /usr/bin/basename
	User: root
Event SYSMONEVENT_PROCESS_TERMINATE
	RuleName: -
	UtcTime: 2023-10-20 15:00:06.573
	ProcessGuid: {76062d67-95f6-6532-0000-000000000000}
	ProcessId: 5330
	Image: -
	User: root
Event SYSMONEVENT_CREATE_PROCESS
	RuleName: -
	UtcTime: 2023-10-20 15:00:06.574
	ProcessGuid: {76062d67-95f6-6532-5900-3d0436560000}
	ProcessId: 5331
	Image: /usr/bin/dirname
	FileVersion: -
	Description: -
	Product: -
	Company: -
	OriginalFileName: -
	CommandLine: dirname -- dpkg.statoverride
	CurrentDirectory: /var/backups
	User: root
	LogonGuid: {76062d67-0000-0000-0000-000000000000}
	LogonId: 0
	TerminalSessionId: 4294967295
	IntegrityLevel: no level
	Hashes: -
	ParentProcessGuid: {76062d67-95f6-6532-b9cb-0f8220560000}
	ParentProcessId: 5327
	ParentImage: /usr/bin/dash
	ParentCommandLine: /bin/sh
	ParentUser: root
Event SYSMONEVENT_PROCESS_TERMINATE
	RuleName: -
	UtcTime: 2023-10-20 15:00:06.575
	ProcessGuid: {76062d67-95f6-6532-1189-480000000000}
	ProcessId: 5314
	Image: /usr/bin/gawk
	User: root
Event SYSMONEVENT_PROCESS_TERMINATE
	RuleName: -
	UtcTime: 2023-10-20 15:00:06.575
	ProcessGuid: {00000000-0000-0000-0000-000000000000}
	ProcessId: 5310
	Image: <unknown process>
	User: root
Event SYSMONEVENT_CREATE_PROCESS
	RuleName: -
	UtcTime: 2023-10-20 15:00:06.575
	ProcessGuid: {76062d67-95f6-6532-49b1-8e7fcc550000}
	ProcessId: 5332
	Image: /usr/bin/date
	FileVersion: -
	Description: -
	Product: -
	Company: -
	OriginalFileName: -
	CommandLine: date
	CurrentDirectory: /
	User: root
	LogonGuid: {76062d67-0000-0000-0000-000000000000}
	LogonId: 0
	TerminalSessionId: 4294967295
	IntegrityLevel: no level
	Hashes: -
	ParentProcessGuid: {76062d67-95f5-6532-b9ab-2e6a64550000}
	ParentProcessId: 5128
	ParentImage: /usr/bin/dash
	ParentCommandLine: /bin/sh
	ParentUser: root
Event SYSMONEVENT_PROCESS_TERMINATE
	RuleName: -
	UtcTime: 2023-10-20 15:00:06.576
	ProcessGuid: {76062d67-95f6-6532-5900-3d0436560000}
	ProcessId: 5331
	Image: /usr/bin/dirname
	User: root
Event SYSMONEVENT_PROCESS_TERMINATE
	RuleName: -
	UtcTime: 2023-10-20 15:00:06.577
	ProcessGuid: {76062d67-95f6-6532-49b1-8e7fcc550000}
	ProcessId: 5332
	Image: /usr/bin/date
	User: root
Event SYSMONEVENT_PROCESS_TERMINATE
	RuleName: -
	UtcTime: 2023-10-20 15:00:06.577
	ProcessGuid: {76062d67-95f6-6532-3991-6b8352560000}
	ProcessId: 5333
	Image: /usr/bin/basename
	User: root
Event SYSMONEVENT_CREATE_PROCESS
	RuleName: -
	UtcTime: 2023-10-20 15:00:06.578
	ProcessGuid: {76062d67-95f6-6532-5900-f04365550000}
	ProcessId: 5334
	Image: /usr/bin/dirname
	FileVersion: -
	Description: -
	Product: -
	Company: -
	OriginalFileName: -
	CommandLine: dirname /etc/vmware-tools/scripts/vmware/network
	CurrentDirectory: /
	User: root
	LogonGuid: {76062d67-0000-0000-0000-000000000000}
	LogonId: 0
	TerminalSessionId: 4294967295
	IntegrityLevel: no level
	Hashes: -
	ParentProcessGuid: {76062d67-95f5-6532-b9ab-2e6a64550000}
	ParentProcessId: 5128
	ParentImage: /usr/bin/dash
	ParentCommandLine: /bin/sh
	ParentUser: root
Event SYSMONEVENT_CREATE_PROCESS
	RuleName: -
	UtcTime: 2023-10-20 15:00:06.578
	ProcessGuid: {76062d67-95f6-6532-194a-24047d550000}
	ProcessId: 5335
	Image: /usr/bin/rm
	FileVersion: -
	Description: -
	Product: -
	Company: -
	OriginalFileName: -
	CommandLine: rm -f -- .//dpkg.statoverride.6 .//dpkg.statoverride.6.gz
	CurrentDirectory: /var/backups
	User: root
	LogonGuid: {76062d67-0000-0000-0000-000000000000}
	LogonId: 0
	TerminalSessionId: 4294967295
	IntegrityLevel: no level
	Hashes: -
	ParentProcessGuid: {76062d67-95f6-6532-b9cb-0f8220560000}
	ParentProcessId: 5327
	ParentImage: /usr/bin/dash
	ParentCommandLine: /bin/sh
	ParentUser: root
Event SYSMONEVENT_PROCESS_TERMINATE
	RuleName: -
	UtcTime: 2023-10-20 15:00:06.579
	ProcessGuid: {76062d67-95f6-6532-5900-f04365550000}
	ProcessId: 5334
	Image: /usr/bin/dirname
	User: root
Event SYSMONEVENT_PROCESS_TERMINATE
	RuleName: -
	UtcTime: 2023-10-20 15:00:06.579
	ProcessGuid: {76062d67-95f6-6532-194a-24047d550000}
	ProcessId: 5335
	Image: /usr/bin/rm
	User: root
Event SYSMONEVENT_CREATE_PROCESS
	RuleName: -
	UtcTime: 2023-10-20 15:00:06.580
	ProcessGuid: {76062d67-95f6-6532-49ad-21a4b6550000}
	ProcessId: 5336
	Image: /usr/bin/mv
	FileVersion: -
	Description: -
	Product: -
	Company: -
	OriginalFileName: -
	CommandLine: mv -f -- .//dpkg.statoverride.4.gz .//dpkg.statoverride.5.gz
	CurrentDirectory: /var/backups
	User: root
	LogonGuid: {76062d67-0000-0000-0000-000000000000}
	LogonId: 0
	TerminalSessionId: 4294967295
	IntegrityLevel: no level
	Hashes: -
	ParentProcessGuid: {76062d67-95f6-6532-b9cb-0f8220560000}
	ParentProcessId: 5327
	ParentImage: /usr/bin/dash
	ParentCommandLine: /bin/sh
	ParentUser: root
Event SYSMONEVENT_CREATE_PROCESS
	RuleName: -
	UtcTime: 2023-10-20 15:00:06.580
	ProcessGuid: {76062d67-95f6-6532-b90b-4c62cf550000}
	ProcessId: 5337
	Image: /usr/bin/dash
	FileVersion: -
	Description: -
	Product: -
	Company: -
	OriginalFileName: -
	CommandLine: /bin/sh /usr/bin/which dbus-send
	CurrentDirectory: /
	User: root
	LogonGuid: {76062d67-0000-0000-0000-000000000000}
	LogonId: 0
	TerminalSessionId: 4294967295
	IntegrityLevel: no level
	Hashes: -
	ParentProcessGuid: {76062d67-95f5-6532-b9ab-2e6a64550000}
	ParentProcessId: 5128
	ParentImage: /usr/bin/dash
	ParentCommandLine: /bin/sh
	ParentUser: root
Event SYSMONEVENT_PROCESS_TERMINATE
	RuleName: -
	UtcTime: 2023-10-20 15:00:06.584
	ProcessGuid: {76062d67-95f6-6532-b90b-4c62cf550000}
	ProcessId: 5337
	Image: /usr/bin/dash
	User: -
Event SYSMONEVENT_PROCESS_TERMINATE
	RuleName: -
	UtcTime: 2023-10-20 15:00:06.584
	ProcessGuid: {76062d67-95f6-6532-49ad-21a4b6550000}
	ProcessId: 5336
	Image: /usr/bin/mv
	User: root
Event SYSMONEVENT_CREATE_PROCESS
	RuleName: -
	UtcTime: 2023-10-20 15:00:06.584
	ProcessGuid: {76062d67-95f6-6532-499d-87e672550000}
	ProcessId: 5339
	Image: /usr/bin/mv
	FileVersion: -
	Description: -
	Product: -
	Company: -
	OriginalFileName: -
	CommandLine: mv -f -- .//dpkg.statoverride.3.gz .//dpkg.statoverride.4.gz
	CurrentDirectory: /var/backups
	User: root
	LogonGuid: {76062d67-0000-0000-0000-000000000000}
	LogonId: 0
	TerminalSessionId: 4294967295
	IntegrityLevel: no level
	Hashes: -
	ParentProcessGuid: {76062d67-95f6-6532-b9cb-0f8220560000}
	ParentProcessId: 5327
	ParentImage: /usr/bin/dash
	ParentCommandLine: /bin/sh
	ParentUser: root
Event SYSMONEVENT_CREATE_PROCESS
	RuleName: -
	UtcTime: 2023-10-20 15:00:06.584
	ProcessGuid: {76062d67-95f6-6532-4d4b-b6017b550000}
	ProcessId: 5338
	Image: /usr/bin/dbus-send
	FileVersion: -
	Description: -
	Product: -
	Company: -
	OriginalFileName: -
	CommandLine: /usr/bin/dbus-send --system --print-reply --dest=org.freedesktop.NetworkManager /org/freedesktop/NetworkManager org.freedesktop.NetworkManager.Enable boolean:true
	CurrentDirectory: /
	User: root
	LogonGuid: {76062d67-0000-0000-0000-000000000000}
	LogonId: 0
	TerminalSessionId: 4294967295
	IntegrityLevel: no level
	Hashes: -
	ParentProcessGuid: {76062d67-95f5-6532-b9ab-2e6a64550000}
	ParentProcessId: 5128
	ParentImage: /usr/bin/dash
	ParentCommandLine: /bin/sh
	ParentUser: root
Event SYSMONEVENT_PROCESS_TERMINATE
	RuleName: -
	UtcTime: 2023-10-20 15:00:06.586
	ProcessGuid: {76062d67-95f6-6532-499d-87e672550000}
	ProcessId: 5339
	Image: /usr/bin/mv
	User: root
Event SYSMONEVENT_CREATE_PROCESS
	RuleName: -
	UtcTime: 2023-10-20 15:00:06.586
	ProcessGuid: {76062d67-95f6-6532-491d-a15eac550000}
	ProcessId: 5340
	Image: /usr/bin/mv
	FileVersion: -
	Description: -
	Product: -
	Company: -
	OriginalFileName: -
	CommandLine: mv -f -- .//dpkg.statoverride.2.gz .//dpkg.statoverride.3.gz
	CurrentDirectory: /var/backups
	User: root
	LogonGuid: {76062d67-0000-0000-0000-000000000000}
	LogonId: 0
	TerminalSessionId: 4294967295
	IntegrityLevel: no level
	Hashes: -
	ParentProcessGuid: {76062d67-95f6-6532-b9cb-0f8220560000}
	ParentProcessId: 5327
	ParentImage: /usr/bin/dash
	ParentCommandLine: /bin/sh
	ParentUser: root
Event SYSMONEVENT_PROCESS_TERMINATE
	RuleName: -
	UtcTime: 2023-10-20 15:00:06.588
	ProcessGuid: {76062d67-95f6-6532-491d-a15eac550000}
	ProcessId: 5340
	Image: /usr/bin/mv
	User: root
Event SYSMONEVENT_CREATE_PROCESS
	RuleName: -
	UtcTime: 2023-10-20 15:00:06.588
	ProcessGuid: {76062d67-95f6-6532-499d-eba6d5550000}
	ProcessId: 5341
	Image: /usr/bin/mv
	FileVersion: -
	Description: -
	Product: -
	Company: -
	OriginalFileName: -
	CommandLine: mv -f -- .//dpkg.statoverride.1.gz .//dpkg.statoverride.2.gz
	CurrentDirectory: /var/backups
	User: root
	LogonGuid: {76062d67-0000-0000-0000-000000000000}
	LogonId: 0
	TerminalSessionId: 4294967295
	IntegrityLevel: no level
	Hashes: -
	ParentProcessGuid: {76062d67-95f6-6532-b9cb-0f8220560000}
	ParentProcessId: 5327
	ParentImage: /usr/bin/dash
	ParentCommandLine: /bin/sh
	ParentUser: root
Event SYSMONEVENT_PROCESS_TERMINATE
	RuleName: -
	UtcTime: 2023-10-20 15:00:06.591
	ProcessGuid: {76062d67-95f6-6532-499d-eba6d5550000}
	ProcessId: 5341
	Image: /usr/bin/mv
	User: root
Event SYSMONEVENT_CREATE_PROCESS
	RuleName: -
	UtcTime: 2023-10-20 15:00:06.591
	ProcessGuid: {76062d67-95f6-6532-7da6-774072550000}
	ProcessId: 5342
	Image: /usr/bin/gzip
	FileVersion: -
	Description: -
	Product: -
	Company: -
	OriginalFileName: -
	CommandLine: gzip -f -9 .//dpkg.statoverride.0
	CurrentDirectory: /var/backups
	User: root
	LogonGuid: {76062d67-0000-0000-0000-000000000000}
	LogonId: 0
	TerminalSessionId: 4294967295
	IntegrityLevel: no level
	Hashes: -
	ParentProcessGuid: {76062d67-95f6-6532-b9cb-0f8220560000}
	ParentProcessId: 5327
	ParentImage: /usr/bin/dash
	ParentCommandLine: /bin/sh
	ParentUser: root
