Event SYSMONEVENT_FILE_DELETE
	RuleName: -
	UtcTime: 2023-10-20 15:00:04.575
	ProcessGuid: {76062d67-945c-6532-c5aa-3d252a560000}
	ProcessId: 845
	User: -
	Image: /usr/usr/sbin/NetworkManager
	TargetFilename: /run/NetworkManager/system-connections/lo.nmconnection
	Hashes: -
	IsExecutable: -
	Archived: -
Event SYSMONEVENT_CREATE_PROCESS
	RuleName: -
	UtcTime: 2023-10-20 15:00:04.575
	ProcessGuid: {76062d67-95f4-6532-b9cb-d63bcf550000}
	ProcessId: 5097
	Image: /usr/bin/dash
	FileVersion: -
	Description: -
	Product: -
	Company: -
	OriginalFileName: -
	CommandLine: /bin/sh -e /etc/NetworkManager/dispatcher.d/01-ifupdown eth0 down
	CurrentDirectory: /
	User: root
	LogonGuid: {76062d67-0000-0000-0000-000000000000}
	LogonId: 0
	TerminalSessionId: 4294967295
	IntegrityLevel: no level
	Hashes: -
	ParentProcessGuid: {76062d67-95f4-6532-3945-a664a1550000}
	ParentProcessId: 5081
	ParentImage: /usr/lib/NetworkManager/nm-dispatcher
	ParentCommandLine: /usr/lib/NetworkManager/nm-dispatcher
	ParentUser: root
Event SYSMONEVENT_CREATE_PROCESS
	RuleName: -
	UtcTime: 2023-10-20 15:00:04.576
	ProcessGuid: {76062d67-95f4-6532-1999-4d66f7550000}
	ProcessId: 5098
	Image: /usr/bin/run-parts
	FileVersion: -
	Description: -
	Product: -
	Company: -
	OriginalFileName: -
	CommandLine: run-parts /etc/network/if-post-down.d
	CurrentDirectory: /
	User: root
	LogonGuid: {76062d67-0000-0000-0000-000000000000}
	LogonId: 0
	TerminalSessionId: 4294967295
	IntegrityLevel: no level
	Hashes: -
	ParentProcessGuid: {76062d67-95f4-6532-b9cb-d63bcf550000}
	ParentProcessId: 5097
	ParentImage: /usr/bin/dash
	ParentCommandLine: /bin/sh
	ParentUser: root
Event SYSMONEVENT_CREATE_PROCESS
	RuleName: -
	UtcTime: 2023-10-20 15:00:04.577
	ProcessGuid: {76062d67-95f4-6532-b9eb-0e07d6550000}
	ProcessId: 5099
	Image: /usr/bin/dash
	FileVersion: -
	Description: -
	Product: -
	Company: -
	OriginalFileName: -
	CommandLine: /bin/sh /etc/network/if-post-down.d/ifenslave
	CurrentDirectory: /
	User: root
	LogonGuid: {76062d67-0000-0000-0000-000000000000}
	LogonId: 0
	TerminalSessionId: 4294967295
	IntegrityLevel: no level
	Hashes: -
	ParentProcessGuid: {76062d67-95f4-6532-1999-4d66f7550000}
	ParentProcessId: 5098
	ParentImage: /usr/bin/run-parts
	ParentCommandLine: run-parts
	ParentUser: root
Event SYSMONEVENT_PROCESS_TERMINATE
	RuleName: -
	UtcTime: 2023-10-20 15:00:04.578
	ProcessGuid: {76062d67-95f4-6532-b9eb-0e07d6550000}
	ProcessId: 5099
	Image: /usr/bin/dash
	User: -
Event SYSMONEVENT_CREATE_PROCESS
	RuleName: -
	UtcTime: 2023-10-20 15:00:04.578
	ProcessGuid: {76062d67-95f4-6532-b9db-33b63b560000}
	ProcessId: 5100
	Image: /usr/bin/dash
	FileVersion: -
	Description: -
	Product: -
	Company: -
	OriginalFileName: -
	CommandLine: /bin/sh /etc/network/if-post-down.d/macchanger
	CurrentDirectory: /
	User: root
	LogonGuid: {76062d67-0000-0000-0000-000000000000}
	LogonId: 0
	TerminalSessionId: 4294967295
	IntegrityLevel: no level
	Hashes: -
	ParentProcessGuid: {76062d67-95f4-6532-1999-4d66f7550000}
	ParentProcessId: 5098
	ParentImage: /usr/bin/run-parts
	ParentCommandLine: run-parts
	ParentUser: root
Event SYSMONEVENT_PROCESS_TERMINATE
	RuleName: -
	UtcTime: 2023-10-20 15:00:04.579
	ProcessGuid: {76062d67-95f4-6532-b9db-33b63b560000}
	ProcessId: 5100
	Image: /usr/bin/dash
	User: root
Event SYSMONEVENT_CREATE_PROCESS
	RuleName: -
	UtcTime: 2023-10-20 15:00:04.579
	ProcessGuid: {76062d67-95f4-6532-b9db-1f04b8550000}
	ProcessId: 5101
	Image: /usr/bin/dash
	FileVersion: -
	Description: -
	Product: -
	Company: -
	OriginalFileName: -
	CommandLine: /bin/sh /etc/network/if-post-down.d/vlan
	CurrentDirectory: /
	User: root
	LogonGuid: {76062d67-0000-0000-0000-000000000000}
	LogonId: 0
	TerminalSessionId: 4294967295
	IntegrityLevel: no level
	Hashes: -
	ParentProcessGuid: {76062d67-95f4-6532-1999-4d66f7550000}
	ParentProcessId: 5098
	ParentImage: /usr/bin/run-parts
	ParentCommandLine: run-parts
	ParentUser: root
Event SYSMONEVENT_PROCESS_TERMINATE
	RuleName: -
	UtcTime: 2023-10-20 15:00:04.580
	ProcessGuid: {76062d67-95f4-6532-b9db-1f04b8550000}
	ProcessId: 5101
	Image: /usr/bin/dash
	User: -
Event SYSMONEVENT_CREATE_PROCESS
	RuleName: -
	UtcTime: 2023-10-20 15:00:04.580
	ProcessGuid: {76062d67-95f4-6532-b90b-63b70c560000}
	ProcessId: 5102
	Image: /usr/bin/dash
	FileVersion: -
	Description: -
	Product: -
	Company: -
	OriginalFileName: -
	CommandLine: /bin/sh /etc/network/if-post-down.d/wireless-tools
	CurrentDirectory: /
	User: root
	LogonGuid: {76062d67-0000-0000-0000-000000000000}
	LogonId: 0
	TerminalSessionId: 4294967295
	IntegrityLevel: no level
	Hashes: -
	ParentProcessGuid: {76062d67-95f4-6532-1999-4d66f7550000}
	ParentProcessId: 5098
	ParentImage: /usr/bin/run-parts
	ParentCommandLine: run-parts
	ParentUser: root
Event SYSMONEVENT_CREATE_PROCESS
	RuleName: -
	UtcTime: 2023-10-20 15:00:04.581
	ProcessGuid: {76062d67-95f4-6532-79d3-c8567f550000}
	ProcessId: 5103
	Image: /usr/sbin/iwconfig
	FileVersion: -
	Description: -
	Product: -
	Company: -
	OriginalFileName: -
	CommandLine: /sbin/iwconfig eth0
	CurrentDirectory: /
	User: root
	LogonGuid: {76062d67-0000-0000-0000-000000000000}
	LogonId: 0
	TerminalSessionId: 4294967295
	IntegrityLevel: no level
	Hashes: -
	ParentProcessGuid: {76062d67-95f4-6532-b90b-63b70c560000}
	ParentProcessId: 5102
	ParentImage: /usr/bin/dash
	ParentCommandLine: /bin/sh
	ParentUser: root
Event SYSMONEVENT_PROCESS_TERMINATE
	RuleName: -
	UtcTime: 2023-10-20 15:00:04.650
	ProcessGuid: {76062d67-95f4-6532-79d3-c8567f550000}
	ProcessId: 5103
	Image: /usr/sbin/iwconfig
	User: root
Event SYSMONEVENT_FILE_CREATE
	RuleName: -
	UtcTime: 2023-10-20 15:00:04.651
	ProcessGuid: {76062d67-945c-6532-c5aa-3d252a560000}
	ProcessId: 845
	Image: /usr/usr/sbin/NetworkManager
	TargetFilename: /run/NetworkManager/devices/2.33RGD2
	CreationUtcTime: 2023-10-20 15:00:04.651
	User: -
Event SYSMONEVENT_PROCESS_TERMINATE
	RuleName: -
	UtcTime: 2023-10-20 15:00:04.651
	ProcessGuid: {76062d67-95f4-6532-b90b-63b70c560000}
	ProcessId: 5102
	Image: /usr/bin/dash
	User: root
Event SYSMONEVENT_PROCESS_TERMINATE
	RuleName: -
	UtcTime: 2023-10-20 15:00:04.651
	ProcessGuid: {76062d67-95f4-6532-4d1b-8247bf550000}
	ProcessId: 5080
	Image: /usr/bin/dbus-send
	User: root
Event SYSMONEVENT_FILE_CREATE
	RuleName: -
	UtcTime: 2023-10-20 15:00:04.651
	ProcessGuid: {76062d67-945c-6532-c5aa-3d252a560000}
	ProcessId: 845
	Image: /usr/usr/sbin/NetworkManager
	TargetFilename: /var/lib/NetworkManager/seen-bssids.SZTGD2
	CreationUtcTime: 2023-10-20 15:00:04.651
	User: -
Event SYSMONEVENT_CREATE_PROCESS
	RuleName: -
	UtcTime: 2023-10-20 15:00:04.652
	ProcessGuid: {76062d67-95f4-6532-1955-e417e8550000}
	ProcessId: 5106
	Image: /usr/bin/df
	FileVersion: -
	Description: -
	Product: -
	Company: -
	OriginalFileName: -
	CommandLine: df -k /var/log
	CurrentDirectory: /
	User: root
	LogonGuid: {76062d67-0000-0000-0000-000000000000}
	LogonId: 0
	TerminalSessionId: 4294967295
	IntegrityLevel: no level
	Hashes: -
	ParentProcessGuid: {00000000-0000-0000-0000-000000000000}
	ParentProcessId: 5105
	ParentImage: -
	ParentCommandLine: -
	ParentUser: -
Event SYSMONEVENT_CREATE_PROCESS
	RuleName: -
	UtcTime: 2023-10-20 15:00:04.652
	ProcessGuid: {76062d67-95f4-6532-1189-480000000000}
	ProcessId: 5108
	Image: /usr/bin/gawk
	FileVersion: -
	Description: -
	Product: -
	Company: -
	OriginalFileName: -
	CommandLine: awk NR == 2 { print $4 }
	CurrentDirectory: /
	User: root
	LogonGuid: {76062d67-0000-0000-0000-000000000000}
	LogonId: 0
	TerminalSessionId: 4294967295
	IntegrityLevel: no level
	Hashes: -
	ParentProcessGuid: {00000000-0000-0000-0000-000000000000}
	ParentProcessId: 5105
	ParentImage: -
	ParentCommandLine: -
	ParentUser: -
Event SYSMONEVENT_CREATE_PROCESS
	RuleName: -
	UtcTime: 2023-10-20 15:00:04.652
	ProcessGuid: {76062d67-95f4-6532-b91b-4a7a16560000}
	ProcessId: 5107
	Image: /usr/bin/dash
	FileVersion: -
	Description: -
	Product: -
	Company: -
	OriginalFileName: -
	CommandLine: /bin/sh /etc/network/if-post-down.d/wpasupplicant
	CurrentDirectory: /
	User: root
	LogonGuid: {76062d67-0000-0000-0000-000000000000}
	LogonId: 0
	TerminalSessionId: 4294967295
	IntegrityLevel: no level
	Hashes: -
	ParentProcessGuid: {76062d67-95f4-6532-1999-4d66f7550000}
	ParentProcessId: 5098
	ParentImage: /usr/bin/run-parts
	ParentCommandLine: run-parts
	ParentUser: root
Event SYSMONEVENT_PROCESS_TERMINATE
	RuleName: -
	UtcTime: 2023-10-20 15:00:04.653
	ProcessGuid: {76062d67-95f4-6532-1955-e417e8550000}
	ProcessId: 5106
	Image: /usr/bin/df
	User: -
Event SYSMONEVENT_PROCESS_TERMINATE
	RuleName: -
	UtcTime: 2023-10-20 15:00:04.654
	ProcessGuid: {76062d67-95f4-6532-b91b-4a7a16560000}
	ProcessId: 5107
	Image: /usr/bin/dash
	User: -
Event SYSMONEVENT_PROCESS_TERMINATE
	RuleName: -
	UtcTime: 2023-10-20 15:00:04.654
	ProcessGuid: {76062d67-95f4-6532-1999-4d66f7550000}
	ProcessId: 5098
	Image: /usr/bin/run-parts
	User: root
Event SYSMONEVENT_PROCESS_TERMINATE
	RuleName: -
	UtcTime: 2023-10-20 15:00:04.654
	ProcessGuid: {76062d67-95f4-6532-b9cb-d63bcf550000}
	ProcessId: 5097
	Image: /usr/bin/dash
	User: root
Event SYSMONEVENT_PROCESS_TERMINATE
	RuleName: -
	UtcTime: 2023-10-20 15:00:04.654
	ProcessGuid: {76062d67-95f4-6532-1189-480000000000}
	ProcessId: 5108
	Image: /usr/bin/gawk
	User: root
Event SYSMONEVENT_PROCESS_TERMINATE
	RuleName: -
	UtcTime: 2023-10-20 15:00:04.654
	ProcessGuid: {00000000-0000-0000-0000-000000000000}
	ProcessId: 5105
	Image: <unknown process>
	User: root
Event SYSMONEVENT_CREATE_PROCESS
	RuleName: -
	UtcTime: 2023-10-20 15:00:04.654
	ProcessGuid: {76062d67-95f4-6532-b99b-06544b560000}
	ProcessId: 5110
	Image: /usr/bin/dash
	FileVersion: -
	Description: -
	Product: -
	Company: -
	OriginalFileName: -
	CommandLine: /bin/sh /etc/NetworkManager/dispatcher.d/ntpsec eth0 down
	CurrentDirectory: /
	User: root
	LogonGuid: {76062d67-0000-0000-0000-000000000000}
	LogonId: 0
	TerminalSessionId: 4294967295
	IntegrityLevel: no level
	Hashes: -
	ParentProcessGuid: {76062d67-95f4-6532-3945-a664a1550000}
	ParentProcessId: 5081
	ParentImage: /usr/lib/NetworkManager/nm-dispatcher
	ParentCommandLine: /usr/lib/NetworkManager/nm-dispatcher
	ParentUser: root
Event SYSMONEVENT_CREATE_PROCESS
	RuleName: -
	UtcTime: 2023-10-20 15:00:04.654
	ProcessGuid: {76062d67-95f4-6532-49b1-2cf170550000}
	ProcessId: 5111
	Image: /usr/bin/date
	FileVersion: -
	Description: -
	Product: -
	Company: -
	OriginalFileName: -
	CommandLine: date
	CurrentDirectory: /
	User: root
	LogonGuid: {76062d67-0000-0000-0000-000000000000}
	LogonId: 0
	TerminalSessionId: 4294967295
	IntegrityLevel: no level
	Hashes: -
	ParentProcessGuid: {76062d67-95f4-6532-b91b-27a9c4550000}
	ParentProcessId: 4948
	ParentImage: /usr/bin/dash
	ParentCommandLine: /bin/sh
	ParentUser: root
Event SYSMONEVENT_PROCESS_TERMINATE
	RuleName: -
	UtcTime: 2023-10-20 15:00:04.655
	ProcessGuid: {76062d67-95f4-6532-b99b-06544b560000}
	ProcessId: 5110
	Image: /usr/bin/dash
	User: -
Event SYSMONEVENT_PROCESS_TERMINATE
	RuleName: -
	UtcTime: 2023-10-20 15:00:04.655
	ProcessGuid: {76062d67-95f4-6532-49b1-2cf170550000}
	ProcessId: 5111
	Image: /usr/bin/date
	User: root
Event SYSMONEVENT_PROCESS_TERMINATE
	RuleName: -
	UtcTime: 2023-10-20 15:00:04.656
	ProcessGuid: {76062d67-95f4-6532-b91b-27a9c4550000}
	ProcessId: 4948
	Image: /usr/bin/dash
	User: root
Event SYSMONEVENT_CREATE_PROCESS
	RuleName: -
	UtcTime: 2023-10-20 15:00:04.656
	ProcessGuid: {76062d67-95f4-6532-c91c-fa16e7550000}
	ProcessId: 5112
	Image: /usr/bin/expr
	FileVersion: -
	Description: -
	Product: -
	Company: -
	OriginalFileName: -
	CommandLine: expr 0 | 0
	CurrentDirectory: /
	User: root
	LogonGuid: {76062d67-0000-0000-0000-000000000000}
	LogonId: 0
	TerminalSessionId: 4294967295
	IntegrityLevel: no level
	Hashes: -
	ParentProcessGuid: {76062d67-95f4-6532-b96b-e1b045560000}
	ParentProcessId: 4942
	ParentImage: /usr/bin/dash
	ParentCommandLine: /bin/sh
	ParentUser: root
Event SYSMONEVENT_PROCESS_TERMINATE
	RuleName: -
	UtcTime: 2023-10-20 15:00:04.657
	ProcessGuid: {76062d67-95f4-6532-c91c-fa16e7550000}
	ProcessId: 5112
	Image: /usr/bin/expr
	User: root
Event SYSMONEVENT_PROCESS_TERMINATE
	RuleName: -
	UtcTime: 2023-10-20 15:00:04.657
	ProcessGuid: {76062d67-95f4-6532-b96b-e1b045560000}
	ProcessId: 4942
	Image: /usr/bin/dash
	User: root
Event SYSMONEVENT_CREATE_PROCESS
	RuleName: -
	UtcTime: 2023-10-20 15:00:05.736
	ProcessGuid: {76062d67-95f5-6532-b99b-d3c8a8550000}
	ProcessId: 5113
	Image: /usr/bin/dash
	FileVersion: -
	Description: -
	Product: -
	Company: -
	OriginalFileName: -
	CommandLine: /bin/sh /usr/share/kali-themes/xfce4-panel-genmon-vpnip.sh
	CurrentDirectory: /home/kali
	User: kali
	LogonGuid: {76062d67-0000-0000-e803-000000000000}
	LogonId: 1000
	TerminalSessionId: 2
	IntegrityLevel: no level
	Hashes: -
	ParentProcessGuid: {00000000-0000-0000-0000-000000000000}
	ParentProcessId: 1364
	ParentImage: -
	ParentCommandLine: -
	ParentUser: -
Event SYSMONEVENT_CREATE_PROCESS
	RuleName: -
	UtcTime: 2023-10-20 15:00:05.811
	ProcessGuid: {76062d67-95f5-6532-4971-00014f560000}
	ProcessId: 5116
	Image: /usr/bin/date
	FileVersion: -
	Description: -
	Product: -
	Company: -
	OriginalFileName: -
	CommandLine: date
	CurrentDirectory: /
	User: root
	LogonGuid: {76062d67-0000-0000-0000-000000000000}
	LogonId: 0
	TerminalSessionId: 4294967295
	IntegrityLevel: no level
	Hashes: -
	ParentProcessGuid: {00000000-0000-0000-0000-000000000000}
	ParentProcessId: 5114
	ParentImage: -
	ParentCommandLine: -
	ParentUser: -
Event SYSMONEVENT_CREATE_PROCESS
	RuleName: -
	UtcTime: 2023-10-20 15:00:05.863
	ProcessGuid: {76062d67-95f5-6532-59b0-9ff7fd550000}
	ProcessId: 5120
	Image: /usr/bin/dirname
	FileVersion: -
	Description: -
	Product: -
	Company: -
	OriginalFileName: -
	CommandLine: dirname /etc/vmware-tools/resume-vm-default
	CurrentDirectory: /
	User: root
	LogonGuid: {76062d67-0000-0000-0000-000000000000}
	LogonId: 0
	TerminalSessionId: 4294967295
	IntegrityLevel: no level
	Hashes: -
	ParentProcessGuid: {00000000-0000-0000-0000-000000000000}
	ParentProcessId: 5114
	ParentImage: -
	ParentCommandLine: -
	ParentUser: -
Event SYSMONEVENT_PROCESS_TERMINATE
	RuleName: -
	UtcTime: 2023-10-20 15:00:05.872
	ProcessGuid: {76062d67-95f5-6532-59b0-9ff7fd550000}
	ProcessId: 5120
	Image: /usr/bin/dirname
	User: root
Event SYSMONEVENT_CREATE_PROCESS
	RuleName: -
	UtcTime: 2023-10-20 15:00:05.772
	ProcessGuid: {76062d67-95f5-6532-b94b-bd49c5550000}
	ProcessId: 5114
	Image: /usr/bin/dash
	FileVersion: -
	Description: -
	Product: -
	Company: -
	OriginalFileName: -
	CommandLine: /bin/sh /etc/vmware-tools/resume-vm-default
	CurrentDirectory: /
	User: root
	LogonGuid: {76062d67-0000-0000-0000-000000000000}
	LogonId: 0
	TerminalSessionId: 4294967295
	IntegrityLevel: no level
	Hashes: -
	ParentProcessGuid: {00000000-0000-0000-0000-000000000000}
	ParentProcessId: 598
	ParentImage: -
	ParentCommandLine: -
	ParentUser: -
Event SYSMONEVENT_CREATE_PROCESS
	RuleName: -
	UtcTime: 2023-10-20 15:00:05.818
	ProcessGuid: {76062d67-95f5-6532-1d46-701c6f550000}
	ProcessId: 5117
	Image: /usr/bin/ip
	FileVersion: -
	Description: -
	Product: -
	Company: -
	OriginalFileName: -
	CommandLine: ip tuntap show
	CurrentDirectory: /home/kali
	User: kali
	LogonGuid: {76062d67-0000-0000-e803-000000000000}
	LogonId: 1000
	TerminalSessionId: 2
	IntegrityLevel: no level
	Hashes: -
	ParentProcessGuid: {00000000-0000-0000-0000-000000000000}
	ParentProcessId: 5115
	ParentImage: -
	ParentCommandLine: -
	ParentUser: -
Event SYSMONEVENT_NETWORK_CONNECT
	RuleName: -
	UtcTime: 2023-10-20 15:00:05.879
	ProcessGuid: {76062d67-95f5-6532-1d46-701c6f550000}
	ProcessId: 5117
	Image: /usr/bin/ip
	User: kali
	Protocol: udp
	Initiated: true
	SourceIsIpv6: true
	SourceIp: 0:0:0:0:0:0:0:0
	SourceHostname: -
	SourcePort: 0
	SourcePortName: -
	DestinationIsIpv6: true
	DestinationIp: 0:0:0:0:0:0:0:0
	DestinationHostname: -
	DestinationPort: 0
	DestinationPortName: -
Event SYSMONEVENT_PROCESS_TERMINATE
	RuleName: -
	UtcTime: 2023-10-20 15:00:05.882
	ProcessGuid: {76062d67-95f5-6532-1d46-701c6f550000}
	ProcessId: 5117
	Image: /usr/bin/ip
	User: kali
Event SYSMONEVENT_PROCESS_TERMINATE
	RuleName: -
	UtcTime: 2023-10-20 15:00:05.883
	ProcessGuid: {00000000-0000-0000-0000-000000000000}
	ProcessId: 5118
	Image: <unknown process>
	User: kali
Event SYSMONEVENT_PROCESS_TERMINATE
	RuleName: -
	UtcTime: 2023-10-20 15:00:05.883
	ProcessGuid: {00000000-0000-0000-0000-000000000000}
	ProcessId: 5119
	Image: <unknown process>
	User: kali
Event SYSMONEVENT_PROCESS_TERMINATE
	RuleName: -
	UtcTime: 2023-10-20 15:00:05.883
	ProcessGuid: {00000000-0000-0000-0000-000000000000}
	ProcessId: 5115
	Image: <unknown process>
	User: kali
Event SYSMONEVENT_CREATE_PROCESS
	RuleName: -
	UtcTime: 2023-10-20 15:00:05.883
	ProcessGuid: {76062d67-95f5-6532-1939-199c9b550000}
	ProcessId: 5123
	Image: /usr/bin/sed
	FileVersion: -
	Description: -
	Product: -
	Company: -
	OriginalFileName: -
	CommandLine: sed s,-default,,
	CurrentDirectory: /
	User: root
	LogonGuid: {76062d67-0000-0000-0000-000000000000}
	LogonId: 0
	TerminalSessionId: 4294967295
	IntegrityLevel: no level
	Hashes: -
	ParentProcessGuid: {00000000-0000-0000-0000-000000000000}
	ParentProcessId: 5121
	ParentImage: -
	ParentCommandLine: -
	ParentUser: -
Event SYSMONEVENT_CREATE_PROCESS
	RuleName: -
	UtcTime: 2023-10-20 15:00:05.826
	ProcessGuid: {76062d67-95f5-6532-d9e8-d7b4e0550000}
	ProcessId: 5118
	Image: /usr/bin/cut
	FileVersion: -
	Description: -
	Product: -
	Company: -
	OriginalFileName: -
	CommandLine: cut -d : -f1
	CurrentDirectory: /home/kali
	User: kali
	LogonGuid: {76062d67-0000-0000-e803-000000000000}
	LogonId: 1000
	TerminalSessionId: 2
	IntegrityLevel: no level
	Hashes: -
	ParentProcessGuid: {00000000-0000-0000-0000-000000000000}
	ParentProcessId: 5115
	ParentImage: -
	ParentCommandLine: -
	ParentUser: -
Event SYSMONEVENT_CREATE_PROCESS
	RuleName: -
	UtcTime: 2023-10-20 15:00:05.878
	ProcessGuid: {76062d67-95f5-6532-3981-c4a687550000}
	ProcessId: 5122
	Image: /usr/bin/basename
	FileVersion: -
	Description: -
	Product: -
	Company: -
	OriginalFileName: -
	CommandLine: basename /etc/vmware-tools/resume-vm-default
	CurrentDirectory: /
	User: root
	LogonGuid: {76062d67-0000-0000-0000-000000000000}
	LogonId: 0
	TerminalSessionId: 4294967295
	IntegrityLevel: no level
	Hashes: -
	ParentProcessGuid: {00000000-0000-0000-0000-000000000000}
	ParentProcessId: 5121
	ParentImage: -
	ParentCommandLine: -
	ParentUser: -
Event SYSMONEVENT_PROCESS_TERMINATE
	RuleName: -
	UtcTime: 2023-10-20 15:00:05.885
	ProcessGuid: {76062d67-95f5-6532-3981-c4a687550000}
	ProcessId: 5122
	Image: /usr/bin/basename
	User: root
Event SYSMONEVENT_CREATE_PROCESS
	RuleName: -
	UtcTime: 2023-10-20 15:00:05.891
	ProcessGuid: {76062d67-95f5-6532-1d26-49ff8d550000}
	ProcessId: 5125
	Image: /usr/bin/ip
	FileVersion: -
	Description: -
	Product: -
	Company: -
	OriginalFileName: -
	CommandLine: ip a s 
	CurrentDirectory: /home/kali
	User: kali
	LogonGuid: {76062d67-0000-0000-e803-000000000000}
	LogonId: 1000
	TerminalSessionId: 2
	IntegrityLevel: no level
	Hashes: -
	ParentProcessGuid: {00000000-0000-0000-0000-000000000000}
	ParentProcessId: 5124
	ParentImage: -
	ParentCommandLine: -
	ParentUser: -
Event SYSMONEVENT_PROCESS_TERMINATE
	RuleName: -
	UtcTime: 2023-10-20 15:00:05.905
	ProcessGuid: {76062d67-95f5-6532-1d26-49ff8d550000}
	ProcessId: 5125
	Image: /usr/bin/ip
	User: kali
Event SYSMONEVENT_CREATE_PROCESS
	RuleName: -
	UtcTime: 2023-10-20 15:00:05.835
	ProcessGuid: {76062d67-95f5-6532-296e-ab0601560000}
	ProcessId: 5119
	Image: /usr/bin/head
	FileVersion: -
	Description: -
	Product: -
	Company: -
	OriginalFileName: -
	CommandLine: head -n 1
	CurrentDirectory: /home/kali
	User: kali
	LogonGuid: {76062d67-0000-0000-e803-000000000000}
	LogonId: 1000
	TerminalSessionId: 2
	IntegrityLevel: no level
	Hashes: -
	ParentProcessGuid: {00000000-0000-0000-0000-000000000000}
	ParentProcessId: 5115
	ParentImage: -
	ParentCommandLine: -
	ParentUser: -
Event SYSMONEVENT_PROCESS_TERMINATE
	RuleName: -
	UtcTime: 2023-10-20 15:00:05.858
	ProcessGuid: {76062d67-95f5-6532-4971-00014f560000}
	ProcessId: 5116
	Image: /usr/bin/date
	User: root
Event SYSMONEVENT_CREATE_PROCESS
	RuleName: -
	UtcTime: 2023-10-20 15:00:05.897
	ProcessGuid: {76062d67-95f5-6532-5953-c15132560000}
	ProcessId: 5126
	Image: /usr/bin/grep
	FileVersion: -
	Description: -
	Product: -
	Company: -
	OriginalFileName: -
	CommandLine: grep -o -P (?<=inet )[0-9]{1,3}(\.[0-9]{1,3}){3}
	CurrentDirectory: /home/kali
	User: kali
	LogonGuid: {76062d67-0000-0000-e803-000000000000}
	LogonId: 1000
	TerminalSessionId: 2
	IntegrityLevel: no level
	Hashes: -
	ParentProcessGuid: {00000000-0000-0000-0000-000000000000}
	ParentProcessId: 5124
	ParentImage: -
	ParentCommandLine: -
	ParentUser: -
Event SYSMONEVENT_PROCESS_TERMINATE
	RuleName: -
	UtcTime: 2023-10-20 15:00:05.929
	ProcessGuid: {76062d67-95f5-6532-5953-c15132560000}
	ProcessId: 5126
	Image: /usr/bin/grep
	User: kali
Event SYSMONEVENT_PROCESS_TERMINATE
	RuleName: -
	UtcTime: 2023-10-20 15:00:05.942
	ProcessGuid: {76062d67-95f5-6532-1939-199c9b550000}
	ProcessId: 5123
	Image: /usr/bin/sed
	User: root
Event SYSMONEVENT_PROCESS_TERMINATE
	RuleName: -
	UtcTime: 2023-10-20 15:00:05.943
	ProcessGuid: {00000000-0000-0000-0000-000000000000}
	ProcessId: 5121
	Image: <unknown process>
	User: root
Event SYSMONEVENT_PROCESS_TERMINATE
	RuleName: -
	UtcTime: 2023-10-20 15:00:05.946
	ProcessGuid: {76062d67-95f5-6532-0000-000000000000}
	ProcessId: 5124
	Image: -
	User: kali
Event SYSMONEVENT_PROCESS_TERMINATE
	RuleName: -
	UtcTime: 2023-10-20 15:00:05.949
	ProcessGuid: {76062d67-95f5-6532-b99b-d3c8a8550000}
	ProcessId: 5113
	Image: /usr/bin/dash
	User: kali
Event SYSMONEVENT_CREATE_PROCESS
	RuleName: -
	UtcTime: 2023-10-20 15:00:05.944
	ProcessGuid: {76062d67-95f5-6532-b9ab-2e6a64550000}
	ProcessId: 5128
	Image: /usr/bin/dash
	FileVersion: -
	Description: -
	Product: -
	Company: -
	OriginalFileName: -
	CommandLine: /bin/sh -x /etc/vmware-tools/scripts/vmware/network resume-vm
	CurrentDirectory: /
	User: root
	LogonGuid: {76062d67-0000-0000-0000-000000000000}
	LogonId: 0
	TerminalSessionId: 4294967295
	IntegrityLevel: no level
	Hashes: -
	ParentProcessGuid: {76062d67-95f5-6532-b94b-bd49c5550000}
	ParentProcessId: 5114
	ParentImage: /usr/bin/dash
	ParentCommandLine: /bin/sh
	ParentUser: root
Event SYSMONEVENT_CREATE_PROCESS
	RuleName: -
	UtcTime: 2023-10-20 15:00:05.911
	ProcessGuid: {76062d67-95f5-6532-b9eb-8d1fae550000}
	ProcessId: 5127
	Image: /usr/bin/dash
	FileVersion: -
	Description: -
	Product: -
	Company: -
	OriginalFileName: -
	CommandLine: /bin/sh /usr/libexec/dpkg/dpkg-db-backup
	CurrentDirectory: /
	User: root
	LogonGuid: {76062d67-0000-0000-0000-000000000000}
	LogonId: 0
	TerminalSessionId: 4294967295
	IntegrityLevel: no level
	Hashes: -
	ParentProcessGuid: {76062d67-9458-6532-dda0-ac474c560000}
	ParentProcessId: 1
	ParentImage: /usr/lib/systemd/systemd
	ParentCommandLine: /sbin/init splash
	ParentUser: root
Event SYSMONEVENT_PROCESS_TERMINATE
	RuleName: -
	UtcTime: 2023-10-20 15:00:05.965
	ProcessGuid: {76062d67-95f5-6532-3991-0685b0550000}
	ProcessId: 5130
	Image: /usr/bin/basename
	User: root
Event SYSMONEVENT_CREATE_PROCESS
	RuleName: -
	UtcTime: 2023-10-20 15:00:05.965
	ProcessGuid: {76062d67-95f5-6532-29f7-3aa9aa550000}
	ProcessId: 5131
	Image: /usr/bin/vmware-toolbox-cmd
	FileVersion: -
	Description: -
	Product: -
	Company: -
	OriginalFileName: -
	CommandLine: vmware-toolbox-cmd config get logging network.handler
	CurrentDirectory: /
	User: root
	LogonGuid: {76062d67-0000-0000-0000-000000000000}
	LogonId: 0
	TerminalSessionId: 4294967295
	IntegrityLevel: no level
	Hashes: -
	ParentProcessGuid: {00000000-0000-0000-0000-000000000000}
	ParentProcessId: 5129
	ParentImage: -
	ParentCommandLine: -
	ParentUser: -
Event SYSMONEVENT_CREATE_PROCESS
	RuleName: -
	UtcTime: 2023-10-20 15:00:05.973
	ProcessGuid: {76062d67-95f5-6532-1949-6bd226560000}
	ProcessId: 5132
	Image: /usr/bin/sed
	FileVersion: -
	Description: -
	Product: -
	Company: -
	OriginalFileName: -
	CommandLine: sed -e s/.*= *// -e s/ *$//
	CurrentDirectory: /
	User: root
	LogonGuid: {76062d67-0000-0000-0000-000000000000}
	LogonId: 0
	TerminalSessionId: 4294967295
	IntegrityLevel: no level
	Hashes: -
	ParentProcessGuid: {00000000-0000-0000-0000-000000000000}
	ParentProcessId: 5129
	ParentImage: -
	ParentCommandLine: -
	ParentUser: -
Event SYSMONEVENT_CREATE_PROCESS
	RuleName: -
	UtcTime: 2023-10-20 15:00:05.985
	ProcessGuid: {76062d67-95f5-6532-5137-715657550000}
	ProcessId: 5134
	Image: /usr/bin/cmp
	FileVersion: -
	Description: -
	Product: -
	Company: -
	OriginalFileName: -
	CommandLine: cmp -s dpkg.status.0 /var/lib/dpkg/status
	CurrentDirectory: /var/backups
	User: root
	LogonGuid: {76062d67-0000-0000-0000-000000000000}
	LogonId: 0
	TerminalSessionId: 4294967295
	IntegrityLevel: no level
	Hashes: -
	ParentProcessGuid: {76062d67-95f5-6532-b9eb-8d1fae550000}
	ParentProcessId: 5127
	ParentImage: /usr/bin/dash
	ParentCommandLine: /bin/sh
	ParentUser: root
Event SYSMONEVENT_PROCESS_TERMINATE
	RuleName: -
	UtcTime: 2023-10-20 15:00:06.002
	ProcessGuid: {76062d67-9480-6532-e99f-6fdc6c550000}
	ProcessId: 1471
	Image: /usr/bin/vmtoolsd
	User: kali
Event SYSMONEVENT_PROCESS_TERMINATE
	RuleName: -
	UtcTime: 2023-10-20 15:00:06.057
	ProcessGuid: {76062d67-95f5-6532-5137-715657550000}
	ProcessId: 5134
	Image: /usr/bin/cmp
	User: root
Event SYSMONEVENT_CREATE_PROCESS
	RuleName: -
	UtcTime: 2023-10-20 15:00:06.060
	ProcessGuid: {76062d67-95f6-6532-b970-b944c2550000}
	ProcessId: 5136
	Image: /usr/bin/touch
	FileVersion: -
	Description: -
	Product: -
	Company: -
	OriginalFileName: -
	CommandLine: touch dpkg.arch
	CurrentDirectory: /var/backups
	User: root
	LogonGuid: {76062d67-0000-0000-0000-000000000000}
	LogonId: 0
	TerminalSessionId: 4294967295
	IntegrityLevel: no level
	Hashes: -
	ParentProcessGuid: {76062d67-95f5-6532-b9eb-8d1fae550000}
	ParentProcessId: 5127
	ParentImage: /usr/bin/dash
	ParentCommandLine: /bin/sh
	ParentUser: root
Event SYSMONEVENT_PROCESS_TERMINATE
	RuleName: -
	UtcTime: 2023-10-20 15:00:06.065
	ProcessGuid: {76062d67-95f6-6532-b970-b944c2550000}
	ProcessId: 5136
	Image: /usr/bin/touch
	User: root
Event SYSMONEVENT_CREATE_PROCESS
	RuleName: -
	UtcTime: 2023-10-20 15:00:06.067
	ProcessGuid: {76062d67-95f6-6532-b98b-423ea6550000}
	ProcessId: 5137
	Image: /usr/bin/dash
	FileVersion: -
	Description: -
	Product: -
	Company: -
	OriginalFileName: -
	CommandLine: /bin/sh /usr/bin/savelog -c 7 dpkg.arch
	CurrentDirectory: /var/backups
	User: root
	LogonGuid: {76062d67-0000-0000-0000-000000000000}
	LogonId: 0
	TerminalSessionId: 4294967295
	IntegrityLevel: no level
	Hashes: -
	ParentProcessGuid: {76062d67-95f5-6532-b9eb-8d1fae550000}
	ParentProcessId: 5127
	ParentImage: /usr/bin/dash
	ParentCommandLine: /bin/sh
	ParentUser: root
Event SYSMONEVENT_CREATE_PROCESS
	RuleName: -
	UtcTime: 2023-10-20 15:00:06.071
	ProcessGuid: {76062d67-95f6-6532-4931-ed3d4b560000}
	ProcessId: 5138
	Image: /usr/bin/date
	FileVersion: -
	Description: -
	Product: -
	Company: -
	OriginalFileName: -
	CommandLine: date +%Y%m%d%H%M%S
	CurrentDirectory: /var/backups
	User: root
	LogonGuid: {76062d67-0000-0000-0000-000000000000}
	LogonId: 0
	TerminalSessionId: 4294967295
	IntegrityLevel: no level
	Hashes: -
	ParentProcessGuid: {76062d67-95f6-6532-b98b-423ea6550000}
	ParentProcessId: 5137
	ParentImage: /usr/bin/dash
	ParentCommandLine: /bin/sh
	ParentUser: root
Event SYSMONEVENT_PROCESS_TERMINATE
	RuleName: -
	UtcTime: 2023-10-20 15:00:06.083
	ProcessGuid: {76062d67-95f6-6532-4931-ed3d4b560000}
	ProcessId: 5138
	Image: /usr/bin/date
	User: root
Event SYSMONEVENT_PROCESS_TERMINATE
	RuleName: -
	UtcTime: 2023-10-20 15:00:06.090
	ProcessGuid: {76062d67-95f6-6532-3931-5e27dc550000}
	ProcessId: 5139
	Image: /usr/bin/basename
	User: root
Event SYSMONEVENT_PROCESS_TERMINATE
	RuleName: -
	UtcTime: 2023-10-20 15:00:06.098
	ProcessGuid: {76062d67-9480-6532-e99f-6fdc6c550000}
	ProcessId: 5140
	Image: -
	User: root
Event SYSMONEVENT_CREATE_PROCESS
	RuleName: -
	UtcTime: 2023-10-20 15:00:06.102
	ProcessGuid: {76062d67-95f6-6532-5910-b8ed0e560000}
	ProcessId: 5141
	Image: /usr/bin/dirname
	FileVersion: -
	Description: -
	Product: -
	Company: -
	OriginalFileName: -
	CommandLine: dirname -- dpkg.arch
	CurrentDirectory: /var/backups
	User: root
	LogonGuid: {76062d67-0000-0000-0000-000000000000}
	LogonId: 0
	TerminalSessionId: 4294967295
	IntegrityLevel: no level
	Hashes: -
	ParentProcessGuid: {76062d67-95f6-6532-b98b-423ea6550000}
	ParentProcessId: 5137
	ParentImage: /usr/bin/dash
	ParentCommandLine: /bin/sh
	ParentUser: root
Event SYSMONEVENT_CREATE_PROCESS
	RuleName: -
	UtcTime: 2023-10-20 15:00:06.107
	ProcessGuid: {76062d67-95f6-6532-b9ab-aa7458550000}
	ProcessId: 5142
	Image: /usr/bin/dash
	FileVersion: -
	Description: -
	Product: -
	Company: -
	OriginalFileName: -
	CommandLine: sh -c /usr/bin/lsb_release -sd 2>/dev/null
	CurrentDirectory: /
	User: root
	LogonGuid: {76062d67-0000-0000-0000-000000000000}
	LogonId: 0
	TerminalSessionId: 4294967295
	IntegrityLevel: no level
	Hashes: -
	ParentProcessGuid: {76062d67-95f5-6532-29f7-3aa9aa550000}
	ParentProcessId: 5131
	ParentImage: /usr/bin/vmware-toolbox-cmd
	ParentCommandLine: vmware-toolbox-cmd
	ParentUser: root
Event SYSMONEVENT_PROCESS_TERMINATE
	RuleName: -
	UtcTime: 2023-10-20 15:00:06.109
	ProcessGuid: {76062d67-95f6-6532-5910-b8ed0e560000}
	ProcessId: 5141
	Image: /usr/bin/dirname
	User: root
Event SYSMONEVENT_CREATE_PROCESS
	RuleName: -
	UtcTime: 2023-10-20 15:00:06.110
	ProcessGuid: {76062d67-95f6-6532-b9db-35a5e1550000}
	ProcessId: 5144
	Image: /usr/bin/dash
	FileVersion: -
	Description: -
	Product: -
	Company: -
	OriginalFileName: -
	CommandLine: /bin/sh /usr/bin/lsb_release -sd
	CurrentDirectory: /
	User: root
	LogonGuid: {76062d67-0000-0000-0000-000000000000}
	LogonId: 0
	TerminalSessionId: 4294967295
	IntegrityLevel: no level
	Hashes: -
	ParentProcessGuid: {76062d67-95f6-6532-b9ab-aa7458550000}
	ParentProcessId: 5142
	ParentImage: /usr/bin/dash
	ParentCommandLine: sh
	ParentUser: root
Event SYSMONEVENT_PROCESS_TERMINATE
	RuleName: -
	UtcTime: 2023-10-20 15:00:06.115
	ProcessGuid: {76062d67-95f6-6532-3981-239396550000}
	ProcessId: 5143
	Image: /usr/bin/basename
	User: root
Event SYSMONEVENT_CREATE_PROCESS
	RuleName: -
	UtcTime: 2023-10-20 15:00:06.117
	ProcessGuid: {76062d67-95f6-6532-196a-acf391550000}
	ProcessId: 5145
	Image: /usr/bin/rm
	FileVersion: -
	Description: -
	Product: -
	Company: -
	OriginalFileName: -
	CommandLine: rm -f -- .//dpkg.arch.6 .//dpkg.arch.6.gz
	CurrentDirectory: /var/backups
	User: root
	LogonGuid: {76062d67-0000-0000-0000-000000000000}
	LogonId: 0
	TerminalSessionId: 4294967295
	IntegrityLevel: no level
	Hashes: -
	ParentProcessGuid: {76062d67-95f6-6532-b98b-423ea6550000}
	ParentProcessId: 5137
	ParentImage: /usr/bin/dash
	ParentCommandLine: /bin/sh
	ParentUser: root
Event SYSMONEVENT_PROCESS_TERMINATE
	RuleName: -
	UtcTime: 2023-10-20 15:00:06.122
	ProcessGuid: {76062d67-95f6-6532-196a-acf391550000}
	ProcessId: 5145
	Image: /usr/bin/rm
	User: root
Event SYSMONEVENT_CREATE_PROCESS
	RuleName: -
	UtcTime: 2023-10-20 15:00:05.980
	ProcessGuid: {76062d67-95f5-6532-b9cb-e2debc550000}
	ProcessId: 5133
	Image: /usr/usr/bin/dash
	FileVersion: -
	Description: -
	Product: -
	Company: -
	OriginalFileName: -
	CommandLine: /bin/sh -e /usr/lib/php/sessionclean
	CurrentDirectory: /
	User: root
	LogonGuid: {76062d67-0000-0000-0000-000000000000}
	LogonId: 0
	TerminalSessionId: 4294967295
	IntegrityLevel: no level
	Hashes: -
	ParentProcessGuid: {76062d67-9458-6532-dda0-ac474c560000}
	ParentProcessId: 1
	ParentImage: /usr/lib/systemd/systemd
	ParentCommandLine: /sbin/init splash
	ParentUser: root
Event SYSMONEVENT_CREATE_PROCESS
	RuleName: -
	UtcTime: 2023-10-20 15:00:06.123
	ProcessGuid: {76062d67-95f6-6532-3915-981d03560000}
	ProcessId: 5148
	Image: /usr/bin/getopt
	FileVersion: -
	Description: -
	Product: -
	Company: -
	OriginalFileName: -
	CommandLine: getopt --name lsb_release -o hvidrcas -l help,version,id,description,release,codename,all,short -- -sd
	CurrentDirectory: /
	User: root
	LogonGuid: {76062d67-0000-0000-0000-000000000000}
	LogonId: 0
	TerminalSessionId: 4294967295
	IntegrityLevel: no level
	Hashes: -
	ParentProcessGuid: {76062d67-95f6-6532-b9db-35a5e1550000}
	ParentProcessId: 5144
	ParentImage: /usr/bin/dash
	ParentCommandLine: /bin/sh
	ParentUser: root
Event SYSMONEVENT_CREATE_PROCESS
	RuleName: -
	UtcTime: 2023-10-20 15:00:06.123
	ProcessGuid: {76062d67-95f6-6532-49fd-2ffafc550000}
	ProcessId: 5147
	Image: /usr/bin/mv
	FileVersion: -
	Description: -
	Product: -
	Company: -
	OriginalFileName: -
	CommandLine: mv -f -- .//dpkg.arch.4.gz .//dpkg.arch.5.gz
	CurrentDirectory: /var/backups
	User: root
	LogonGuid: {76062d67-0000-0000-0000-000000000000}
	LogonId: 0
	TerminalSessionId: 4294967295
	IntegrityLevel: no level
	Hashes: -
	ParentProcessGuid: {76062d67-95f6-6532-b98b-423ea6550000}
	ParentProcessId: 5137
	ParentImage: /usr/bin/dash
	ParentCommandLine: /bin/sh
	ParentUser: root
Event SYSMONEVENT_PROCESS_TERMINATE
	RuleName: -
	UtcTime: 2023-10-20 15:00:06.138
	ProcessGuid: {76062d67-95f6-6532-3915-981d03560000}
	ProcessId: 5148
	Image: /usr/bin/getopt
	User: root
Event SYSMONEVENT_CREATE_PROCESS
	RuleName: -
	UtcTime: 2023-10-20 15:00:06.136
	ProcessGuid: {76062d67-95f6-6532-b9ab-653200560000}
	ProcessId: 5151
	Image: /usr/usr/bin/dash
	FileVersion: -
	Description: -
	Product: -
	Company: -
	OriginalFileName: -
	CommandLine: /bin/sh /usr/sbin/phpquery -V
	CurrentDirectory: /
	User: root
	LogonGuid: {76062d67-0000-0000-0000-000000000000}
	LogonId: 0
	TerminalSessionId: 4294967295
	IntegrityLevel: no level
	Hashes: -
	ParentProcessGuid: {00000000-0000-0000-0000-000000000000}
	ParentProcessId: 5149
	ParentImage: -
	ParentCommandLine: -
	ParentUser: -
Event SYSMONEVENT_CREATE_PROCESS
	RuleName: -
	UtcTime: 2023-10-20 15:00:06.132
	ProcessGuid: {76062d67-95f6-6532-490b-9f482d560000}
	ProcessId: 5150
	Image: /usr/usr/bin/sort
	FileVersion: -
	Description: -
	Product: -
	Company: -
	OriginalFileName: -
	CommandLine: sort -rn -t: -k2,2
	CurrentDirectory: /
	User: root
	LogonGuid: {76062d67-0000-0000-0000-000000000000}
	LogonId: 0
	TerminalSessionId: 4294967295
	IntegrityLevel: no level
	Hashes: -
	ParentProcessGuid: {76062d67-95f5-6532-b9cb-e2debc550000}
	ParentProcessId: 5133
	ParentImage: /usr/usr/bin/dash
	ParentCommandLine: /bin/sh
	ParentUser: root
Event SYSMONEVENT_CREATE_PROCESS
	RuleName: -
	UtcTime: 2023-10-20 15:00:06.144
	ProcessGuid: {76062d67-95f6-6532-c96c-1a53bb550000}
	ProcessId: 5154
	Image: /usr/usr/bin/expr
	FileVersion: -
	Description: -
	Product: -
	Company: -
	OriginalFileName: -
	CommandLine: expr 2 - 1
	CurrentDirectory: /
	User: root
	LogonGuid: {76062d67-0000-0000-0000-000000000000}
	LogonId: 0
	TerminalSessionId: 4294967295
	IntegrityLevel: no level
	Hashes: -
	ParentProcessGuid: {76062d67-95f6-6532-b9ab-653200560000}
	ParentProcessId: 5151
	ParentImage: /usr/usr/bin/dash
	ParentCommandLine: /bin/sh
	ParentUser: root
Event SYSMONEVENT_PROCESS_TERMINATE
	RuleName: -
	UtcTime: 2023-10-20 15:00:06.152
	ProcessGuid: {76062d67-95f6-6532-49fd-2ffafc550000}
	ProcessId: 5147
	Image: /usr/bin/mv
	User: root
Event SYSMONEVENT_CREATE_PROCESS
	RuleName: -
	UtcTime: 2023-10-20 15:00:06.140
	ProcessGuid: {76062d67-95f6-6532-49eb-6d544c560000}
	ProcessId: 5152
	Image: /usr/usr/bin/sort
	FileVersion: -
	Description: -
	Product: -
	Company: -
	OriginalFileName: -
	CommandLine: sort -u -t: -k 1,1
	CurrentDirectory: /
	User: root
	LogonGuid: {76062d67-0000-0000-0000-000000000000}
	LogonId: 0
	TerminalSessionId: 4294967295
	IntegrityLevel: no level
	Hashes: -
	ParentProcessGuid: {76062d67-95f5-6532-b9cb-e2debc550000}
	ParentProcessId: 5133
	ParentImage: /usr/usr/bin/dash
	ParentCommandLine: /bin/sh
	ParentUser: root
Event SYSMONEVENT_PROCESS_TERMINATE
	RuleName: -
	UtcTime: 2023-10-20 15:00:06.154
	ProcessGuid: {76062d67-95f6-6532-0000-000000000000}
	ProcessId: 5155
	Image: -
	User: root
Event SYSMONEVENT_CREATE_PROCESS
	RuleName: -
	UtcTime: 2023-10-20 15:00:06.153
	ProcessGuid: {76062d67-95f6-6532-49dd-ac5bc9550000}
	ProcessId: 5158
	Image: /usr/bin/mv
	FileVersion: -
	Description: -
	Product: -
	Company: -
	OriginalFileName: -
	CommandLine: mv -f -- .//dpkg.arch.3.gz .//dpkg.arch.4.gz
	CurrentDirectory: /var/backups
	User: root
	LogonGuid: {76062d67-0000-0000-0000-000000000000}
	LogonId: 0
	TerminalSessionId: 4294967295
	IntegrityLevel: no level
	Hashes: -
	ParentProcessGuid: {76062d67-95f6-6532-b98b-423ea6550000}
	ParentProcessId: 5137
	ParentImage: /usr/bin/dash
	ParentCommandLine: /bin/sh
	ParentUser: root
Event SYSMONEVENT_PROCESS_TERMINATE
	RuleName: -
	UtcTime: 2023-10-20 15:00:06.156
	ProcessGuid: {76062d67-95f6-6532-49dd-ac5bc9550000}
	ProcessId: 5158
	Image: /usr/bin/mv
	User: root
Event SYSMONEVENT_CREATE_PROCESS
	RuleName: -
	UtcTime: 2023-10-20 15:00:06.152
	ProcessGuid: {76062d67-95f6-6532-d9d8-e15d22560000}
	ProcessId: 5157
	Image: /usr/bin/cut
	FileVersion: -
	Description: -
	Product: -
	Company: -
	OriginalFileName: -
	CommandLine: cut -c1
	CurrentDirectory: /
	User: root
	LogonGuid: {76062d67-0000-0000-0000-000000000000}
	LogonId: 0
	TerminalSessionId: 4294967295
	IntegrityLevel: no level
	Hashes: -
	ParentProcessGuid: {00000000-0000-0000-0000-000000000000}
	ParentProcessId: 5153
	ParentImage: -
	ParentCommandLine: -
	ParentUser: -
Event SYSMONEVENT_CREATE_PROCESS
	RuleName: -
	UtcTime: 2023-10-20 15:00:06.157
	ProcessGuid: {76062d67-95f6-6532-1959-b0c730560000}
	ProcessId: 5159
	Image: /usr/bin/tr
	FileVersion: -
	Description: -
	Product: -
	Company: -
	OriginalFileName: -
	CommandLine: tr [:lower:] [:upper:]
	CurrentDirectory: /
	User: root
	LogonGuid: {76062d67-0000-0000-0000-000000000000}
	LogonId: 0
	TerminalSessionId: 4294967295
	IntegrityLevel: no level
	Hashes: -
	ParentProcessGuid: {00000000-0000-0000-0000-000000000000}
	ParentProcessId: 5153
	ParentImage: -
	ParentCommandLine: -
	ParentUser: -
Event SYSMONEVENT_CREATE_PROCESS
	RuleName: -
	UtcTime: 2023-10-20 15:00:06.159
	ProcessGuid: {76062d67-95f6-6532-496d-60b13e560000}
	ProcessId: 5160
	Image: /usr/bin/mv
	FileVersion: -
	Description: -
	Product: -
	Company: -
	OriginalFileName: -
	CommandLine: mv -f -- .//dpkg.arch.2.gz .//dpkg.arch.3.gz
	CurrentDirectory: /var/backups
	User: root
	LogonGuid: {76062d67-0000-0000-0000-000000000000}
	LogonId: 0
	TerminalSessionId: 4294967295
	IntegrityLevel: no level
	Hashes: -
	ParentProcessGuid: {76062d67-95f6-6532-b98b-423ea6550000}
	ParentProcessId: 5137
	ParentImage: /usr/bin/dash
	ParentCommandLine: /bin/sh
	ParentUser: root
Event SYSMONEVENT_PROCESS_TERMINATE
	RuleName: -
	UtcTime: 2023-10-20 15:00:06.162
	ProcessGuid: {76062d67-95f6-6532-d9d8-e15d22560000}
	ProcessId: 5157
	Image: /usr/bin/cut
	User: root
Event SYSMONEVENT_PROCESS_TERMINATE
	RuleName: -
	UtcTime: 2023-10-20 15:00:06.163
	ProcessGuid: {76062d67-95f6-6532-c96c-1a53bb550000}
	ProcessId: 5154
	Image: /usr/usr/bin/expr
	User: root
Event SYSMONEVENT_PROCESS_TERMINATE
	RuleName: -
	UtcTime: 2023-10-20 15:00:06.164
	ProcessGuid: {00000000-0000-0000-0000-000000000000}
	ProcessId: 5161
	Image: <unknown process>
	User: root
Event SYSMONEVENT_PROCESS_TERMINATE
	RuleName: -
	UtcTime: 2023-10-20 15:00:06.166
	ProcessGuid: {76062d67-95f6-6532-496d-60b13e560000}
	ProcessId: 5160
	Image: /usr/bin/mv
	User: root
Event SYSMONEVENT_PROCESS_TERMINATE
	RuleName: -
	UtcTime: 2023-10-20 15:00:06.167
	ProcessGuid: {76062d67-95f6-6532-1959-b0c730560000}
	ProcessId: 5159
	Image: /usr/bin/tr
	User: root
Event SYSMONEVENT_PROCESS_TERMINATE
	RuleName: -
	UtcTime: 2023-10-20 15:00:06.167
	ProcessGuid: {00000000-0000-0000-0000-000000000000}
	ProcessId: 5153
	Image: <unknown process>
	User: root
Event SYSMONEVENT_CREATE_PROCESS
	RuleName: -
	UtcTime: 2023-10-20 15:00:06.167
	ProcessGuid: {76062d67-95f6-6532-49cd-3f2dd0550000}
	ProcessId: 5164
	Image: /usr/bin/mv
	FileVersion: -
	Description: -
	Product: -
	Company: -
	OriginalFileName: -
	CommandLine: mv -f -- .//dpkg.arch.1.gz .//dpkg.arch.2.gz
	CurrentDirectory: /var/backups
	User: root
	LogonGuid: {76062d67-0000-0000-0000-000000000000}
	LogonId: 0
	TerminalSessionId: 4294967295
	IntegrityLevel: no level
	Hashes: -
	ParentProcessGuid: {76062d67-95f6-6532-b98b-423ea6550000}
	ParentProcessId: 5137
	ParentImage: /usr/bin/dash
	ParentCommandLine: /bin/sh
	ParentUser: root
Event SYSMONEVENT_PROCESS_TERMINATE
	RuleName: -
	UtcTime: 2023-10-20 15:00:06.168
	ProcessGuid: {76062d67-95f6-6532-49cd-3f2dd0550000}
	ProcessId: 5164
	Image: /usr/bin/mv
	User: root
Event SYSMONEVENT_CREATE_PROCESS
	RuleName: -
	UtcTime: 2023-10-20 15:00:06.165
	ProcessGuid: {76062d67-95f6-6532-499b-73bd32560000}
	ProcessId: 5163
	Image: /usr/usr/bin/sort
	FileVersion: -
	Description: -
	Product: -
	Company: -
	OriginalFileName: -
	CommandLine: sort -rn
	CurrentDirectory: /
	User: root
	LogonGuid: {76062d67-0000-0000-0000-000000000000}
	LogonId: 0
	TerminalSessionId: 4294967295
	IntegrityLevel: no level
	Hashes: -
	ParentProcessGuid: {76062d67-95f6-6532-b9ab-653200560000}
	ParentProcessId: 5151
	ParentImage: /usr/usr/bin/dash
	ParentCommandLine: /bin/sh
	ParentUser: root
Event SYSMONEVENT_PROCESS_TERMINATE
	RuleName: -
	UtcTime: 2023-10-20 15:00:06.175
	ProcessGuid: {00000000-0000-0000-0000-000000000000}
	ProcessId: 5168
	Image: <unknown process>
	User: root
Event SYSMONEVENT_CREATE_PROCESS
	RuleName: -
	UtcTime: 2023-10-20 15:00:06.174
	ProcessGuid: {76062d67-95f6-6532-d908-40910f560000}
	ProcessId: 5169
	Image: /usr/bin/cut
	FileVersion: -
	Description: -
	Product: -
	Company: -
	OriginalFileName: -
	CommandLine: cut -c2-
	CurrentDirectory: /
	User: root
	LogonGuid: {76062d67-0000-0000-0000-000000000000}
	LogonId: 0
	TerminalSessionId: 4294967295
	IntegrityLevel: no level
	Hashes: -
	ParentProcessGuid: {00000000-0000-0000-0000-000000000000}
	ParentProcessId: 5165
	ParentImage: -
	ParentCommandLine: -
	ParentUser: -
Event SYSMONEVENT_CREATE_PROCESS
	RuleName: -
	UtcTime: 2023-10-20 15:00:06.169
	ProcessGuid: {76062d67-95f6-6532-7de6-416b7f550000}
	ProcessId: 5166
	Image: /usr/bin/gzip
	FileVersion: -
	Description: -
	Product: -
	Company: -
	OriginalFileName: -
	CommandLine: gzip -f -9 .//dpkg.arch.0
	CurrentDirectory: /var/backups
	User: root
	LogonGuid: {76062d67-0000-0000-0000-000000000000}
	LogonId: 0
	TerminalSessionId: 4294967295
	IntegrityLevel: no level
	Hashes: -
	ParentProcessGuid: {76062d67-95f6-6532-b98b-423ea6550000}
	ParentProcessId: 5137
	ParentImage: /usr/bin/dash
	ParentCommandLine: /bin/sh
	ParentUser: root
Event SYSMONEVENT_PROCESS_TERMINATE
	RuleName: -
	UtcTime: 2023-10-20 15:00:06.180
	ProcessGuid: {76062d67-95f6-6532-d908-40910f560000}
	ProcessId: 5169
	Image: /usr/bin/cut
	User: root
Event SYSMONEVENT_PROCESS_TERMINATE
	RuleName: -
	UtcTime: 2023-10-20 15:00:06.180
	ProcessGuid: {00000000-0000-0000-0000-000000000000}
	ProcessId: 5165
	Image: <unknown process>
	User: root
Event SYSMONEVENT_FILE_DELETE
	RuleName: -
	UtcTime: 2023-10-20 15:00:06.181
	ProcessGuid: {76062d67-95f6-6532-7de6-416b7f550000}
	ProcessId: 5166
	User: -
	Image: /usr/bin/gzip
	TargetFilename: /var/backups/dpkg.arch.0
	Hashes: -
	IsExecutable: -
	Archived: -
Event SYSMONEVENT_PROCESS_TERMINATE
	RuleName: -
	UtcTime: 2023-10-20 15:00:06.182
	ProcessGuid: {76062d67-95f6-6532-7de6-416b7f550000}
	ProcessId: 5166
	Image: /usr/bin/gzip
	User: -
Event SYSMONEVENT_CREATE_PROCESS
	RuleName: -
	UtcTime: 2023-10-20 15:00:06.182
	ProcessGuid: {76062d67-95f6-6532-490d-38b9bc550000}
	ProcessId: 5173
	Image: /usr/bin/mv
	FileVersion: -
	Description: -
	Product: -
	Company: -
	OriginalFileName: -
	CommandLine: mv -f -- .//dpkg.arch.0.gz .//dpkg.arch.1.gz
	CurrentDirectory: /var/backups
	User: root
	LogonGuid: {76062d67-0000-0000-0000-000000000000}
	LogonId: 0
	TerminalSessionId: 4294967295
	IntegrityLevel: no level
	Hashes: -
	ParentProcessGuid: {76062d67-95f6-6532-b98b-423ea6550000}
	ParentProcessId: 5137
	ParentImage: /usr/bin/dash
	ParentCommandLine: /bin/sh
	ParentUser: root
Event SYSMONEVENT_CREATE_PROCESS
	RuleName: -
	UtcTime: 2023-10-20 15:00:06.174
	ProcessGuid: {76062d67-95f6-6532-5909-e524bc550000}
	ProcessId: 5170
	Image: /usr/usr/bin/find
	FileVersion: -
	Description: -
	Product: -
	Company: -
	OriginalFileName: -
	CommandLine: find /usr/lib/php -mindepth 1 -maxdepth 1 -regex .*[0-9]\.[0-9] -printf %f\n
	CurrentDirectory: /
	User: root
	LogonGuid: {76062d67-0000-0000-0000-000000000000}
	LogonId: 0
	TerminalSessionId: 4294967295
	IntegrityLevel: no level
	Hashes: -
	ParentProcessGuid: {00000000-0000-0000-0000-000000000000}
	ParentProcessId: 5167
	ParentImage: -
	ParentCommandLine: -
	ParentUser: -
Event SYSMONEVENT_CREATE_PROCESS
	RuleName: -
	UtcTime: 2023-10-20 15:00:06.184
	ProcessGuid: {76062d67-95f6-6532-1909-1a03a4550000}
	ProcessId: 5174
	Image: /usr/bin/tr
	FileVersion: -
	Description: -
	Product: -
	Company: -
	OriginalFileName: -
	CommandLine: tr [:upper:] [:lower:]
	CurrentDirectory: /
	User: root
	LogonGuid: {76062d67-0000-0000-0000-000000000000}
	LogonId: 0
	TerminalSessionId: 4294967295
	IntegrityLevel: no level
	Hashes: -
	ParentProcessGuid: {00000000-0000-0000-0000-000000000000}
	ParentProcessId: 5171
	ParentImage: -
	ParentCommandLine: -
	ParentUser: -
Event SYSMONEVENT_PROCESS_TERMINATE
	RuleName: -
	UtcTime: 2023-10-20 15:00:06.186
	ProcessGuid: {76062d67-95f6-6532-490d-38b9bc550000}
	ProcessId: 5173
	Image: /usr/bin/mv
	User: root
Event SYSMONEVENT_CREATE_PROCESS
	RuleName: -
	UtcTime: 2023-10-20 15:00:06.186
	ProcessGuid: {76062d67-95f6-6532-492d-2f102f560000}
	ProcessId: 5175
	Image: /usr/bin/mv
	FileVersion: -
	Description: -
	Product: -
	Company: -
	OriginalFileName: -
	CommandLine: mv -f -- dpkg.arch .//dpkg.arch.0
	CurrentDirectory: /var/backups
	User: root
	LogonGuid: {76062d67-0000-0000-0000-000000000000}
	LogonId: 0
	TerminalSessionId: 4294967295
	IntegrityLevel: no level
	Hashes: -
	ParentProcessGuid: {76062d67-95f6-6532-b98b-423ea6550000}
	ParentProcessId: 5137
	ParentImage: /usr/bin/dash
	ParentCommandLine: /bin/sh
	ParentUser: root
Event SYSMONEVENT_PROCESS_TERMINATE
	RuleName: -
	UtcTime: 2023-10-20 15:00:06.186
	ProcessGuid: {00000000-0000-0000-0000-000000000000}
	ProcessId: 5172
	Image: <unknown process>
	User: root
Event SYSMONEVENT_PROCESS_TERMINATE
	RuleName: -
	UtcTime: 2023-10-20 15:00:06.187
	ProcessGuid: {76062d67-95f6-6532-492d-2f102f560000}
	ProcessId: 5175
	Image: /usr/bin/mv
	User: root
Event SYSMONEVENT_PROCESS_TERMINATE
	RuleName: -
	UtcTime: 2023-10-20 15:00:06.188
	ProcessGuid: {76062d67-95f6-6532-1909-1a03a4550000}
	ProcessId: 5174
	Image: /usr/bin/tr
	User: root
Event SYSMONEVENT_PROCESS_TERMINATE
	RuleName: -
	UtcTime: 2023-10-20 15:00:06.188
	ProcessGuid: {00000000-0000-0000-0000-000000000000}
	ProcessId: 5171
	Image: <unknown process>
	User: root
Event SYSMONEVENT_CREATE_PROCESS
	RuleName: -
	UtcTime: 2023-10-20 15:00:06.188
	ProcessGuid: {76062d67-95f6-6532-4981-2de0fb550000}
	ProcessId: 5176
	Image: /usr/bin/date
	FileVersion: -
	Description: -
	Product: -
	Company: -
	OriginalFileName: -
	CommandLine: date
	CurrentDirectory: /var/backups
	User: root
	LogonGuid: {76062d67-0000-0000-0000-000000000000}
	LogonId: 0
	TerminalSessionId: 4294967295
	IntegrityLevel: no level
	Hashes: -
	ParentProcessGuid: {76062d67-95f6-6532-b98b-423ea6550000}
	ParentProcessId: 5137
	ParentImage: /usr/bin/dash
	ParentCommandLine: /bin/sh
	ParentUser: root
Event SYSMONEVENT_PROCESS_TERMINATE
	RuleName: -
	UtcTime: 2023-10-20 15:00:06.191
	ProcessGuid: {76062d67-95f6-6532-4981-2de0fb550000}
	ProcessId: 5176
	Image: /usr/bin/date
	User: root
Event SYSMONEVENT_PROCESS_TERMINATE
	RuleName: -
	UtcTime: 2023-10-20 15:00:06.192
	ProcessGuid: {76062d67-95f6-6532-b98b-423ea6550000}
	ProcessId: 5137
	Image: /usr/bin/dash
	User: root
Event SYSMONEVENT_PROCESS_TERMINATE
	RuleName: -
	UtcTime: 2023-10-20 15:00:06.192
	ProcessGuid: {76062d67-95f6-6532-0000-000000000000}
	ProcessId: 5178
	Image: -
	User: root
Event SYSMONEVENT_CREATE_PROCESS
	RuleName: -
	UtcTime: 2023-10-20 15:00:06.194
	ProcessGuid: {76062d67-95f6-6532-79ed-41c762550000}
	ProcessId: 5179
	Image: /usr/bin/cp
	FileVersion: -
	Description: -
	Product: -
	Company: -
	OriginalFileName: -
	CommandLine: cp -p /var/lib/dpkg/status dpkg.status
	CurrentDirectory: /var/backups
	User: root
	LogonGuid: {76062d67-0000-0000-0000-000000000000}
	LogonId: 0
	TerminalSessionId: 4294967295
	IntegrityLevel: no level
	Hashes: -
	ParentProcessGuid: {76062d67-95f5-6532-b9eb-8d1fae550000}
	ParentProcessId: 5127
	ParentImage: /usr/bin/dash
	ParentCommandLine: /bin/sh
	ParentUser: root
Event SYSMONEVENT_CREATE_PROCESS
	RuleName: -
	UtcTime: 2023-10-20 15:00:06.196
	ProcessGuid: {76062d67-95f6-6532-19a9-9765b1550000}
	ProcessId: 5180
	Image: /usr/bin/tr
	FileVersion: -
	Description: -
	Product: -
	Company: -
	OriginalFileName: -
	CommandLine: tr [:upper:] [:lower:]
	CurrentDirectory: /
	User: root
	LogonGuid: {76062d67-0000-0000-0000-000000000000}
	LogonId: 0
	TerminalSessionId: 4294967295
	IntegrityLevel: no level
	Hashes: -
	ParentProcessGuid: {00000000-0000-0000-0000-000000000000}
	ParentProcessId: 5177
	ParentImage: -
	ParentCommandLine: -
	ParentUser: -
Event SYSMONEVENT_PROCESS_TERMINATE
	RuleName: -
	UtcTime: 2023-10-20 15:00:06.197
	ProcessGuid: {76062d67-95f6-6532-19a9-9765b1550000}
	ProcessId: 5180
	Image: /usr/bin/tr
	User: root
Event SYSMONEVENT_PROCESS_TERMINATE
	RuleName: -
	UtcTime: 2023-10-20 15:00:06.198
	ProcessGuid: {00000000-0000-0000-0000-000000000000}
	ProcessId: 5177
	Image: <unknown process>
	User: root
Event SYSMONEVENT_PROCESS_TERMINATE
	RuleName: -
	UtcTime: 2023-10-20 15:00:06.198
	ProcessGuid: {76062d67-95f6-6532-b9db-35a5e1550000}
	ProcessId: 5144
	Image: /usr/bin/dash
	User: root
Event SYSMONEVENT_PROCESS_TERMINATE
	RuleName: -
	UtcTime: 2023-10-20 15:00:06.198
	ProcessGuid: {76062d67-95f6-6532-b9ab-aa7458550000}
	ProcessId: 5142
	Image: /usr/bin/dash
	User: root
